
NIL
(%o130)                              done
(%i131) 
read and interpret file: /Users/rdsAir/Documents/FORM/Zproduction/p1p3Emission/qqttZconsistency.mac
(%i132) qqttZtreelevel(p1,p2,p3,p4,mt,mw,mz,N,qQ,I3q,aem,sw,cw,Pi):=
                       (prop(eta(p4,p4)+2*eta(p3,p4)+eta(p3,p3))^2
                        *prop(eta(p4,p4)+2*eta(p3,p4)+eta(p3,p3)-2*eta(p2,p4)
                                        -2*eta(p2,p3)+eta(p2,p2))
                         ^2*[N^2-1]*Qq^2*sw^2*aem*Pi*[1/N]^2
                        *((-32*eta(p3,p4)*eta(p2,p4)*eta(p1,p2))
                         -32*eta(p3,p4)*eta(p1,p2)*mt^2
                         -32*eta(p2,p4)*eta(p1,p2)*mt^2
                         +32*eta(p2,p3)*eta(p3,p4)*eta(p1,p3)
                         -32*eta(p2,p3)*eta(p3,p4)*eta(p1,p2)
                         +64*eta(p2,p3)*eta(p2,p4)*eta(p1,p2)
                         -32*eta(p2,p3)*eta(p1,p3)*eta(p2,p4)
                         +64*eta(p2,p3)*eta(p1,p3)*mt^2
                         -32*eta(p2,p3)*eta(p1,p2)*mt^2
                         +32*eta(p1,p4)*eta(p3,p4)*eta(p2,p4)
                         +64*eta(p1,p4)*eta(p2,p4)*mt^2
                         -32*eta(p1,p4)*eta(p2,p3)*eta(p2,p4)
                         +32*eta(p1,p4)*eta(p2,p3)*eta(p2,p3)
                         +32*eta(p1,p4)*eta(p2,p3)*mt^2
                         +32*eta(p1,p3)*eta(p2,p4)*eta(p2,p4)
                         +32*eta(p1,p3)*eta(p2,p4)*mt^2-32*eta(p1,p2)*mt^4))
                        /cw^2
                       +(prop(eta(p4,p4)+2*eta(p3,p4)+eta(p3,p3))^2
                        *prop(eta(p4,p4)+2*eta(p3,p4)+eta(p3,p3)-2*eta(p2,p4)
                                        -2*eta(p2,p3)+eta(p2,p2))
                         ^2*[N^2-1]*Qq^2*sw^2*aem*Pi*[1/N]^2
                        *(32*eta(p3,p4)*eta(p3,p4)*eta(p1,p3)*eta(p2,p4)
                         +32*eta(p3,p4)*eta(p3,p4)*eta(p1,p2)*mt^2
                         -64*eta(p3,p4)*eta(p2,p4)*eta(p1,p2)*mt^2
                         -64*eta(p3,p4)*eta(p1,p3)*eta(p2,p4)*eta(p2,p4)
                         +64*eta(p3,p4)*eta(p1,p3)*eta(p2,p4)*mt^2
                         +64*eta(p3,p4)*eta(p1,p2)*mt^4
                         +32*eta(p2,p4)*eta(p2,p4)*eta(p1,p2)*mt^2
                         -64*eta(p2,p4)*eta(p1,p2)*mt^4
                         -64*eta(p2,p3)*eta(p3,p4)*eta(p1,p3)*eta(p2,p4)
                         -64*eta(p2,p3)*eta(p3,p4)*eta(p1,p2)*mt^2
                         +64*eta(p2,p3)*eta(p2,p4)*eta(p1,p2)*mt^2
                         +32*eta(p2,p3)*eta(p2,p3)*eta(p1,p3)*eta(p2,p4)
                         +32*eta(p2,p3)*eta(p2,p3)*eta(p1,p2)*mt^2
                         +64*eta(p2,p3)*eta(p1,p3)*eta(p2,p4)*eta(p2,p4)
                         -64*eta(p2,p3)*eta(p1,p3)*eta(p2,p4)*mt^2
                         -64*eta(p2,p3)*eta(p1,p2)*mt^4
                         +32*eta(p1,p4)*eta(p2,p3)*eta(p3,p4)*eta(p3,p4)
                         -64*eta(p1,p4)*eta(p2,p3)*eta(p3,p4)*eta(p2,p4)
                         +64*eta(p1,p4)*eta(p2,p3)*eta(p3,p4)*mt^2
                         +32*eta(p1,p4)*eta(p2,p3)*eta(p2,p4)*eta(p2,p4)
                         -64*eta(p1,p4)*eta(p2,p3)*eta(p2,p4)*mt^2
                         -64*eta(p1,p4)*eta(p2,p3)*eta(p2,p3)*eta(p3,p4)
                         +64*eta(p1,p4)*eta(p2,p3)*eta(p2,p3)*eta(p2,p4)
                         +32*eta(p1,p4)*eta(p2,p3)*eta(p2,p3)*eta(p2,p3)
                         -64*eta(p1,p4)*eta(p2,p3)*eta(p2,p3)*mt^2
                         +32*eta(p1,p4)*eta(p2,p3)*mt^4
                         +32*eta(p1,p3)*eta(p2,p4)*eta(p2,p4)*eta(p2,p4)
                         -64*eta(p1,p3)*eta(p2,p4)*eta(p2,p4)*mt^2
                         +32*eta(p1,p3)*eta(p2,p4)*mt^4
                         +(+32)*eta(p1,p2)*mt^6))
                        /(cw^2*mz^2)
                       +(prop(eta(p4,p4)+2*eta(p3,p4)+eta(p3,p3))^2
                        *prop(eta(p4,p4)+2*eta(p3,p4)+eta(p3,p3)-2*eta(p2,p4)
                                        -2*eta(p2,p3)+eta(p2,p2))
                         ^2*[N^2-1]*Qq*I3q*aem*Pi*[1/N]^2
                        *(32*eta(p3,p4)*eta(p2,p4)*eta(p1,p2)
                         +32*eta(p3,p4)*eta(p1,p2)*mt^2
                         +32*eta(p2,p4)*eta(p1,p2)*mt^2
                         -32*eta(p2,p3)*eta(p3,p4)*eta(p1,p3)
                         +32*eta(p2,p3)*eta(p3,p4)*eta(p1,p2)
                         -64*eta(p2,p3)*eta(p2,p4)*eta(p1,p2)
                         +32*eta(p2,p3)*eta(p1,p3)*eta(p2,p4)
                         -64*eta(p2,p3)*eta(p1,p3)*mt^2
                         +32*eta(p2,p3)*eta(p1,p2)*mt^2
                         -32*eta(p1,p4)*eta(p3,p4)*eta(p2,p4)
                         -64*eta(p1,p4)*eta(p2,p4)*mt^2
                         +32*eta(p1,p4)*eta(p2,p3)*eta(p2,p4)
                         -32*eta(p1,p4)*eta(p2,p3)*eta(p2,p3)
                         -32*eta(p1,p4)*eta(p2,p3)*mt^2
                         -32*eta(p1,p3)*eta(p2,p4)*eta(p2,p4)
                         -32*eta(p1,p3)*eta(p2,p4)*mt^2
                         +(+32)*eta(p1,p2)*mt^4))
                        /cw^2
                       +(prop(eta(p4,p4)+2*eta(p3,p4)+eta(p3,p3))^2
                        *prop(eta(p4,p4)+2*eta(p3,p4)+eta(p3,p3)-2*eta(p2,p4)
                                        -2*eta(p2,p3)+eta(p2,p2))
                         ^2*[N^2-1]*Qq*I3q*aem*Pi*[1/N]^2
                        *((-32*eta(p3,p4)*eta(p3,p4)*eta(p1,p3)*eta(p2,p4))
                         -32*eta(p3,p4)*eta(p3,p4)*eta(p1,p2)*mt^2
                         +64*eta(p3,p4)*eta(p2,p4)*eta(p1,p2)*mt^2
                         +64*eta(p3,p4)*eta(p1,p3)*eta(p2,p4)*eta(p2,p4)
                         -64*eta(p3,p4)*eta(p1,p3)*eta(p2,p4)*mt^2
                         -64*eta(p3,p4)*eta(p1,p2)*mt^4
                         -32*eta(p2,p4)*eta(p2,p4)*eta(p1,p2)*mt^2
                         +64*eta(p2,p4)*eta(p1,p2)*mt^4
                         +64*eta(p2,p3)*eta(p3,p4)*eta(p1,p3)*eta(p2,p4)
                         +64*eta(p2,p3)*eta(p3,p4)*eta(p1,p2)*mt^2
                         -64*eta(p2,p3)*eta(p2,p4)*eta(p1,p2)*mt^2
                         -32*eta(p2,p3)*eta(p2,p3)*eta(p1,p3)*eta(p2,p4)
                         -32*eta(p2,p3)*eta(p2,p3)*eta(p1,p2)*mt^2
                         -64*eta(p2,p3)*eta(p1,p3)*eta(p2,p4)*eta(p2,p4)
                         +64*eta(p2,p3)*eta(p1,p3)*eta(p2,p4)*mt^2
                         +64*eta(p2,p3)*eta(p1,p2)*mt^4
                         -32*eta(p1,p4)*eta(p2,p3)*eta(p3,p4)*eta(p3,p4)
                         +64*eta(p1,p4)*eta(p2,p3)*eta(p3,p4)*eta(p2,p4)
                         -64*eta(p1,p4)*eta(p2,p3)*eta(p3,p4)*mt^2
                         -32*eta(p1,p4)*eta(p2,p3)*eta(p2,p4)*eta(p2,p4)
                         +64*eta(p1,p4)*eta(p2,p3)*eta(p2,p4)*mt^2
                         +64*eta(p1,p4)*eta(p2,p3)*eta(p2,p3)*eta(p3,p4)
                         -64*eta(p1,p4)*eta(p2,p3)*eta(p2,p3)*eta(p2,p4)
                         -32*eta(p1,p4)*eta(p2,p3)*eta(p2,p3)*eta(p2,p3)
                         +64*eta(p1,p4)*eta(p2,p3)*eta(p2,p3)*mt^2
                         -32*eta(p1,p4)*eta(p2,p3)*mt^4
                         -32*eta(p1,p3)*eta(p2,p4)*eta(p2,p4)*eta(p2,p4)
                         +64*eta(p1,p3)*eta(p2,p4)*eta(p2,p4)*mt^2
                         -32*eta(p1,p3)*eta(p2,p4)*mt^4-32*eta(p1,p2)*mt^6))
                        /(cw^2*mz^2)
                       +(prop(eta(p4,p4)+2*eta(p3,p4)+eta(p3,p3))^2
                        *prop(eta(p4,p4)+2*eta(p3,p4)+eta(p3,p3)-2*eta(p2,p4)
                                        -2*eta(p2,p3)+eta(p2,p2))
                         ^2*[N^2-1]*I3q^2*aem*Pi*[1/N]^2
                        *((-16*eta(p3,p4)*eta(p2,p4)*eta(p1,p2))
                         -16*eta(p3,p4)*eta(p1,p2)*mt^2
                         -16*eta(p2,p4)*eta(p1,p2)*mt^2
                         +16*eta(p2,p3)*eta(p3,p4)*eta(p1,p3)
                         -16*eta(p2,p3)*eta(p3,p4)*eta(p1,p2)
                         +32*eta(p2,p3)*eta(p2,p4)*eta(p1,p2)
                         -16*eta(p2,p3)*eta(p1,p3)*eta(p2,p4)
                         +32*eta(p2,p3)*eta(p1,p3)*mt^2
                         -16*eta(p2,p3)*eta(p1,p2)*mt^2
                         +16*eta(p1,p4)*eta(p3,p4)*eta(p2,p4)
                         +32*eta(p1,p4)*eta(p2,p4)*mt^2
                         -16*eta(p1,p4)*eta(p2,p3)*eta(p2,p4)
                         +16*eta(p1,p4)*eta(p2,p3)*eta(p2,p3)
                         +16*eta(p1,p4)*eta(p2,p3)*mt^2
                         +16*eta(p1,p3)*eta(p2,p4)*eta(p2,p4)
                         +16*eta(p1,p3)*eta(p2,p4)*mt^2-16*eta(p1,p2)*mt^4))
                        /(cw^2*sw^2)
                       +(prop(eta(p4,p4)+2*eta(p3,p4)+eta(p3,p3))^2
                        *prop(eta(p4,p4)+2*eta(p3,p4)+eta(p3,p3)-2*eta(p2,p4)
                                        -2*eta(p2,p3)+eta(p2,p2))
                         ^2*[N^2-1]*I3q^2*aem*Pi*[1/N]^2
                        *(16*eta(p3,p4)*eta(p3,p4)*eta(p1,p3)*eta(p2,p4)
                         +16*eta(p3,p4)*eta(p3,p4)*eta(p1,p2)*mt^2
                         -32*eta(p3,p4)*eta(p2,p4)*eta(p1,p2)*mt^2
                         -32*eta(p3,p4)*eta(p1,p3)*eta(p2,p4)*eta(p2,p4)
                         +32*eta(p3,p4)*eta(p1,p3)*eta(p2,p4)*mt^2
                         +32*eta(p3,p4)*eta(p1,p2)*mt^4
                         +16*eta(p2,p4)*eta(p2,p4)*eta(p1,p2)*mt^2
                         -32*eta(p2,p4)*eta(p1,p2)*mt^4
                         -32*eta(p2,p3)*eta(p3,p4)*eta(p1,p3)*eta(p2,p4)
                         -32*eta(p2,p3)*eta(p3,p4)*eta(p1,p2)*mt^2
                         +32*eta(p2,p3)*eta(p2,p4)*eta(p1,p2)*mt^2
                         +16*eta(p2,p3)*eta(p2,p3)*eta(p1,p3)*eta(p2,p4)
                         +16*eta(p2,p3)*eta(p2,p3)*eta(p1,p2)*mt^2
                         +32*eta(p2,p3)*eta(p1,p3)*eta(p2,p4)*eta(p2,p4)
                         -32*eta(p2,p3)*eta(p1,p3)*eta(p2,p4)*mt^2
                         -32*eta(p2,p3)*eta(p1,p2)*mt^4
                         +16*eta(p1,p4)*eta(p2,p3)*eta(p3,p4)*eta(p3,p4)
                         -32*eta(p1,p4)*eta(p2,p3)*eta(p3,p4)*eta(p2,p4)
                         +32*eta(p1,p4)*eta(p2,p3)*eta(p3,p4)*mt^2
                         +16*eta(p1,p4)*eta(p2,p3)*eta(p2,p4)*eta(p2,p4)
                         -32*eta(p1,p4)*eta(p2,p3)*eta(p2,p4)*mt^2
                         -32*eta(p1,p4)*eta(p2,p3)*eta(p2,p3)*eta(p3,p4)
                         +32*eta(p1,p4)*eta(p2,p3)*eta(p2,p3)*eta(p2,p4)
                         +16*eta(p1,p4)*eta(p2,p3)*eta(p2,p3)*eta(p2,p3)
                         -32*eta(p1,p4)*eta(p2,p3)*eta(p2,p3)*mt^2
                         +16*eta(p1,p4)*eta(p2,p3)*mt^4
                         +16*eta(p1,p3)*eta(p2,p4)*eta(p2,p4)*eta(p2,p4)
                         -32*eta(p1,p3)*eta(p2,p4)*eta(p2,p4)*mt^2
                         +16*eta(p1,p3)*eta(p2,p4)*mt^4
                         +(+16)*eta(p1,p2)*mt^6))
                        /(cw^2*sw^2*mz^2)
                       +(prop(eta(p2,p2)+2*eta(p1,p2)+eta(p1,p1))
                        *prop(eta(p4,p4)+2*eta(p3,p4)+eta(p3,p3))
                        *prop(eta(p4,p4)+2*eta(p3,p4)+eta(p3,p3)-2*eta(p2,p4)
                                        -2*eta(p2,p3)+eta(p2,p2))
                        *prop(eta(p3,p3)-2*eta(p2,p3)+eta(p2,p2)-2*eta(p1,p3)
                                        +2*eta(p1,p2)+eta(p1,p1)-mt^2)*[N^2-1]
                        *Qq*sw^2*aem*Pi*[1/N]^2
                        *((64*eta(p3,p4)*eta(p3,p4)*eta(p1,p2))/3
                         +(-64*eta(p3,p4)*eta(p1,p3)*eta(p2,p4))/3
                         +(64*eta(p3,p4)*eta(p1,p2)*eta(p1,p2))/3
                         +64*eta(p3,p4)*eta(p1,p2)*mt^2
                         +(-128*eta(p2,p3)*eta(p3,p4)*eta(p1,p3))/3
                         +(64*eta(p2,p3)*eta(p3,p4)*eta(p1,p2))/3
                         +(-128*eta(p2,p3)*eta(p2,p4)*eta(p1,p2))/3
                         +64*eta(p2,p3)*eta(p1,p3)*eta(p2,p4)
                         +(-256*eta(p2,p3)*eta(p1,p3)*mt^2)/3
                         +64*eta(p2,p3)*eta(p1,p2)*mt^2
                         +(-64*eta(p1,p4)*eta(p3,p4)*eta(p1,p2))/3
                         +(-64*eta(p1,p4)*eta(p2,p3)*eta(p3,p4))/3
                         +(64*eta(p1,p4)*eta(p2,p3)*eta(p2,p3))/3
                         +(-64*eta(p1,p4)*eta(p2,p3)*eta(p1,p2))/3
                         +(-128*eta(p1,p4)*eta(p2,p3)*mt^2)/3
                         +(64*eta(p1,p4)*eta(p1,p4)*eta(p2,p3))/3
                         +(-64*eta(p1,p4)*eta(p1,p3)*eta(p2,p4))/3
                         +(-64*eta(p1,p4)*eta(p1,p2)*mt^2)/3
                         +(-64*eta(p1,p3)*eta(p2,p4)*eta(p1,p2))/3
                         +(-128*eta(p1,p3)*eta(p2,p4)*mt^2)/3
                         +(64*eta(p1,p2)*eta(p1,p2)*mt^2)/3
                         +((+128)*eta(p1,p2)*mt^4)/3))
                        /cw^2
                       +(prop(eta(p2,p2)+2*eta(p1,p2)+eta(p1,p1))
                        *prop(eta(p4,p4)+2*eta(p3,p4)+eta(p3,p3))
                        *prop(eta(p4,p4)+2*eta(p3,p4)+eta(p3,p3)-2*eta(p2,p4)
                                        -2*eta(p2,p3)+eta(p2,p2))
                        *prop(eta(p3,p3)-2*eta(p2,p3)+eta(p2,p2)-2*eta(p1,p3)
                                        +2*eta(p1,p2)+eta(p1,p1)-mt^2)*[N^2-1]
                        *Qq*sw^2*aem*Pi*[1/N]^2
                        *((128*eta(p3,p4)*eta(p1,p3)*eta(p2,p4)*eta(p1,p2))/3
                         +(-128*eta(p3,p4)*eta(p1,p3)*eta(p1,p3)*eta(p2,p4))/3
                         +(-128*eta(p3,p4)*eta(p1,p3)*eta(p1,p2)*mt^2)/3
                         +(128*eta(p3,p4)*eta(p1,p2)*eta(p1,p2)*mt^2)/3
                         +(-128*eta(p2,p4)*eta(p1,p2)*eta(p1,p2)*mt^2)/3
                         +(-128*eta(p2,p3)*eta(p3,p4)*eta(p1,p3)*eta(p2,p4))/3
                         +(-128*eta(p2,p3)*eta(p3,p4)*eta(p1,p2)*mt^2)/3
                         +(128*eta(p2,p3)*eta(p2,p4)*eta(p1,p2)*mt^2)/3
                         +(128*eta(p2,p3)*eta(p2,p3)*eta(p1,p3)*eta(p2,p4))/3
                         +(128*eta(p2,p3)*eta(p2,p3)*eta(p1,p2)*mt^2)/3
                         +(128*eta(p2,p3)*eta(p1,p3)*eta(p2,p4)*eta(p2,p4))/3
                         +(-128*eta(p2,p3)*eta(p1,p3)*eta(p2,p4)*eta(p1,p2))/3
                         +(-128*eta(p2,p3)*eta(p1,p3)*eta(p2,p4)*mt^2)/3
                         +(128*eta(p2,p3)*eta(p1,p3)*eta(p1,p3)*eta(p2,p4))/3
                         +(128*eta(p2,p3)*eta(p1,p3)*eta(p1,p2)*mt^2)/3
                         +(-128*eta(p2,p3)*eta(p1,p2)*eta(p1,p2)*mt^2)/3
                         +(-128*eta(p2,p3)*eta(p1,p2)*mt^4)/3
                         +(-128*eta(p1,p4)*eta(p2,p3)*eta(p3,p4)*eta(p1,p3))/3
                         +(128*eta(p1,p4)*eta(p2,p3)*eta(p3,p4)*eta(p1,p2))/3
                         +(-128*eta(p1,p4)*eta(p2,p3)*eta(p2,p4)*eta(p1,p2))/3
                         +(-128*eta(p1,p4)*eta(p2,p3)*eta(p2,p3)*eta(p3,p4))/3
                         +(128*eta(p1,p4)*eta(p2,p3)*eta(p2,p3)*eta(p2,p4))/3
                         +(128*eta(p1,p4)*eta(p2,p3)*eta(p2,p3)*eta(p2,p3))/3
                         +(128*eta(p1,p4)*eta(p2,p3)*eta(p2,p3)*eta(p1,p3))/3
                         +(-128*eta(p1,p4)*eta(p2,p3)*eta(p2,p3)*eta(p1,p2))/3
                         +(-128*eta(p1,p4)*eta(p2,p3)*eta(p2,p3)*mt^2)/3
                         +(128*eta(p1,p4)*eta(p2,p3)*eta(p1,p3)*eta(p2,p4))/3
                         +(-128*eta(p1,p4)*eta(p2,p3)*eta(p1,p3)*mt^2)/3
                         +(128*eta(p1,p4)*eta(p2,p3)*eta(p1,p2)*mt^2)/3
                         +(-128*eta(p1,p3)*eta(p2,p4)*eta(p2,p4)*eta(p1,p2))/3
                         +(256*eta(p1,p3)*eta(p2,p4)*eta(p1,p2)*mt^2)/3
                         +(128*eta(p1,p3)*eta(p1,p3)*eta(p2,p4)*eta(p2,p4))/3
                         +(-128*eta(p1,p3)*eta(p1,p3)*eta(p2,p4)*mt^2)/3
                         -(128*eta(p1,p3)*eta(p1,p2)*mt^4)/3
                         +((+128)*eta(p1,p2)*eta(p1,p2)*mt^4)/3))
                        /(cw^2*mz^2)
                       +(prop(eta(p2,p2)+2*eta(p1,p2)+eta(p1,p1))
                        *prop(eta(p4,p4)+2*eta(p3,p4)+eta(p3,p3))
                        *prop(eta(p4,p4)+2*eta(p3,p4)+eta(p3,p3)-2*eta(p2,p4)
                                        -2*eta(p2,p3)+eta(p2,p2))
                        *prop(eta(p3,p3)-2*eta(p2,p3)+eta(p2,p2)-2*eta(p1,p3)
                                        +2*eta(p1,p2)+eta(p1,p1)-mt^2)*[N^2-1]
                        *Qq*aem*Pi*[1/N]^2
                        *((-8*eta(p3,p4)*eta(p3,p4)*eta(p1,p2))
                         +8*eta(p3,p4)*eta(p1,p3)*eta(p2,p4)
                         -8*eta(p3,p4)*eta(p1,p2)*eta(p1,p2)
                         -24*eta(p3,p4)*eta(p1,p2)*mt^2
                         +16*eta(p2,p3)*eta(p3,p4)*eta(p1,p3)
                         -8*eta(p2,p3)*eta(p3,p4)*eta(p1,p2)
                         +16*eta(p2,p3)*eta(p2,p4)*eta(p1,p2)
                         -24*eta(p2,p3)*eta(p1,p3)*eta(p2,p4)
                         +32*eta(p2,p3)*eta(p1,p3)*mt^2
                         -24*eta(p2,p3)*eta(p1,p2)*mt^2
                         +8*eta(p1,p4)*eta(p3,p4)*eta(p1,p2)
                         +8*eta(p1,p4)*eta(p2,p3)*eta(p3,p4)
                         -8*eta(p1,p4)*eta(p2,p3)*eta(p2,p3)
                         +8*eta(p1,p4)*eta(p2,p3)*eta(p1,p2)
                         +16*eta(p1,p4)*eta(p2,p3)*mt^2
                         -8*eta(p1,p4)*eta(p1,p4)*eta(p2,p3)
                         +8*eta(p1,p4)*eta(p1,p3)*eta(p2,p4)
                         +8*eta(p1,p4)*eta(p1,p2)*mt^2
                         +8*eta(p1,p3)*eta(p2,p4)*eta(p1,p2)
                         +16*eta(p1,p3)*eta(p2,p4)*mt^2
                         -8*eta(p1,p2)*eta(p1,p2)*mt^2-16*eta(p1,p2)*mt^4))
                        /cw^2
                       +(prop(eta(p2,p2)+2*eta(p1,p2)+eta(p1,p1))
                        *prop(eta(p4,p4)+2*eta(p3,p4)+eta(p3,p3))
                        *prop(eta(p4,p4)+2*eta(p3,p4)+eta(p3,p3)-2*eta(p2,p4)
                                        -2*eta(p2,p3)+eta(p2,p2))
                        *prop(eta(p3,p3)-2*eta(p2,p3)+eta(p2,p2)-2*eta(p1,p3)
                                        +2*eta(p1,p2)+eta(p1,p1)-mt^2)*[N^2-1]
                        *Qq*aem*Pi*[1/N]^2
                        *((-16*eta(p3,p4)*eta(p1,p3)*eta(p2,p4)*eta(p1,p2))
                         +16*eta(p3,p4)*eta(p1,p3)*eta(p1,p3)*eta(p2,p4)
                         +16*eta(p3,p4)*eta(p1,p3)*eta(p1,p2)*mt^2
                         -16*eta(p3,p4)*eta(p1,p2)*eta(p1,p2)*mt^2
                         +16*eta(p2,p4)*eta(p1,p2)*eta(p1,p2)*mt^2
                         +16*eta(p2,p3)*eta(p3,p4)*eta(p1,p3)*eta(p2,p4)
                         +16*eta(p2,p3)*eta(p3,p4)*eta(p1,p2)*mt^2
                         -16*eta(p2,p3)*eta(p2,p4)*eta(p1,p2)*mt^2
                         -16*eta(p2,p3)*eta(p2,p3)*eta(p1,p3)*eta(p2,p4)
                         -16*eta(p2,p3)*eta(p2,p3)*eta(p1,p2)*mt^2
                         -16*eta(p2,p3)*eta(p1,p3)*eta(p2,p4)*eta(p2,p4)
                         +16*eta(p2,p3)*eta(p1,p3)*eta(p2,p4)*eta(p1,p2)
                         +16*eta(p2,p3)*eta(p1,p3)*eta(p2,p4)*mt^2
                         -16*eta(p2,p3)*eta(p1,p3)*eta(p1,p3)*eta(p2,p4)
                         -16*eta(p2,p3)*eta(p1,p3)*eta(p1,p2)*mt^2
                         +16*eta(p2,p3)*eta(p1,p2)*eta(p1,p2)*mt^2
                         +16*eta(p2,p3)*eta(p1,p2)*mt^4
                         +16*eta(p1,p4)*eta(p2,p3)*eta(p3,p4)*eta(p1,p3)
                         -16*eta(p1,p4)*eta(p2,p3)*eta(p3,p4)*eta(p1,p2)
                         +16*eta(p1,p4)*eta(p2,p3)*eta(p2,p4)*eta(p1,p2)
                         +16*eta(p1,p4)*eta(p2,p3)*eta(p2,p3)*eta(p3,p4)
                         -16*eta(p1,p4)*eta(p2,p3)*eta(p2,p3)*eta(p2,p4)
                         -16*eta(p1,p4)*eta(p2,p3)*eta(p2,p3)*eta(p2,p3)
                         -16*eta(p1,p4)*eta(p2,p3)*eta(p2,p3)*eta(p1,p3)
                         +16*eta(p1,p4)*eta(p2,p3)*eta(p2,p3)*eta(p1,p2)
                         +16*eta(p1,p4)*eta(p2,p3)*eta(p2,p3)*mt^2
                         -16*eta(p1,p4)*eta(p2,p3)*eta(p1,p3)*eta(p2,p4)
                         +16*eta(p1,p4)*eta(p2,p3)*eta(p1,p3)*mt^2
                         -16*eta(p1,p4)*eta(p2,p3)*eta(p1,p2)*mt^2
                         +16*eta(p1,p3)*eta(p2,p4)*eta(p2,p4)*eta(p1,p2)
                         -32*eta(p1,p3)*eta(p2,p4)*eta(p1,p2)*mt^2
                         -16*eta(p1,p3)*eta(p1,p3)*eta(p2,p4)*eta(p2,p4)
                         +16*eta(p1,p3)*eta(p1,p3)*eta(p2,p4)*mt^2
                         +16*eta(p1,p3)*eta(p1,p2)*mt^4
                         -16*eta(p1,p2)*eta(p1,p2)*mt^4))
                        /(cw^2*mz^2)
                       +(prop(eta(p2,p2)+2*eta(p1,p2)+eta(p1,p1))
                        *prop(eta(p4,p4)+2*eta(p3,p4)+eta(p3,p3))
                        *prop(eta(p4,p4)+2*eta(p3,p4)+eta(p3,p3)-2*eta(p2,p4)
                                        -2*eta(p2,p3)+eta(p2,p2))
                        *prop(eta(p3,p3)-2*eta(p2,p3)+eta(p2,p2)-2*eta(p1,p3)
                                        +2*eta(p1,p2)+eta(p1,p1)-mt^2)*[N^2-1]
                        *I3q*aem*Pi*[1/N]^2
                        *((-32*eta(p3,p4)*eta(p3,p4)*eta(p1,p2))/3
                         +(32*eta(p3,p4)*eta(p1,p3)*eta(p2,p4))/3
                         +(-32*eta(p3,p4)*eta(p1,p2)*eta(p1,p2))/3
                         -32*eta(p3,p4)*eta(p1,p2)*mt^2
                         +(64*eta(p2,p3)*eta(p3,p4)*eta(p1,p3))/3
                         +(-32*eta(p2,p3)*eta(p3,p4)*eta(p1,p2))/3
                         +(64*eta(p2,p3)*eta(p2,p4)*eta(p1,p2))/3
                         -32*eta(p2,p3)*eta(p1,p3)*eta(p2,p4)
                         +(128*eta(p2,p3)*eta(p1,p3)*mt^2)/3
                         -32*eta(p2,p3)*eta(p1,p2)*mt^2
                         +(32*eta(p1,p4)*eta(p3,p4)*eta(p1,p2))/3
                         +(32*eta(p1,p4)*eta(p2,p3)*eta(p3,p4))/3
                         +(-32*eta(p1,p4)*eta(p2,p3)*eta(p2,p3))/3
                         +(32*eta(p1,p4)*eta(p2,p3)*eta(p1,p2))/3
                         +(64*eta(p1,p4)*eta(p2,p3)*mt^2)/3
                         +(-32*eta(p1,p4)*eta(p1,p4)*eta(p2,p3))/3
                         +(32*eta(p1,p4)*eta(p1,p3)*eta(p2,p4))/3
                         +(32*eta(p1,p4)*eta(p1,p2)*mt^2)/3
                         +(32*eta(p1,p3)*eta(p2,p4)*eta(p1,p2))/3
                         +(64*eta(p1,p3)*eta(p2,p4)*mt^2)/3
                         -(32*eta(p1,p2)*eta(p1,p2)*mt^2)/3
                         +(-64*eta(p1,p2)*mt^4)/3))
                        /cw^2
                       +(prop(eta(p2,p2)+2*eta(p1,p2)+eta(p1,p1))
                        *prop(eta(p4,p4)+2*eta(p3,p4)+eta(p3,p3))
                        *prop(eta(p4,p4)+2*eta(p3,p4)+eta(p3,p3)-2*eta(p2,p4)
                                        -2*eta(p2,p3)+eta(p2,p2))
                        *prop(eta(p3,p3)-2*eta(p2,p3)+eta(p2,p2)-2*eta(p1,p3)
                                        +2*eta(p1,p2)+eta(p1,p1)-mt^2)*[N^2-1]
                        *I3q*aem*Pi*[1/N]^2
                        *((-64*eta(p3,p4)*eta(p1,p3)*eta(p2,p4)*eta(p1,p2))/3
                         +(64*eta(p3,p4)*eta(p1,p3)*eta(p1,p3)*eta(p2,p4))/3
                         +(64*eta(p3,p4)*eta(p1,p3)*eta(p1,p2)*mt^2)/3
                         +(-64*eta(p3,p4)*eta(p1,p2)*eta(p1,p2)*mt^2)/3
                         +(64*eta(p2,p4)*eta(p1,p2)*eta(p1,p2)*mt^2)/3
                         +(64*eta(p2,p3)*eta(p3,p4)*eta(p1,p3)*eta(p2,p4))/3
                         +(64*eta(p2,p3)*eta(p3,p4)*eta(p1,p2)*mt^2)/3
                         +(-64*eta(p2,p3)*eta(p2,p4)*eta(p1,p2)*mt^2)/3
                         +(-64*eta(p2,p3)*eta(p2,p3)*eta(p1,p3)*eta(p2,p4))/3
                         +(-64*eta(p2,p3)*eta(p2,p3)*eta(p1,p2)*mt^2)/3
                         +(-64*eta(p2,p3)*eta(p1,p3)*eta(p2,p4)*eta(p2,p4))/3
                         +(64*eta(p2,p3)*eta(p1,p3)*eta(p2,p4)*eta(p1,p2))/3
                         +(64*eta(p2,p3)*eta(p1,p3)*eta(p2,p4)*mt^2)/3
                         +(-64*eta(p2,p3)*eta(p1,p3)*eta(p1,p3)*eta(p2,p4))/3
                         +(-64*eta(p2,p3)*eta(p1,p3)*eta(p1,p2)*mt^2)/3
                         +(64*eta(p2,p3)*eta(p1,p2)*eta(p1,p2)*mt^2)/3
                         +(64*eta(p2,p3)*eta(p1,p2)*mt^4)/3
                         +(64*eta(p1,p4)*eta(p2,p3)*eta(p3,p4)*eta(p1,p3))/3
                         +(-64*eta(p1,p4)*eta(p2,p3)*eta(p3,p4)*eta(p1,p2))/3
                         +(64*eta(p1,p4)*eta(p2,p3)*eta(p2,p4)*eta(p1,p2))/3
                         +(64*eta(p1,p4)*eta(p2,p3)*eta(p2,p3)*eta(p3,p4))/3
                         +(-64*eta(p1,p4)*eta(p2,p3)*eta(p2,p3)*eta(p2,p4))/3
                         +(-64*eta(p1,p4)*eta(p2,p3)*eta(p2,p3)*eta(p2,p3))/3
                         +(-64*eta(p1,p4)*eta(p2,p3)*eta(p2,p3)*eta(p1,p3))/3
                         +(64*eta(p1,p4)*eta(p2,p3)*eta(p2,p3)*eta(p1,p2))/3
                         +(64*eta(p1,p4)*eta(p2,p3)*eta(p2,p3)*mt^2)/3
                         +(-64*eta(p1,p4)*eta(p2,p3)*eta(p1,p3)*eta(p2,p4))/3
                         +(64*eta(p1,p4)*eta(p2,p3)*eta(p1,p3)*mt^2)/3
                         +(-64*eta(p1,p4)*eta(p2,p3)*eta(p1,p2)*mt^2)/3
                         +(64*eta(p1,p3)*eta(p2,p4)*eta(p2,p4)*eta(p1,p2))/3
                         +(-128*eta(p1,p3)*eta(p2,p4)*eta(p1,p2)*mt^2)/3
                         +(-64*eta(p1,p3)*eta(p1,p3)*eta(p2,p4)*eta(p2,p4))/3
                         +(64*eta(p1,p3)*eta(p1,p3)*eta(p2,p4)*mt^2)/3
                         +(64*eta(p1,p3)*eta(p1,p2)*mt^4)/3
                         +(-64*eta(p1,p2)*eta(p1,p2)*mt^4)/3))
                        /(cw^2*mz^2)
                       +(prop(eta(p2,p2)+2*eta(p1,p2)+eta(p1,p1))
                        *prop(eta(p4,p4)+2*eta(p3,p4)+eta(p3,p3))
                        *prop(eta(p4,p4)+2*eta(p3,p4)+eta(p3,p3)-2*eta(p2,p4)
                                        -2*eta(p2,p3)+eta(p2,p2))
                        *prop(eta(p3,p3)-2*eta(p2,p3)+eta(p2,p2)-2*eta(p1,p3)
                                        +2*eta(p1,p2)+eta(p1,p1)-mt^2)*[N^2-1]
                        *I3q*aem*Pi*[1/N]^2
                        *(12*eta(p3,p4)*eta(p1,p2)*mt^2
                         -16*eta(p2,p3)*eta(p3,p4)*eta(p1,p3)
                         +16*eta(p2,p3)*eta(p3,p4)*eta(p1,p2)
                         -16*eta(p2,p3)*eta(p2,p4)*eta(p1,p2)
                         +16*eta(p2,p3)*eta(p1,p3)*eta(p2,p4)
                         -24*eta(p2,p3)*eta(p1,p3)*mt^2
                         +24*eta(p2,p3)*eta(p1,p2)*mt^2
                         -4*eta(p1,p4)*eta(p2,p3)*mt^2
                         -4*eta(p1,p3)*eta(p2,p4)*mt^2+(+12)*eta(p1,p2)*mt^4))
                        /(cw^2*sw^2)
                       +(prop(eta(p2,p2)+2*eta(p1,p2)+eta(p1,p1))
                        *prop(eta(p4,p4)+2*eta(p3,p4)+eta(p3,p3))
                        *prop(eta(p4,p4)+2*eta(p3,p4)+eta(p3,p3)-2*eta(p2,p4)
                                        -2*eta(p2,p3)+eta(p2,p2))
                        *prop(eta(p3,p3)-2*eta(p2,p3)+eta(p2,p2)-2*eta(p1,p3)
                                        +2*eta(p1,p2)+eta(p1,p1)-mt^2)*[N^2-1]
                        *I3q*aem*Pi*[1/N]^2
                        *((-8*eta(p3,p4)*eta(p2,p4)*eta(p1,p2)*mt^2)
                         +8*eta(p3,p4)*eta(p1,p2)*eta(p1,p2)*mt^2
                         +8*eta(p2,p4)*eta(p2,p4)*eta(p1,p2)*mt^2
                         -8*eta(p2,p4)*eta(p1,p2)*eta(p1,p2)*mt^2
                         -8*eta(p2,p4)*eta(p1,p2)*mt^4
                         -16*eta(p2,p3)*eta(p3,p4)*eta(p1,p2)*mt^2
                         +24*eta(p2,p3)*eta(p2,p4)*eta(p1,p2)*mt^2
                         +16*eta(p2,p3)*eta(p2,p3)*eta(p1,p2)*mt^2
                         -8*eta(p2,p3)*eta(p1,p2)*eta(p1,p2)*mt^2
                         -16*eta(p2,p3)*eta(p1,p2)*mt^4
                         +8*eta(p1,p4)*eta(p3,p4)*eta(p1,p2)*mt^2
                         -8*eta(p1,p4)*eta(p2,p4)*eta(p1,p2)*mt^2
                         -16*eta(p1,p4)*eta(p2,p3)*eta(p3,p4)*eta(p1,p3)
                         +16*eta(p1,p4)*eta(p2,p3)*eta(p3,p4)*eta(p1,p2)
                         -16*eta(p1,p4)*eta(p2,p3)*eta(p2,p4)*eta(p1,p2)
                         -16*eta(p1,p4)*eta(p2,p3)*eta(p2,p3)*eta(p3,p4)
                         +16*eta(p1,p4)*eta(p2,p3)*eta(p2,p3)*eta(p2,p4)
                         +16*eta(p1,p4)*eta(p2,p3)*eta(p2,p3)*eta(p2,p3)
                         +16*eta(p1,p4)*eta(p2,p3)*eta(p2,p3)*eta(p1,p3)
                         -16*eta(p1,p4)*eta(p2,p3)*eta(p2,p3)*eta(p1,p2)
                         -16*eta(p1,p4)*eta(p2,p3)*eta(p2,p3)*mt^2
                         +16*eta(p1,p4)*eta(p2,p3)*eta(p1,p3)*eta(p2,p4)
                         -16*eta(p1,p4)*eta(p2,p3)*eta(p1,p3)*mt^2
                         +8*eta(p1,p4)*eta(p2,p3)*eta(p1,p2)*mt^2
                         +8*eta(p1,p4)*eta(p1,p2)*mt^4
                         +(+8)*eta(p1,p2)*eta(p1,p2)*mt^4))
                        /(cw^2*sw^2*mz^2)
                       +(prop(eta(p2,p2)+2*eta(p1,p2)+eta(p1,p1))^2
                        *prop(eta(p3,p3)-2*eta(p2,p3)+eta(p2,p2)-2*eta(p1,p3)
                                        +2*eta(p1,p2)+eta(p1,p1)-mt^2)
                         ^2*[N^2-1]*sw^2*aem*Pi*[1/N]^2
                        *((-128*eta(p3,p4)*eta(p1,p3)*eta(p1,p2))/9
                         +(-128*eta(p3,p4)*eta(p1,p2)*mt^2)/9
                         +(128*eta(p2,p4)*eta(p1,p2)*mt^2)/9
                         +(256*eta(p2,p3)*eta(p3,p4)*eta(p1,p3))/9
                         +(-128*eta(p2,p3)*eta(p3,p4)*eta(p1,p2))/9
                         +(128*eta(p2,p3)*eta(p2,p4)*eta(p1,p2))/9
                         +(-128*eta(p2,p3)*eta(p1,p3)*eta(p2,p4))/9
                         +(512*eta(p2,p3)*eta(p1,p3)*mt^2)/9
                         +(128*eta(p1,p4)*eta(p2,p3)*eta(p2,p3))/9
                         +(-128*eta(p1,p4)*eta(p2,p3)*eta(p1,p3))/9
                         +(128*eta(p1,p4)*eta(p1,p3)*eta(p1,p2))/9
                         +(128*eta(p1,p4)*eta(p1,p2)*mt^2)/9
                         +(128*eta(p1,p3)*eta(p1,p3)*eta(p2,p4))/9
                         -(256*eta(p1,p2)*eta(p1,p2)*mt^2)/9
                         +(-256*eta(p1,p2)*mt^4)/9))
                        /cw^2
                       +(prop(eta(p2,p2)+2*eta(p1,p2)+eta(p1,p1))^2
                        *prop(eta(p3,p3)-2*eta(p2,p3)+eta(p2,p2)-2*eta(p1,p3)
                                        +2*eta(p1,p2)+eta(p1,p1)-mt^2)
                         ^2*[N^2-1]*sw^2*aem*Pi*[1/N]^2
                        *((128*eta(p2,p3)*eta(p2,p3)*eta(p1,p3)*eta(p2,p4))/9
                         +(128*eta(p2,p3)*eta(p2,p3)*eta(p1,p2)*mt^2)/9
                         +(-256*eta(p2,p3)*eta(p1,p3)*eta(p2,p4)*eta(p1,p2))/9
                         +(256*eta(p2,p3)*eta(p1,p3)*eta(p1,p3)*eta(p2,p4))/9
                         +(256*eta(p2,p3)*eta(p1,p3)*eta(p1,p2)*mt^2)/9
                         +(-256*eta(p2,p3)*eta(p1,p2)*eta(p1,p2)*mt^2)/9
                         +(128*eta(p1,p4)*eta(p2,p3)*eta(p2,p3)*eta(p2,p3))/9
                         +(256*eta(p1,p4)*eta(p2,p3)*eta(p2,p3)*eta(p1,p3))/9
                         +(-256*eta(p1,p4)*eta(p2,p3)*eta(p2,p3)*eta(p1,p2))/9
                         +(128*eta(p1,p4)*eta(p2,p3)*eta(p1,p3)*eta(p1,p3))/9
                         +(-256*eta(p1,p4)*eta(p2,p3)*eta(p1,p3)*eta(p1,p2))/9
                         +(128*eta(p1,p4)*eta(p2,p3)*eta(p1,p2)*eta(p1,p2))/9
                         +(128*eta(p1,p3)*eta(p2,p4)*eta(p1,p2)*eta(p1,p2))/9
                         +(-256*eta(p1,p3)*eta(p1,p3)*eta(p2,p4)*eta(p1,p2))/9
                         +(128*eta(p1,p3)*eta(p1,p3)*eta(p1,p3)*eta(p2,p4))/9
                         +(128*eta(p1,p3)*eta(p1,p3)*eta(p1,p2)*mt^2)/9
                         -(256*eta(p1,p3)*eta(p1,p2)*eta(p1,p2)*mt^2)/9
                         +((+128)*eta(p1,p2)*eta(p1,p2)*eta(p1,p2)*mt^2)/9))
                        /(cw^2*mz^2)
                       +(prop(eta(p2,p2)+2*eta(p1,p2)+eta(p1,p1))^2
                        *prop(eta(p3,p3)-2*eta(p2,p3)+eta(p2,p2)-2*eta(p1,p3)
                                        +2*eta(p1,p2)+eta(p1,p1)-mt^2)
                         ^2*[N^2-1]*aem*Pi*[1/N]^2
                        *((32*eta(p3,p4)*eta(p1,p3)*eta(p1,p2))/3
                         +(32*eta(p3,p4)*eta(p1,p2)*mt^2)/3
                         +(-32*eta(p2,p4)*eta(p1,p2)*mt^2)/3
                         +(-64*eta(p2,p3)*eta(p3,p4)*eta(p1,p3))/3
                         +(32*eta(p2,p3)*eta(p3,p4)*eta(p1,p2))/3
                         +(-32*eta(p2,p3)*eta(p2,p4)*eta(p1,p2))/3
                         +(32*eta(p2,p3)*eta(p1,p3)*eta(p2,p4))/3
                         +(-128*eta(p2,p3)*eta(p1,p3)*mt^2)/3
                         +(-32*eta(p1,p4)*eta(p2,p3)*eta(p2,p3))/3
                         +(32*eta(p1,p4)*eta(p2,p3)*eta(p1,p3))/3
                         +(-32*eta(p1,p4)*eta(p1,p3)*eta(p1,p2))/3
                         +(-32*eta(p1,p4)*eta(p1,p2)*mt^2)/3
                         +(-32*eta(p1,p3)*eta(p1,p3)*eta(p2,p4))/3
                         +(64*eta(p1,p2)*eta(p1,p2)*mt^2)/3
                         +((+64)*eta(p1,p2)*mt^4)/3))
                        /cw^2
                       +(prop(eta(p2,p2)+2*eta(p1,p2)+eta(p1,p1))^2
                        *prop(eta(p3,p3)-2*eta(p2,p3)+eta(p2,p2)-2*eta(p1,p3)
                                        +2*eta(p1,p2)+eta(p1,p1)-mt^2)
                         ^2*[N^2-1]*aem*Pi*[1/N]^2
                        *((-32*eta(p2,p3)*eta(p2,p3)*eta(p1,p3)*eta(p2,p4))/3
                         +(-32*eta(p2,p3)*eta(p2,p3)*eta(p1,p2)*mt^2)/3
                         +(64*eta(p2,p3)*eta(p1,p3)*eta(p2,p4)*eta(p1,p2))/3
                         +(-64*eta(p2,p3)*eta(p1,p3)*eta(p1,p3)*eta(p2,p4))/3
                         +(-64*eta(p2,p3)*eta(p1,p3)*eta(p1,p2)*mt^2)/3
                         +(64*eta(p2,p3)*eta(p1,p2)*eta(p1,p2)*mt^2)/3
                         +(-32*eta(p1,p4)*eta(p2,p3)*eta(p2,p3)*eta(p2,p3))/3
                         +(-64*eta(p1,p4)*eta(p2,p3)*eta(p2,p3)*eta(p1,p3))/3
                         +(64*eta(p1,p4)*eta(p2,p3)*eta(p2,p3)*eta(p1,p2))/3
                         +(-32*eta(p1,p4)*eta(p2,p3)*eta(p1,p3)*eta(p1,p3))/3
                         +(64*eta(p1,p4)*eta(p2,p3)*eta(p1,p3)*eta(p1,p2))/3
                         +(-32*eta(p1,p4)*eta(p2,p3)*eta(p1,p2)*eta(p1,p2))/3
                         +(-32*eta(p1,p3)*eta(p2,p4)*eta(p1,p2)*eta(p1,p2))/3
                         +(64*eta(p1,p3)*eta(p1,p3)*eta(p2,p4)*eta(p1,p2))/3
                         +(-32*eta(p1,p3)*eta(p1,p3)*eta(p1,p3)*eta(p2,p4))/3
                         +(-32*eta(p1,p3)*eta(p1,p3)*eta(p1,p2)*mt^2)/3
                         +(64*eta(p1,p3)*eta(p1,p2)*eta(p1,p2)*mt^2)/3
                         +(-32*eta(p1,p2)*eta(p1,p2)*eta(p1,p2)*mt^2)/3))
                        /(cw^2*mz^2)
                       +(prop(eta(p2,p2)+2*eta(p1,p2)+eta(p1,p1))^2
                        *prop(eta(p3,p3)-2*eta(p2,p3)+eta(p2,p2)-2*eta(p1,p3)
                                        +2*eta(p1,p2)+eta(p1,p1)-mt^2)
                         ^2*[N^2-1]*aem*Pi*[1/N]^2
                        *((-4*eta(p3,p4)*eta(p1,p3)*eta(p1,p2))
                         -4*eta(p3,p4)*eta(p1,p2)*mt^2
                         +4*eta(p2,p4)*eta(p1,p2)*mt^2
                         +8*eta(p2,p3)*eta(p3,p4)*eta(p1,p3)
                         -4*eta(p2,p3)*eta(p3,p4)*eta(p1,p2)
                         +4*eta(p2,p3)*eta(p2,p4)*eta(p1,p2)
                         -4*eta(p2,p3)*eta(p1,p3)*eta(p2,p4)
                         +4*eta(p1,p4)*eta(p2,p3)*eta(p2,p3)
                         -4*eta(p1,p4)*eta(p2,p3)*eta(p1,p3)
                         +4*eta(p1,p4)*eta(p1,p3)*eta(p1,p2)
                         +4*eta(p1,p4)*eta(p1,p2)*mt^2
                         +(+4)*eta(p1,p3)*eta(p1,p3)*eta(p2,p4)))
                        /(cw^2*sw^2)
                       +((+prop(eta(p2,p2)+2*eta(p1,p2)+eta(p1,p1))^2)
                        *prop(eta(p3,p3)-2*eta(p2,p3)+eta(p2,p2)-2*eta(p1,p3)
                                        +2*eta(p1,p2)+eta(p1,p1)-mt^2)
                         ^2*[N^2-1]*aem*Pi*[1/N]^2
                        *((-4*eta(p3,p4)*eta(p1,p2)*eta(p1,p2)*mt^2)
                         -4*eta(p3,p4)*eta(p1,p2)*mt^4
                         +4*eta(p2,p4)*eta(p1,p2)*eta(p1,p2)*mt^2
                         +4*eta(p2,p4)*eta(p1,p2)*mt^4
                         +8*eta(p2,p3)*eta(p3,p4)*eta(p1,p3)*mt^2
                         +4*eta(p2,p3)*eta(p2,p3)*eta(p1,p3)*eta(p2,p4)
                         -8*eta(p2,p3)*eta(p2,p3)*eta(p1,p3)*mt^2
                         +4*eta(p2,p3)*eta(p2,p3)*eta(p1,p2)*mt^2
                         -8*eta(p2,p3)*eta(p1,p3)*eta(p2,p4)*eta(p1,p2)
                         -8*eta(p2,p3)*eta(p1,p3)*eta(p2,p4)*mt^2
                         +8*eta(p2,p3)*eta(p1,p3)*eta(p1,p3)*eta(p2,p4)
                         -8*eta(p2,p3)*eta(p1,p3)*eta(p1,p3)*mt^2
                         +16*eta(p2,p3)*eta(p1,p3)*eta(p1,p2)*mt^2
                         +8*eta(p2,p3)*eta(p1,p3)*mt^4
                         -4*eta(p2,p3)*eta(p1,p2)*eta(p1,p2)*mt^2
                         +4*eta(p2,p3)*eta(p1,p2)*mt^4
                         +4*eta(p1,p4)*eta(p2,p3)*eta(p2,p3)*eta(p2,p3)
                         +8*eta(p1,p4)*eta(p2,p3)*eta(p2,p3)*eta(p1,p3)
                         -8*eta(p1,p4)*eta(p2,p3)*eta(p2,p3)*eta(p1,p2)
                         +4*eta(p1,p4)*eta(p2,p3)*eta(p1,p3)*eta(p1,p3)
                         -8*eta(p1,p4)*eta(p2,p3)*eta(p1,p3)*eta(p1,p2)
                         -8*eta(p1,p4)*eta(p2,p3)*eta(p1,p3)*mt^2
                         +4*eta(p1,p4)*eta(p2,p3)*eta(p1,p2)*eta(p1,p2)
                         +4*eta(p1,p4)*eta(p1,p2)*eta(p1,p2)*mt^2
                         +4*eta(p1,p4)*eta(p1,p2)*mt^4
                         +4*eta(p1,p3)*eta(p2,p4)*eta(p1,p2)*eta(p1,p2)
                         -8*eta(p1,p3)*eta(p1,p3)*eta(p2,p4)*eta(p1,p2)
                         +4*eta(p1,p3)*eta(p1,p3)*eta(p1,p3)*eta(p2,p4)
                         +4*eta(p1,p3)*eta(p1,p3)*eta(p1,p2)*mt^2
                         -4*eta(p1,p3)*eta(p1,p2)*eta(p1,p2)*mt^2
                         +4*eta(p1,p3)*eta(p1,p2)*mt^4
                         -8*eta(p1,p2)*eta(p1,p2)*mt^4-4*eta(p1,p2)*mt^6))
                        /(cw^2*sw^2*mz^2)
(%i133) M(p1,p2,p3,p4,mt,mw,mz,N,aem,sw,cw,Pi):=
          (prop(2*eta(p1,p2))^2*prop((-2*eta(p4,p1))-2*eta(p4,p2)
                                                    +2*eta(p1,p2))
                                ^2*[N^2-1]*I3q^2
                               *(16*eta(p3,p2)*eta(p4,p1)*eta(p4,p1)
                                -16*eta(p4,p2)*eta(p3,p2)*eta(p4,p1)
                                +32*eta(p4,p2)*eta(p4,p1)*eta(p3,p4)
                                -16*eta(p4,p2)*eta(p4,p1)*eta(p3,p1)
                                +16*eta(p4,p2)*eta(p4,p2)*eta(p3,p1)
                                -16*eta(p1,p2)*eta(p3,p4)*mt^2
                                +16*eta(p1,p2)*eta(p3,p1)*mt^2
                                +16*eta(p1,p2)*eta(p3,p2)*mt^2
                                -16*eta(p1,p2)*eta(p4,p1)*eta(p3,p4)
                                +16*eta(p1,p2)*eta(p4,p1)*eta(p3,p1)
                                -16*eta(p1,p2)*eta(p4,p2)*eta(p3,p4)
                                +(+16)*eta(p1,p2)*eta(p4,p2)*eta(p3,p2)))
           /cw^2
          +(prop(2*eta(p1,p2))^2*prop((-2*eta(p4,p1))-2*eta(p4,p2)
                                                     +2*eta(p1,p2))
                                 ^2*[N^2-1]*I3q^2
                                *(16*eta(p3,p2)*eta(p4,p1)*eta(p4,p1)
                                    *eta(p4,p1)
                                 +32*eta(p4,p2)*eta(p3,p2)*eta(p4,p1)
                                    *eta(p4,p1)
                                 -32*eta(p4,p2)*eta(p3,p2)*eta(p4,p1)*mt^2
                                 +32*eta(p4,p2)*eta(p4,p1)*eta(p3,p4)*mt^2
                                 -32*eta(p4,p2)*eta(p4,p1)*eta(p3,p1)*mt^2
                                 +16*eta(p4,p2)*eta(p4,p1)*eta(p4,p1)
                                    *eta(p3,p1)
                                 -32*eta(p4,p2)*eta(p4,p1)*eta(p4,p1)*mt^2
                                 +32*eta(p4,p2)*eta(p4,p1)*mt^4
                                 +16*eta(p4,p2)*eta(p4,p2)*eta(p3,p2)
                                    *eta(p4,p1)
                                 +32*eta(p4,p2)*eta(p4,p2)*eta(p4,p1)
                                    *eta(p3,p1)
                                 -32*eta(p4,p2)*eta(p4,p2)*eta(p4,p1)*mt^2
                                 +16*eta(p4,p2)*eta(p4,p2)*eta(p4,p2)
                                    *eta(p3,p1)-16*eta(p1,p2)*eta(p3,p4)*mt^4
                                 +16*eta(p1,p2)*eta(p3,p1)*mt^4
                                 -32*eta(p1,p2)*eta(p3,p2)*eta(p4,p1)
                                    *eta(p4,p1)+16*eta(p1,p2)*eta(p3,p2)*mt^4
                                 +16*eta(p1,p2)*eta(p4,p1)*eta(p4,p1)*mt^2
                                 +16*eta(p1,p2)*eta(p4,p1)*mt^4
                                 -32*eta(p1,p2)*eta(p4,p2)*eta(p3,p2)
                                    *eta(p4,p1)
                                 -32*eta(p1,p2)*eta(p4,p2)*eta(p4,p1)
                                    *eta(p3,p1)
                                 +64*eta(p1,p2)*eta(p4,p2)*eta(p4,p1)*mt^2
                                 -32*eta(p1,p2)*eta(p4,p2)*eta(p4,p2)
                                    *eta(p3,p1)
                                 +16*eta(p1,p2)*eta(p4,p2)*eta(p4,p2)*mt^2
                                 +16*eta(p1,p2)*eta(p4,p2)*mt^4
                                 -16*eta(p1,p2)*eta(p1,p2)*eta(p3,p4)*mt^2
                                 +16*eta(p1,p2)*eta(p1,p2)*eta(p3,p1)*mt^2
                                 +16*eta(p1,p2)*eta(p1,p2)*eta(p3,p2)
                                    *eta(p4,p1)
                                 +16*eta(p1,p2)*eta(p1,p2)*eta(p3,p2)*mt^2
                                 -16*eta(p1,p2)*eta(p1,p2)*eta(p4,p1)*mt^2
                                 +16*eta(p1,p2)*eta(p1,p2)*eta(p4,p2)
                                    *eta(p3,p1)
                                 -16*eta(p1,p2)*eta(p1,p2)*eta(p4,p2)*mt^2
                                 -32*eta(p1,p2)*eta(p1,p2)*mt^4
                                 -16*eta(p1,p2)*mt^6))
           /(cw^2*mz^2)
          +(prop(2*eta(p1,p2))^2*prop((-2*eta(p4,p1))-2*eta(p4,p2)
                                                     +2*eta(p1,p2))
                                 ^2*[N^2-1]*I3q*Qq
                                *((-32*eta(p3,p2)*eta(p4,p1)*eta(p4,p1)*sw^2)
                                 +32*eta(p4,p2)*eta(p3,p2)*eta(p4,p1)*sw^2
                                 -64*eta(p4,p2)*eta(p4,p1)*eta(p3,p4)*sw^2
                                 +32*eta(p4,p2)*eta(p4,p1)*eta(p3,p1)*sw^2
                                 -128*eta(p4,p2)*eta(p4,p1)*sw^2*mt^2
                                 -32*eta(p4,p2)*eta(p4,p2)*eta(p3,p1)*sw^2
                                 +32*eta(p1,p2)*eta(p3,p4)*sw^2*mt^2
                                 -32*eta(p1,p2)*eta(p3,p1)*sw^2*mt^2
                                 -32*eta(p1,p2)*eta(p3,p2)*sw^2*mt^2
                                 +32*eta(p1,p2)*eta(p4,p1)*eta(p3,p4)*sw^2
                                 -32*eta(p1,p2)*eta(p4,p1)*eta(p3,p1)*sw^2
                                 +32*eta(p1,p2)*eta(p4,p2)*eta(p3,p4)*sw^2
                                 -32*eta(p1,p2)*eta(p4,p2)*eta(p3,p2)*sw^2
                                 +64*eta(p1,p2)*eta(p1,p2)*sw^2*mt^2
                                 +(+64)*eta(p1,p2)*sw^2*mt^4))
           /cw^2
          +(prop(2*eta(p1,p2))^2*prop((-2*eta(p4,p1))-2*eta(p4,p2)
                                                     +2*eta(p1,p2))
                                 ^2*[N^2-1]*I3q*Qq
                                *((-32*eta(p3,p2)*eta(p4,p1)*eta(p4,p1)
                                      *eta(p4,p1)*sw^2)
                                 -64*eta(p4,p2)*eta(p3,p2)*eta(p4,p1)
                                    *eta(p4,p1)*sw^2
                                 -32*eta(p4,p2)*eta(p4,p1)*eta(p4,p1)
                                    *eta(p3,p1)*sw^2
                                 -32*eta(p4,p2)*eta(p4,p2)*eta(p3,p2)
                                    *eta(p4,p1)*sw^2
                                 -64*eta(p4,p2)*eta(p4,p2)*eta(p4,p1)
                                    *eta(p3,p1)*sw^2
                                 -32*eta(p4,p2)*eta(p4,p2)*eta(p4,p2)
                                    *eta(p3,p1)*sw^2
                                 +64*eta(p1,p2)*eta(p3,p2)*eta(p4,p1)
                                    *eta(p4,p1)*sw^2
                                 -32*eta(p1,p2)*eta(p4,p1)*eta(p4,p1)*sw^2
                                    *mt^2
                                 +64*eta(p1,p2)*eta(p4,p2)*eta(p3,p2)
                                    *eta(p4,p1)*sw^2
                                 +64*eta(p1,p2)*eta(p4,p2)*eta(p4,p1)
                                    *eta(p3,p1)*sw^2
                                 -64*eta(p1,p2)*eta(p4,p2)*eta(p4,p1)*sw^2
                                    *mt^2
                                 +64*eta(p1,p2)*eta(p4,p2)*eta(p4,p2)
                                    *eta(p3,p1)*sw^2
                                 -32*eta(p1,p2)*eta(p4,p2)*eta(p4,p2)*sw^2
                                    *mt^2
                                 -32*eta(p1,p2)*eta(p1,p2)*eta(p3,p2)
                                    *eta(p4,p1)*sw^2
                                 +64*eta(p1,p2)*eta(p1,p2)*eta(p4,p1)*sw^2
                                    *mt^2
                                 -32*eta(p1,p2)*eta(p1,p2)*eta(p4,p2)
                                    *eta(p3,p1)*sw^2
                                 +64*eta(p1,p2)*eta(p1,p2)*eta(p4,p2)*sw^2
                                    *mt^2
                                 -32*eta(p1,p2)*eta(p1,p2)*eta(p1,p2)*sw^2
                                    *mt^2))
           /(cw^2*mz^2)
          +(prop(2*eta(p1,p2))^2*prop((-2*eta(p4,p1))-2*eta(p4,p2)
                                                     +2*eta(p1,p2))
                                 ^2*[N^2-1]*Qq^2
                                *(32*eta(p3,p2)*eta(p4,p1)*eta(p4,p1)*sw^4
                                 -32*eta(p4,p2)*eta(p3,p2)*eta(p4,p1)*sw^4
                                 +64*eta(p4,p2)*eta(p4,p1)*eta(p3,p4)*sw^4
                                 -32*eta(p4,p2)*eta(p4,p1)*eta(p3,p1)*sw^4
                                 +128*eta(p4,p2)*eta(p4,p1)*sw^4*mt^2
                                 +32*eta(p4,p2)*eta(p4,p2)*eta(p3,p1)*sw^4
                                 -32*eta(p1,p2)*eta(p3,p4)*sw^4*mt^2
                                 +32*eta(p1,p2)*eta(p3,p1)*sw^4*mt^2
                                 +32*eta(p1,p2)*eta(p3,p2)*sw^4*mt^2
                                 -32*eta(p1,p2)*eta(p4,p1)*eta(p3,p4)*sw^4
                                 +32*eta(p1,p2)*eta(p4,p1)*eta(p3,p1)*sw^4
                                 -32*eta(p1,p2)*eta(p4,p2)*eta(p3,p4)*sw^4
                                 +32*eta(p1,p2)*eta(p4,p2)*eta(p3,p2)*sw^4
                                 -64*eta(p1,p2)*eta(p1,p2)*sw^4*mt^2
                                 -64*eta(p1,p2)*sw^4*mt^4))
           /cw^2
          +(prop(2*eta(p1,p2))^2*prop((-2*eta(p4,p1))-2*eta(p4,p2)
                                                     +2*eta(p1,p2))
                                 ^2*[N^2-1]*Qq^2
                                *(32*eta(p3,p2)*eta(p4,p1)*eta(p4,p1)
                                    *eta(p4,p1)*sw^4
                                 +64*eta(p4,p2)*eta(p3,p2)*eta(p4,p1)
                                    *eta(p4,p1)*sw^4
                                 +32*eta(p4,p2)*eta(p4,p1)*eta(p4,p1)
                                    *eta(p3,p1)*sw^4
                                 +32*eta(p4,p2)*eta(p4,p2)*eta(p3,p2)
                                    *eta(p4,p1)*sw^4
                                 +64*eta(p4,p2)*eta(p4,p2)*eta(p4,p1)
                                    *eta(p3,p1)*sw^4
                                 +32*eta(p4,p2)*eta(p4,p2)*eta(p4,p2)
                                    *eta(p3,p1)*sw^4
                                 -64*eta(p1,p2)*eta(p3,p2)*eta(p4,p1)
                                    *eta(p4,p1)*sw^4
                                 +32*eta(p1,p2)*eta(p4,p1)*eta(p4,p1)*sw^4
                                    *mt^2
                                 -64*eta(p1,p2)*eta(p4,p2)*eta(p3,p2)
                                    *eta(p4,p1)*sw^4
                                 -64*eta(p1,p2)*eta(p4,p2)*eta(p4,p1)
                                    *eta(p3,p1)*sw^4
                                 +64*eta(p1,p2)*eta(p4,p2)*eta(p4,p1)*sw^4
                                    *mt^2
                                 -64*eta(p1,p2)*eta(p4,p2)*eta(p4,p2)
                                    *eta(p3,p1)*sw^4
                                 +32*eta(p1,p2)*eta(p4,p2)*eta(p4,p2)*sw^4
                                    *mt^2
                                 +32*eta(p1,p2)*eta(p1,p2)*eta(p3,p2)
                                    *eta(p4,p1)*sw^4
                                 -64*eta(p1,p2)*eta(p1,p2)*eta(p4,p1)*sw^4
                                    *mt^2
                                 +32*eta(p1,p2)*eta(p1,p2)*eta(p4,p2)
                                    *eta(p3,p1)*sw^4
                                 -64*eta(p1,p2)*eta(p1,p2)*eta(p4,p2)*sw^4
                                    *mt^2
                                 +(+32)*eta(p1,p2)*eta(p1,p2)*eta(p1,p2)*sw^4
                                       *mt^2))
           /(cw^2*mz^2)
          +(prop(2*eta(p1,p2))*prop(2*eta(p3,p4)+2*mt^2)
                              *prop((-2*eta(p4,p1))-2*eta(p4,p2)+2*eta(p1,p2))
                              *prop(2*eta(p3,p4)-2*eta(p3,p2)-2*eta(p4,p2)
                                                +2*mt^2)*[N^2-1]*I3q^2
                              *((-8*eta(p3,p2)*eta(p4,p1)*mt^2)
                               -8*eta(p4,p2)*eta(p3,p1)*mt^2
                               +32*eta(p4,p2)*eta(p3,p2)*eta(p4,p1)
                               -32*eta(p4,p2)*eta(p4,p1)*eta(p3,p4)
                               -48*eta(p4,p2)*eta(p4,p1)*mt^2
                               +24*eta(p1,p2)*eta(p3,p4)*mt^2
                               +32*eta(p1,p2)*eta(p4,p2)*eta(p3,p4)
                               -32*eta(p1,p2)*eta(p4,p2)*eta(p3,p2)
                               +48*eta(p1,p2)*eta(p4,p2)*mt^2
                               +(+24)*eta(p1,p2)*mt^4))
           /cw^2
          +(prop(2*eta(p1,p2))*prop(2*eta(p3,p4)+2*mt^2)
                              *prop((-2*eta(p4,p1))-2*eta(p4,p2)+2*eta(p1,p2))
                              *prop(2*eta(p3,p4)-2*eta(p3,p2)-2*eta(p4,p2)
                                                +2*mt^2)*[N^2-1]*I3q^2
                              *(32*eta(p4,p2)*eta(p3,p2)*eta(p4,p1)*eta(p3,p1)
                               -32*eta(p4,p2)*eta(p4,p1)*eta(p3,p1)*eta(p3,p4)
                               -32*eta(p4,p2)*eta(p4,p1)*eta(p3,p1)*mt^2
                               -32*eta(p4,p2)*eta(p4,p2)*eta(p3,p1)*eta(p3,p4)
                               -32*eta(p4,p2)*eta(p4,p2)*eta(p3,p1)*mt^2
                               +32*eta(p4,p2)*eta(p4,p2)*eta(p3,p2)*eta(p3,p1)
                               +32*eta(p4,p2)*eta(p4,p2)*eta(p4,p1)*eta(p3,p1)
                               +32*eta(p4,p2)*eta(p4,p2)*eta(p4,p2)*eta(p3,p1)
                               +16*eta(p1,p2)*eta(p3,p1)*eta(p3,p4)*mt^2
                               +16*eta(p1,p2)*eta(p3,p1)*mt^4
                               -16*eta(p1,p2)*eta(p3,p2)*eta(p3,p4)*mt^2
                               -16*eta(p1,p2)*eta(p3,p2)*eta(p3,p1)*mt^2
                               +16*eta(p1,p2)*eta(p3,p2)*eta(p3,p2)*mt^2
                               -16*eta(p1,p2)*eta(p3,p2)*mt^4
                               -32*eta(p1,p2)*eta(p4,p2)*eta(p3,p4)*mt^2
                               +32*eta(p1,p2)*eta(p4,p2)*eta(p3,p1)*eta(p3,p4)
                               +16*eta(p1,p2)*eta(p4,p2)*eta(p3,p1)*mt^2
                               -32*eta(p1,p2)*eta(p4,p2)*eta(p3,p2)*eta(p3,p1)
                               +48*eta(p1,p2)*eta(p4,p2)*eta(p3,p2)*mt^2
                               -32*eta(p1,p2)*eta(p4,p2)*eta(p4,p2)*eta(p3,p1)
                               +32*eta(p1,p2)*eta(p4,p2)*eta(p4,p2)*mt^2
                               -32*eta(p1,p2)*eta(p4,p2)*mt^4
                               +16*eta(p1,p2)*eta(p1,p2)*eta(p3,p4)*mt^2
                               -16*eta(p1,p2)*eta(p1,p2)*eta(p3,p2)*mt^2
                               -16*eta(p1,p2)*eta(p1,p2)*eta(p4,p2)*mt^2
                               +(+16)*eta(p1,p2)*eta(p1,p2)*mt^4))
           /(cw^2*mz^2)
          +(prop(2*eta(p1,p2))*prop(2*eta(p3,p4)+2*mt^2)
                              *prop((-2*eta(p4,p1))-2*eta(p4,p2)+2*eta(p1,p2))
                              *prop(2*eta(p3,p4)-2*eta(p3,p2)-2*eta(p4,p2)
                                                +2*mt^2)*[N^2-1]*I3q*Qq
                              *(32*eta(p3,p2)*eta(p4,p1)*eta(p3,p4)*sw^2
                               +32*eta(p3,p2)*eta(p4,p1)*eta(p3,p1)*sw^2
                               +64*eta(p3,p2)*eta(p4,p1)*sw^2*mt^2
                               +32*eta(p4,p2)*eta(p3,p1)*eta(p3,p4)*sw^2
                               -32*eta(p4,p2)*eta(p3,p1)*eta(p3,p1)*sw^2
                               +64*eta(p4,p2)*eta(p3,p1)*sw^2*mt^2
                               -96*eta(p4,p2)*eta(p3,p2)*eta(p4,p1)*sw^2
                               +64*eta(p4,p2)*eta(p4,p1)*eta(p3,p4)*sw^2
                               +128*eta(p4,p2)*eta(p4,p1)*sw^2*mt^2
                               -32*eta(p4,p2)*eta(p4,p2)*eta(p3,p1)*sw^2
                               -32*eta(p1,p2)*eta(p3,p4)*eta(p3,p4)*sw^2
                               -96*eta(p1,p2)*eta(p3,p4)*sw^2*mt^2
                               +32*eta(p1,p2)*eta(p3,p1)*eta(p3,p4)*sw^2
                               +32*eta(p1,p2)*eta(p3,p1)*sw^2*mt^2
                               +32*eta(p1,p2)*eta(p3,p2)*eta(p4,p1)*sw^2
                               -32*eta(p1,p2)*eta(p4,p2)*eta(p3,p4)*sw^2
                               +32*eta(p1,p2)*eta(p4,p2)*eta(p3,p1)*sw^2
                               +64*eta(p1,p2)*eta(p4,p2)*eta(p3,p2)*sw^2
                               -96*eta(p1,p2)*eta(p4,p2)*sw^2*mt^2
                               -32*eta(p1,p2)*eta(p1,p2)*eta(p3,p4)*sw^2
                               -32*eta(p1,p2)*eta(p1,p2)*sw^2*mt^2
                               -64*eta(p1,p2)*sw^2*mt^4))
           /cw^2
          +(prop(2*eta(p1,p2))*prop(2*eta(p3,p4)+2*mt^2)
                              *prop((-2*eta(p4,p1))-2*eta(p4,p2)+2*eta(p1,p2))
                              *prop(2*eta(p3,p4)-2*eta(p3,p2)-2*eta(p4,p2)
                                                +2*mt^2)*[N^2-1]*I3q*Qq
                              *((-64*eta(p3,p2)*eta(p3,p2)*eta(p4,p1)
                                    *eta(p4,p1)*sw^2)
                               +64*eta(p3,p2)*eta(p4,p1)*eta(p4,p1)*eta(p3,p4)
                                  *sw^2
                               +64*eta(p3,p2)*eta(p4,p1)*eta(p4,p1)*sw^2*mt^2
                               -64*eta(p4,p2)*eta(p3,p2)*eta(p3,p2)*eta(p4,p1)
                                  *sw^2
                               +64*eta(p4,p2)*eta(p3,p2)*eta(p4,p1)*eta(p3,p4)
                                  *sw^2
                               -64*eta(p4,p2)*eta(p3,p2)*eta(p4,p1)*eta(p3,p1)
                                  *sw^2
                               -64*eta(p4,p2)*eta(p3,p2)*eta(p4,p1)*eta(p4,p1)
                                  *sw^2
                               +64*eta(p4,p2)*eta(p3,p2)*eta(p4,p1)*sw^2*mt^2
                               +64*eta(p4,p2)*eta(p4,p1)*eta(p3,p1)*eta(p3,p4)
                                  *sw^2
                               +64*eta(p4,p2)*eta(p4,p1)*eta(p3,p1)*sw^2*mt^2
                               +64*eta(p4,p2)*eta(p4,p2)*eta(p3,p1)*eta(p3,p4)
                                  *sw^2
                               +64*eta(p4,p2)*eta(p4,p2)*eta(p3,p1)*sw^2*mt^2
                               -64*eta(p4,p2)*eta(p4,p2)*eta(p3,p2)*eta(p3,p1)
                                  *sw^2
                               -64*eta(p4,p2)*eta(p4,p2)*eta(p3,p2)*eta(p4,p1)
                                  *sw^2
                               -64*eta(p4,p2)*eta(p4,p2)*eta(p4,p1)*eta(p3,p1)
                                  *sw^2
                               -64*eta(p4,p2)*eta(p4,p2)*eta(p4,p2)*eta(p3,p1)
                                  *sw^2
                               +64*eta(p1,p2)*eta(p3,p2)*eta(p3,p2)*eta(p4,p1)
                                  *sw^2
                               -64*eta(p1,p2)*eta(p3,p2)*eta(p4,p1)*eta(p3,p4)
                                  *sw^2
                               -128*eta(p1,p2)*eta(p3,p2)*eta(p4,p1)*sw^2*mt^2
                               +64*eta(p1,p2)*eta(p4,p1)*eta(p3,p4)*sw^2*mt^2
                               +64*eta(p1,p2)*eta(p4,p1)*sw^2*mt^4
                               +64*eta(p1,p2)*eta(p4,p2)*eta(p3,p4)*sw^2*mt^2
                               -64*eta(p1,p2)*eta(p4,p2)*eta(p3,p1)*eta(p3,p4)
                                  *sw^2
                               -64*eta(p1,p2)*eta(p4,p2)*eta(p3,p1)*sw^2*mt^2
                               +64*eta(p1,p2)*eta(p4,p2)*eta(p3,p2)*eta(p3,p1)
                                  *sw^2
                               +64*eta(p1,p2)*eta(p4,p2)*eta(p3,p2)*eta(p4,p1)
                                  *sw^2
                               -64*eta(p1,p2)*eta(p4,p2)*eta(p3,p2)*sw^2*mt^2
                               -64*eta(p1,p2)*eta(p4,p2)*eta(p4,p1)*sw^2*mt^2
                               +64*eta(p1,p2)*eta(p4,p2)*eta(p4,p2)*eta(p3,p1)
                                  *sw^2
                               -64*eta(p1,p2)*eta(p4,p2)*eta(p4,p2)*sw^2*mt^2
                               +64*eta(p1,p2)*eta(p4,p2)*sw^2*mt^4
                               -64*eta(p1,p2)*eta(p1,p2)*eta(p3,p4)*sw^2*mt^2
                               +64*eta(p1,p2)*eta(p1,p2)*eta(p3,p2)*sw^2*mt^2
                               +64*eta(p1,p2)*eta(p1,p2)*eta(p4,p2)*sw^2*mt^2
                               -64*eta(p1,p2)*eta(p1,p2)*sw^2*mt^4))
           /(cw^2*mz^2)
          +(prop(2*eta(p1,p2))*prop(2*eta(p3,p4)+2*mt^2)
                              *prop((-2*eta(p4,p1))-2*eta(p4,p2)+2*eta(p1,p2))
                              *prop(2*eta(p3,p4)-2*eta(p3,p2)-2*eta(p4,p2)
                                                +2*mt^2)*[N^2-1]*Qq^2
                              *((-32*eta(p3,p2)*eta(p4,p1)*eta(p3,p4)*sw^4)
                               -32*eta(p3,p2)*eta(p4,p1)*eta(p3,p1)*sw^4
                               -64*eta(p3,p2)*eta(p4,p1)*sw^4*mt^2
                               -32*eta(p4,p2)*eta(p3,p1)*eta(p3,p4)*sw^4
                               +32*eta(p4,p2)*eta(p3,p1)*eta(p3,p1)*sw^4
                               -64*eta(p4,p2)*eta(p3,p1)*sw^4*mt^2
                               +96*eta(p4,p2)*eta(p3,p2)*eta(p4,p1)*sw^4
                               -64*eta(p4,p2)*eta(p4,p1)*eta(p3,p4)*sw^4
                               -128*eta(p4,p2)*eta(p4,p1)*sw^4*mt^2
                               +32*eta(p4,p2)*eta(p4,p2)*eta(p3,p1)*sw^4
                               +32*eta(p1,p2)*eta(p3,p4)*eta(p3,p4)*sw^4
                               +96*eta(p1,p2)*eta(p3,p4)*sw^4*mt^2
                               -32*eta(p1,p2)*eta(p3,p1)*eta(p3,p4)*sw^4
                               -32*eta(p1,p2)*eta(p3,p1)*sw^4*mt^2
                               -32*eta(p1,p2)*eta(p3,p2)*eta(p4,p1)*sw^4
                               +32*eta(p1,p2)*eta(p4,p2)*eta(p3,p4)*sw^4
                               -32*eta(p1,p2)*eta(p4,p2)*eta(p3,p1)*sw^4
                               -64*eta(p1,p2)*eta(p4,p2)*eta(p3,p2)*sw^4
                               +96*eta(p1,p2)*eta(p4,p2)*sw^4*mt^2
                               +32*eta(p1,p2)*eta(p1,p2)*eta(p3,p4)*sw^4
                               +32*eta(p1,p2)*eta(p1,p2)*sw^4*mt^2
                               +(+64)*eta(p1,p2)*sw^4*mt^4))
           /cw^2
          +(prop(2*eta(p1,p2))*prop(2*eta(p3,p4)+2*mt^2)
                              *prop((-2*eta(p4,p1))-2*eta(p4,p2)+2*eta(p1,p2))
                              *prop(2*eta(p3,p4)-2*eta(p3,p2)-2*eta(p4,p2)
                                                +2*mt^2)*[N^2-1]*Qq^2
                              *(64*eta(p3,p2)*eta(p3,p2)*eta(p4,p1)*eta(p4,p1)
                                  *sw^4
                               -64*eta(p3,p2)*eta(p4,p1)*eta(p4,p1)*eta(p3,p4)
                                  *sw^4
                               -64*eta(p3,p2)*eta(p4,p1)*eta(p4,p1)*sw^4*mt^2
                               +64*eta(p4,p2)*eta(p3,p2)*eta(p3,p2)*eta(p4,p1)
                                  *sw^4
                               -64*eta(p4,p2)*eta(p3,p2)*eta(p4,p1)*eta(p3,p4)
                                  *sw^4
                               +64*eta(p4,p2)*eta(p3,p2)*eta(p4,p1)*eta(p3,p1)
                                  *sw^4
                               +64*eta(p4,p2)*eta(p3,p2)*eta(p4,p1)*eta(p4,p1)
                                  *sw^4
                               -64*eta(p4,p2)*eta(p3,p2)*eta(p4,p1)*sw^4*mt^2
                               -64*eta(p4,p2)*eta(p4,p1)*eta(p3,p1)*eta(p3,p4)
                                  *sw^4
                               -64*eta(p4,p2)*eta(p4,p1)*eta(p3,p1)*sw^4*mt^2
                               -64*eta(p4,p2)*eta(p4,p2)*eta(p3,p1)*eta(p3,p4)
                                  *sw^4
                               -64*eta(p4,p2)*eta(p4,p2)*eta(p3,p1)*sw^4*mt^2
                               +64*eta(p4,p2)*eta(p4,p2)*eta(p3,p2)*eta(p3,p1)
                                  *sw^4
                               +64*eta(p4,p2)*eta(p4,p2)*eta(p3,p2)*eta(p4,p1)
                                  *sw^4
                               +64*eta(p4,p2)*eta(p4,p2)*eta(p4,p1)*eta(p3,p1)
                                  *sw^4
                               +64*eta(p4,p2)*eta(p4,p2)*eta(p4,p2)*eta(p3,p1)
                                  *sw^4
                               -64*eta(p1,p2)*eta(p3,p2)*eta(p3,p2)*eta(p4,p1)
                                  *sw^4
                               +64*eta(p1,p2)*eta(p3,p2)*eta(p4,p1)*eta(p3,p4)
                                  *sw^4
                               +128*eta(p1,p2)*eta(p3,p2)*eta(p4,p1)*sw^4*mt^2
                               -64*eta(p1,p2)*eta(p4,p1)*eta(p3,p4)*sw^4*mt^2
                               -64*eta(p1,p2)*eta(p4,p1)*sw^4*mt^4
                               -64*eta(p1,p2)*eta(p4,p2)*eta(p3,p4)*sw^4*mt^2
                               +64*eta(p1,p2)*eta(p4,p2)*eta(p3,p1)*eta(p3,p4)
                                  *sw^4
                               +64*eta(p1,p2)*eta(p4,p2)*eta(p3,p1)*sw^4*mt^2
                               -64*eta(p1,p2)*eta(p4,p2)*eta(p3,p2)*eta(p3,p1)
                                  *sw^4
                               -64*eta(p1,p2)*eta(p4,p2)*eta(p3,p2)*eta(p4,p1)
                                  *sw^4
                               +64*eta(p1,p2)*eta(p4,p2)*eta(p3,p2)*sw^4*mt^2
                               +64*eta(p1,p2)*eta(p4,p2)*eta(p4,p1)*sw^4*mt^2
                               -64*eta(p1,p2)*eta(p4,p2)*eta(p4,p2)*eta(p3,p1)
                                  *sw^4
                               +64*eta(p1,p2)*eta(p4,p2)*eta(p4,p2)*sw^4*mt^2
                               -64*eta(p1,p2)*eta(p4,p2)*sw^4*mt^4
                               +64*eta(p1,p2)*eta(p1,p2)*eta(p3,p4)*sw^4*mt^2
                               -64*eta(p1,p2)*eta(p1,p2)*eta(p3,p2)*sw^4*mt^2
                               -64*eta(p1,p2)*eta(p1,p2)*eta(p4,p2)*sw^4*mt^2
                               +(+64)*eta(p1,p2)*eta(p1,p2)*sw^4*mt^4))
           /(cw^2*mz^2)
          +(prop(2*eta(p3,p4)+2*mt^2)^2*prop(
                                        2*eta(p3,p4)-2*eta(p3,p2)-2*eta(p4,p2)
                                                    +2*mt^2)
                                        ^2*[N^2-1]*I3q^2
                                       *(16*eta(p3,p2)*eta(p3,p1)*eta(p3,p4)
                                        +32*eta(p3,p2)*eta(p3,p1)*mt^2
                                        +16*eta(p3,p2)*eta(p3,p2)*eta(p4,p1)
                                        +16*eta(p3,p2)*eta(p4,p1)*mt^2
                                        +16*eta(p4,p2)*eta(p3,p1)*mt^2
                                        -16*eta(p4,p2)*eta(p3,p2)*eta(p3,p1)
                                        -16*eta(p4,p2)*eta(p3,p2)*eta(p4,p1)
                                        +16*eta(p4,p2)*eta(p4,p1)*eta(p3,p4)
                                        +32*eta(p4,p2)*eta(p4,p1)*mt^2
                                        +16*eta(p4,p2)*eta(p4,p2)*eta(p3,p1)
                                        -16*eta(p1,p2)*eta(p3,p4)*mt^2
                                        -16*eta(p1,p2)*eta(p3,p2)*eta(p3,p4)
                                        -16*eta(p1,p2)*eta(p3,p2)*mt^2
                                        -16*eta(p1,p2)*eta(p4,p2)*eta(p3,p4)
                                        +32*eta(p1,p2)*eta(p4,p2)*eta(p3,p2)
                                        -16*eta(p1,p2)*eta(p4,p2)*mt^2
                                        -16*eta(p1,p2)*mt^4))
           /cw^2
          +(prop(2*eta(p3,p4)+2*mt^2)^2*prop(
                                        2*eta(p3,p4)-2*eta(p3,p2)-2*eta(p4,p2)
                                                    +2*mt^2)
                                        ^2*[N^2-1]*I3q^2
                                       *(16*eta(p3,p2)*eta(p3,p2)*eta(p3,p2)
                                           *eta(p4,p1)
                                        -32*eta(p3,p2)*eta(p3,p2)*eta(p4,p1)
                                           *eta(p3,p4)
                                        -32*eta(p3,p2)*eta(p3,p2)*eta(p4,p1)
                                           *mt^2
                                        +16*eta(p3,p2)*eta(p4,p1)*eta(p3,p4)
                                           *eta(p3,p4)
                                        +32*eta(p3,p2)*eta(p4,p1)*eta(p3,p4)
                                           *mt^2+16*eta(p3,p2)*eta(p4,p1)*mt^4
                                        +16*eta(p4,p2)*eta(p3,p1)*eta(p3,p4)
                                           *eta(p3,p4)
                                        +32*eta(p4,p2)*eta(p3,p1)*eta(p3,p4)
                                           *mt^2+16*eta(p4,p2)*eta(p3,p1)*mt^4
                                        -32*eta(p4,p2)*eta(p3,p2)*eta(p3,p1)
                                           *eta(p3,p4)
                                        -32*eta(p4,p2)*eta(p3,p2)*eta(p3,p1)
                                           *mt^2
                                        +16*eta(p4,p2)*eta(p3,p2)*eta(p3,p2)
                                           *eta(p3,p1)
                                        +32*eta(p4,p2)*eta(p3,p2)*eta(p3,p2)
                                           *eta(p4,p1)
                                        -32*eta(p4,p2)*eta(p3,p2)*eta(p4,p1)
                                           *eta(p3,p4)
                                        -32*eta(p4,p2)*eta(p3,p2)*eta(p4,p1)
                                           *mt^2
                                        -32*eta(p4,p2)*eta(p4,p2)*eta(p3,p1)
                                           *eta(p3,p4)
                                        -32*eta(p4,p2)*eta(p4,p2)*eta(p3,p1)
                                           *mt^2
                                        +32*eta(p4,p2)*eta(p4,p2)*eta(p3,p2)
                                           *eta(p3,p1)
                                        +16*eta(p4,p2)*eta(p4,p2)*eta(p3,p2)
                                           *eta(p4,p1)
                                        +16*eta(p4,p2)*eta(p4,p2)*eta(p4,p2)
                                           *eta(p3,p1)
                                        +16*eta(p1,p2)*eta(p3,p4)*eta(p3,p4)
                                           *mt^2+32*eta(p1,p2)*eta(p3,p4)*mt^4
                                        -32*eta(p1,p2)*eta(p3,p2)*eta(p3,p4)
                                           *mt^2
                                        +16*eta(p1,p2)*eta(p3,p2)*eta(p3,p2)
                                           *mt^2-32*eta(p1,p2)*eta(p3,p2)*mt^4
                                        -32*eta(p1,p2)*eta(p4,p2)*eta(p3,p4)
                                           *mt^2
                                        +32*eta(p1,p2)*eta(p4,p2)*eta(p3,p2)
                                           *mt^2
                                        +16*eta(p1,p2)*eta(p4,p2)*eta(p4,p2)
                                           *mt^2-32*eta(p1,p2)*eta(p4,p2)*mt^4
                                        +(+16)*eta(p1,p2)*mt^6))
           /(cw^2*mz^2)
          +(prop(2*eta(p3,p4)+2*mt^2)^2*prop(
                                        2*eta(p3,p4)-2*eta(p3,p2)-2*eta(p4,p2)
                                                    +2*mt^2)
                                        ^2*[N^2-1]*I3q*Qq
                                       *((-32*eta(p3,p2)*eta(p3,p1)*eta(p3,p4)
                                             *sw^2)
                                        -64*eta(p3,p2)*eta(p3,p1)*sw^2*mt^2
                                        -32*eta(p3,p2)*eta(p3,p2)*eta(p4,p1)
                                           *sw^2
                                        -32*eta(p3,p2)*eta(p4,p1)*sw^2*mt^2
                                        -32*eta(p4,p2)*eta(p3,p1)*sw^2*mt^2
                                        +32*eta(p4,p2)*eta(p3,p2)*eta(p3,p1)
                                           *sw^2
                                        +32*eta(p4,p2)*eta(p3,p2)*eta(p4,p1)
                                           *sw^2
                                        -32*eta(p4,p2)*eta(p4,p1)*eta(p3,p4)
                                           *sw^2
                                        -64*eta(p4,p2)*eta(p4,p1)*sw^2*mt^2
                                        -32*eta(p4,p2)*eta(p4,p2)*eta(p3,p1)
                                           *sw^2
                                        +32*eta(p1,p2)*eta(p3,p4)*sw^2*mt^2
                                        +32*eta(p1,p2)*eta(p3,p2)*eta(p3,p4)
                                           *sw^2
                                        +32*eta(p1,p2)*eta(p3,p2)*sw^2*mt^2
                                        +32*eta(p1,p2)*eta(p4,p2)*eta(p3,p4)
                                           *sw^2
                                        -64*eta(p1,p2)*eta(p4,p2)*eta(p3,p2)
                                           *sw^2
                                        +32*eta(p1,p2)*eta(p4,p2)*sw^2*mt^2
                                        +(+32)*eta(p1,p2)*sw^2*mt^4))
           /cw^2
          +(prop(2*eta(p3,p4)+2*mt^2)^2*prop(
                                        2*eta(p3,p4)-2*eta(p3,p2)-2*eta(p4,p2)
                                                    +2*mt^2)
                                        ^2*[N^2-1]*I3q*Qq
                                       *((-32*eta(p3,p2)*eta(p3,p2)*eta(p3,p2)
                                             *eta(p4,p1)*sw^2)
                                        +64*eta(p3,p2)*eta(p3,p2)*eta(p4,p1)
                                           *eta(p3,p4)*sw^2
                                        +64*eta(p3,p2)*eta(p3,p2)*eta(p4,p1)
                                           *sw^2*mt^2
                                        -32*eta(p3,p2)*eta(p4,p1)*eta(p3,p4)
                                           *eta(p3,p4)*sw^2
                                        -64*eta(p3,p2)*eta(p4,p1)*eta(p3,p4)
                                           *sw^2*mt^2
                                        -32*eta(p3,p2)*eta(p4,p1)*sw^2*mt^4
                                        -32*eta(p4,p2)*eta(p3,p1)*eta(p3,p4)
                                           *eta(p3,p4)*sw^2
                                        -64*eta(p4,p2)*eta(p3,p1)*eta(p3,p4)
                                           *sw^2*mt^2
                                        -32*eta(p4,p2)*eta(p3,p1)*sw^2*mt^4
                                        +64*eta(p4,p2)*eta(p3,p2)*eta(p3,p1)
                                           *eta(p3,p4)*sw^2
                                        +64*eta(p4,p2)*eta(p3,p2)*eta(p3,p1)
                                           *sw^2*mt^2
                                        -32*eta(p4,p2)*eta(p3,p2)*eta(p3,p2)
                                           *eta(p3,p1)*sw^2
                                        -64*eta(p4,p2)*eta(p3,p2)*eta(p3,p2)
                                           *eta(p4,p1)*sw^2
                                        +64*eta(p4,p2)*eta(p3,p2)*eta(p4,p1)
                                           *eta(p3,p4)*sw^2
                                        +64*eta(p4,p2)*eta(p3,p2)*eta(p4,p1)
                                           *sw^2*mt^2
                                        +64*eta(p4,p2)*eta(p4,p2)*eta(p3,p1)
                                           *eta(p3,p4)*sw^2
                                        +64*eta(p4,p2)*eta(p4,p2)*eta(p3,p1)
                                           *sw^2*mt^2
                                        -64*eta(p4,p2)*eta(p4,p2)*eta(p3,p2)
                                           *eta(p3,p1)*sw^2
                                        -32*eta(p4,p2)*eta(p4,p2)*eta(p3,p2)
                                           *eta(p4,p1)*sw^2
                                        -32*eta(p4,p2)*eta(p4,p2)*eta(p4,p2)
                                           *eta(p3,p1)*sw^2
                                        -32*eta(p1,p2)*eta(p3,p4)*eta(p3,p4)
                                           *sw^2*mt^2
                                        -64*eta(p1,p2)*eta(p3,p4)*sw^2*mt^4
                                        +64*eta(p1,p2)*eta(p3,p2)*eta(p3,p4)
                                           *sw^2*mt^2
                                        -32*eta(p1,p2)*eta(p3,p2)*eta(p3,p2)
                                           *sw^2*mt^2
                                        +64*eta(p1,p2)*eta(p3,p2)*sw^2*mt^4
                                        +64*eta(p1,p2)*eta(p4,p2)*eta(p3,p4)
                                           *sw^2*mt^2
                                        -64*eta(p1,p2)*eta(p4,p2)*eta(p3,p2)
                                           *sw^2*mt^2
                                        -32*eta(p1,p2)*eta(p4,p2)*eta(p4,p2)
                                           *sw^2*mt^2
                                        +64*eta(p1,p2)*eta(p4,p2)*sw^2*mt^4
                                        -32*eta(p1,p2)*sw^2*mt^6))
           /(cw^2*mz^2)
          +(prop(2*eta(p3,p4)+2*mt^2)^2*prop(
                                        2*eta(p3,p4)-2*eta(p3,p2)-2*eta(p4,p2)
                                                    +2*mt^2)
                                        ^2*[N^2-1]*Qq^2
                                       *(32*eta(p3,p2)*eta(p3,p1)*eta(p3,p4)
                                           *sw^4
                                        +64*eta(p3,p2)*eta(p3,p1)*sw^4*mt^2
                                        +32*eta(p3,p2)*eta(p3,p2)*eta(p4,p1)
                                           *sw^4
                                        +32*eta(p3,p2)*eta(p4,p1)*sw^4*mt^2
                                        +32*eta(p4,p2)*eta(p3,p1)*sw^4*mt^2
                                        -32*eta(p4,p2)*eta(p3,p2)*eta(p3,p1)
                                           *sw^4
                                        -32*eta(p4,p2)*eta(p3,p2)*eta(p4,p1)
                                           *sw^4
                                        +32*eta(p4,p2)*eta(p4,p1)*eta(p3,p4)
                                           *sw^4
                                        +64*eta(p4,p2)*eta(p4,p1)*sw^4*mt^2
                                        +32*eta(p4,p2)*eta(p4,p2)*eta(p3,p1)
                                           *sw^4
                                        -32*eta(p1,p2)*eta(p3,p4)*sw^4*mt^2
                                        -32*eta(p1,p2)*eta(p3,p2)*eta(p3,p4)
                                           *sw^4
                                        -32*eta(p1,p2)*eta(p3,p2)*sw^4*mt^2
                                        -32*eta(p1,p2)*eta(p4,p2)*eta(p3,p4)
                                           *sw^4
                                        +64*eta(p1,p2)*eta(p4,p2)*eta(p3,p2)
                                           *sw^4
                                        -32*eta(p1,p2)*eta(p4,p2)*sw^4*mt^2
                                        -32*eta(p1,p2)*sw^4*mt^4))
           /cw^2
          +((+prop(2*eta(p3,p4)+2*mt^2)^2)
           *prop(2*eta(p3,p4)-2*eta(p3,p2)-2*eta(p4,p2)+2*mt^2)^2*[N^2-1]*Qq^2
           *(32*eta(p3,p2)*eta(p3,p2)*eta(p3,p2)*eta(p4,p1)*sw^4
            -64*eta(p3,p2)*eta(p3,p2)*eta(p4,p1)*eta(p3,p4)*sw^4
            -64*eta(p3,p2)*eta(p3,p2)*eta(p4,p1)*sw^4*mt^2
            +32*eta(p3,p2)*eta(p4,p1)*eta(p3,p4)*eta(p3,p4)*sw^4
            +64*eta(p3,p2)*eta(p4,p1)*eta(p3,p4)*sw^4*mt^2
            +32*eta(p3,p2)*eta(p4,p1)*sw^4*mt^4
            +32*eta(p4,p2)*eta(p3,p1)*eta(p3,p4)*eta(p3,p4)*sw^4
            +64*eta(p4,p2)*eta(p3,p1)*eta(p3,p4)*sw^4*mt^2
            +32*eta(p4,p2)*eta(p3,p1)*sw^4*mt^4
            -64*eta(p4,p2)*eta(p3,p2)*eta(p3,p1)*eta(p3,p4)*sw^4
            -64*eta(p4,p2)*eta(p3,p2)*eta(p3,p1)*sw^4*mt^2
            +32*eta(p4,p2)*eta(p3,p2)*eta(p3,p2)*eta(p3,p1)*sw^4
            +64*eta(p4,p2)*eta(p3,p2)*eta(p3,p2)*eta(p4,p1)*sw^4
            -64*eta(p4,p2)*eta(p3,p2)*eta(p4,p1)*eta(p3,p4)*sw^4
            -64*eta(p4,p2)*eta(p3,p2)*eta(p4,p1)*sw^4*mt^2
            -64*eta(p4,p2)*eta(p4,p2)*eta(p3,p1)*eta(p3,p4)*sw^4
            -64*eta(p4,p2)*eta(p4,p2)*eta(p3,p1)*sw^4*mt^2
            +64*eta(p4,p2)*eta(p4,p2)*eta(p3,p2)*eta(p3,p1)*sw^4
            +32*eta(p4,p2)*eta(p4,p2)*eta(p3,p2)*eta(p4,p1)*sw^4
            +32*eta(p4,p2)*eta(p4,p2)*eta(p4,p2)*eta(p3,p1)*sw^4
            +32*eta(p1,p2)*eta(p3,p4)*eta(p3,p4)*sw^4*mt^2
            +64*eta(p1,p2)*eta(p3,p4)*sw^4*mt^4
            -64*eta(p1,p2)*eta(p3,p2)*eta(p3,p4)*sw^4*mt^2
            +32*eta(p1,p2)*eta(p3,p2)*eta(p3,p2)*sw^4*mt^2
            -64*eta(p1,p2)*eta(p3,p2)*sw^4*mt^4
            -64*eta(p1,p2)*eta(p4,p2)*eta(p3,p4)*sw^4*mt^2
            +64*eta(p1,p2)*eta(p4,p2)*eta(p3,p2)*sw^4*mt^2
            +32*eta(p1,p2)*eta(p4,p2)*eta(p4,p2)*sw^4*mt^2
            -64*eta(p1,p2)*eta(p4,p2)*sw^4*mt^4+(+32)*eta(p1,p2)*sw^4*mt^6))
           /(cw^2*mz^2)
(%i134) print("1st phase point")
1st phase point 
(%o134)                         1st phase point
(%i135) p1:[250,0,0,250]
(%i136) p2:[250,0,0,-250]
(%i137) p4:[176.933726048572,26.36886881466168,-11.50800804118784,
            21.8986739733313]
(%i138) p3:[198.5513260801792,-78.2751753112723,-55.2433091444913,
            -15.67044392968419]
(%i139) batch("momentum.mac")

read and interpret file: /Users/rdsAir/Documents/FORM/Zproduction/p1p3Emission/momentum.mac
(%i140) pInitial:p2+p1
(%o140)                         [500, 0, 0, 0]
(%i141) pSemiFinal:p4+p3
(%o141) [375.4850521287512, - 51.90630649661063, - 66.75131718567914, 
                                                             6.228230043647102]
(%i142) pZ:pInitial-pSemiFinal
(%o142) [124.5149478712488, 51.90630649661063, 66.75131718567914, 
                                                           - 6.228230043647102]
(%i143) eta(p,q):=p[1]*q[1]-sum(p[i]*q[i],i,2,length(p))
(%o143)        eta(p, q) := p  q  - sum(p  q , i, 2, length(p))
                             1  1        i  i
(%i144) mz:sqrt(eta(pZ,pZ))
(%o144)                        91.18759999999996
(%i145) mt:sqrt(eta(p3,p3))
(%o145)                              173.2
(%i146) mw:80.419
(%o146)                             80.419
(%i147) sw:sqrt(1-mw^2/mz^2)
(%o147)                       0.4714230687517944
(%i148) cw:mw/mz
(%o148)                       0.8819071891353653
(%o149) /Users/rdsAir/Documents/FORM/Zproduction/p1p3Emission/momentum.mac
(%i150) prop(x):=1/x
                                            1
(%o150)                          prop(x) := -
                                            x
(%i151) [Pi,aem,N]:[%pi,1,3]
(%o151)                           [%pi, 1, 3]
(%i152) print("Professor Ferroglia's result is 0.000972345")
Professor Ferroglia's result is 0.000972345 
(%o152)           Professor Ferroglia's result is 0.000972345
(%i153) ev(F1:qqttZtreelevel(p1,p2,p3,p4,mt,mw,mz,N,Qq,I3q,aem,sw,cw,Pi),
           Qq = 2/3,I3q = 1/2,bfloat)
(%o153)                     [7.153062092288459b-4]
(%i154) print("The ratio F1/0.000972345, this shold be 1.0")
The ratio F1/0.000972345, this shold be 1.0 
(%o154)           The ratio F1/0.000972345, this shold be 1.0
(%i155) ev(F1/9.72345e-4,numer)
(%o155)                      [0.7356506273275902]
(%i156) print("Here is my \"bare\" result")
Here is my "bare" result 
(%o156)                    Here is my "bare" result
(%i157) ev(R1:M(p1,p2,p3,p4,mt,mw,mz,N,aem,sw,cw,Pi),Qq = 2/3,I3q = 1/2,bfloat)
(%o157)                     [4.899644194429588b-4]
(%i158) print("The ratio F/R is")
The ratio F/R is 
(%o158)                        The ratio F/R is
(%i159) ev(F1/R1,numer)
(%o159)                       [1.459914599599045]
(%i160) kill(p3,p4)
(%o160)                              done
(%i161) p3:[176.933726048572,26.36886881466168,-11.50800804118784,
            21.8986739733313]
(%i162) p4:[198.5513260801792,-78.2751753112723,-55.2433091444913,
            -15.67044392968419]
(%i163) batch("momentum.mac")

read and interpret file: /Users/rdsAir/Documents/FORM/Zproduction/p1p3Emission/momentum.mac
(%i164) pInitial:p2+p1
(%o164)                         [500, 0, 0, 0]
(%i165) pSemiFinal:p4+p3
(%o165) [375.4850521287512, - 51.90630649661063, - 66.75131718567914, 
                                                             6.228230043647102]
(%i166) pZ:pInitial-pSemiFinal
(%o166) [124.5149478712488, 51.90630649661063, 66.75131718567914, 
                                                           - 6.228230043647102]
(%i167) eta(p,q):=p[1]*q[1]-sum(p[i]*q[i],i,2,length(p))
(%o167)        eta(p, q) := p  q  - sum(p  q , i, 2, length(p))
                             1  1        i  i
(%i168) mz:sqrt(eta(pZ,pZ))
(%o168)                        91.18759999999996
(%i169) mt:sqrt(eta(p3,p3))
(%o169)                              173.2
(%i170) mw:80.419
(%o170)                             80.419
(%i171) sw:sqrt(1-mw^2/mz^2)
(%o171)                       0.4714230687517944
(%i172) cw:mw/mz
(%o172)                       0.8819071891353653
(%o173) /Users/rdsAir/Documents/FORM/Zproduction/p1p3Emission/momentum.mac
(%i174) print("Here is my \"bare\" result")
Here is my "bare" result 
(%o174)                    Here is my "bare" result
(%i175) ev(R1:M(p1,p2,p3,p4,mt,mw,mz,N,aem,sw,cw,Pi),Qq = 2/3,I3q = 1/2,bfloat)
(%o175)                     [4.554139115605673b-4]
(%i176) ev(F1/R1,numer)
(%o176)                       [1.570672724462248]
(%i177) print("2nd phase point")
2nd phase point 
(%o177)                         2nd phase point
(%i178) p1:[250,0,0,250]
(%i179) p2:[250,0,0,-250]
(%i180) p4:[180.7192318739766,-7.280567391472244,15.98422338668393,
            48.50462565882704]
(%i181) p3:[207.8686374010149,28.86068884908367,-39.07353950538468,
            -104.1702911805095]
(%i182) batch("momentum.mac")

read and interpret file: /Users/rdsAir/Documents/FORM/Zproduction/p1p3Emission/momentum.mac
(%i183) pInitial:p2+p1
(%o183)                         [500, 0, 0, 0]
(%i184) pSemiFinal:p4+p3
(%o184) [388.5878692749915, 21.58012145761142, - 23.08931611870075, 
                                                           - 55.66566552168248]
(%i185) pZ:pInitial-pSemiFinal
(%o185) [111.4121307250085, - 21.58012145761142, 23.08931611870075, 
                                                             55.66566552168248]
(%i186) eta(p,q):=p[1]*q[1]-sum(p[i]*q[i],i,2,length(p))
(%o186)        eta(p, q) := p  q  - sum(p  q , i, 2, length(p))
                             1  1        i  i
(%i187) mz:sqrt(eta(pZ,pZ))
(%o187)                        91.18760000000003
(%i188) mt:sqrt(eta(p3,p3))
(%o188)                              173.2
(%i189) mw:80.419
(%o189)                             80.419
(%i190) sw:sqrt(1-mw^2/mz^2)
(%o190)                       0.4714230687517958
(%i191) cw:mw/mz
(%o191)                       0.8819071891353646
(%o192) /Users/rdsAir/Documents/FORM/Zproduction/p1p3Emission/momentum.mac
(%i193) print("Professor Ferroglia's result is 0.00137727")
Professor Ferroglia's result is 0.00137727 
(%o193)           Professor Ferroglia's result is 0.00137727
(%i194) ev(F2:qqttZtreelevel(p1,p2,p3,p4,mt,mw,mz,N,Qq,I3q,aem,sw,cw,Pi),
           Qq = 2/3,I3q = 1/2,bfloat)
(%o194)                     [6.365805878183646b-4]
(%i195) F2/0.00137727
(%o195)                     [4.622046423855632b-1]
(%i196) print("Here is my \"bare\" result")
Here is my "bare" result 
(%o196)                    Here is my "bare" result
(%i197) ev(R2:M(p1,p2,p3,p4,mt,mw,mz,N,aem,sw,cw,Pi),Qq = 2/3,I3q = 1/2,bfloat)
(%o197)                     [3.117179388460891b-4]
(%i198) print("The ratio F/R is")
The ratio F/R is 
(%o198)                        The ratio F/R is
(%i199) ev(F2/R2,numer)
(%o199)                       [2.042168603368947]
(%i200) kill(p3,p4)
(%o200)                              done
(%i201) p3:[180.7192318739766,-7.280567391472244,15.98422338668393,
            48.50462565882704]
(%i202) p4:[207.8686374010149,28.86068884908367,-39.07353950538468,
            -104.1702911805095]
(%i203) batch("momentum.mac")

read and interpret file: /Users/rdsAir/Documents/FORM/Zproduction/p1p3Emission/momentum.mac
(%i204) pInitial:p2+p1
(%o204)                         [500, 0, 0, 0]
(%i205) pSemiFinal:p4+p3
(%o205) [388.5878692749915, 21.58012145761142, - 23.08931611870075, 
                                                           - 55.66566552168248]
(%i206) pZ:pInitial-pSemiFinal
(%o206) [111.4121307250085, - 21.58012145761142, 23.08931611870075, 
                                                             55.66566552168248]
(%i207) eta(p,q):=p[1]*q[1]-sum(p[i]*q[i],i,2,length(p))
(%o207)        eta(p, q) := p  q  - sum(p  q , i, 2, length(p))
                             1  1        i  i
(%i208) mz:sqrt(eta(pZ,pZ))
(%o208)                        91.18760000000003
(%i209) mt:sqrt(eta(p3,p3))
(%o209)                              173.2
(%i210) mw:80.419
(%o210)                             80.419
(%i211) sw:sqrt(1-mw^2/mz^2)
(%o211)                       0.4714230687517958
(%i212) cw:mw/mz
(%o212)                       0.8819071891353646
(%o213) /Users/rdsAir/Documents/FORM/Zproduction/p1p3Emission/momentum.mac
(%i214) print("Here is my \"bare\" result")
Here is my "bare" result 
(%o214)                    Here is my "bare" result
(%i215) ev(R2:M(p1,p2,p3,p4,mt,mw,mz,N,aem,sw,cw,Pi),Qq = 2/3,I3q = 1/2,bfloat)
(%o215)                     [4.052916803761992b-4]
(%i216) print("The ratio F/R is")
The ratio F/R is 
(%o216)                        The ratio F/R is
(%i217) ev(F2/R2,numer)
(%o217)                       [1.570672724462241]
(%i218) print("3rd phase point")
3rd phase point 
(%o218)                         3rd phase point
(%i219) p1:[250,0,0,250]
(%i220) p2:[250,0,0,-250]
(%i221) p4:[180.2643865052055,-25.0727801665955,-42.15686997713789,
            -9.54793436018438]
(%i222) p3:[193.0403450294182,30.16014978366056,23.36601553515015,
            -76.22814107739423]
(%i223) batch("momentum.mac")

read and interpret file: /Users/rdsAir/Documents/FORM/Zproduction/p1p3Emission/momentum.mac
(%i224) pInitial:p2+p1
(%o224)                         [500, 0, 0, 0]
(%i225) pSemiFinal:p4+p3
(%o225) [373.3047315346237, 5.087369617065061, - 18.79085444198774, 
                                                           - 85.77607543757861]
(%i226) pZ:pInitial-pSemiFinal
(%o226) [126.6952684653763, - 5.087369617065061, 18.79085444198774, 
                                                             85.77607543757861]
(%i227) eta(p,q):=p[1]*q[1]-sum(p[i]*q[i],i,2,length(p))
(%o227)        eta(p, q) := p  q  - sum(p  q , i, 2, length(p))
                             1  1        i  i
(%i228) mz:sqrt(eta(pZ,pZ))
(%o228)                        91.18759999999999
(%i229) mt:sqrt(eta(p3,p3))
(%o229)                              173.2
(%i230) mw:80.419
(%o230)                             80.419
(%i231) sw:sqrt(1-mw^2/mz^2)
(%o231)                        0.471423068751795
(%i232) cw:mw/mz
(%o232)                       0.8819071891353649
(%o233) /Users/rdsAir/Documents/FORM/Zproduction/p1p3Emission/momentum.mac
(%i234) print("Professor Ferroglia's result is 0.0014709")
Professor Ferroglia's result is 0.0014709 
(%o234)            Professor Ferroglia's result is 0.0014709
(%i235) ev(F3:qqttZtreelevel(p1,p2,p3,p4,mt,mw,mz,N,Qq,I3q,aem,sw,cw,Pi),
           Qq = 2/3,I3q = 1/2,bfloat)
(%o235)                     [5.257357216848458b-4]
(%i236) F3/0.0014709
(%o236)                     [3.574245167481445b-1]
(%i237) print("Here is my \"bare\" result")
Here is my "bare" result 
(%o237)                    Here is my "bare" result
(%i238) ev(R3:M(p1,p2,p3,p4,mt,mw,mz,N,aem,sw,cw,Pi),Qq = 2/3,I3q = 1/2,bfloat)
(%o238)                      [2.7190827186954b-4]
(%i239) print("The ratio F/R is")
The ratio F/R is 
(%o239)                        The ratio F/R is
(%i240) ev(F3/R3,numer)
(%o240)                       [1.933503964664565]
(%i241) kill(p3,p4)
(%o241)                              done
(%i242) p3:[180.2643865052055,-25.0727801665955,-42.15686997713789,
            -9.54793436018438]
(%i243) p4:[193.0403450294182,30.16014978366056,23.36601553515015,
            -76.22814107739423]
(%i244) batch("momentum.mac")

read and interpret file: /Users/rdsAir/Documents/FORM/Zproduction/p1p3Emission/momentum.mac
(%i245) pInitial:p2+p1
(%o245)                         [500, 0, 0, 0]
(%i246) pSemiFinal:p4+p3
(%o246) [373.3047315346237, 5.087369617065061, - 18.79085444198774, 
                                                           - 85.77607543757861]
(%i247) pZ:pInitial-pSemiFinal
(%o247) [126.6952684653763, - 5.087369617065061, 18.79085444198774, 
                                                             85.77607543757861]
(%i248) eta(p,q):=p[1]*q[1]-sum(p[i]*q[i],i,2,length(p))
(%o248)        eta(p, q) := p  q  - sum(p  q , i, 2, length(p))
                             1  1        i  i
(%i249) mz:sqrt(eta(pZ,pZ))
(%o249)                        91.18759999999999
(%i250) mt:sqrt(eta(p3,p3))
(%o250)                              173.2
(%i251) mw:80.419
(%o251)                             80.419
(%i252) sw:sqrt(1-mw^2/mz^2)
(%o252)                        0.471423068751795
(%i253) cw:mw/mz
(%o253)                       0.8819071891353649
(%o254) /Users/rdsAir/Documents/FORM/Zproduction/p1p3Emission/momentum.mac
(%i255) print("Here is my \"bare\" result")
Here is my "bare" result 
(%o255)                    Here is my "bare" result
(%i256) ev(R3:M(p1,p2,p3,p4,mt,mw,mz,N,aem,sw,cw,Pi),Qq = 2/3,I3q = 1/2,bfloat)
(%o256)                     [3.347200938151168b-4]
(%i257) print("The ratio F/R is")
The ratio F/R is 
(%o257)                        The ratio F/R is
(%i258) ev(F3/R3,numer)
(%o258)                       [1.570672724462239]
(%i259) print("fin")
fin 
(%o259)                               fin
(%o259) 
     /Users/rdsAir/Documents/FORM/Zproduction/p1p3Emission/qqttZconsistency.mac
(%i260) 