
NIL
(%o1)                                done
(%i2) 
read and interpret file: /Users/rds/Desktop/FORM/consistency.mac
(%i3) prop(x):=1/x
                                            1
(%o3)                            prop(x) := -
                                            x
(%i4) qqttWtreelevel(p1,p2,p3,p4,mt,mw,N):=
                     prop(2*mt^2+2*eta(p3,p4))^2
                      *prop(2*mt^2+2*eta(p3,p4)+(-2)*eta(p3,p1)
                                  +(-2)*eta(p4,p1)+eta(p1,p1))
                       ^2*[N^2-1]
                      *((-4)*mt^4*mw^2-12*mt^6+(-8)*mt^8*mw^-2
                                      +4*eta(p3,p4)*mt^2*mw^2
                                      +24*eta(p3,p4)*mt^4
                                      +24*eta(p3,p4)*mt^6*mw^-2
                                      +(-12)*eta(p3,p4)*eta(p3,p4)*mt^2
                                      +(-24)*eta(p3,p4)*eta(p3,p4)*mt^4*mw^-2
                                      +8*eta(p3,p4)*eta(p3,p4)*eta(p3,p4)*mt^2
                                        *mw^-2
                                      +8*eta(p3,p4)*eta(p3,p4)*eta(p1,p3)
                                      +(-24)*eta(p3,p4)*eta(p3,p4)*eta(p1,p3)
                                            *mt^2*mw^-2
                                      +8*eta(p3,p4)*eta(p3,p4)*eta(p1,p3)
                                        *eta(p2,p4)*mw^-2
                                      +(-8)*eta(p3,p4)*eta(p3,p4)*eta(p2,p4)
                                           *mt^2*mw^-2
                                      +(-4)*eta(p3,p4)*eta(p1,p3)*mw^2
                                      +48*eta(p3,p4)*eta(p1,p3)*mt^4*mw^-2
                                      +(-8)*eta(p3,p4)*eta(p1,p3)*eta(p1,p3)
                                      +24*eta(p3,p4)*eta(p1,p3)*eta(p1,p3)
                                         *mt^2*mw^-2
                                      +(-16)*eta(p3,p4)*eta(p1,p3)*eta(p1,p3)
                                            *eta(p2,p4)*mw^-2
                                      +(-8)*eta(p3,p4)*eta(p1,p3)*eta(p2,p4)
                                      +8*eta(p3,p4)*eta(p2,p4)*mt^2
                                      +16*eta(p3,p4)*eta(p2,p4)*mt^4*mw^-2
                                      +4*eta(p1,p3)*mt^2*mw^2
                                      +(-8)*eta(p1,p3)*mt^4
                                      +(-24)*eta(p1,p3)*mt^6*mw^-2
                                      +4*eta(p1,p3)*eta(p1,p3)*mt^2
                                      +(-24)*eta(p1,p3)*eta(p1,p3)*mt^4*mw^-2
                                      +(-8)*eta(p1,p3)*eta(p1,p3)*eta(p1,p3)
                                           *mt^2*mw^-2
                                      +8*eta(p1,p3)*eta(p1,p3)*eta(p1,p3)
                                        *eta(p2,p4)*mw^-2
                                      +8*eta(p1,p3)*eta(p1,p3)*eta(p2,p4)
                                      +8*eta(p1,p3)*eta(p1,p3)*eta(p2,p4)*mt^2
                                        *mw^-2
                                      +(-8)*eta(p1,p3)*eta(p2,p4)*mt^4*mw^-2
                                      +4*eta(p1,p4)*mt^2*mw^2
                                      +(-8)*eta(p1,p4)*mt^4
                                      +(-24)*eta(p1,p4)*mt^6*mw^-2
                                      +(-4)*eta(p1,p4)*eta(p3,p4)*mw^2
                                      +48*eta(p1,p4)*eta(p3,p4)*mt^4*mw^-2
                                      +8*eta(p1,p4)*eta(p3,p4)*eta(p3,p4)
                                      +(-24)*eta(p1,p4)*eta(p3,p4)*eta(p3,p4)
                                            *mt^2*mw^-2
                                      +(-32)*eta(p1,p4)*eta(p3,p4)*eta(p1,p3)
                                      +48*eta(p1,p4)*eta(p3,p4)*eta(p1,p3)
                                         *mt^2*mw^-2
                                      +(-16)*eta(p1,p4)*eta(p3,p4)*eta(p1,p3)
                                            *eta(p2,p4)*mw^-2
                                      +16*eta(p1,p4)*eta(p3,p4)*eta(p2,p4)
                                         *mt^2*mw^-2
                                      +8*eta(p1,p4)*eta(p1,p3)*mw^2
                                      +24*eta(p1,p4)*eta(p1,p3)*mt^2
                                      +(-48)*eta(p1,p4)*eta(p1,p3)*mt^4*mw^-2
                                      +16*eta(p1,p4)*eta(p1,p3)*eta(p1,p3)
                                      +(-24)*eta(p1,p4)*eta(p1,p3)*eta(p1,p3)
                                            *mt^2*mw^-2
                                      +16*eta(p1,p4)*eta(p1,p3)*eta(p1,p3)
                                         *eta(p2,p4)*mw^-2
                                      +8*eta(p1,p4)*eta(p1,p3)*eta(p2,p4)
                                      +4*eta(p1,p4)*eta(p1,p4)*mt^2
                                      +(-24)*eta(p1,p4)*eta(p1,p4)*mt^4*mw^-2
                                      +(-8)*eta(p1,p4)*eta(p1,p4)*eta(p3,p4)
                                      +24*eta(p1,p4)*eta(p1,p4)*eta(p3,p4)
                                         *mt^2*mw^-2
                                      +16*eta(p1,p4)*eta(p1,p4)*eta(p1,p3)
                                      +(-24)*eta(p1,p4)*eta(p1,p4)*eta(p1,p3)
                                            *mt^2*mw^-2
                                      +8*eta(p1,p4)*eta(p1,p4)*eta(p1,p3)
                                        *eta(p2,p4)*mw^-2
                                      +(-8)*eta(p1,p4)*eta(p1,p4)*eta(p1,p4)
                                           *mt^2*mw^-2
                                      +8*eta(p1,p4)*eta(p1,p4)*eta(p1,p4)
                                        *eta(p2,p3)*mw^-2
                                      +8*eta(p1,p4)*eta(p1,p4)*eta(p2,p3)
                                      +8*eta(p1,p4)*eta(p1,p4)*eta(p2,p3)*mt^2
                                        *mw^-2
                                      +(-16)*eta(p1,p4)*eta(p1,p4)*eta(p2,p3)
                                            *eta(p3,p4)*mw^-2
                                      +16*eta(p1,p4)*eta(p1,p4)*eta(p2,p3)
                                         *eta(p1,p3)*mw^-2
                                      +(-8)*eta(p1,p4)*eta(p1,p4)*eta(p2,p4)
                                           *mt^2*mw^-2
                                      +(-8)*eta(p1,p4)*eta(p2,p3)*mt^4*mw^-2
                                      +(-8)*eta(p1,p4)*eta(p2,p3)*eta(p3,p4)
                                      +8*eta(p1,p4)*eta(p2,p3)*eta(p3,p4)
                                        *eta(p3,p4)*mw^-2
                                      +(-16)*eta(p1,p4)*eta(p2,p3)*eta(p3,p4)
                                            *eta(p1,p3)*mw^-2
                                      +8*eta(p1,p4)*eta(p2,p3)*eta(p1,p3)
                                      +8*eta(p1,p4)*eta(p2,p3)*eta(p1,p3)
                                        *eta(p1,p3)*mw^-2
                                      +(-8)*eta(p1,p4)*eta(p2,p4)*mt^2
                                      +(-16)*eta(p1,p4)*eta(p2,p4)*mt^4*mw^-2
                                      +(-8)*eta(p2,p3)*mt^4
                                      +(-8)*eta(p2,p3)*mt^6*mw^-2
                                      +8*eta(p2,p3)*eta(p3,p4)*mt^2
                                      +16*eta(p2,p3)*eta(p3,p4)*mt^4*mw^-2
                                      +(-8)*eta(p2,p3)*eta(p3,p4)*eta(p3,p4)
                                           *mt^2*mw^-2
                                      +16*eta(p2,p3)*eta(p3,p4)*eta(p1,p3)
                                         *mt^2*mw^-2
                                      +(-8)*eta(p2,p3)*eta(p1,p3)*mt^2
                                      +(-16)*eta(p2,p3)*eta(p1,p3)*mt^4*mw^-2
                                      +(-8)*eta(p2,p3)*eta(p1,p3)*eta(p1,p3)
                                           *mt^2*mw^-2+(-8)*eta(p2,p4)*mt^4
                                      +(-8)*eta(p2,p4)*mt^6*mw^-2)
                     +prop(2*mt^2+2*eta(p3,p4))^2
                      *prop(2*mt^2+2*eta(p3,p4)+(-2)*eta(p3,p1)
                                  +(-2)*eta(p4,p1)+eta(p1,p1))
                      *prop(2*mt^2+2*eta(p3,p4)+(-2)*eta(p3,p2)
                                  +(-2)*eta(p4,p2)+eta(p2,p2))*[N^2-1]
                      *((-4)*mt^2*mw^4+24*mt^6+16*mt^8*mw^-2+4*eta(p3,p4)*mw^4
                                      +8*eta(p3,p4)*mt^2*mw^2
                                      +(-48)*eta(p3,p4)*mt^4
                                      +(-48)*eta(p3,p4)*mt^6*mw^-2
                                      +(-8)*eta(p3,p4)*eta(p3,p4)*mw^2
                                      +24*eta(p3,p4)*eta(p3,p4)*mt^2
                                      +48*eta(p3,p4)*eta(p3,p4)*mt^4*mw^-2
                                      +(-16)*eta(p3,p4)*eta(p3,p4)*eta(p3,p4)
                                            *mt^2*mw^-2
                                      +(-8)*eta(p3,p4)*eta(p3,p4)*eta(p1,p3)
                                      +32*eta(p3,p4)*eta(p3,p4)*eta(p1,p3)
                                         *mt^2*mw^-2
                                      +(-16)*eta(p3,p4)*eta(p3,p4)*eta(p1,p3)
                                            *eta(p2,p4)*mw^-2
                                      +(-8)*eta(p3,p4)*eta(p3,p4)*eta(p2,p4)
                                      +32*eta(p3,p4)*eta(p3,p4)*eta(p2,p4)
                                         *mt^2*mw^-2
                                      +12*eta(p3,p4)*eta(p1,p3)*mw^2
                                      +(-8)*eta(p3,p4)*eta(p1,p3)*mt^2
                                      +(-64)*eta(p3,p4)*eta(p1,p3)*mt^4*mw^-2
                                      +8*eta(p3,p4)*eta(p1,p3)*eta(p1,p3)
                                      +(-16)*eta(p3,p4)*eta(p1,p3)*eta(p1,p3)
                                            *mt^2*mw^-2
                                      +16*eta(p3,p4)*eta(p1,p3)*eta(p1,p3)
                                         *eta(p2,p4)*mw^-2
                                      +32*eta(p3,p4)*eta(p1,p3)*eta(p2,p4)
                                      +(-16)*eta(p3,p4)*eta(p1,p3)*eta(p2,p4)
                                            *mt^2*mw^-2
                                      +16*eta(p3,p4)*eta(p1,p3)*eta(p2,p4)
                                         *eta(p2,p4)*mw^-2
                                      +12*eta(p3,p4)*eta(p2,p4)*mw^2
                                      +(-8)*eta(p3,p4)*eta(p2,p4)*mt^2
                                      +(-64)*eta(p3,p4)*eta(p2,p4)*mt^4*mw^-2
                                      +8*eta(p3,p4)*eta(p2,p4)*eta(p2,p4)
                                      +(-16)*eta(p3,p4)*eta(p2,p4)*eta(p2,p4)
                                            *mt^2*mw^-2
                                      +(-12)*eta(p1,p3)*mt^2*mw^2
                                      +16*eta(p1,p3)*mt^4
                                      +32*eta(p1,p3)*mt^6*mw^-2
                                      +(-8)*eta(p1,p3)*eta(p1,p3)*mt^2
                                      +16*eta(p1,p3)*eta(p1,p3)*mt^4*mw^-2
                                      +(-8)*eta(p1,p3)*eta(p1,p3)*eta(p2,p4)
                                      +(-16)*eta(p1,p3)*eta(p1,p3)*eta(p2,p4)
                                            *eta(p2,p4)*mw^-2
                                      +(-8)*eta(p1,p3)*eta(p2,p4)*mw^2
                                      +(-24)*eta(p1,p3)*eta(p2,p4)*mt^2
                                      +32*eta(p1,p3)*eta(p2,p4)*mt^4*mw^-2
                                      +(-8)*eta(p1,p3)*eta(p2,p4)*eta(p2,p4)
                                      +(-12)*eta(p1,p4)*mt^2*mw^2
                                      +16*eta(p1,p4)*mt^4
                                      +32*eta(p1,p4)*mt^6*mw^-2
                                      +12*eta(p1,p4)*eta(p3,p4)*mw^2
                                      +(-8)*eta(p1,p4)*eta(p3,p4)*mt^2
                                      +(-64)*eta(p1,p4)*eta(p3,p4)*mt^4*mw^-2
                                      +(-8)*eta(p1,p4)*eta(p3,p4)*eta(p3,p4)
                                      +32*eta(p1,p4)*eta(p3,p4)*eta(p3,p4)
                                         *mt^2*mw^-2
                                      +16*eta(p1,p4)*eta(p3,p4)*eta(p1,p3)
                                      +(-32)*eta(p1,p4)*eta(p3,p4)*eta(p1,p3)
                                            *mt^2*mw^-2
                                      +16*eta(p1,p4)*eta(p3,p4)*eta(p1,p3)
                                         *eta(p2,p4)*mw^-2
                                      +16*eta(p1,p4)*eta(p3,p4)*eta(p2,p4)
                                      +(-48)*eta(p1,p4)*eta(p3,p4)*eta(p2,p4)
                                            *mt^2*mw^-2
                                      +(-16)*eta(p1,p4)*eta(p1,p3)*mt^2
                                      +32*eta(p1,p4)*eta(p1,p3)*mt^4*mw^-2
                                      +(-24)*eta(p1,p4)*eta(p1,p3)*eta(p2,p4)
                                      +16*eta(p1,p4)*eta(p1,p3)*eta(p2,p4)
                                         *mt^2*mw^-2
                                      +(-16)*eta(p1,p4)*eta(p1,p3)*eta(p2,p4)
                                            *eta(p2,p4)*mw^-2
                                      +(-8)*eta(p1,p4)*eta(p1,p4)*mt^2
                                      +16*eta(p1,p4)*eta(p1,p4)*mt^4*mw^-2
                                      +8*eta(p1,p4)*eta(p1,p4)*eta(p3,p4)
                                      +(-16)*eta(p1,p4)*eta(p1,p4)*eta(p3,p4)
                                            *mt^2*mw^-2
                                      +(-8)*eta(p1,p4)*eta(p1,p4)*eta(p2,p3)
                                      +16*eta(p1,p4)*eta(p1,p4)*eta(p2,p3)
                                         *eta(p3,p4)*mw^-2
                                      +(-16)*eta(p1,p4)*eta(p1,p4)*eta(p2,p3)
                                            *eta(p2,p3)*mw^-2
                                      +(-16)*eta(p1,p4)*eta(p1,p4)*eta(p2,p3)
                                            *eta(p2,p4)*mw^-2
                                      +16*eta(p1,p4)*eta(p1,p4)*eta(p2,p4)
                                         *mt^2*mw^-2
                                      +(-8)*eta(p1,p4)*eta(p2,p3)*mw^2
                                      +(-24)*eta(p1,p4)*eta(p2,p3)*mt^2
                                      +32*eta(p1,p4)*eta(p2,p3)*mt^4*mw^-2
                                      +32*eta(p1,p4)*eta(p2,p3)*eta(p3,p4)
                                      +(-16)*eta(p1,p4)*eta(p2,p3)*eta(p3,p4)
                                            *mt^2*mw^-2
                                      +(-16)*eta(p1,p4)*eta(p2,p3)*eta(p3,p4)
                                            *eta(p3,p4)*mw^-2
                                      +16*eta(p1,p4)*eta(p2,p3)*eta(p3,p4)
                                         *eta(p1,p3)*mw^-2
                                      +16*eta(p1,p4)*eta(p2,p3)*eta(p3,p4)
                                         *eta(p2,p4)*mw^-2
                                      +(-24)*eta(p1,p4)*eta(p2,p3)*eta(p1,p3)
                                      +16*eta(p1,p4)*eta(p2,p3)*eta(p1,p3)
                                         *mt^2*mw^-2
                                      +(-32)*eta(p1,p4)*eta(p2,p3)*eta(p1,p3)
                                            *eta(p2,p4)*mw^-2
                                      +(-8)*eta(p1,p4)*eta(p2,p3)*eta(p2,p3)
                                      +16*eta(p1,p4)*eta(p2,p3)*eta(p2,p3)
                                         *eta(p3,p4)*mw^-2
                                      +(-16)*eta(p1,p4)*eta(p2,p3)*eta(p2,p3)
                                            *eta(p1,p3)*mw^-2
                                      +(-24)*eta(p1,p4)*eta(p2,p3)*eta(p2,p4)
                                      +16*eta(p1,p4)*eta(p2,p3)*eta(p2,p4)
                                         *mt^2*mw^-2
                                      +(-8)*eta(p1,p4)*eta(p2,p4)*mt^2
                                      +48*eta(p1,p4)*eta(p2,p4)*mt^4*mw^-2
                                      +16*eta(p1,p4)*eta(p2,p4)*eta(p2,p4)
                                         *mt^2*mw^-2
                                      +(-12)*eta(p2,p3)*mt^2*mw^2
                                      +16*eta(p2,p3)*mt^4
                                      +32*eta(p2,p3)*mt^6*mw^-2
                                      +12*eta(p2,p3)*eta(p3,p4)*mw^2
                                      +(-8)*eta(p2,p3)*eta(p3,p4)*mt^2
                                      +(-64)*eta(p2,p3)*eta(p3,p4)*mt^4*mw^-2
                                      +(-8)*eta(p2,p3)*eta(p3,p4)*eta(p3,p4)
                                      +32*eta(p2,p3)*eta(p3,p4)*eta(p3,p4)
                                         *mt^2*mw^-2
                                      +16*eta(p2,p3)*eta(p3,p4)*eta(p1,p3)
                                      +(-48)*eta(p2,p3)*eta(p3,p4)*eta(p1,p3)
                                            *mt^2*mw^-2
                                      +16*eta(p2,p3)*eta(p3,p4)*eta(p1,p3)
                                         *eta(p2,p4)*mw^-2
                                      +16*eta(p2,p3)*eta(p3,p4)*eta(p2,p4)
                                      +(-32)*eta(p2,p3)*eta(p3,p4)*eta(p2,p4)
                                            *mt^2*mw^-2
                                      +(-8)*eta(p2,p3)*eta(p1,p3)*mt^2
                                      +48*eta(p2,p3)*eta(p1,p3)*mt^4*mw^-2
                                      +16*eta(p2,p3)*eta(p1,p3)*eta(p1,p3)
                                         *mt^2*mw^-2
                                      +(-16)*eta(p2,p3)*eta(p1,p3)*eta(p1,p3)
                                            *eta(p2,p4)*mw^-2
                                      +(-24)*eta(p2,p3)*eta(p1,p3)*eta(p2,p4)
                                      +16*eta(p2,p3)*eta(p1,p3)*eta(p2,p4)
                                         *mt^2*mw^-2
                                      +(-8)*eta(p2,p3)*eta(p2,p3)*mt^2
                                      +16*eta(p2,p3)*eta(p2,p3)*mt^4*mw^-2
                                      +8*eta(p2,p3)*eta(p2,p3)*eta(p3,p4)
                                      +(-16)*eta(p2,p3)*eta(p2,p3)*eta(p3,p4)
                                            *mt^2*mw^-2
                                      +16*eta(p2,p3)*eta(p2,p3)*eta(p1,p3)
                                         *mt^2*mw^-2
                                      +(-16)*eta(p2,p3)*eta(p2,p4)*mt^2
                                      +32*eta(p2,p3)*eta(p2,p4)*mt^4*mw^-2
                                      +(-12)*eta(p2,p4)*mt^2*mw^2
                                      +16*eta(p2,p4)*mt^4
                                      +32*eta(p2,p4)*mt^6*mw^-2
                                      +(-8)*eta(p2,p4)*eta(p2,p4)*mt^2
                                      +16*eta(p2,p4)*eta(p2,p4)*mt^4*mw^-2)
                     +prop(2*mt^2+2*eta(p3,p4))^2
                      *prop(2*mt^2+2*eta(p3,p4)+(-2)*eta(p3,p2)
                                  +(-2)*eta(p4,p2)+eta(p2,p2))
                       ^2*[N^2-1]
                      *((-4)*mt^4*mw^2-12*mt^6+(-8)*mt^8*mw^-2
                                      +4*eta(p3,p4)*mt^2*mw^2
                                      +24*eta(p3,p4)*mt^4
                                      +24*eta(p3,p4)*mt^6*mw^-2
                                      +(-12)*eta(p3,p4)*eta(p3,p4)*mt^2
                                      +(-24)*eta(p3,p4)*eta(p3,p4)*mt^4*mw^-2
                                      +8*eta(p3,p4)*eta(p3,p4)*eta(p3,p4)*mt^2
                                        *mw^-2
                                      +(-8)*eta(p3,p4)*eta(p3,p4)*eta(p1,p3)
                                           *mt^2*mw^-2
                                      +8*eta(p3,p4)*eta(p3,p4)*eta(p1,p3)
                                        *eta(p2,p4)*mw^-2
                                      +8*eta(p3,p4)*eta(p3,p4)*eta(p2,p4)
                                      +(-24)*eta(p3,p4)*eta(p3,p4)*eta(p2,p4)
                                            *mt^2*mw^-2
                                      +8*eta(p3,p4)*eta(p1,p3)*mt^2
                                      +16*eta(p3,p4)*eta(p1,p3)*mt^4*mw^-2
                                      +(-8)*eta(p3,p4)*eta(p1,p3)*eta(p2,p4)
                                      +(-16)*eta(p3,p4)*eta(p1,p3)*eta(p2,p4)
                                            *eta(p2,p4)*mw^-2
                                      +(-4)*eta(p3,p4)*eta(p2,p4)*mw^2
                                      +48*eta(p3,p4)*eta(p2,p4)*mt^4*mw^-2
                                      +(-8)*eta(p3,p4)*eta(p2,p4)*eta(p2,p4)
                                      +24*eta(p3,p4)*eta(p2,p4)*eta(p2,p4)
                                         *mt^2*mw^-2+(-8)*eta(p1,p3)*mt^4
                                      +(-8)*eta(p1,p3)*mt^6*mw^-2
                                      +(-8)*eta(p1,p3)*eta(p2,p4)*mt^4*mw^-2
                                      +8*eta(p1,p3)*eta(p2,p4)*eta(p2,p4)
                                      +8*eta(p1,p3)*eta(p2,p4)*eta(p2,p4)*mt^2
                                        *mw^-2
                                      +8*eta(p1,p3)*eta(p2,p4)*eta(p2,p4)
                                        *eta(p2,p4)*mw^-2+(-8)*eta(p1,p4)*mt^4
                                      +(-8)*eta(p1,p4)*mt^6*mw^-2
                                      +8*eta(p1,p4)*eta(p3,p4)*mt^2
                                      +16*eta(p1,p4)*eta(p3,p4)*mt^4*mw^-2
                                      +(-8)*eta(p1,p4)*eta(p3,p4)*eta(p3,p4)
                                           *mt^2*mw^-2
                                      +16*eta(p1,p4)*eta(p3,p4)*eta(p2,p4)
                                         *mt^2*mw^-2
                                      +(-8)*eta(p1,p4)*eta(p2,p3)*mt^4*mw^-2
                                      +(-8)*eta(p1,p4)*eta(p2,p3)*eta(p3,p4)
                                      +8*eta(p1,p4)*eta(p2,p3)*eta(p3,p4)
                                        *eta(p3,p4)*mw^-2
                                      +(-16)*eta(p1,p4)*eta(p2,p3)*eta(p3,p4)
                                            *eta(p2,p4)*mw^-2
                                      +8*eta(p1,p4)*eta(p2,p3)*eta(p2,p3)
                                      +8*eta(p1,p4)*eta(p2,p3)*eta(p2,p3)*mt^2
                                        *mw^-2
                                      +(-16)*eta(p1,p4)*eta(p2,p3)*eta(p2,p3)
                                            *eta(p3,p4)*mw^-2
                                      +8*eta(p1,p4)*eta(p2,p3)*eta(p2,p3)
                                        *eta(p2,p3)*mw^-2
                                      +16*eta(p1,p4)*eta(p2,p3)*eta(p2,p3)
                                         *eta(p2,p4)*mw^-2
                                      +8*eta(p1,p4)*eta(p2,p3)*eta(p2,p4)
                                      +8*eta(p1,p4)*eta(p2,p3)*eta(p2,p4)
                                        *eta(p2,p4)*mw^-2
                                      +(-8)*eta(p1,p4)*eta(p2,p4)*mt^2
                                      +(-16)*eta(p1,p4)*eta(p2,p4)*mt^4*mw^-2
                                      +(-8)*eta(p1,p4)*eta(p2,p4)*eta(p2,p4)
                                           *mt^2*mw^-2+4*eta(p2,p3)*mt^2*mw^2
                                      +(-8)*eta(p2,p3)*mt^4
                                      +(-24)*eta(p2,p3)*mt^6*mw^-2
                                      +(-4)*eta(p2,p3)*eta(p3,p4)*mw^2
                                      +48*eta(p2,p3)*eta(p3,p4)*mt^4*mw^-2
                                      +8*eta(p2,p3)*eta(p3,p4)*eta(p3,p4)
                                      +(-24)*eta(p2,p3)*eta(p3,p4)*eta(p3,p4)
                                            *mt^2*mw^-2
                                      +16*eta(p2,p3)*eta(p3,p4)*eta(p1,p3)
                                         *mt^2*mw^-2
                                      +(-16)*eta(p2,p3)*eta(p3,p4)*eta(p1,p3)
                                            *eta(p2,p4)*mw^-2
                                      +(-32)*eta(p2,p3)*eta(p3,p4)*eta(p2,p4)
                                      +48*eta(p2,p3)*eta(p3,p4)*eta(p2,p4)
                                         *mt^2*mw^-2
                                      +(-8)*eta(p2,p3)*eta(p1,p3)*mt^2
                                      +(-16)*eta(p2,p3)*eta(p1,p3)*mt^4*mw^-2
                                      +8*eta(p2,p3)*eta(p1,p3)*eta(p2,p4)
                                      +16*eta(p2,p3)*eta(p1,p3)*eta(p2,p4)
                                         *eta(p2,p4)*mw^-2
                                      +4*eta(p2,p3)*eta(p2,p3)*mt^2
                                      +(-24)*eta(p2,p3)*eta(p2,p3)*mt^4*mw^-2
                                      +(-8)*eta(p2,p3)*eta(p2,p3)*eta(p3,p4)
                                      +24*eta(p2,p3)*eta(p2,p3)*eta(p3,p4)
                                         *mt^2*mw^-2
                                      +(-8)*eta(p2,p3)*eta(p2,p3)*eta(p1,p3)
                                           *mt^2*mw^-2
                                      +8*eta(p2,p3)*eta(p2,p3)*eta(p1,p3)
                                        *eta(p2,p4)*mw^-2
                                      +(-8)*eta(p2,p3)*eta(p2,p3)*eta(p2,p3)
                                           *mt^2*mw^-2
                                      +16*eta(p2,p3)*eta(p2,p3)*eta(p2,p4)
                                      +(-24)*eta(p2,p3)*eta(p2,p3)*eta(p2,p4)
                                            *mt^2*mw^-2
                                      +8*eta(p2,p3)*eta(p2,p4)*mw^2
                                      +24*eta(p2,p3)*eta(p2,p4)*mt^2
                                      +(-48)*eta(p2,p3)*eta(p2,p4)*mt^4*mw^-2
                                      +16*eta(p2,p3)*eta(p2,p4)*eta(p2,p4)
                                      +(-24)*eta(p2,p3)*eta(p2,p4)*eta(p2,p4)
                                            *mt^2*mw^-2+4*eta(p2,p4)*mt^2*mw^2
                                      +(-8)*eta(p2,p4)*mt^4
                                      +(-24)*eta(p2,p4)*mt^6*mw^-2
                                      +4*eta(p2,p4)*eta(p2,p4)*mt^2
                                      +(-24)*eta(p2,p4)*eta(p2,p4)*mt^4*mw^-2
                                      +(-8)*eta(p2,p4)*eta(p2,p4)*eta(p2,p4)
                                           *mt^2*mw^-2)
(%o4) qqttWtreelevel(p1, p2, p3, p4, mt, mw, N) := 
    2     2                      2     2
prop (2 mt  + 2 eta(p3, p4)) prop (2 mt  + 2 eta(p3, p4) + (- 2) eta(p3, p1)
                                      2
 + (- 2) eta(p4, p1) + eta(p1, p1)) [N  - 1]
          4   2        6           8   - 2                   2   2
 ((- 4) mt  mw  - 12 mt  + (- 8) mt  mw    + 4 eta(p3, p4) mt  mw
                    4                    6   - 2
 + 24 eta(p3, p4) mt  + 24 eta(p3, p4) mt  mw
                                    2                                    4
 + (- 12) eta(p3, p4) eta(p3, p4) mt  + (- 24) eta(p3, p4) eta(p3, p4) mt
   - 2                                           2   - 2
 mw    + 8 eta(p3, p4) eta(p3, p4) eta(p3, p4) mt  mw
 + 8 eta(p3, p4) eta(p3, p4) eta(p1, p3)
                                                2   - 2
 + (- 24) eta(p3, p4) eta(p3, p4) eta(p1, p3) mt  mw
                                                       - 2
 + 8 eta(p3, p4) eta(p3, p4) eta(p1, p3) eta(p2, p4) mw
                                               2   - 2
 + (- 8) eta(p3, p4) eta(p3, p4) eta(p2, p4) mt  mw
                                   2                                4   - 2
 + (- 4) eta(p3, p4) eta(p1, p3) mw  + 48 eta(p3, p4) eta(p1, p3) mt  mw
 + (- 8) eta(p3, p4) eta(p1, p3) eta(p1, p3)
                                            2   - 2
 + 24 eta(p3, p4) eta(p1, p3) eta(p1, p3) mt  mw
                                                            - 2
 + (- 16) eta(p3, p4) eta(p1, p3) eta(p1, p3) eta(p2, p4) mw
                                                                           2
 + (- 8) eta(p3, p4) eta(p1, p3) eta(p2, p4) + 8 eta(p3, p4) eta(p2, p4) mt
                                4   - 2                   2   2
 + 16 eta(p3, p4) eta(p2, p4) mt  mw    + 4 eta(p1, p3) mt  mw
                       4                        6   - 2
 + (- 8) eta(p1, p3) mt  + (- 24) eta(p1, p3) mt  mw
                               2                                    4   - 2
 + 4 eta(p1, p3) eta(p1, p3) mt  + (- 24) eta(p1, p3) eta(p1, p3) mt  mw
                                               2   - 2
 + (- 8) eta(p1, p3) eta(p1, p3) eta(p1, p3) mt  mw
                                                       - 2
 + 8 eta(p1, p3) eta(p1, p3) eta(p1, p3) eta(p2, p4) mw
 + 8 eta(p1, p3) eta(p1, p3) eta(p2, p4)
                                           2   - 2
 + 8 eta(p1, p3) eta(p1, p3) eta(p2, p4) mt  mw
                                   4   - 2                   2   2
 + (- 8) eta(p1, p3) eta(p2, p4) mt  mw    + 4 eta(p1, p4) mt  mw
                       4                        6   - 2
 + (- 8) eta(p1, p4) mt  + (- 24) eta(p1, p4) mt  mw
                                   2                                4   - 2
 + (- 4) eta(p1, p4) eta(p3, p4) mw  + 48 eta(p1, p4) eta(p3, p4) mt  mw
 + 8 eta(p1, p4) eta(p3, p4) eta(p3, p4)
                                                2   - 2
 + (- 24) eta(p1, p4) eta(p3, p4) eta(p3, p4) mt  mw
 + (- 32) eta(p1, p4) eta(p3, p4) eta(p1, p3)
                                            2   - 2
 + 48 eta(p1, p4) eta(p3, p4) eta(p1, p3) mt  mw
                                                            - 2
 + (- 16) eta(p1, p4) eta(p3, p4) eta(p1, p3) eta(p2, p4) mw
                                            2   - 2
 + 16 eta(p1, p4) eta(p3, p4) eta(p2, p4) mt  mw
                               2                                2
 + 8 eta(p1, p4) eta(p1, p3) mw  + 24 eta(p1, p4) eta(p1, p3) mt
                                    4   - 2
 + (- 48) eta(p1, p4) eta(p1, p3) mt  mw
 + 16 eta(p1, p4) eta(p1, p3) eta(p1, p3)
                                                2   - 2
 + (- 24) eta(p1, p4) eta(p1, p3) eta(p1, p3) mt  mw
                                                        - 2
 + 16 eta(p1, p4) eta(p1, p3) eta(p1, p3) eta(p2, p4) mw
                                                                       2
 + 8 eta(p1, p4) eta(p1, p3) eta(p2, p4) + 4 eta(p1, p4) eta(p1, p4) mt
                                    4   - 2
 + (- 24) eta(p1, p4) eta(p1, p4) mt  mw
 + (- 8) eta(p1, p4) eta(p1, p4) eta(p3, p4)
                                            2   - 2
 + 24 eta(p1, p4) eta(p1, p4) eta(p3, p4) mt  mw
 + 16 eta(p1, p4) eta(p1, p4) eta(p1, p3)
                                                2   - 2
 + (- 24) eta(p1, p4) eta(p1, p4) eta(p1, p3) mt  mw
                                                       - 2
 + 8 eta(p1, p4) eta(p1, p4) eta(p1, p3) eta(p2, p4) mw
                                               2   - 2
 + (- 8) eta(p1, p4) eta(p1, p4) eta(p1, p4) mt  mw
                                                       - 2
 + 8 eta(p1, p4) eta(p1, p4) eta(p1, p4) eta(p2, p3) mw
 + 8 eta(p1, p4) eta(p1, p4) eta(p2, p3)
                                           2   - 2
 + 8 eta(p1, p4) eta(p1, p4) eta(p2, p3) mt  mw
                                                            - 2
 + (- 16) eta(p1, p4) eta(p1, p4) eta(p2, p3) eta(p3, p4) mw
                                                        - 2
 + 16 eta(p1, p4) eta(p1, p4) eta(p2, p3) eta(p1, p3) mw
                                               2   - 2
 + (- 8) eta(p1, p4) eta(p1, p4) eta(p2, p4) mt  mw
                                   4   - 2
 + (- 8) eta(p1, p4) eta(p2, p3) mt  mw
 + (- 8) eta(p1, p4) eta(p2, p3) eta(p3, p4)
                                                       - 2
 + 8 eta(p1, p4) eta(p2, p3) eta(p3, p4) eta(p3, p4) mw
                                                            - 2
 + (- 16) eta(p1, p4) eta(p2, p3) eta(p3, p4) eta(p1, p3) mw
 + 8 eta(p1, p4) eta(p2, p3) eta(p1, p3)
                                                       - 2
 + 8 eta(p1, p4) eta(p2, p3) eta(p1, p3) eta(p1, p3) mw
                                   2                                    4   - 2
 + (- 8) eta(p1, p4) eta(p2, p4) mt  + (- 16) eta(p1, p4) eta(p2, p4) mt  mw
                       4                       6   - 2
 + (- 8) eta(p2, p3) mt  + (- 8) eta(p2, p3) mt  mw
                               2                                4   - 2
 + 8 eta(p2, p3) eta(p3, p4) mt  + 16 eta(p2, p3) eta(p3, p4) mt  mw
                                               2   - 2
 + (- 8) eta(p2, p3) eta(p3, p4) eta(p3, p4) mt  mw
                                            2   - 2
 + 16 eta(p2, p3) eta(p3, p4) eta(p1, p3) mt  mw
                                   2                                    4   - 2
 + (- 8) eta(p2, p3) eta(p1, p3) mt  + (- 16) eta(p2, p3) eta(p1, p3) mt  mw
                                               2   - 2                       4
 + (- 8) eta(p2, p3) eta(p1, p3) eta(p1, p3) mt  mw    + (- 8) eta(p2, p4) mt
                       6   - 2        2     2
 + (- 8) eta(p2, p4) mt  mw   ) + prop (2 mt  + 2 eta(p3, p4))
          2
 prop(2 mt  + 2 eta(p3, p4) + (- 2) eta(p3, p1) + (- 2) eta(p4, p1)
                         2
 + eta(p1, p1)) prop(2 mt  + 2 eta(p3, p4) + (- 2) eta(p3, p2)
                                      2
 + (- 2) eta(p4, p2) + eta(p2, p2)) [N  - 1]
          2   4        6        8   - 2                   4
 ((- 4) mt  mw  + 24 mt  + 16 mt  mw    + 4 eta(p3, p4) mw
                   2   2                        4
 + 8 eta(p3, p4) mt  mw  + (- 48) eta(p3, p4) mt
                        6   - 2                                   2
 + (- 48) eta(p3, p4) mt  mw    + (- 8) eta(p3, p4) eta(p3, p4) mw
                                2                                4   - 2
 + 24 eta(p3, p4) eta(p3, p4) mt  + 48 eta(p3, p4) eta(p3, p4) mt  mw
                                                2   - 2
 + (- 16) eta(p3, p4) eta(p3, p4) eta(p3, p4) mt  mw
 + (- 8) eta(p3, p4) eta(p3, p4) eta(p1, p3)
                                            2   - 2
 + 32 eta(p3, p4) eta(p3, p4) eta(p1, p3) mt  mw
                                                            - 2
 + (- 16) eta(p3, p4) eta(p3, p4) eta(p1, p3) eta(p2, p4) mw
 + (- 8) eta(p3, p4) eta(p3, p4) eta(p2, p4)
                                            2   - 2
 + 32 eta(p3, p4) eta(p3, p4) eta(p2, p4) mt  mw
                                2                                   2
 + 12 eta(p3, p4) eta(p1, p3) mw  + (- 8) eta(p3, p4) eta(p1, p3) mt
                                    4   - 2
 + (- 64) eta(p3, p4) eta(p1, p3) mt  mw
 + 8 eta(p3, p4) eta(p1, p3) eta(p1, p3)
                                                2   - 2
 + (- 16) eta(p3, p4) eta(p1, p3) eta(p1, p3) mt  mw
                                                        - 2
 + 16 eta(p3, p4) eta(p1, p3) eta(p1, p3) eta(p2, p4) mw
 + 32 eta(p3, p4) eta(p1, p3) eta(p2, p4)
                                                2   - 2
 + (- 16) eta(p3, p4) eta(p1, p3) eta(p2, p4) mt  mw
                                                        - 2
 + 16 eta(p3, p4) eta(p1, p3) eta(p2, p4) eta(p2, p4) mw
                                2                                   2
 + 12 eta(p3, p4) eta(p2, p4) mw  + (- 8) eta(p3, p4) eta(p2, p4) mt
                                    4   - 2
 + (- 64) eta(p3, p4) eta(p2, p4) mt  mw
 + 8 eta(p3, p4) eta(p2, p4) eta(p2, p4)
                                                2   - 2
 + (- 16) eta(p3, p4) eta(p2, p4) eta(p2, p4) mt  mw
                        2   2                    4                    6   - 2
 + (- 12) eta(p1, p3) mt  mw  + 16 eta(p1, p3) mt  + 32 eta(p1, p3) mt  mw
                                   2                                4   - 2
 + (- 8) eta(p1, p3) eta(p1, p3) mt  + 16 eta(p1, p3) eta(p1, p3) mt  mw
 + (- 8) eta(p1, p3) eta(p1, p3) eta(p2, p4)
                                                            - 2
 + (- 16) eta(p1, p3) eta(p1, p3) eta(p2, p4) eta(p2, p4) mw
                                   2                                    2
 + (- 8) eta(p1, p3) eta(p2, p4) mw  + (- 24) eta(p1, p3) eta(p2, p4) mt
                                4   - 2
 + 32 eta(p1, p3) eta(p2, p4) mt  mw
                                                                    2   2
 + (- 8) eta(p1, p3) eta(p2, p4) eta(p2, p4) + (- 12) eta(p1, p4) mt  mw
                    4                    6   - 2
 + 16 eta(p1, p4) mt  + 32 eta(p1, p4) mt  mw
                                2                                   2
 + 12 eta(p1, p4) eta(p3, p4) mw  + (- 8) eta(p1, p4) eta(p3, p4) mt
                                    4   - 2
 + (- 64) eta(p1, p4) eta(p3, p4) mt  mw
 + (- 8) eta(p1, p4) eta(p3, p4) eta(p3, p4)
                                            2   - 2
 + 32 eta(p1, p4) eta(p3, p4) eta(p3, p4) mt  mw
 + 16 eta(p1, p4) eta(p3, p4) eta(p1, p3)
                                                2   - 2
 + (- 32) eta(p1, p4) eta(p3, p4) eta(p1, p3) mt  mw
                                                        - 2
 + 16 eta(p1, p4) eta(p3, p4) eta(p1, p3) eta(p2, p4) mw
 + 16 eta(p1, p4) eta(p3, p4) eta(p2, p4)
                                                2   - 2
 + (- 48) eta(p1, p4) eta(p3, p4) eta(p2, p4) mt  mw
                                    2                                4   - 2
 + (- 16) eta(p1, p4) eta(p1, p3) mt  + 32 eta(p1, p4) eta(p1, p3) mt  mw
 + (- 24) eta(p1, p4) eta(p1, p3) eta(p2, p4)
                                            2   - 2
 + 16 eta(p1, p4) eta(p1, p3) eta(p2, p4) mt  mw
                                                            - 2
 + (- 16) eta(p1, p4) eta(p1, p3) eta(p2, p4) eta(p2, p4) mw
                                   2                                4   - 2
 + (- 8) eta(p1, p4) eta(p1, p4) mt  + 16 eta(p1, p4) eta(p1, p4) mt  mw
 + 8 eta(p1, p4) eta(p1, p4) eta(p3, p4)
                                                2   - 2
 + (- 16) eta(p1, p4) eta(p1, p4) eta(p3, p4) mt  mw
 + (- 8) eta(p1, p4) eta(p1, p4) eta(p2, p3)
                                                        - 2
 + 16 eta(p1, p4) eta(p1, p4) eta(p2, p3) eta(p3, p4) mw
                                                            - 2
 + (- 16) eta(p1, p4) eta(p1, p4) eta(p2, p3) eta(p2, p3) mw
                                                            - 2
 + (- 16) eta(p1, p4) eta(p1, p4) eta(p2, p3) eta(p2, p4) mw
                                            2   - 2
 + 16 eta(p1, p4) eta(p1, p4) eta(p2, p4) mt  mw
                                   2                                    2
 + (- 8) eta(p1, p4) eta(p2, p3) mw  + (- 24) eta(p1, p4) eta(p2, p3) mt
                                4   - 2
 + 32 eta(p1, p4) eta(p2, p3) mt  mw
 + 32 eta(p1, p4) eta(p2, p3) eta(p3, p4)
                                                2   - 2
 + (- 16) eta(p1, p4) eta(p2, p3) eta(p3, p4) mt  mw
                                                            - 2
 + (- 16) eta(p1, p4) eta(p2, p3) eta(p3, p4) eta(p3, p4) mw
                                                        - 2
 + 16 eta(p1, p4) eta(p2, p3) eta(p3, p4) eta(p1, p3) mw
                                                        - 2
 + 16 eta(p1, p4) eta(p2, p3) eta(p3, p4) eta(p2, p4) mw
 + (- 24) eta(p1, p4) eta(p2, p3) eta(p1, p3)
                                            2   - 2
 + 16 eta(p1, p4) eta(p2, p3) eta(p1, p3) mt  mw
                                                            - 2
 + (- 32) eta(p1, p4) eta(p2, p3) eta(p1, p3) eta(p2, p4) mw
 + (- 8) eta(p1, p4) eta(p2, p3) eta(p2, p3)
                                                        - 2
 + 16 eta(p1, p4) eta(p2, p3) eta(p2, p3) eta(p3, p4) mw
                                                            - 2
 + (- 16) eta(p1, p4) eta(p2, p3) eta(p2, p3) eta(p1, p3) mw
 + (- 24) eta(p1, p4) eta(p2, p3) eta(p2, p4)
                                            2   - 2
 + 16 eta(p1, p4) eta(p2, p3) eta(p2, p4) mt  mw
                                   2                                4   - 2
 + (- 8) eta(p1, p4) eta(p2, p4) mt  + 48 eta(p1, p4) eta(p2, p4) mt  mw
                                            2   - 2
 + 16 eta(p1, p4) eta(p2, p4) eta(p2, p4) mt  mw
                        2   2                    4                    6   - 2
 + (- 12) eta(p2, p3) mt  mw  + 16 eta(p2, p3) mt  + 32 eta(p2, p3) mt  mw
                                2                                   2
 + 12 eta(p2, p3) eta(p3, p4) mw  + (- 8) eta(p2, p3) eta(p3, p4) mt
                                    4   - 2
 + (- 64) eta(p2, p3) eta(p3, p4) mt  mw
 + (- 8) eta(p2, p3) eta(p3, p4) eta(p3, p4)
                                            2   - 2
 + 32 eta(p2, p3) eta(p3, p4) eta(p3, p4) mt  mw
 + 16 eta(p2, p3) eta(p3, p4) eta(p1, p3)
                                                2   - 2
 + (- 48) eta(p2, p3) eta(p3, p4) eta(p1, p3) mt  mw
                                                        - 2
 + 16 eta(p2, p3) eta(p3, p4) eta(p1, p3) eta(p2, p4) mw
 + 16 eta(p2, p3) eta(p3, p4) eta(p2, p4)
                                                2   - 2
 + (- 32) eta(p2, p3) eta(p3, p4) eta(p2, p4) mt  mw
                                   2                                4   - 2
 + (- 8) eta(p2, p3) eta(p1, p3) mt  + 48 eta(p2, p3) eta(p1, p3) mt  mw
                                            2   - 2
 + 16 eta(p2, p3) eta(p1, p3) eta(p1, p3) mt  mw
                                                            - 2
 + (- 16) eta(p2, p3) eta(p1, p3) eta(p1, p3) eta(p2, p4) mw
 + (- 24) eta(p2, p3) eta(p1, p3) eta(p2, p4)
                                            2   - 2
 + 16 eta(p2, p3) eta(p1, p3) eta(p2, p4) mt  mw
                                   2                                4   - 2
 + (- 8) eta(p2, p3) eta(p2, p3) mt  + 16 eta(p2, p3) eta(p2, p3) mt  mw
 + 8 eta(p2, p3) eta(p2, p3) eta(p3, p4)
                                                2   - 2
 + (- 16) eta(p2, p3) eta(p2, p3) eta(p3, p4) mt  mw
                                            2   - 2
 + 16 eta(p2, p3) eta(p2, p3) eta(p1, p3) mt  mw
                                    2                                4   - 2
 + (- 16) eta(p2, p3) eta(p2, p4) mt  + 32 eta(p2, p3) eta(p2, p4) mt  mw
                        2   2                    4                    6   - 2
 + (- 12) eta(p2, p4) mt  mw  + 16 eta(p2, p4) mt  + 32 eta(p2, p4) mt  mw
                                   2                                4   - 2
 + (- 8) eta(p2, p4) eta(p2, p4) mt  + 16 eta(p2, p4) eta(p2, p4) mt  mw   )
       2     2                      2     2
 + prop (2 mt  + 2 eta(p3, p4)) prop (2 mt  + 2 eta(p3, p4) + (- 2) eta(p3, p2)
                                      2
 + (- 2) eta(p4, p2) + eta(p2, p2)) [N  - 1]
          4   2        6           8   - 2                   2   2
 ((- 4) mt  mw  - 12 mt  + (- 8) mt  mw    + 4 eta(p3, p4) mt  mw
                    4                    6   - 2
 + 24 eta(p3, p4) mt  + 24 eta(p3, p4) mt  mw
                                    2                                    4
 + (- 12) eta(p3, p4) eta(p3, p4) mt  + (- 24) eta(p3, p4) eta(p3, p4) mt
   - 2                                           2   - 2
 mw    + 8 eta(p3, p4) eta(p3, p4) eta(p3, p4) mt  mw
                                               2   - 2
 + (- 8) eta(p3, p4) eta(p3, p4) eta(p1, p3) mt  mw
                                                       - 2
 + 8 eta(p3, p4) eta(p3, p4) eta(p1, p3) eta(p2, p4) mw
 + 8 eta(p3, p4) eta(p3, p4) eta(p2, p4)
                                                2   - 2
 + (- 24) eta(p3, p4) eta(p3, p4) eta(p2, p4) mt  mw
                               2                                4   - 2
 + 8 eta(p3, p4) eta(p1, p3) mt  + 16 eta(p3, p4) eta(p1, p3) mt  mw
 + (- 8) eta(p3, p4) eta(p1, p3) eta(p2, p4)
                                                            - 2
 + (- 16) eta(p3, p4) eta(p1, p3) eta(p2, p4) eta(p2, p4) mw
                                   2                                4   - 2
 + (- 4) eta(p3, p4) eta(p2, p4) mw  + 48 eta(p3, p4) eta(p2, p4) mt  mw
 + (- 8) eta(p3, p4) eta(p2, p4) eta(p2, p4)
                                            2   - 2                       4
 + 24 eta(p3, p4) eta(p2, p4) eta(p2, p4) mt  mw    + (- 8) eta(p1, p3) mt
                       6   - 2                                   4   - 2
 + (- 8) eta(p1, p3) mt  mw    + (- 8) eta(p1, p3) eta(p2, p4) mt  mw
 + 8 eta(p1, p3) eta(p2, p4) eta(p2, p4)
                                           2   - 2
 + 8 eta(p1, p3) eta(p2, p4) eta(p2, p4) mt  mw
                                                       - 2
 + 8 eta(p1, p3) eta(p2, p4) eta(p2, p4) eta(p2, p4) mw
                       4                       6   - 2
 + (- 8) eta(p1, p4) mt  + (- 8) eta(p1, p4) mt  mw
                               2                                4   - 2
 + 8 eta(p1, p4) eta(p3, p4) mt  + 16 eta(p1, p4) eta(p3, p4) mt  mw
                                               2   - 2
 + (- 8) eta(p1, p4) eta(p3, p4) eta(p3, p4) mt  mw
                                            2   - 2
 + 16 eta(p1, p4) eta(p3, p4) eta(p2, p4) mt  mw
                                   4   - 2
 + (- 8) eta(p1, p4) eta(p2, p3) mt  mw
 + (- 8) eta(p1, p4) eta(p2, p3) eta(p3, p4)
                                                       - 2
 + 8 eta(p1, p4) eta(p2, p3) eta(p3, p4) eta(p3, p4) mw
                                                            - 2
 + (- 16) eta(p1, p4) eta(p2, p3) eta(p3, p4) eta(p2, p4) mw
 + 8 eta(p1, p4) eta(p2, p3) eta(p2, p3)
                                           2   - 2
 + 8 eta(p1, p4) eta(p2, p3) eta(p2, p3) mt  mw
                                                            - 2
 + (- 16) eta(p1, p4) eta(p2, p3) eta(p2, p3) eta(p3, p4) mw
                                                       - 2
 + 8 eta(p1, p4) eta(p2, p3) eta(p2, p3) eta(p2, p3) mw
                                                        - 2
 + 16 eta(p1, p4) eta(p2, p3) eta(p2, p3) eta(p2, p4) mw
 + 8 eta(p1, p4) eta(p2, p3) eta(p2, p4)
                                                       - 2
 + 8 eta(p1, p4) eta(p2, p3) eta(p2, p4) eta(p2, p4) mw
                                   2                                    4   - 2
 + (- 8) eta(p1, p4) eta(p2, p4) mt  + (- 16) eta(p1, p4) eta(p2, p4) mt  mw
                                               2   - 2                   2   2
 + (- 8) eta(p1, p4) eta(p2, p4) eta(p2, p4) mt  mw    + 4 eta(p2, p3) mt  mw
                       4                        6   - 2
 + (- 8) eta(p2, p3) mt  + (- 24) eta(p2, p3) mt  mw
                                   2                                4   - 2
 + (- 4) eta(p2, p3) eta(p3, p4) mw  + 48 eta(p2, p3) eta(p3, p4) mt  mw
 + 8 eta(p2, p3) eta(p3, p4) eta(p3, p4)
                                                2   - 2
 + (- 24) eta(p2, p3) eta(p3, p4) eta(p3, p4) mt  mw
                                            2   - 2
 + 16 eta(p2, p3) eta(p3, p4) eta(p1, p3) mt  mw
                                                            - 2
 + (- 16) eta(p2, p3) eta(p3, p4) eta(p1, p3) eta(p2, p4) mw
 + (- 32) eta(p2, p3) eta(p3, p4) eta(p2, p4)
                                            2   - 2
 + 48 eta(p2, p3) eta(p3, p4) eta(p2, p4) mt  mw
                                   2                                    4   - 2
 + (- 8) eta(p2, p3) eta(p1, p3) mt  + (- 16) eta(p2, p3) eta(p1, p3) mt  mw
 + 8 eta(p2, p3) eta(p1, p3) eta(p2, p4)
                                                        - 2
 + 16 eta(p2, p3) eta(p1, p3) eta(p2, p4) eta(p2, p4) mw
                               2                                    4   - 2
 + 4 eta(p2, p3) eta(p2, p3) mt  + (- 24) eta(p2, p3) eta(p2, p3) mt  mw
 + (- 8) eta(p2, p3) eta(p2, p3) eta(p3, p4)
                                            2   - 2
 + 24 eta(p2, p3) eta(p2, p3) eta(p3, p4) mt  mw
                                               2   - 2
 + (- 8) eta(p2, p3) eta(p2, p3) eta(p1, p3) mt  mw
                                                       - 2
 + 8 eta(p2, p3) eta(p2, p3) eta(p1, p3) eta(p2, p4) mw
                                               2   - 2
 + (- 8) eta(p2, p3) eta(p2, p3) eta(p2, p3) mt  mw
 + 16 eta(p2, p3) eta(p2, p3) eta(p2, p4)
                                                2   - 2
 + (- 24) eta(p2, p3) eta(p2, p3) eta(p2, p4) mt  mw
                               2                                2
 + 8 eta(p2, p3) eta(p2, p4) mw  + 24 eta(p2, p3) eta(p2, p4) mt
                                    4   - 2
 + (- 48) eta(p2, p3) eta(p2, p4) mt  mw
 + 16 eta(p2, p3) eta(p2, p4) eta(p2, p4)
                                                2   - 2                   2   2
 + (- 24) eta(p2, p3) eta(p2, p4) eta(p2, p4) mt  mw    + 4 eta(p2, p4) mt  mw
                       4                        6   - 2
 + (- 8) eta(p2, p4) mt  + (- 24) eta(p2, p4) mt  mw
                               2                                    4   - 2
 + 4 eta(p2, p4) eta(p2, p4) mt  + (- 24) eta(p2, p4) eta(p2, p4) mt  mw
                                               2   - 2
 + (- 8) eta(p2, p4) eta(p2, p4) eta(p2, p4) mt  mw   )
(%i5) M(p1,p2,p3,p4,mt,mw,N):=
        (+prop(2*mt^2+2*eta(p3,p4))^2)*prop(
                                       2*mw^2+2*eta(p3,p4)+(-2)*eta(p3,p1)
                                             +(-2)*eta(p4,p1))
                                       ^2*[N^2-1]
                                      *((-8)*eta(p3,p4)*eta(p3,p4)*eta(p3,p1)
                                            *eta(p4,p2)*mw^-2
                                       -8*eta(p3,p4)*eta(p3,p4)*eta(p3,p2)
                                         *eta(p4,p1)*mw^-2
                                       +(-8)*eta(p3,p4)*eta(p3,p4)*eta(p1,p2)
                                            *mt^2*mw^-2
                                       +16*eta(p3,p4)*eta(p3,p1)*eta(p3,p1)
                                          *eta(p4,p2)*mw^-2
                                       +(-8)*eta(p3,p4)*eta(p3,p1)*eta(p3,p2)
                                       +16*eta(p3,p4)*eta(p3,p1)*eta(p3,p2)
                                          *eta(p4,p1)*mw^-2
                                       +16*eta(p3,p4)*eta(p3,p1)*eta(p4,p1)
                                          *eta(p4,p2)*mw^-2
                                       +(-16)*eta(p3,p4)*eta(p3,p1)*eta(p4,p2)
                                       +8*eta(p3,p4)*eta(p3,p1)*eta(p1,p2)
                                       +16*eta(p3,p4)*eta(p3,p1)*eta(p1,p2)
                                          *mt^2*mw^-2
                                       +(-16)*eta(p3,p4)*eta(p3,p2)*eta(p4,p1)
                                       +16*eta(p3,p4)*eta(p3,p2)*eta(p4,p1)
                                          *eta(p4,p1)*mw^-2
                                       +(-8)*eta(p3,p4)*eta(p4,p1)*eta(p4,p2)
                                       +8*eta(p3,p4)*eta(p4,p1)*eta(p1,p2)
                                       +16*eta(p3,p4)*eta(p4,p1)*eta(p1,p2)
                                          *mt^2*mw^-2
                                       +(-8)*eta(p3,p4)*eta(p1,p2)*mt^2
                                       +(-8)*eta(p3,p1)*eta(p3,p1)*eta(p3,p1)
                                            *eta(p4,p2)*mw^-2
                                       +(-8)*eta(p3,p1)*eta(p3,p1)*eta(p3,p2)
                                            *eta(p4,p1)*mw^-2
                                       +(-16)*eta(p3,p1)*eta(p3,p1)*eta(p4,p1)
                                             *eta(p4,p2)*mw^-2
                                       +8*eta(p3,p1)*eta(p3,p1)*eta(p4,p2)
                                       +(-8)*eta(p3,p1)*eta(p3,p1)*eta(p1,p2)
                                            *mt^2*mw^-2
                                       +(-8)*eta(p3,p1)*eta(p3,p2)*mw^2
                                       +(-8)*eta(p3,p1)*eta(p3,p2)*mt^2
                                       +24*eta(p3,p1)*eta(p3,p2)*eta(p4,p1)
                                       +(-16)*eta(p3,p1)*eta(p3,p2)*eta(p4,p1)
                                             *eta(p4,p1)*mw^-2
                                       +(-8)*eta(p3,p1)*eta(p4,p1)*eta(p4,p1)
                                            *eta(p4,p2)*mw^-2
                                       +24*eta(p3,p1)*eta(p4,p1)*eta(p4,p2)
                                       +(-16)*eta(p3,p1)*eta(p4,p1)*eta(p1,p2)
                                       +(-16)*eta(p3,p1)*eta(p4,p1)*eta(p1,p2)
                                             *mt^2*mw^-2
                                       +(-8)*eta(p3,p1)*eta(p4,p2)*mw^2
                                       +(-8)*eta(p3,p1)*eta(p4,p2)*mt^2
                                       +8*eta(p3,p1)*eta(p1,p2)*mw^2
                                       +16*eta(p3,p1)*eta(p1,p2)*mt^2
                                       +(-8)*eta(p3,p2)*eta(p4,p1)*mw^2
                                       +(-8)*eta(p3,p2)*eta(p4,p1)*mt^2
                                       +8*eta(p3,p2)*eta(p4,p1)*eta(p4,p1)
                                       +(-8)*eta(p3,p2)*eta(p4,p1)*eta(p4,p1)
                                            *eta(p4,p1)*mw^-2
                                       +(-8)*eta(p4,p1)*eta(p4,p1)*eta(p1,p2)
                                            *mt^2*mw^-2
                                       +(-8)*eta(p4,p1)*eta(p4,p2)*mw^2
                                       +(-8)*eta(p4,p1)*eta(p4,p2)*mt^2
                                       +8*eta(p4,p1)*eta(p1,p2)*mw^2
                                       +16*eta(p4,p1)*eta(p1,p2)*mt^2)
        +prop(2*mt^2+2*eta(p3,p4))^2*prop(
                                     2*mw^2+2*eta(p3,p4)+(-2)*eta(p3,p1)
                                           +(-2)*eta(p4,p1))
                                    *prop(
                                     2*mw^2+2*eta(p3,p4)+(-2)*eta(p3,p2)
                                           +(-2)*eta(p4,p2))*[N^2-1]
                                    *((+16)*eta(p3,p4)*eta(p3,p4)*eta(p3,p1)
                                           *eta(p4,p2)*mw^-2
                                     +16*eta(p3,p4)*eta(p3,p4)*eta(p3,p2)
                                        *eta(p4,p1)*mw^-2
                                     +(-16)*eta(p3,p4)*eta(p3,p4)*eta(p1,p2)
                                     +16*eta(p3,p4)*eta(p3,p4)*eta(p1,p2)*mt^2
                                        *mw^-2
                                     +(-16)*eta(p3,p4)*eta(p3,p1)*eta(p3,p1)
                                           *eta(p4,p2)*mw^-2
                                     +(-16)*eta(p3,p4)*eta(p3,p1)*eta(p3,p2)
                                           *eta(p4,p1)*mw^-2
                                     +(-16)*eta(p3,p4)*eta(p3,p1)*eta(p3,p2)
                                           *eta(p4,p2)*mw^-2
                                     +(-16)*eta(p3,p4)*eta(p3,p1)*eta(p4,p1)
                                           *eta(p4,p2)*mw^-2
                                     +32*eta(p3,p4)*eta(p3,p1)*eta(p4,p2)
                                     +(-16)*eta(p3,p4)*eta(p3,p1)*eta(p4,p2)
                                           *eta(p4,p2)*mw^-2
                                     +8*eta(p3,p4)*eta(p3,p1)*eta(p1,p2)
                                     +(-16)*eta(p3,p4)*eta(p3,p1)*eta(p1,p2)
                                           *mt^2*mw^-2
                                     +(-16)*eta(p3,p4)*eta(p3,p2)*eta(p3,p2)
                                           *eta(p4,p1)*mw^-2
                                     +32*eta(p3,p4)*eta(p3,p2)*eta(p4,p1)
                                     +(-16)*eta(p3,p4)*eta(p3,p2)*eta(p4,p1)
                                           *eta(p4,p1)*mw^-2
                                     +(-16)*eta(p3,p4)*eta(p3,p2)*eta(p4,p1)
                                           *eta(p4,p2)*mw^-2
                                     +8*eta(p3,p4)*eta(p3,p2)*eta(p1,p2)
                                     +(-16)*eta(p3,p4)*eta(p3,p2)*eta(p1,p2)
                                           *mt^2*mw^-2
                                     +8*eta(p3,p4)*eta(p4,p1)*eta(p1,p2)
                                     +(-16)*eta(p3,p4)*eta(p4,p1)*eta(p1,p2)
                                           *mt^2*mw^-2
                                     +8*eta(p3,p4)*eta(p4,p2)*eta(p1,p2)
                                     +(-16)*eta(p3,p4)*eta(p4,p2)*eta(p1,p2)
                                           *mt^2*mw^-2
                                     +(-16)*eta(p3,p4)*eta(p1,p2)*mw^2
                                     +(-16)*eta(p3,p4)*eta(p1,p2)*eta(p1,p2)
                                     +16*eta(p3,p1)*eta(p3,p1)*eta(p3,p2)
                                        *eta(p4,p2)*mw^-2
                                     +(-24)*eta(p3,p1)*eta(p3,p1)*eta(p4,p2)
                                     +16*eta(p3,p1)*eta(p3,p1)*eta(p4,p2)
                                        *eta(p4,p2)*mw^-2
                                     +16*eta(p3,p1)*eta(p3,p2)*eta(p3,p2)
                                        *eta(p4,p1)*mw^-2
                                     +(-8)*eta(p3,p1)*eta(p3,p2)*eta(p4,p1)
                                     +32*eta(p3,p1)*eta(p3,p2)*eta(p4,p1)
                                        *eta(p4,p2)*mw^-2
                                     +(-8)*eta(p3,p1)*eta(p3,p2)*eta(p4,p2)
                                     +16*eta(p3,p1)*eta(p3,p2)*eta(p1,p2)*mt^2
                                        *mw^-2
                                     +(-8)*eta(p3,p1)*eta(p4,p1)*eta(p4,p2)
                                     +16*eta(p3,p1)*eta(p4,p1)*eta(p4,p2)
                                        *eta(p4,p2)*mw^-2
                                     +16*eta(p3,p1)*eta(p4,p2)*mw^2
                                     +(-24)*eta(p3,p1)*eta(p4,p2)*eta(p4,p2)
                                     +16*eta(p3,p1)*eta(p4,p2)*eta(p1,p2)
                                     +16*eta(p3,p1)*eta(p4,p2)*eta(p1,p2)*mt^2
                                        *mw^-2+(-8)*eta(p3,p1)*eta(p1,p2)*mw^2
                                     +(-24)*eta(p3,p2)*eta(p3,p2)*eta(p4,p1)
                                     +16*eta(p3,p2)*eta(p3,p2)*eta(p4,p1)
                                        *eta(p4,p1)*mw^-2
                                     +16*eta(p3,p2)*eta(p4,p1)*mw^2
                                     +(-24)*eta(p3,p2)*eta(p4,p1)*eta(p4,p1)
                                     +16*eta(p3,p2)*eta(p4,p1)*eta(p4,p1)
                                        *eta(p4,p2)*mw^-2
                                     +(-8)*eta(p3,p2)*eta(p4,p1)*eta(p4,p2)
                                     +16*eta(p3,p2)*eta(p4,p1)*eta(p1,p2)
                                     +16*eta(p3,p2)*eta(p4,p1)*eta(p1,p2)*mt^2
                                        *mw^-2+(-8)*eta(p3,p2)*eta(p1,p2)*mw^2
                                     +16*eta(p4,p1)*eta(p4,p2)*eta(p1,p2)*mt^2
                                        *mw^-2+(-8)*eta(p4,p1)*eta(p1,p2)*mw^2
                                     +(-8)*eta(p4,p2)*eta(p1,p2)*mw^2
                                     +(-16)*eta(p1,p2)*mt^2*mw^2
                                     +(-16)*eta(p1,p2)*eta(p1,p2)*mt^2)
        +prop(2*mt^2+2*eta(p3,p4))^2*prop(
                                     2*mw^2+2*eta(p3,p4)+(-2)*eta(p3,p2)
                                           +(-2)*eta(p4,p2))
                                     ^2*[N^2-1]
                                    *((-8)*eta(p3,p4)*eta(p3,p4)*eta(p3,p1)
                                          *eta(p4,p2)*mw^-2
                                     -8*eta(p3,p4)*eta(p3,p4)*eta(p3,p2)
                                       *eta(p4,p1)*mw^-2
                                     +(-8)*eta(p3,p4)*eta(p3,p4)*eta(p1,p2)
                                          *mt^2*mw^-2
                                     +(-8)*eta(p3,p4)*eta(p3,p1)*eta(p3,p2)
                                     +16*eta(p3,p4)*eta(p3,p1)*eta(p3,p2)
                                        *eta(p4,p2)*mw^-2
                                     +(-16)*eta(p3,p4)*eta(p3,p1)*eta(p4,p2)
                                     +16*eta(p3,p4)*eta(p3,p1)*eta(p4,p2)
                                        *eta(p4,p2)*mw^-2
                                     +16*eta(p3,p4)*eta(p3,p2)*eta(p3,p2)
                                        *eta(p4,p1)*mw^-2
                                     +(-16)*eta(p3,p4)*eta(p3,p2)*eta(p4,p1)
                                     +16*eta(p3,p4)*eta(p3,p2)*eta(p4,p1)
                                        *eta(p4,p2)*mw^-2
                                     +8*eta(p3,p4)*eta(p3,p2)*eta(p1,p2)
                                     +16*eta(p3,p4)*eta(p3,p2)*eta(p1,p2)*mt^2
                                        *mw^-2
                                     +(-8)*eta(p3,p4)*eta(p4,p1)*eta(p4,p2)
                                     +8*eta(p3,p4)*eta(p4,p2)*eta(p1,p2)
                                     +16*eta(p3,p4)*eta(p4,p2)*eta(p1,p2)*mt^2
                                        *mw^-2+(-8)*eta(p3,p4)*eta(p1,p2)*mt^2
                                     +(-8)*eta(p3,p1)*eta(p3,p2)*mw^2
                                     +(-8)*eta(p3,p1)*eta(p3,p2)*mt^2
                                     +(-8)*eta(p3,p1)*eta(p3,p2)*eta(p3,p2)
                                          *eta(p4,p2)*mw^-2
                                     +24*eta(p3,p1)*eta(p3,p2)*eta(p4,p2)
                                     +(-16)*eta(p3,p1)*eta(p3,p2)*eta(p4,p2)
                                           *eta(p4,p2)*mw^-2
                                     +(-8)*eta(p3,p1)*eta(p4,p2)*mw^2
                                     +(-8)*eta(p3,p1)*eta(p4,p2)*mt^2
                                     +8*eta(p3,p1)*eta(p4,p2)*eta(p4,p2)
                                     +(-8)*eta(p3,p1)*eta(p4,p2)*eta(p4,p2)
                                          *eta(p4,p2)*mw^-2
                                     +(-8)*eta(p3,p2)*eta(p3,p2)*eta(p3,p2)
                                          *eta(p4,p1)*mw^-2
                                     +8*eta(p3,p2)*eta(p3,p2)*eta(p4,p1)
                                     +(-16)*eta(p3,p2)*eta(p3,p2)*eta(p4,p1)
                                           *eta(p4,p2)*mw^-2
                                     +(-8)*eta(p3,p2)*eta(p3,p2)*eta(p1,p2)
                                          *mt^2*mw^-2
                                     +(-8)*eta(p3,p2)*eta(p4,p1)*mw^2
                                     +(-8)*eta(p3,p2)*eta(p4,p1)*mt^2
                                     +24*eta(p3,p2)*eta(p4,p1)*eta(p4,p2)
                                     +(-8)*eta(p3,p2)*eta(p4,p1)*eta(p4,p2)
                                          *eta(p4,p2)*mw^-2
                                     +(-16)*eta(p3,p2)*eta(p4,p2)*eta(p1,p2)
                                     +(-16)*eta(p3,p2)*eta(p4,p2)*eta(p1,p2)
                                           *mt^2*mw^-2
                                     +8*eta(p3,p2)*eta(p1,p2)*mw^2
                                     +16*eta(p3,p2)*eta(p1,p2)*mt^2
                                     +(-8)*eta(p4,p1)*eta(p4,p2)*mw^2
                                     +(-8)*eta(p4,p1)*eta(p4,p2)*mt^2
                                     +(-8)*eta(p4,p2)*eta(p4,p2)*eta(p1,p2)
                                          *mt^2*mw^-2
                                     +8*eta(p4,p2)*eta(p1,p2)*mw^2
                                     +16*eta(p4,p2)*eta(p1,p2)*mt^2)
                                              2     2
(%o5) M(p1, p2, p3, p4, mt, mw, N) := (+ (prop (2 mt  + 2 eta(p3, p4))))
     2     2                                                            2
 prop (2 mw  + 2 eta(p3, p4) + (- 2) eta(p3, p1) + (- 2) eta(p4, p1)) [N  - 1]
                                                          - 2
 ((- 8) eta(p3, p4) eta(p3, p4) eta(p3, p1) eta(p4, p2) mw
                                                       - 2
 - 8 eta(p3, p4) eta(p3, p4) eta(p3, p2) eta(p4, p1) mw
                                               2   - 2
 + (- 8) eta(p3, p4) eta(p3, p4) eta(p1, p2) mt  mw
                                                        - 2
 + 16 eta(p3, p4) eta(p3, p1) eta(p3, p1) eta(p4, p2) mw
 + (- 8) eta(p3, p4) eta(p3, p1) eta(p3, p2)
                                                        - 2
 + 16 eta(p3, p4) eta(p3, p1) eta(p3, p2) eta(p4, p1) mw
                                                        - 2
 + 16 eta(p3, p4) eta(p3, p1) eta(p4, p1) eta(p4, p2) mw
 + (- 16) eta(p3, p4) eta(p3, p1) eta(p4, p2)
 + 8 eta(p3, p4) eta(p3, p1) eta(p1, p2)
                                            2   - 2
 + 16 eta(p3, p4) eta(p3, p1) eta(p1, p2) mt  mw
 + (- 16) eta(p3, p4) eta(p3, p2) eta(p4, p1)
                                                        - 2
 + 16 eta(p3, p4) eta(p3, p2) eta(p4, p1) eta(p4, p1) mw
 + (- 8) eta(p3, p4) eta(p4, p1) eta(p4, p2)
 + 8 eta(p3, p4) eta(p4, p1) eta(p1, p2)
                                            2   - 2
 + 16 eta(p3, p4) eta(p4, p1) eta(p1, p2) mt  mw
                                   2
 + (- 8) eta(p3, p4) eta(p1, p2) mt  + (- 8) eta(p3, p1) eta(p3, p1)
                           - 2
 eta(p3, p1) eta(p4, p2) mw    + (- 8) eta(p3, p1) eta(p3, p1) eta(p3, p2)
               - 2
 eta(p4, p1) mw    + (- 16) eta(p3, p1) eta(p3, p1) eta(p4, p1) eta(p4, p2)
   - 2
 mw    + 8 eta(p3, p1) eta(p3, p1) eta(p4, p2)
                                               2   - 2
 + (- 8) eta(p3, p1) eta(p3, p1) eta(p1, p2) mt  mw
                                   2                                   2
 + (- 8) eta(p3, p1) eta(p3, p2) mw  + (- 8) eta(p3, p1) eta(p3, p2) mt
 + 24 eta(p3, p1) eta(p3, p2) eta(p4, p1)
                                                            - 2
 + (- 16) eta(p3, p1) eta(p3, p2) eta(p4, p1) eta(p4, p1) mw
                                                           - 2
 + (- 8) eta(p3, p1) eta(p4, p1) eta(p4, p1) eta(p4, p2) mw
 + 24 eta(p3, p1) eta(p4, p1) eta(p4, p2)
 + (- 16) eta(p3, p1) eta(p4, p1) eta(p1, p2)
                                                2   - 2
 + (- 16) eta(p3, p1) eta(p4, p1) eta(p1, p2) mt  mw
                                   2                                   2
 + (- 8) eta(p3, p1) eta(p4, p2) mw  + (- 8) eta(p3, p1) eta(p4, p2) mt
                               2                                2
 + 8 eta(p3, p1) eta(p1, p2) mw  + 16 eta(p3, p1) eta(p1, p2) mt
                                   2                                   2
 + (- 8) eta(p3, p2) eta(p4, p1) mw  + (- 8) eta(p3, p2) eta(p4, p1) mt
 + 8 eta(p3, p2) eta(p4, p1) eta(p4, p1)
                                                           - 2
 + (- 8) eta(p3, p2) eta(p4, p1) eta(p4, p1) eta(p4, p1) mw
                                               2   - 2
 + (- 8) eta(p4, p1) eta(p4, p1) eta(p1, p2) mt  mw
                                   2                                   2
 + (- 8) eta(p4, p1) eta(p4, p2) mw  + (- 8) eta(p4, p1) eta(p4, p2) mt
                               2                                2
 + 8 eta(p4, p1) eta(p1, p2) mw  + 16 eta(p4, p1) eta(p1, p2) mt )
       2     2                           2
 + prop (2 mt  + 2 eta(p3, p4)) prop(2 mw  + 2 eta(p3, p4) + (- 2) eta(p3, p1)
                               2
 + (- 2) eta(p4, p1)) prop(2 mw  + 2 eta(p3, p4) + (- 2) eta(p3, p2)
                        2
 + (- 2) eta(p4, p2)) [N  - 1] ((+ 16) eta(p3, p4) eta(p3, p4) eta(p3, p1)
               - 2                                                        - 2
 eta(p4, p2) mw    + 16 eta(p3, p4) eta(p3, p4) eta(p3, p2) eta(p4, p1) mw
 + (- 16) eta(p3, p4) eta(p3, p4) eta(p1, p2)
                                            2   - 2
 + 16 eta(p3, p4) eta(p3, p4) eta(p1, p2) mt  mw
                                                            - 2
 + (- 16) eta(p3, p4) eta(p3, p1) eta(p3, p1) eta(p4, p2) mw
                                                            - 2
 + (- 16) eta(p3, p4) eta(p3, p1) eta(p3, p2) eta(p4, p1) mw
                                                            - 2
 + (- 16) eta(p3, p4) eta(p3, p1) eta(p3, p2) eta(p4, p2) mw
                                                            - 2
 + (- 16) eta(p3, p4) eta(p3, p1) eta(p4, p1) eta(p4, p2) mw
 + 32 eta(p3, p4) eta(p3, p1) eta(p4, p2)
                                                            - 2
 + (- 16) eta(p3, p4) eta(p3, p1) eta(p4, p2) eta(p4, p2) mw
 + 8 eta(p3, p4) eta(p3, p1) eta(p1, p2)
                                                2   - 2
 + (- 16) eta(p3, p4) eta(p3, p1) eta(p1, p2) mt  mw
                                                            - 2
 + (- 16) eta(p3, p4) eta(p3, p2) eta(p3, p2) eta(p4, p1) mw
 + 32 eta(p3, p4) eta(p3, p2) eta(p4, p1)
                                                            - 2
 + (- 16) eta(p3, p4) eta(p3, p2) eta(p4, p1) eta(p4, p1) mw
                                                            - 2
 + (- 16) eta(p3, p4) eta(p3, p2) eta(p4, p1) eta(p4, p2) mw
 + 8 eta(p3, p4) eta(p3, p2) eta(p1, p2)
                                                2   - 2
 + (- 16) eta(p3, p4) eta(p3, p2) eta(p1, p2) mt  mw
 + 8 eta(p3, p4) eta(p4, p1) eta(p1, p2)
                                                2   - 2
 + (- 16) eta(p3, p4) eta(p4, p1) eta(p1, p2) mt  mw
 + 8 eta(p3, p4) eta(p4, p2) eta(p1, p2)
                                                2   - 2
 + (- 16) eta(p3, p4) eta(p4, p2) eta(p1, p2) mt  mw
                                    2
 + (- 16) eta(p3, p4) eta(p1, p2) mw  + (- 16) eta(p3, p4) eta(p1, p2)
                                                                    - 2
 eta(p1, p2) + 16 eta(p3, p1) eta(p3, p1) eta(p3, p2) eta(p4, p2) mw
 + (- 24) eta(p3, p1) eta(p3, p1) eta(p4, p2)
                                                        - 2
 + 16 eta(p3, p1) eta(p3, p1) eta(p4, p2) eta(p4, p2) mw
                                                        - 2
 + 16 eta(p3, p1) eta(p3, p2) eta(p3, p2) eta(p4, p1) mw
 + (- 8) eta(p3, p1) eta(p3, p2) eta(p4, p1)
                                                        - 2
 + 32 eta(p3, p1) eta(p3, p2) eta(p4, p1) eta(p4, p2) mw
 + (- 8) eta(p3, p1) eta(p3, p2) eta(p4, p2)
                                            2   - 2
 + 16 eta(p3, p1) eta(p3, p2) eta(p1, p2) mt  mw
 + (- 8) eta(p3, p1) eta(p4, p1) eta(p4, p2)
                                                        - 2
 + 16 eta(p3, p1) eta(p4, p1) eta(p4, p2) eta(p4, p2) mw
                                2
 + 16 eta(p3, p1) eta(p4, p2) mw  + (- 24) eta(p3, p1) eta(p4, p2) eta(p4, p2)
 + 16 eta(p3, p1) eta(p4, p2) eta(p1, p2)
                                            2   - 2
 + 16 eta(p3, p1) eta(p4, p2) eta(p1, p2) mt  mw
                                   2
 + (- 8) eta(p3, p1) eta(p1, p2) mw  + (- 24) eta(p3, p2) eta(p3, p2)
                                                                    - 2
 eta(p4, p1) + 16 eta(p3, p2) eta(p3, p2) eta(p4, p1) eta(p4, p1) mw
                                2
 + 16 eta(p3, p2) eta(p4, p1) mw  + (- 24) eta(p3, p2) eta(p4, p1) eta(p4, p1)
                                                        - 2
 + 16 eta(p3, p2) eta(p4, p1) eta(p4, p1) eta(p4, p2) mw
 + (- 8) eta(p3, p2) eta(p4, p1) eta(p4, p2)
 + 16 eta(p3, p2) eta(p4, p1) eta(p1, p2)
                                            2   - 2
 + 16 eta(p3, p2) eta(p4, p1) eta(p1, p2) mt  mw
                                   2
 + (- 8) eta(p3, p2) eta(p1, p2) mw  + 16 eta(p4, p1) eta(p4, p2) eta(p1, p2)
   2   - 2                                   2
 mt  mw    + (- 8) eta(p4, p1) eta(p1, p2) mw
                                   2                        2   2
 + (- 8) eta(p4, p2) eta(p1, p2) mw  + (- 16) eta(p1, p2) mt  mw
                                    2        2     2
 + (- 16) eta(p1, p2) eta(p1, p2) mt ) + prop (2 mt  + 2 eta(p3, p4))
     2     2                                                            2
 prop (2 mw  + 2 eta(p3, p4) + (- 2) eta(p3, p2) + (- 2) eta(p4, p2)) [N  - 1]
                                                          - 2
 ((- 8) eta(p3, p4) eta(p3, p4) eta(p3, p1) eta(p4, p2) mw
                                                       - 2
 - 8 eta(p3, p4) eta(p3, p4) eta(p3, p2) eta(p4, p1) mw
                                               2   - 2
 + (- 8) eta(p3, p4) eta(p3, p4) eta(p1, p2) mt  mw
 + (- 8) eta(p3, p4) eta(p3, p1) eta(p3, p2)
                                                        - 2
 + 16 eta(p3, p4) eta(p3, p1) eta(p3, p2) eta(p4, p2) mw
 + (- 16) eta(p3, p4) eta(p3, p1) eta(p4, p2)
                                                        - 2
 + 16 eta(p3, p4) eta(p3, p1) eta(p4, p2) eta(p4, p2) mw
                                                        - 2
 + 16 eta(p3, p4) eta(p3, p2) eta(p3, p2) eta(p4, p1) mw
 + (- 16) eta(p3, p4) eta(p3, p2) eta(p4, p1)
                                                        - 2
 + 16 eta(p3, p4) eta(p3, p2) eta(p4, p1) eta(p4, p2) mw
 + 8 eta(p3, p4) eta(p3, p2) eta(p1, p2)
                                            2   - 2
 + 16 eta(p3, p4) eta(p3, p2) eta(p1, p2) mt  mw
 + (- 8) eta(p3, p4) eta(p4, p1) eta(p4, p2)
 + 8 eta(p3, p4) eta(p4, p2) eta(p1, p2)
                                            2   - 2
 + 16 eta(p3, p4) eta(p4, p2) eta(p1, p2) mt  mw
                                   2                                   2
 + (- 8) eta(p3, p4) eta(p1, p2) mt  + (- 8) eta(p3, p1) eta(p3, p2) mw
                                   2
 + (- 8) eta(p3, p1) eta(p3, p2) mt  + (- 8) eta(p3, p1) eta(p3, p2)
                           - 2
 eta(p3, p2) eta(p4, p2) mw    + 24 eta(p3, p1) eta(p3, p2) eta(p4, p2)
                                                            - 2
 + (- 16) eta(p3, p1) eta(p3, p2) eta(p4, p2) eta(p4, p2) mw
                                   2                                   2
 + (- 8) eta(p3, p1) eta(p4, p2) mw  + (- 8) eta(p3, p1) eta(p4, p2) mt
 + 8 eta(p3, p1) eta(p4, p2) eta(p4, p2)
                                                           - 2
 + (- 8) eta(p3, p1) eta(p4, p2) eta(p4, p2) eta(p4, p2) mw
                                                           - 2
 + (- 8) eta(p3, p2) eta(p3, p2) eta(p3, p2) eta(p4, p1) mw
 + 8 eta(p3, p2) eta(p3, p2) eta(p4, p1)
                                                            - 2
 + (- 16) eta(p3, p2) eta(p3, p2) eta(p4, p1) eta(p4, p2) mw
                                               2   - 2
 + (- 8) eta(p3, p2) eta(p3, p2) eta(p1, p2) mt  mw
                                   2                                   2
 + (- 8) eta(p3, p2) eta(p4, p1) mw  + (- 8) eta(p3, p2) eta(p4, p1) mt
 + 24 eta(p3, p2) eta(p4, p1) eta(p4, p2)
                                                           - 2
 + (- 8) eta(p3, p2) eta(p4, p1) eta(p4, p2) eta(p4, p2) mw
 + (- 16) eta(p3, p2) eta(p4, p2) eta(p1, p2)
                                                2   - 2
 + (- 16) eta(p3, p2) eta(p4, p2) eta(p1, p2) mt  mw
                               2                                2
 + 8 eta(p3, p2) eta(p1, p2) mw  + 16 eta(p3, p2) eta(p1, p2) mt
                                   2                                   2
 + (- 8) eta(p4, p1) eta(p4, p2) mw  + (- 8) eta(p4, p1) eta(p4, p2) mt
                                               2   - 2
 + (- 8) eta(p4, p2) eta(p4, p2) eta(p1, p2) mt  mw
                               2                                2
 + 8 eta(p4, p2) eta(p1, p2) mw  + 16 eta(p4, p2) eta(p1, p2) mt )
(%i6) load("p5.mac")
(%o6)                               p5.mac
(%i7) ev(qqttWtreelevel(p1,p2,p3,p4,mt,mw,N),numer)
                                                 2
(%o7)                  [- 6.996910585422296e-5 (N  - 1)]
(%i8) ev(M(p1,p2,p3,p4,mt,mw,N),numer)
                                                 2
(%o8)                  [- 2.574678038585465e-5 (N  - 1)]
(%i9) 6.996910585422296/ 2.574678038585465;
(%o9)                         2.71758661881717
