FORM 4.1 (May 11 2015) 64-bits                   Run: Fri Oct  2 14:59:28 2015
    
    AutoDeclare Vector v;
    On statistics;
    Local G10 = e_(v1,...,v10)^2; contract;
    .end

Time =       0.13 sec    Generated terms =      72563
             G10       1 Terms left      =      42895
                         Bytes used      =    3250092

Time =       0.27 sec    Generated terms =     144894
             G10       1 Terms left      =      96206
                         Bytes used      =    7232216

Time =       0.43 sec    Generated terms =     217413
             G10       1 Terms left      =     150164
                         Bytes used      =   11042364

Time =       0.58 sec    Generated terms =     289894
             G10       1 Terms left      =     204379
                         Bytes used      =   14844048

Time =       0.73 sec    Generated terms =     362325
             G10       1 Terms left      =     257355
                         Bytes used      =   18543000

Time =       0.87 sec    Generated terms =     437918
             G10       1 Terms left      =     302682
                         Bytes used      =   21908872

Time =       1.02 sec    Generated terms =     509584
             G10       1 Terms left      =     360102
                         Bytes used      =   26227672

Time =       1.17 sec    Generated terms =     581272
             G10       1 Terms left      =     418362
                         Bytes used      =   30355848

Time =       1.31 sec    Generated terms =     652980
             G10       1 Terms left      =     475821
                         Bytes used      =   34401908

Time =       1.47 sec    Generated terms =     724648
             G10       1 Terms left      =     531520
                         Bytes used      =   38299584

Time =       1.61 sec    Generated terms =     796775
             G10       1 Terms left      =     586095
                         Bytes used      =   42430324

Time =       1.76 sec    Generated terms =     869424
             G10       1 Terms left      =     648936
                         Bytes used      =   47124204

Time =       1.91 sec    Generated terms =     942108
             G10       1 Terms left      =     712274
                         Bytes used      =   51583192

Time =       2.07 sec    Generated terms =    1014786
             G10       1 Terms left      =     775620
                         Bytes used      =   56013508

Time =       2.24 sec    Generated terms =    1086969
             G10       1 Terms left      =     839771
                         Bytes used      =   60497060

Time =       2.40 sec    Generated terms =    1159608
             G10       1 Terms left      =     899111
                         Bytes used      =   64961056

Time =       2.56 sec    Generated terms =    1231498
             G10       1 Terms left      =     959139
                         Bytes used      =   69474280

Time =       2.73 sec    Generated terms =    1304093
             G10       1 Terms left      =    1023177
                         Bytes used      =   73940052

Time =       2.88 sec    Generated terms =    1376686
             G10       1 Terms left      =    1086926
                         Bytes used      =   78350660

Time =       3.05 sec    Generated terms =    1449313
             G10       1 Terms left      =    1150276
                         Bytes used      =   82723208

Time =       3.21 sec    Generated terms =    1521899
             G10       1 Terms left      =    1209971
                         Bytes used      =   87104168

Time =       3.36 sec    Generated terms =    1594069
             G10       1 Terms left      =    1273610
                         Bytes used      =   91752120

Time =       3.53 sec    Generated terms =    1666403
             G10       1 Terms left      =    1337365
                         Bytes used      =   96118672

Time =       3.69 sec    Generated terms =    1739031
             G10       1 Terms left      =    1401423
                         Bytes used      =  100385544

Time =       4.34 sec
             G10         Terms active    =    1030395
                         Bytes used      =   73232420

Time =       4.50 sec    Generated terms =    1811607
             G10       1 Terms left      =    1093626
                         Bytes used      =   77452728

Time =       4.65 sec    Generated terms =    1884215
             G10       1 Terms left      =    1153419
                         Bytes used      =   81681276

Time =       4.80 sec    Generated terms =    1956574
             G10       1 Terms left      =    1217225
                         Bytes used      =   86123180

Time =       4.94 sec    Generated terms =    2028761
             G10       1 Terms left      =    1277541
                         Bytes used      =   90226000

Time =       5.09 sec    Generated terms =    2101317
             G10       1 Terms left      =    1341679
                         Bytes used      =   94455312

Time =       5.25 sec    Generated terms =    2173930
             G10       1 Terms left      =    1404914
                         Bytes used      =   98617936

Time =       5.39 sec    Generated terms =    2246537
             G10       1 Terms left      =    1464745
                         Bytes used      =  102804440

Time =       5.54 sec    Generated terms =    2318966
             G10       1 Terms left      =    1528669
                         Bytes used      =  107193292

Time =       5.69 sec    Generated terms =    2391395
             G10       1 Terms left      =    1592668
                         Bytes used      =  111476752

Time =       5.84 sec    Generated terms =    2463630
             G10       1 Terms left      =    1654935
                         Bytes used      =  115672616

Time =       5.99 sec    Generated terms =    2536258
             G10       1 Terms left      =    1718148
                         Bytes used      =  119844852

Time =       6.14 sec    Generated terms =    2608865
             G10       1 Terms left      =    1778184
                         Bytes used      =  124053088

Time =       6.30 sec    Generated terms =    2681286
             G10       1 Terms left      =    1842121
                         Bytes used      =  128459356

Time =       6.46 sec    Generated terms =    2753910
             G10       1 Terms left      =    1906159
                         Bytes used      =  132696136

Time =       6.62 sec    Generated terms =    2825954
             G10       1 Terms left      =    1966511
                         Bytes used      =  136823248

Time =       6.78 sec    Generated terms =    2898574
             G10       1 Terms left      =    2029694
                         Bytes used      =  141002348

Time =       6.94 sec    Generated terms =    2971202
             G10       1 Terms left      =    2089814
                         Bytes used      =  145215368

Time =       7.10 sec    Generated terms =    3043601
             G10       1 Terms left      =    2153482
                         Bytes used      =  149633044

Time =       7.25 sec    Generated terms =    3116220
             G10       1 Terms left      =    2217485
                         Bytes used      =  153879412

Time =       7.40 sec    Generated terms =    3188714
             G10       1 Terms left      =    2281396
                         Bytes used      =  158138816

Time =       7.56 sec    Generated terms =    3260896
             G10       1 Terms left      =    2341527
                         Bytes used      =  162214696

Time =       7.73 sec    Generated terms =    3333523
             G10       1 Terms left      =    2401669
                         Bytes used      =  166397428

Time =       7.88 sec    Generated terms =    3405922
             G10       1 Terms left      =    2465237
                         Bytes used      =  170786864

Time =       8.60 sec
             G10         Terms active    =    1993043
                         Bytes used      =  139167744

Time =       8.76 sec    Generated terms =    3478533
             G10       1 Terms left      =    2057002
                         Bytes used      =  143392344

Time =       8.91 sec    Generated terms =    3551096
             G10       1 Terms left      =    2121051
                         Bytes used      =  147621668

Time =       9.07 sec    Generated terms =    3623231
             G10       1 Terms left      =    2181429
                         Bytes used      =  151696752

Time =       9.08 sec    Generated terms =    3628800
             G10       1 Terms left      =    2186042
                         Bytes used      =  152032572

Time =       9.21 sec
             G10         Terms active    =    2151169
                         Bytes used      =  149654660

Time =      10.25 sec    Generated terms =    3628800
             G10         Terms in output =    1436714
                         Bytes used      =  100227244
  10.33 sec out of 17.26 sec
