FORM 4.1 (May 11 2015) 64-bits                   Run: Fri Dec 11 17:32:18 2015
    #-
~~~tree level
~~~COLOR STRUCTURE - BEGIN
~~~COLOR STRUCTURE - END
~~~DIRAC TRACE -  BEGIN
~~~CHECKING TRACE ORDERING
~~~DIRAC TRACE - END
~~~~~~~~~~~~~~~~~~~~~~~~~~~~~~~~~~~~~~~~~~~~~~~~~~~~~~~~~~~~~~~~~~~~~~~~~~~
~~~tree level matrix element squared for q qbar -> t tbar Z 
~~~in agreement with openloops and GoSam
~~~~~~~~~~~~~~~~~~~~~~~~~~~~~~~~~~~~~~~~~~~~~~~~~~~~~~~~~~~~~~~~~~~~~~~~~~~

   [qqttZtreelevel] =

       + prop(p1 + p2)^2*propM(p1 + p2 - p3)^2*MZ^-2*Nc^-2*[Nc^2-1]*cw^-2*
      sw^-2*aem*Pi * (
          + 4*p1dp4*p2dp3^3
          + 4*p1dp3*p2dp3^2*p2dp4
          + 8*p1dp3*p1dp4*p2dp3^2
          + 8*p1dp3^2*p2dp3*p2dp4
          + 4*p1dp3^2*p1dp4*p2dp3
          + 4*p1dp3^3*p2dp4
          - 8*p1dp2*p1dp4*p2dp3^2
          - 8*p1dp2*p1dp3*p2dp3*p2dp4
          - 8*p1dp2*p1dp3*p1dp4*p2dp3
          - 8*p1dp2*p1dp3^2*p2dp4
          + 4*p1dp2^2*p1dp4*p2dp3
          + 4*p1dp2^2*p1dp3*p2dp4
          - 8*a*p1dp3*p2dp3*p3dp4
          + 8*a*p1dp3*p2dp3*p2dp4
          + 8*a*p1dp3*p2dp3^2
          + 8*a*p1dp3*p1dp4*p2dp3
          + 8*a*p1dp3^2*p2dp3
          - 4*a*p1dp2*p2dp3^2
          - 16*a*p1dp2*p1dp3*p2dp3
          - 4*a*p1dp2*p1dp3^2
          + 4*a*p1dp2^2*p3dp4
          - 4*a*p1dp2^2*p2dp4
          + 4*a*p1dp2^2*p2dp3
          - 4*a*p1dp2^2*p1dp4
          + 4*a*p1dp2^2*p1dp3
          + 8*a^2*p1dp3*p2dp3
          - 4*a^2*p1dp2*p3dp4
          + 4*a^2*p1dp2*p2dp4
          + 4*a^2*p1dp2*p2dp3
          + 4*a^2*p1dp2*p1dp4
          + 4*a^2*p1dp2*p1dp3
          - 8*a^2*p1dp2^2
          + 4*a^3*p1dp2
          )

       + prop(p1 + p2)^2*propM(p1 + p2 - p3)^2*MZ^-2*Nc^-2*[Nc^2-1]*cw^-2*aem*
      Pi * (
          - 32/3*p1dp4*p2dp3^3
          - 32/3*p1dp3*p2dp3^2*p2dp4
          - 64/3*p1dp3*p1dp4*p2dp3^2
          - 64/3*p1dp3^2*p2dp3*p2dp4
          - 32/3*p1dp3^2*p1dp4*p2dp3
          - 32/3*p1dp3^3*p2dp4
          + 64/3*p1dp2*p1dp4*p2dp3^2
          + 64/3*p1dp2*p1dp3*p2dp3*p2dp4
          + 64/3*p1dp2*p1dp3*p1dp4*p2dp3
          + 64/3*p1dp2*p1dp3^2*p2dp4
          - 32/3*p1dp2^2*p1dp4*p2dp3
          - 32/3*p1dp2^2*p1dp3*p2dp4
          + 32/3*a*p1dp2*p2dp3^2
          + 64/3*a*p1dp2*p1dp3*p2dp3
          + 32/3*a*p1dp2*p1dp3^2
          - 64/3*a*p1dp2^2*p2dp3
          - 64/3*a*p1dp2^2*p1dp3
          + 32/3*a*p1dp2^3
          )

       + prop(p1 + p2)^2*propM(p1 + p2 - p3)^2*MZ^-2*Nc^-2*[Nc^2-1]*cw^-2*sw^2
      *aem*Pi * (
          + 128/9*p1dp4*p2dp3^3
          + 128/9*p1dp3*p2dp3^2*p2dp4
          + 256/9*p1dp3*p1dp4*p2dp3^2
          + 256/9*p1dp3^2*p2dp3*p2dp4
          + 128/9*p1dp3^2*p1dp4*p2dp3
          + 128/9*p1dp3^3*p2dp4
          - 256/9*p1dp2*p1dp4*p2dp3^2
          - 256/9*p1dp2*p1dp3*p2dp3*p2dp4
          - 256/9*p1dp2*p1dp3*p1dp4*p2dp3
          - 256/9*p1dp2*p1dp3^2*p2dp4
          + 128/9*p1dp2^2*p1dp4*p2dp3
          + 128/9*p1dp2^2*p1dp3*p2dp4
          - 128/9*a*p1dp2*p2dp3^2
          - 256/9*a*p1dp2*p1dp3*p2dp3
          - 128/9*a*p1dp2*p1dp3^2
          + 256/9*a*p1dp2^2*p2dp3
          + 256/9*a*p1dp2^2*p1dp3
          - 128/9*a*p1dp2^3
          )

       + prop(p1 + p2)^2*propM(p1 + p2 - p3)^2*Nc^-2*[Nc^2-1]*cw^-2*sw^-2*aem*
      Pi * (
          - 4*p1dp4*p2dp3^2
          - 8*p1dp3*p2dp3*p3dp4
          + 4*p1dp3*p2dp3*p2dp4
          + 4*p1dp3*p1dp4*p2dp3
          - 4*p1dp3^2*p2dp4
          + 4*p1dp2*p2dp3*p3dp4
          - 4*p1dp2*p2dp3*p2dp4
          + 4*p1dp2*p1dp3*p3dp4
          - 4*p1dp2*p1dp3*p1dp4
          - 4*a*p1dp2*p3dp4
          + 4*a*p1dp2*p2dp4
          + 4*a*p1dp2*p1dp4
          )

       + prop(p1 + p2)^2*propM(p1 + p2 - p3)^2*Nc^-2*[Nc^2-1]*cw^-2*aem*Pi
       * (
          + 32/3*p1dp4*p2dp3^2
          + 64/3*p1dp3*p2dp3*p3dp4
          - 32/3*p1dp3*p2dp3*p2dp4
          - 32/3*p1dp3*p1dp4*p2dp3
          + 32/3*p1dp3^2*p2dp4
          - 32/3*p1dp2*p2dp3*p3dp4
          + 32/3*p1dp2*p2dp3*p2dp4
          - 32/3*p1dp2*p1dp3*p3dp4
          + 32/3*p1dp2*p1dp3*p1dp4
          - 128/3*a*p1dp3*p2dp3
          + 32/3*a*p1dp2*p3dp4
          - 32/3*a*p1dp2*p2dp4
          - 32/3*a*p1dp2*p1dp4
          + 64/3*a*p1dp2^2
          - 64/3*a^2*p1dp2
          )

       + prop(p1 + p2)^2*propM(p1 + p2 - p3)^2*Nc^-2*[Nc^2-1]*cw^-2*sw^2*aem*
      Pi * (
          - 128/9*p1dp4*p2dp3^2
          - 256/9*p1dp3*p2dp3*p3dp4
          + 128/9*p1dp3*p2dp3*p2dp4
          + 128/9*p1dp3*p1dp4*p2dp3
          - 128/9*p1dp3^2*p2dp4
          + 128/9*p1dp2*p2dp3*p3dp4
          - 128/9*p1dp2*p2dp3*p2dp4
          + 128/9*p1dp2*p1dp3*p3dp4
          - 128/9*p1dp2*p1dp3*p1dp4
          + 512/9*a*p1dp3*p2dp3
          - 128/9*a*p1dp2*p3dp4
          + 128/9*a*p1dp2*p2dp4
          + 128/9*a*p1dp2*p1dp4
          - 256/9*a*p1dp2^2
          + 256/9*a^2*p1dp2
          )

       + prop(p1 + p2)^2*propM(p1 + p2 - p3)*propM(p1 + p2 - p4)*MZ^-2*Nc^-2*
      [Nc^2-1]*cw^-2*sw^-2*aem*Pi * (
          - 8*p1dp4*p2dp3^2*p2dp4
          - 8*p1dp4^2*p2dp3^2
          - 8*p1dp3*p2dp3*p2dp4^2
          - 16*p1dp3*p1dp4*p2dp3*p2dp4
          - 8*p1dp3*p1dp4^2*p2dp3
          - 8*p1dp3^2*p2dp4^2
          - 8*p1dp3^2*p1dp4*p2dp4
          + 8*p1dp2*p1dp4*p2dp3*p2dp4
          + 8*p1dp2*p1dp4*p2dp3^2
          + 8*p1dp2*p1dp4^2*p2dp3
          + 8*p1dp2*p1dp3*p2dp4^2
          + 8*p1dp2*p1dp3*p2dp3*p2dp4
          + 8*p1dp2*p1dp3*p1dp4*p2dp4
          + 8*p1dp2*p1dp3*p1dp4*p2dp3
          + 8*p1dp2*p1dp3^2*p2dp4
          - 8*p1dp2^2*p1dp4*p2dp3
          - 8*p1dp2^2*p1dp3*p2dp4
          + 8*a*p1dp4*p2dp3*p3dp4
          - 8*a*p1dp4*p2dp3*p2dp4
          - 8*a*p1dp4*p2dp3^2
          - 8*a*p1dp4^2*p2dp3
          + 8*a*p1dp3*p2dp4*p3dp4
          - 8*a*p1dp3*p2dp4^2
          - 8*a*p1dp3*p2dp3*p2dp4
          - 8*a*p1dp3*p1dp4*p2dp4
          - 8*a*p1dp3*p1dp4*p2dp3
          - 8*a*p1dp3^2*p2dp4
          - 8*a*p1dp2*p3dp4^2
          + 8*a*p1dp2*p2dp4*p3dp4
          - 4*a*p1dp2*p2dp4^2
          + 8*a*p1dp2*p2dp3*p3dp4
          - 4*a*p1dp2*p2dp3^2
          + 8*a*p1dp2*p1dp4*p3dp4
          + 16*a*p1dp2*p1dp4*p2dp3
          - 4*a*p1dp2*p1dp4^2
          + 8*a*p1dp2*p1dp3*p3dp4
          + 16*a*p1dp2*p1dp3*p2dp4
          - 4*a*p1dp2*p1dp3^2
          - 8*a*p1dp2^2*p3dp4
          - 8*a^2*p1dp4*p2dp3
          - 8*a^2*p1dp3*p2dp4
          + 8*a^2*p1dp2*p3dp4
          )

       + prop(p1 + p2)^2*propM(p1 + p2 - p3)*propM(p1 + p2 - p4)*MZ^-2*Nc^-2*
      [Nc^2-1]*cw^-2*aem*Pi * (
          + 64/3*p1dp4*p2dp3^2*p2dp4
          + 64/3*p1dp4^2*p2dp3^2
          + 64/3*p1dp3*p2dp3*p2dp4^2
          + 128/3*p1dp3*p1dp4*p2dp3*p2dp4
          + 64/3*p1dp3*p1dp4^2*p2dp3
          + 64/3*p1dp3^2*p2dp4^2
          + 64/3*p1dp3^2*p1dp4*p2dp4
          - 64/3*p1dp2*p1dp4*p2dp3*p2dp4
          - 64/3*p1dp2*p1dp4*p2dp3^2
          - 64/3*p1dp2*p1dp4^2*p2dp3
          - 64/3*p1dp2*p1dp3*p2dp4^2
          - 64/3*p1dp2*p1dp3*p2dp3*p2dp4
          - 64/3*p1dp2*p1dp3*p1dp4*p2dp4
          - 64/3*p1dp2*p1dp3*p1dp4*p2dp3
          - 64/3*p1dp2*p1dp3^2*p2dp4
          + 64/3*p1dp2^2*p1dp4*p2dp3
          + 64/3*p1dp2^2*p1dp3*p2dp4
          - 64/3*a*p1dp2*p2dp3*p2dp4
          - 64/3*a*p1dp2*p1dp4*p2dp3
          - 64/3*a*p1dp2*p1dp3*p2dp4
          - 64/3*a*p1dp2*p1dp3*p1dp4
          + 64/3*a*p1dp2^2*p2dp4
          + 64/3*a*p1dp2^2*p2dp3
          + 64/3*a*p1dp2^2*p1dp4
          + 64/3*a*p1dp2^2*p1dp3
          - 64/3*a*p1dp2^3
          )

       + prop(p1 + p2)^2*propM(p1 + p2 - p3)*propM(p1 + p2 - p4)*MZ^-2*Nc^-2*
      [Nc^2-1]*cw^-2*sw^2*aem*Pi * (
          - 256/9*p1dp4*p2dp3^2*p2dp4
          - 256/9*p1dp4^2*p2dp3^2
          - 256/9*p1dp3*p2dp3*p2dp4^2
          - 512/9*p1dp3*p1dp4*p2dp3*p2dp4
          - 256/9*p1dp3*p1dp4^2*p2dp3
          - 256/9*p1dp3^2*p2dp4^2
          - 256/9*p1dp3^2*p1dp4*p2dp4
          + 256/9*p1dp2*p1dp4*p2dp3*p2dp4
          + 256/9*p1dp2*p1dp4*p2dp3^2
          + 256/9*p1dp2*p1dp4^2*p2dp3
          + 256/9*p1dp2*p1dp3*p2dp4^2
          + 256/9*p1dp2*p1dp3*p2dp3*p2dp4
          + 256/9*p1dp2*p1dp3*p1dp4*p2dp4
          + 256/9*p1dp2*p1dp3*p1dp4*p2dp3
          + 256/9*p1dp2*p1dp3^2*p2dp4
          - 256/9*p1dp2^2*p1dp4*p2dp3
          - 256/9*p1dp2^2*p1dp3*p2dp4
          + 256/9*a*p1dp2*p2dp3*p2dp4
          + 256/9*a*p1dp2*p1dp4*p2dp3
          + 256/9*a*p1dp2*p1dp3*p2dp4
          + 256/9*a*p1dp2*p1dp3*p1dp4
          - 256/9*a*p1dp2^2*p2dp4
          - 256/9*a*p1dp2^2*p2dp3
          - 256/9*a*p1dp2^2*p1dp4
          - 256/9*a*p1dp2^2*p1dp3
          + 256/9*a*p1dp2^3
          )

       + prop(p1 + p2)^2*propM(p1 + p2 - p3)*propM(p1 + p2 - p4)*Nc^-2*
      [Nc^2-1]*cw^-2*sw^-2*aem*Pi * (
          + 8*p1dp4*p2dp3*p3dp4
          + 4*p1dp4*p2dp3*p2dp4
          - 4*p1dp4*p2dp3^2
          - 4*p1dp4^2*p2dp3
          + 8*p1dp3*p2dp4*p3dp4
          - 4*p1dp3*p2dp4^2
          + 4*p1dp3*p2dp3*p2dp4
          + 4*p1dp3*p1dp4*p2dp4
          + 4*p1dp3*p1dp4*p2dp3
          - 4*p1dp3^2*p2dp4
          - 8*p1dp2*p3dp4^2
          + 4*p1dp2*p2dp4*p3dp4
          + 4*p1dp2*p2dp3*p3dp4
          + 4*p1dp2*p1dp4*p3dp4
          + 4*p1dp2*p1dp3*p3dp4
          - 8*p1dp2^2*p3dp4
          + 4*a*p1dp2*p2dp4
          + 4*a*p1dp2*p2dp3
          + 4*a*p1dp2*p1dp4
          + 4*a*p1dp2*p1dp3
          )

       + prop(p1 + p2)^2*propM(p1 + p2 - p3)*propM(p1 + p2 - p4)*Nc^-2*
      [Nc^2-1]*cw^-2*aem*Pi * (
          - 64/3*p1dp4*p2dp3*p3dp4
          - 32/3*p1dp4*p2dp3*p2dp4
          + 32/3*p1dp4*p2dp3^2
          + 32/3*p1dp4^2*p2dp3
          - 64/3*p1dp3*p2dp4*p3dp4
          + 32/3*p1dp3*p2dp4^2
          - 32/3*p1dp3*p2dp3*p2dp4
          - 32/3*p1dp3*p1dp4*p2dp4
          - 32/3*p1dp3*p1dp4*p2dp3
          + 32/3*p1dp3^2*p2dp4
          + 64/3*p1dp2*p3dp4^2
          - 32/3*p1dp2*p2dp4*p3dp4
          - 32/3*p1dp2*p2dp3*p3dp4
          - 32/3*p1dp2*p1dp4*p3dp4
          - 32/3*p1dp2*p1dp3*p3dp4
          + 64/3*p1dp2^2*p3dp4
          + 128/3*a*p1dp4*p2dp3
          + 128/3*a*p1dp3*p2dp4
          - 128/3*a*p1dp2*p3dp4
          - 32/3*a*p1dp2*p2dp4
          - 32/3*a*p1dp2*p2dp3
          - 32/3*a*p1dp2*p1dp4
          - 32/3*a*p1dp2*p1dp3
          )

       + prop(p1 + p2)^2*propM(p1 + p2 - p3)*propM(p1 + p2 - p4)*Nc^-2*
      [Nc^2-1]*cw^-2*sw^2*aem*Pi * (
          + 256/9*p1dp4*p2dp3*p3dp4
          + 128/9*p1dp4*p2dp3*p2dp4
          - 128/9*p1dp4*p2dp3^2
          - 128/9*p1dp4^2*p2dp3
          + 256/9*p1dp3*p2dp4*p3dp4
          - 128/9*p1dp3*p2dp4^2
          + 128/9*p1dp3*p2dp3*p2dp4
          + 128/9*p1dp3*p1dp4*p2dp4
          + 128/9*p1dp3*p1dp4*p2dp3
          - 128/9*p1dp3^2*p2dp4
          - 256/9*p1dp2*p3dp4^2
          + 128/9*p1dp2*p2dp4*p3dp4
          + 128/9*p1dp2*p2dp3*p3dp4
          + 128/9*p1dp2*p1dp4*p3dp4
          + 128/9*p1dp2*p1dp3*p3dp4
          - 256/9*p1dp2^2*p3dp4
          - 512/9*a*p1dp4*p2dp3
          - 512/9*a*p1dp3*p2dp4
          + 512/9*a*p1dp2*p3dp4
          + 128/9*a*p1dp2*p2dp4
          + 128/9*a*p1dp2*p2dp3
          + 128/9*a*p1dp2*p1dp4
          + 128/9*a*p1dp2*p1dp3
          )

       + prop(p1 + p2)^2*propM(p1 + p2 - p4)^2*MZ^-2*Nc^-2*[Nc^2-1]*cw^-2*
      sw^-2*aem*Pi * (
          + 4*p1dp4*p2dp3*p2dp4^2
          + 8*p1dp4^2*p2dp3*p2dp4
          + 4*p1dp4^3*p2dp3
          + 4*p1dp3*p2dp4^3
          + 8*p1dp3*p1dp4*p2dp4^2
          + 4*p1dp3*p1dp4^2*p2dp4
          - 8*p1dp2*p1dp4*p2dp3*p2dp4
          - 8*p1dp2*p1dp4^2*p2dp3
          - 8*p1dp2*p1dp3*p2dp4^2
          - 8*p1dp2*p1dp3*p1dp4*p2dp4
          + 4*p1dp2^2*p1dp4*p2dp3
          + 4*p1dp2^2*p1dp3*p2dp4
          - 8*a*p1dp4*p2dp4*p3dp4
          + 8*a*p1dp4*p2dp4^2
          + 8*a*p1dp4*p2dp3*p2dp4
          + 8*a*p1dp4^2*p2dp4
          + 8*a*p1dp3*p1dp4*p2dp4
          - 4*a*p1dp2*p2dp4^2
          - 16*a*p1dp2*p1dp4*p2dp4
          - 4*a*p1dp2*p1dp4^2
          + 4*a*p1dp2^2*p3dp4
          + 4*a*p1dp2^2*p2dp4
          - 4*a*p1dp2^2*p2dp3
          + 4*a*p1dp2^2*p1dp4
          - 4*a*p1dp2^2*p1dp3
          + 8*a^2*p1dp4*p2dp4
          - 4*a^2*p1dp2*p3dp4
          + 4*a^2*p1dp2*p2dp4
          + 4*a^2*p1dp2*p2dp3
          + 4*a^2*p1dp2*p1dp4
          + 4*a^2*p1dp2*p1dp3
          - 8*a^2*p1dp2^2
          + 4*a^3*p1dp2
          )

       + prop(p1 + p2)^2*propM(p1 + p2 - p4)^2*MZ^-2*Nc^-2*[Nc^2-1]*cw^-2*aem*
      Pi * (
          - 32/3*p1dp4*p2dp3*p2dp4^2
          - 64/3*p1dp4^2*p2dp3*p2dp4
          - 32/3*p1dp4^3*p2dp3
          - 32/3*p1dp3*p2dp4^3
          - 64/3*p1dp3*p1dp4*p2dp4^2
          - 32/3*p1dp3*p1dp4^2*p2dp4
          + 64/3*p1dp2*p1dp4*p2dp3*p2dp4
          + 64/3*p1dp2*p1dp4^2*p2dp3
          + 64/3*p1dp2*p1dp3*p2dp4^2
          + 64/3*p1dp2*p1dp3*p1dp4*p2dp4
          - 32/3*p1dp2^2*p1dp4*p2dp3
          - 32/3*p1dp2^2*p1dp3*p2dp4
          + 32/3*a*p1dp2*p2dp4^2
          + 64/3*a*p1dp2*p1dp4*p2dp4
          + 32/3*a*p1dp2*p1dp4^2
          - 64/3*a*p1dp2^2*p2dp4
          - 64/3*a*p1dp2^2*p1dp4
          + 32/3*a*p1dp2^3
          )

       + prop(p1 + p2)^2*propM(p1 + p2 - p4)^2*MZ^-2*Nc^-2*[Nc^2-1]*cw^-2*sw^2
      *aem*Pi * (
          + 128/9*p1dp4*p2dp3*p2dp4^2
          + 256/9*p1dp4^2*p2dp3*p2dp4
          + 128/9*p1dp4^3*p2dp3
          + 128/9*p1dp3*p2dp4^3
          + 256/9*p1dp3*p1dp4*p2dp4^2
          + 128/9*p1dp3*p1dp4^2*p2dp4
          - 256/9*p1dp2*p1dp4*p2dp3*p2dp4
          - 256/9*p1dp2*p1dp4^2*p2dp3
          - 256/9*p1dp2*p1dp3*p2dp4^2
          - 256/9*p1dp2*p1dp3*p1dp4*p2dp4
          + 128/9*p1dp2^2*p1dp4*p2dp3
          + 128/9*p1dp2^2*p1dp3*p2dp4
          - 128/9*a*p1dp2*p2dp4^2
          - 256/9*a*p1dp2*p1dp4*p2dp4
          - 128/9*a*p1dp2*p1dp4^2
          + 256/9*a*p1dp2^2*p2dp4
          + 256/9*a*p1dp2^2*p1dp4
          - 128/9*a*p1dp2^3
          )

       + prop(p1 + p2)^2*propM(p1 + p2 - p4)^2*Nc^-2*[Nc^2-1]*cw^-2*sw^-2*aem*
      Pi * (
          - 8*p1dp4*p2dp4*p3dp4
          + 4*p1dp4*p2dp3*p2dp4
          - 4*p1dp4^2*p2dp3
          - 4*p1dp3*p2dp4^2
          + 4*p1dp3*p1dp4*p2dp4
          + 4*p1dp2*p2dp4*p3dp4
          - 4*p1dp2*p2dp3*p2dp4
          + 4*p1dp2*p1dp4*p3dp4
          - 4*p1dp2*p1dp3*p1dp4
          - 4*a*p1dp2*p3dp4
          + 4*a*p1dp2*p2dp3
          + 4*a*p1dp2*p1dp3
          )

       + prop(p1 + p2)^2*propM(p1 + p2 - p4)^2*Nc^-2*[Nc^2-1]*cw^-2*aem*Pi
       * (
          + 64/3*p1dp4*p2dp4*p3dp4
          - 32/3*p1dp4*p2dp3*p2dp4
          + 32/3*p1dp4^2*p2dp3
          + 32/3*p1dp3*p2dp4^2
          - 32/3*p1dp3*p1dp4*p2dp4
          - 32/3*p1dp2*p2dp4*p3dp4
          + 32/3*p1dp2*p2dp3*p2dp4
          - 32/3*p1dp2*p1dp4*p3dp4
          + 32/3*p1dp2*p1dp3*p1dp4
          - 128/3*a*p1dp4*p2dp4
          + 32/3*a*p1dp2*p3dp4
          - 32/3*a*p1dp2*p2dp3
          - 32/3*a*p1dp2*p1dp3
          + 64/3*a*p1dp2^2
          - 64/3*a^2*p1dp2
          )

       + prop(p1 + p2)^2*propM(p1 + p2 - p4)^2*Nc^-2*[Nc^2-1]*cw^-2*sw^2*aem*
      Pi * (
          - 256/9*p1dp4*p2dp4*p3dp4
          + 128/9*p1dp4*p2dp3*p2dp4
          - 128/9*p1dp4^2*p2dp3
          - 128/9*p1dp3*p2dp4^2
          + 128/9*p1dp3*p1dp4*p2dp4
          + 128/9*p1dp2*p2dp4*p3dp4
          - 128/9*p1dp2*p2dp3*p2dp4
          + 128/9*p1dp2*p1dp4*p3dp4
          - 128/9*p1dp2*p1dp3*p1dp4
          + 512/9*a*p1dp4*p2dp4
          - 128/9*a*p1dp2*p3dp4
          + 128/9*a*p1dp2*p2dp3
          + 128/9*a*p1dp2*p1dp3
          - 256/9*a*p1dp2^2
          + 256/9*a^2*p1dp2
          )

       + prop(p1 + p2)*prop(p3 + p4)*prop( - p1 + p3 + p4)*propM(p1 + p2 - p3)
      *MZ^-2*Nc^-2*[Nc^2-1]*I3q*cw^-2*sw^-2*aem*Pi * (
          + 16*p1dp4*p2dp3^2*p3dp4
          - 16*p1dp4^2*p2dp3^2
          + 16*p1dp3*p1dp4*p2dp3*p3dp4
          - 16*p1dp3*p1dp4*p2dp3^2
          - 16*p1dp3*p1dp4^2*p2dp3
          - 16*p1dp3^2*p1dp4*p2dp3
          - 16*p1dp2*p1dp4*p2dp3*p3dp4
          + 16*p1dp2*p1dp4^2*p2dp3
          + 16*p1dp2*p1dp3*p1dp4*p2dp3
          - 16*a*p1dp4*p2dp3^2
          - 16*a*p1dp3*p1dp4*p2dp3
          - 8*a*p1dp2*p2dp4*p3dp4
          - 16*a*p1dp2*p2dp3*p3dp4
          + 8*a*p1dp2*p1dp4*p3dp4
          + 8*a*p1dp2*p1dp4*p2dp4
          + 32*a*p1dp2*p1dp4*p2dp3
          - 8*a*p1dp2*p1dp4^2
          + 8*a*p1dp2*p1dp3*p2dp4
          + 16*a*p1dp2*p1dp3*p2dp3
          - 8*a*p1dp2*p1dp3*p1dp4
          + 8*a*p1dp2^2*p3dp4
          - 8*a*p1dp2^2*p1dp4
          - 8*a*p1dp2^2*p1dp3
          + 8*a^2*p1dp2*p2dp4
          + 16*a^2*p1dp2*p2dp3
          - 8*a^2*p1dp2*p1dp4
          - 8*a^2*p1dp2^2
          )

       + prop(p1 + p2)*prop(p3 + p4)*prop( - p1 + p3 + p4)*propM(p1 + p2 - p3)
      *MZ^-2*Nc^-2*[Nc^2-1]*I3q*cw^-2*aem*Pi * (
          - 64/3*p1dp4*p2dp3^2*p3dp4
          + 64/3*p1dp4^2*p2dp3^2
          - 64/3*p1dp3*p2dp3*p2dp4*p3dp4
          - 64/3*p1dp3*p1dp4*p2dp3*p3dp4
          + 64/3*p1dp3*p1dp4*p2dp3*p2dp4
          + 64/3*p1dp3*p1dp4*p2dp3^2
          + 64/3*p1dp3*p1dp4^2*p2dp3
          - 64/3*p1dp3^2*p2dp4*p3dp4
          + 64/3*p1dp3^2*p2dp3*p2dp4
          + 64/3*p1dp3^2*p1dp4*p2dp4
          + 64/3*p1dp3^2*p1dp4*p2dp3
          + 64/3*p1dp3^3*p2dp4
          + 64/3*p1dp2*p1dp4*p2dp3*p3dp4
          - 64/3*p1dp2*p1dp4^2*p2dp3
          + 64/3*p1dp2*p1dp3*p2dp4*p3dp4
          - 64/3*p1dp2*p1dp3*p1dp4*p2dp4
          - 64/3*p1dp2*p1dp3*p1dp4*p2dp3
          - 64/3*p1dp2*p1dp3^2*p2dp4
          + 64/3*a*p1dp4*p2dp3^2
          + 64/3*a*p1dp3*p2dp3*p2dp4
          + 64/3*a*p1dp3*p1dp4*p2dp3
          + 64/3*a*p1dp3^2*p2dp4
          + 64/3*a*p1dp2*p2dp3*p3dp4
          - 128/3*a*p1dp2*p1dp4*p2dp3
          + 64/3*a*p1dp2*p1dp3*p3dp4
          - 64/3*a*p1dp2*p1dp3*p2dp4
          - 64/3*a*p1dp2*p1dp3*p2dp3
          - 64/3*a*p1dp2*p1dp3*p1dp4
          - 64/3*a*p1dp2*p1dp3^2
          - 64/3*a*p1dp2^2*p3dp4
          + 64/3*a*p1dp2^2*p1dp4
          + 64/3*a*p1dp2^2*p1dp3
          - 64/3*a^2*p1dp2*p2dp3
          - 64/3*a^2*p1dp2*p1dp3
          + 64/3*a^2*p1dp2^2
          )

       + prop(p1 + p2)*prop(p3 + p4)*prop( - p1 + p3 + p4)*propM(p1 + p2 - p3)
      *MZ^-2*Nc^-2*[Nc^2-1]*Qq*cw^-2*aem*Pi * (
          - 16*p1dp4*p2dp3^2*p3dp4
          + 16*p1dp4^2*p2dp3^2
          - 16*p1dp3*p2dp3*p2dp4*p3dp4
          - 16*p1dp3*p1dp4*p2dp3*p3dp4
          + 16*p1dp3*p1dp4*p2dp3*p2dp4
          + 16*p1dp3*p1dp4*p2dp3^2
          + 16*p1dp3*p1dp4^2*p2dp3
          - 16*p1dp3^2*p2dp4*p3dp4
          + 16*p1dp3^2*p2dp3*p2dp4
          + 16*p1dp3^2*p1dp4*p2dp4
          + 16*p1dp3^2*p1dp4*p2dp3
          + 16*p1dp3^3*p2dp4
          + 16*p1dp2*p1dp4*p2dp3*p3dp4
          - 16*p1dp2*p1dp4^2*p2dp3
          + 16*p1dp2*p1dp3*p2dp4*p3dp4
          - 16*p1dp2*p1dp3*p1dp4*p2dp4
          - 16*p1dp2*p1dp3*p1dp4*p2dp3
          - 16*p1dp2*p1dp3^2*p2dp4
          + 16*a*p1dp4*p2dp3^2
          + 16*a*p1dp3*p2dp3*p2dp4
          + 16*a*p1dp3*p1dp4*p2dp3
          + 16*a*p1dp3^2*p2dp4
          + 16*a*p1dp2*p2dp3*p3dp4
          - 32*a*p1dp2*p1dp4*p2dp3
          + 16*a*p1dp2*p1dp3*p3dp4
          - 16*a*p1dp2*p1dp3*p2dp4
          - 16*a*p1dp2*p1dp3*p2dp3
          - 16*a*p1dp2*p1dp3*p1dp4
          - 16*a*p1dp2*p1dp3^2
          - 16*a*p1dp2^2*p3dp4
          + 16*a*p1dp2^2*p1dp4
          + 16*a*p1dp2^2*p1dp3
          - 16*a^2*p1dp2*p2dp3
          - 16*a^2*p1dp2*p1dp3
          + 16*a^2*p1dp2^2
          )

       + prop(p1 + p2)*prop(p3 + p4)*prop( - p1 + p3 + p4)*propM(p1 + p2 - p3)
      *MZ^-2*Nc^-2*[Nc^2-1]*Qq*cw^-2*sw^2*aem*Pi * (
          + 128/3*p1dp4*p2dp3^2*p3dp4
          - 128/3*p1dp4^2*p2dp3^2
          + 128/3*p1dp3*p2dp3*p2dp4*p3dp4
          + 128/3*p1dp3*p1dp4*p2dp3*p3dp4
          - 128/3*p1dp3*p1dp4*p2dp3*p2dp4
          - 128/3*p1dp3*p1dp4*p2dp3^2
          - 128/3*p1dp3*p1dp4^2*p2dp3
          + 128/3*p1dp3^2*p2dp4*p3dp4
          - 128/3*p1dp3^2*p2dp3*p2dp4
          - 128/3*p1dp3^2*p1dp4*p2dp4
          - 128/3*p1dp3^2*p1dp4*p2dp3
          - 128/3*p1dp3^3*p2dp4
          - 128/3*p1dp2*p1dp4*p2dp3*p3dp4
          + 128/3*p1dp2*p1dp4^2*p2dp3
          - 128/3*p1dp2*p1dp3*p2dp4*p3dp4
          + 128/3*p1dp2*p1dp3*p1dp4*p2dp4
          + 128/3*p1dp2*p1dp3*p1dp4*p2dp3
          + 128/3*p1dp2*p1dp3^2*p2dp4
          - 128/3*a*p1dp4*p2dp3^2
          - 128/3*a*p1dp3*p2dp3*p2dp4
          - 128/3*a*p1dp3*p1dp4*p2dp3
          - 128/3*a*p1dp3^2*p2dp4
          - 128/3*a*p1dp2*p2dp3*p3dp4
          + 256/3*a*p1dp2*p1dp4*p2dp3
          - 128/3*a*p1dp2*p1dp3*p3dp4
          + 128/3*a*p1dp2*p1dp3*p2dp4
          + 128/3*a*p1dp2*p1dp3*p2dp3
          + 128/3*a*p1dp2*p1dp3*p1dp4
          + 128/3*a*p1dp2*p1dp3^2
          + 128/3*a*p1dp2^2*p3dp4
          - 128/3*a*p1dp2^2*p1dp4
          - 128/3*a*p1dp2^2*p1dp3
          + 128/3*a^2*p1dp2*p2dp3
          + 128/3*a^2*p1dp2*p1dp3
          - 128/3*a^2*p1dp2^2
          )

       + prop(p1 + p2)*prop(p3 + p4)*prop( - p1 + p3 + p4)*propM(p1 + p2 - p3)
      *Nc^-2*[Nc^2-1]*I3q*cw^-2*sw^-2*aem*Pi * (
          - 8*p1dp4*p2dp3*p3dp4
          - 8*p1dp4*p2dp3*p2dp4
          - 8*p1dp3*p2dp4*p3dp4
          + 8*p1dp3*p2dp4^2
          + 8*p1dp3*p1dp4*p2dp3
          + 8*p1dp3^2*p2dp4
          + 8*p1dp2*p3dp4^2
          - 8*p1dp2*p2dp4*p3dp4
          - 8*p1dp2*p1dp4*p2dp3
          - 8*p1dp2*p1dp3*p3dp4
          - 8*p1dp2*p1dp3*p2dp4
          + 8*p1dp2^2*p3dp4
          + 12*a*p1dp4*p2dp3
          + 12*a*p1dp3*p2dp4
          + 8*a*p1dp3*p2dp3
          - 12*a*p1dp2*p3dp4
          + 8*a*p1dp2*p2dp4
          - 8*a*p1dp2^2
          + 4*a^2*p1dp2
          )

       + prop(p1 + p2)*prop(p3 + p4)*prop( - p1 + p3 + p4)*propM(p1 + p2 - p3)
      *Nc^-2*[Nc^2-1]*I3q*cw^-2*aem*Pi * (
          + 32/3*p1dp4*p2dp3*p3dp4
          + 32/3*p1dp4*p2dp3*p2dp4
          + 32/3*p1dp3*p2dp4*p3dp4
          - 32/3*p1dp3*p2dp4^2
          + 64/3*p1dp3*p2dp3*p3dp4
          - 32*p1dp3*p1dp4*p2dp3
          - 32/3*p1dp3^2*p2dp4
          - 32/3*p1dp2*p3dp4^2
          + 32/3*p1dp2*p2dp4*p3dp4
          + 32/3*p1dp2*p1dp4*p2dp3
          - 32/3*p1dp2*p1dp3*p3dp4
          + 32/3*p1dp2*p1dp3*p2dp4
          + 64/3*p1dp2*p1dp3*p1dp4
          - 32/3*p1dp2^2*p3dp4
          - 64/3*a*p1dp4*p2dp3
          - 64/3*a*p1dp3*p2dp4
          - 128/3*a*p1dp3*p2dp3
          + 32*a*p1dp2*p3dp4
          - 32/3*a*p1dp2*p2dp4
          + 32*a*p1dp2*p1dp3
          + 32/3*a*p1dp2^2
          - 64/3*a^2*p1dp2
          )

       + prop(p1 + p2)*prop(p3 + p4)*prop( - p1 + p3 + p4)*propM(p1 + p2 - p3)
      *Nc^-2*[Nc^2-1]*Qq*cw^-2*aem*Pi * (
          + 8*p1dp4*p2dp3*p3dp4
          + 8*p1dp4*p2dp3*p2dp4
          + 8*p1dp3*p2dp4*p3dp4
          - 8*p1dp3*p2dp4^2
          + 16*p1dp3*p2dp3*p3dp4
          - 24*p1dp3*p1dp4*p2dp3
          - 8*p1dp3^2*p2dp4
          - 8*p1dp2*p3dp4^2
          + 8*p1dp2*p2dp4*p3dp4
          + 8*p1dp2*p1dp4*p2dp3
          - 8*p1dp2*p1dp3*p3dp4
          + 8*p1dp2*p1dp3*p2dp4
          + 16*p1dp2*p1dp3*p1dp4
          - 8*p1dp2^2*p3dp4
          - 16*a*p1dp4*p2dp3
          - 16*a*p1dp3*p2dp4
          - 32*a*p1dp3*p2dp3
          + 24*a*p1dp2*p3dp4
          - 8*a*p1dp2*p2dp4
          + 24*a*p1dp2*p1dp3
          + 8*a*p1dp2^2
          - 16*a^2*p1dp2
          )

       + prop(p1 + p2)*prop(p3 + p4)*prop( - p1 + p3 + p4)*propM(p1 + p2 - p3)
      *Nc^-2*[Nc^2-1]*Qq*cw^-2*sw^2*aem*Pi * (
          - 64/3*p1dp4*p2dp3*p3dp4
          - 64/3*p1dp4*p2dp3*p2dp4
          - 64/3*p1dp3*p2dp4*p3dp4
          + 64/3*p1dp3*p2dp4^2
          - 128/3*p1dp3*p2dp3*p3dp4
          + 64*p1dp3*p1dp4*p2dp3
          + 64/3*p1dp3^2*p2dp4
          + 64/3*p1dp2*p3dp4^2
          - 64/3*p1dp2*p2dp4*p3dp4
          - 64/3*p1dp2*p1dp4*p2dp3
          + 64/3*p1dp2*p1dp3*p3dp4
          - 64/3*p1dp2*p1dp3*p2dp4
          - 128/3*p1dp2*p1dp3*p1dp4
          + 64/3*p1dp2^2*p3dp4
          + 128/3*a*p1dp4*p2dp3
          + 128/3*a*p1dp3*p2dp4
          + 256/3*a*p1dp3*p2dp3
          - 64*a*p1dp2*p3dp4
          + 64/3*a*p1dp2*p2dp4
          - 64*a*p1dp2*p1dp3
          - 64/3*a*p1dp2^2
          + 128/3*a^2*p1dp2
          )

       + prop(p1 + p2)*prop(p3 + p4)*prop( - p1 + p3 + p4)*propM(p1 + p2 - p4)
      *MZ^-2*Nc^-2*[Nc^2-1]*I3q*cw^-2*sw^-2*aem*Pi * (
          - 16*p1dp4*p2dp3*p2dp4*p3dp4
          - 16*p1dp4^2*p2dp3*p3dp4
          + 16*p1dp4^2*p2dp3*p2dp4
          + 16*p1dp4^3*p2dp3
          + 16*p1dp3*p1dp4*p2dp3*p2dp4
          + 16*p1dp3*p1dp4^2*p2dp3
          + 16*p1dp2*p1dp4*p2dp3*p3dp4
          - 16*p1dp2*p1dp4^2*p2dp3
          - 16*p1dp2*p1dp3*p1dp4*p2dp3
          + 16*a*p1dp4*p2dp3*p2dp4
          + 16*a*p1dp4^2*p2dp3
          - 8*a*p1dp2*p2dp3*p3dp4
          + 16*a*p1dp2*p1dp4*p3dp4
          - 8*a*p1dp2*p1dp4*p2dp3
          - 16*a*p1dp2*p1dp4^2
          + 8*a*p1dp2*p1dp3*p3dp4
          + 8*a*p1dp2*p1dp3*p2dp3
          - 24*a*p1dp2*p1dp3*p1dp4
          - 8*a*p1dp2*p1dp3^2
          - 8*a*p1dp2^2*p3dp4
          + 8*a*p1dp2^2*p1dp4
          + 8*a*p1dp2^2*p1dp3
          + 8*a^2*p1dp2*p2dp3
          - 16*a^2*p1dp2*p1dp4
          - 8*a^2*p1dp2*p1dp3
          + 8*a^2*p1dp2^2
          )

       + prop(p1 + p2)*prop(p3 + p4)*prop( - p1 + p3 + p4)*propM(p1 + p2 - p4)
      *MZ^-2*Nc^-2*[Nc^2-1]*I3q*cw^-2*aem*Pi * (
          + 64/3*p1dp4*p2dp3*p2dp4*p3dp4
          + 64/3*p1dp4^2*p2dp3*p3dp4
          - 64/3*p1dp4^2*p2dp3*p2dp4
          - 64/3*p1dp4^3*p2dp3
          + 64/3*p1dp3*p2dp4^2*p3dp4
          + 64/3*p1dp3*p1dp4*p2dp4*p3dp4
          - 64/3*p1dp3*p1dp4*p2dp4^2
          - 64/3*p1dp3*p1dp4*p2dp3*p2dp4
          - 64/3*p1dp3*p1dp4^2*p2dp4
          - 64/3*p1dp3*p1dp4^2*p2dp3
          - 64/3*p1dp3^2*p2dp4^2
          - 64/3*p1dp3^2*p1dp4*p2dp4
          - 64/3*p1dp2*p1dp4*p2dp3*p3dp4
          + 64/3*p1dp2*p1dp4^2*p2dp3
          - 64/3*p1dp2*p1dp3*p2dp4*p3dp4
          + 64/3*p1dp2*p1dp3*p1dp4*p2dp4
          + 64/3*p1dp2*p1dp3*p1dp4*p2dp3
          + 64/3*p1dp2*p1dp3^2*p2dp4
          - 64/3*a*p1dp4*p2dp3*p2dp4
          - 64/3*a*p1dp4^2*p2dp3
          - 64/3*a*p1dp3*p2dp4^2
          - 64/3*a*p1dp3*p1dp4*p2dp4
          - 64/3*a*p1dp2*p2dp4*p3dp4
          - 64/3*a*p1dp2*p1dp4*p3dp4
          + 64/3*a*p1dp2*p1dp4*p2dp4
          + 64/3*a*p1dp2*p1dp4*p2dp3
          + 64/3*a*p1dp2*p1dp4^2
          + 128/3*a*p1dp2*p1dp3*p2dp4
          + 64/3*a*p1dp2*p1dp3*p1dp4
          + 64/3*a*p1dp2^2*p3dp4
          - 64/3*a*p1dp2^2*p1dp4
          - 64/3*a*p1dp2^2*p1dp3
          + 64/3*a^2*p1dp2*p2dp4
          + 64/3*a^2*p1dp2*p1dp4
          - 64/3*a^2*p1dp2^2
          )

       + prop(p1 + p2)*prop(p3 + p4)*prop( - p1 + p3 + p4)*propM(p1 + p2 - p4)
      *MZ^-2*Nc^-2*[Nc^2-1]*Qq*cw^-2*aem*Pi * (
          + 16*p1dp4*p2dp3*p2dp4*p3dp4
          + 16*p1dp4^2*p2dp3*p3dp4
          - 16*p1dp4^2*p2dp3*p2dp4
          - 16*p1dp4^3*p2dp3
          + 16*p1dp3*p2dp4^2*p3dp4
          + 16*p1dp3*p1dp4*p2dp4*p3dp4
          - 16*p1dp3*p1dp4*p2dp4^2
          - 16*p1dp3*p1dp4*p2dp3*p2dp4
          - 16*p1dp3*p1dp4^2*p2dp4
          - 16*p1dp3*p1dp4^2*p2dp3
          - 16*p1dp3^2*p2dp4^2
          - 16*p1dp3^2*p1dp4*p2dp4
          - 16*p1dp2*p1dp4*p2dp3*p3dp4
          + 16*p1dp2*p1dp4^2*p2dp3
          - 16*p1dp2*p1dp3*p2dp4*p3dp4
          + 16*p1dp2*p1dp3*p1dp4*p2dp4
          + 16*p1dp2*p1dp3*p1dp4*p2dp3
          + 16*p1dp2*p1dp3^2*p2dp4
          - 16*a*p1dp4*p2dp3*p2dp4
          - 16*a*p1dp4^2*p2dp3
          - 16*a*p1dp3*p2dp4^2
          - 16*a*p1dp3*p1dp4*p2dp4
          - 16*a*p1dp2*p2dp4*p3dp4
          - 16*a*p1dp2*p1dp4*p3dp4
          + 16*a*p1dp2*p1dp4*p2dp4
          + 16*a*p1dp2*p1dp4*p2dp3
          + 16*a*p1dp2*p1dp4^2
          + 32*a*p1dp2*p1dp3*p2dp4
          + 16*a*p1dp2*p1dp3*p1dp4
          + 16*a*p1dp2^2*p3dp4
          - 16*a*p1dp2^2*p1dp4
          - 16*a*p1dp2^2*p1dp3
          + 16*a^2*p1dp2*p2dp4
          + 16*a^2*p1dp2*p1dp4
          - 16*a^2*p1dp2^2
          )

       + prop(p1 + p2)*prop(p3 + p4)*prop( - p1 + p3 + p4)*propM(p1 + p2 - p4)
      *MZ^-2*Nc^-2*[Nc^2-1]*Qq*cw^-2*sw^2*aem*Pi * (
          - 128/3*p1dp4*p2dp3*p2dp4*p3dp4
          - 128/3*p1dp4^2*p2dp3*p3dp4
          + 128/3*p1dp4^2*p2dp3*p2dp4
          + 128/3*p1dp4^3*p2dp3
          - 128/3*p1dp3*p2dp4^2*p3dp4
          - 128/3*p1dp3*p1dp4*p2dp4*p3dp4
          + 128/3*p1dp3*p1dp4*p2dp4^2
          + 128/3*p1dp3*p1dp4*p2dp3*p2dp4
          + 128/3*p1dp3*p1dp4^2*p2dp4
          + 128/3*p1dp3*p1dp4^2*p2dp3
          + 128/3*p1dp3^2*p2dp4^2
          + 128/3*p1dp3^2*p1dp4*p2dp4
          + 128/3*p1dp2*p1dp4*p2dp3*p3dp4
          - 128/3*p1dp2*p1dp4^2*p2dp3
          + 128/3*p1dp2*p1dp3*p2dp4*p3dp4
          - 128/3*p1dp2*p1dp3*p1dp4*p2dp4
          - 128/3*p1dp2*p1dp3*p1dp4*p2dp3
          - 128/3*p1dp2*p1dp3^2*p2dp4
          + 128/3*a*p1dp4*p2dp3*p2dp4
          + 128/3*a*p1dp4^2*p2dp3
          + 128/3*a*p1dp3*p2dp4^2
          + 128/3*a*p1dp3*p1dp4*p2dp4
          + 128/3*a*p1dp2*p2dp4*p3dp4
          + 128/3*a*p1dp2*p1dp4*p3dp4
          - 128/3*a*p1dp2*p1dp4*p2dp4
          - 128/3*a*p1dp2*p1dp4*p2dp3
          - 128/3*a*p1dp2*p1dp4^2
          - 256/3*a*p1dp2*p1dp3*p2dp4
          - 128/3*a*p1dp2*p1dp3*p1dp4
          - 128/3*a*p1dp2^2*p3dp4
          + 128/3*a*p1dp2^2*p1dp4
          + 128/3*a*p1dp2^2*p1dp3
          - 128/3*a^2*p1dp2*p2dp4
          - 128/3*a^2*p1dp2*p1dp4
          + 128/3*a^2*p1dp2^2
          )

       + prop(p1 + p2)*prop(p3 + p4)*prop( - p1 + p3 + p4)*propM(p1 + p2 - p4)
      *Nc^-2*[Nc^2-1]*I3q*cw^-2*sw^-2*aem*Pi * (
          + 16*p1dp4*p2dp4*p3dp4
          - 16*p1dp3*p1dp4*p2dp4
          - 16*p1dp2*p1dp4*p3dp4
          + 16*p1dp2*p1dp3*p1dp4
          - 24*a*p1dp4*p2dp4
          - 4*a*p1dp4*p2dp3
          - 4*a*p1dp3*p2dp4
          + 12*a*p1dp2*p3dp4
          + 24*a*p1dp2*p1dp4
          - 12*a^2*p1dp2
          )

       + prop(p1 + p2)*prop(p3 + p4)*prop( - p1 + p3 + p4)*propM(p1 + p2 - p4)
      *Nc^-2*[Nc^2-1]*I3q*cw^-2*aem*Pi * (
          - 64/3*p1dp4*p2dp4*p3dp4
          - 32/3*p1dp4*p2dp3*p3dp4
          + 32/3*p1dp4*p2dp3^2
          + 32/3*p1dp4^2*p2dp3
          - 32/3*p1dp3*p2dp4*p3dp4
          - 32/3*p1dp3*p2dp3*p2dp4
          + 32*p1dp3*p1dp4*p2dp4
          + 32/3*p1dp2*p3dp4^2
          - 32/3*p1dp2*p2dp3*p3dp4
          + 32/3*p1dp2*p1dp4*p3dp4
          - 32/3*p1dp2*p1dp4*p2dp3
          - 32/3*p1dp2*p1dp3*p2dp4
          - 64/3*p1dp2*p1dp3*p1dp4
          + 32/3*p1dp2^2*p3dp4
          + 128/3*a*p1dp4*p2dp4
          + 64/3*a*p1dp4*p2dp3
          + 64/3*a*p1dp3*p2dp4
          - 32*a*p1dp2*p3dp4
          + 32/3*a*p1dp2*p2dp3
          - 32*a*p1dp2*p1dp4
          - 32/3*a*p1dp2^2
          + 64/3*a^2*p1dp2
          )

       + prop(p1 + p2)*prop(p3 + p4)*prop( - p1 + p3 + p4)*propM(p1 + p2 - p4)
      *Nc^-2*[Nc^2-1]*Qq*cw^-2*aem*Pi * (
          - 16*p1dp4*p2dp4*p3dp4
          - 8*p1dp4*p2dp3*p3dp4
          + 8*p1dp4*p2dp3^2
          + 8*p1dp4^2*p2dp3
          - 8*p1dp3*p2dp4*p3dp4
          - 8*p1dp3*p2dp3*p2dp4
          + 24*p1dp3*p1dp4*p2dp4
          + 8*p1dp2*p3dp4^2
          - 8*p1dp2*p2dp3*p3dp4
          + 8*p1dp2*p1dp4*p3dp4
          - 8*p1dp2*p1dp4*p2dp3
          - 8*p1dp2*p1dp3*p2dp4
          - 16*p1dp2*p1dp3*p1dp4
          + 8*p1dp2^2*p3dp4
          + 32*a*p1dp4*p2dp4
          + 16*a*p1dp4*p2dp3
          + 16*a*p1dp3*p2dp4
          - 24*a*p1dp2*p3dp4
          + 8*a*p1dp2*p2dp3
          - 24*a*p1dp2*p1dp4
          - 8*a*p1dp2^2
          + 16*a^2*p1dp2
          )

       + prop(p1 + p2)*prop(p3 + p4)*prop( - p1 + p3 + p4)*propM(p1 + p2 - p4)
      *Nc^-2*[Nc^2-1]*Qq*cw^-2*sw^2*aem*Pi * (
          + 128/3*p1dp4*p2dp4*p3dp4
          + 64/3*p1dp4*p2dp3*p3dp4
          - 64/3*p1dp4*p2dp3^2
          - 64/3*p1dp4^2*p2dp3
          + 64/3*p1dp3*p2dp4*p3dp4
          + 64/3*p1dp3*p2dp3*p2dp4
          - 64*p1dp3*p1dp4*p2dp4
          - 64/3*p1dp2*p3dp4^2
          + 64/3*p1dp2*p2dp3*p3dp4
          - 64/3*p1dp2*p1dp4*p3dp4
          + 64/3*p1dp2*p1dp4*p2dp3
          + 64/3*p1dp2*p1dp3*p2dp4
          + 128/3*p1dp2*p1dp3*p1dp4
          - 64/3*p1dp2^2*p3dp4
          - 256/3*a*p1dp4*p2dp4
          - 128/3*a*p1dp4*p2dp3
          - 128/3*a*p1dp3*p2dp4
          + 64*a*p1dp2*p3dp4
          - 64/3*a*p1dp2*p2dp3
          + 64*a*p1dp2*p1dp4
          + 64/3*a*p1dp2^2
          - 128/3*a^2*p1dp2
          )

       + prop(p1 + p2)*prop(p3 + p4)*prop( - p2 + p3 + p4)*propM(p1 + p2 - p3)
      *MZ^-2*Nc^-2*[Nc^2-1]*I3q*cw^-2*sw^-2*aem*Pi * (
          - 16*p1dp4*p2dp3^2*p3dp4
          + 16*p1dp4*p2dp3^2*p2dp4
          + 16*p1dp4*p2dp3^3
          - 16*p1dp3*p1dp4*p2dp3*p3dp4
          + 16*p1dp3*p1dp4*p2dp3*p2dp4
          + 16*p1dp3*p1dp4*p2dp3^2
          + 16*p1dp2*p1dp4*p2dp3*p3dp4
          - 16*p1dp2*p1dp4*p2dp3*p2dp4
          - 16*p1dp2*p1dp4*p2dp3^2
          + 16*a*p1dp4*p2dp3^2
          + 16*a*p1dp3*p1dp4*p2dp3
          + 8*a*p1dp2*p2dp4*p3dp4
          - 8*a*p1dp2*p2dp4^2
          + 16*a*p1dp2*p2dp3*p3dp4
          - 24*a*p1dp2*p2dp3*p2dp4
          - 16*a*p1dp2*p2dp3^2
          - 8*a*p1dp2*p1dp4*p3dp4
          + 8*a*p1dp2*p1dp4*p2dp4
          - 8*a*p1dp2*p1dp4*p2dp3
          - 8*a*p1dp2^2*p3dp4
          + 8*a*p1dp2^2*p2dp4
          + 8*a*p1dp2^2*p2dp3
          - 8*a^2*p1dp2*p2dp4
          - 16*a^2*p1dp2*p2dp3
          + 8*a^2*p1dp2*p1dp4
          + 8*a^2*p1dp2^2
          )

       + prop(p1 + p2)*prop(p3 + p4)*prop( - p2 + p3 + p4)*propM(p1 + p2 - p3)
      *MZ^-2*Nc^-2*[Nc^2-1]*I3q*cw^-2*aem*Pi * (
          + 64/3*p1dp4*p2dp3^2*p3dp4
          - 64/3*p1dp4*p2dp3^2*p2dp4
          - 64/3*p1dp4*p2dp3^3
          + 64/3*p1dp3*p2dp3*p2dp4*p3dp4
          - 64/3*p1dp3*p2dp3*p2dp4^2
          - 64/3*p1dp3*p2dp3^2*p2dp4
          + 64/3*p1dp3*p1dp4*p2dp3*p3dp4
          - 64/3*p1dp3*p1dp4*p2dp3*p2dp4
          - 64/3*p1dp3*p1dp4*p2dp3^2
          + 64/3*p1dp3^2*p2dp4*p3dp4
          - 64/3*p1dp3^2*p2dp4^2
          - 64/3*p1dp3^2*p2dp3*p2dp4
          - 64/3*p1dp2*p1dp4*p2dp3*p3dp4
          + 64/3*p1dp2*p1dp4*p2dp3*p2dp4
          + 64/3*p1dp2*p1dp4*p2dp3^2
          - 64/3*p1dp2*p1dp3*p2dp4*p3dp4
          + 64/3*p1dp2*p1dp3*p2dp4^2
          + 64/3*p1dp2*p1dp3*p2dp3*p2dp4
          - 64/3*a*p1dp4*p2dp3^2
          - 64/3*a*p1dp3*p2dp3*p2dp4
          - 64/3*a*p1dp3*p1dp4*p2dp3
          - 64/3*a*p1dp3^2*p2dp4
          - 64/3*a*p1dp2*p2dp3*p3dp4
          + 64/3*a*p1dp2*p2dp3*p2dp4
          + 64/3*a*p1dp2*p2dp3^2
          + 64/3*a*p1dp2*p1dp4*p2dp3
          - 64/3*a*p1dp2*p1dp3*p3dp4
          + 128/3*a*p1dp2*p1dp3*p2dp4
          + 64/3*a*p1dp2*p1dp3*p2dp3
          + 64/3*a*p1dp2^2*p3dp4
          - 64/3*a*p1dp2^2*p2dp4
          - 64/3*a*p1dp2^2*p2dp3
          + 64/3*a^2*p1dp2*p2dp3
          + 64/3*a^2*p1dp2*p1dp3
          - 64/3*a^2*p1dp2^2
          )

       + prop(p1 + p2)*prop(p3 + p4)*prop( - p2 + p3 + p4)*propM(p1 + p2 - p3)
      *MZ^-2*Nc^-2*[Nc^2-1]*Qq*cw^-2*aem*Pi * (
          + 16*p1dp4*p2dp3^2*p3dp4
          - 16*p1dp4*p2dp3^2*p2dp4
          - 16*p1dp4*p2dp3^3
          + 16*p1dp3*p2dp3*p2dp4*p3dp4
          - 16*p1dp3*p2dp3*p2dp4^2
          - 16*p1dp3*p2dp3^2*p2dp4
          + 16*p1dp3*p1dp4*p2dp3*p3dp4
          - 16*p1dp3*p1dp4*p2dp3*p2dp4
          - 16*p1dp3*p1dp4*p2dp3^2
          + 16*p1dp3^2*p2dp4*p3dp4
          - 16*p1dp3^2*p2dp4^2
          - 16*p1dp3^2*p2dp3*p2dp4
          - 16*p1dp2*p1dp4*p2dp3*p3dp4
          + 16*p1dp2*p1dp4*p2dp3*p2dp4
          + 16*p1dp2*p1dp4*p2dp3^2
          - 16*p1dp2*p1dp3*p2dp4*p3dp4
          + 16*p1dp2*p1dp3*p2dp4^2
          + 16*p1dp2*p1dp3*p2dp3*p2dp4
          - 16*a*p1dp4*p2dp3^2
          - 16*a*p1dp3*p2dp3*p2dp4
          - 16*a*p1dp3*p1dp4*p2dp3
          - 16*a*p1dp3^2*p2dp4
          - 16*a*p1dp2*p2dp3*p3dp4
          + 16*a*p1dp2*p2dp3*p2dp4
          + 16*a*p1dp2*p2dp3^2
          + 16*a*p1dp2*p1dp4*p2dp3
          - 16*a*p1dp2*p1dp3*p3dp4
          + 32*a*p1dp2*p1dp3*p2dp4
          + 16*a*p1dp2*p1dp3*p2dp3
          + 16*a*p1dp2^2*p3dp4
          - 16*a*p1dp2^2*p2dp4
          - 16*a*p1dp2^2*p2dp3
          + 16*a^2*p1dp2*p2dp3
          + 16*a^2*p1dp2*p1dp3
          - 16*a^2*p1dp2^2
          )

       + prop(p1 + p2)*prop(p3 + p4)*prop( - p2 + p3 + p4)*propM(p1 + p2 - p3)
      *MZ^-2*Nc^-2*[Nc^2-1]*Qq*cw^-2*sw^2*aem*Pi * (
          - 128/3*p1dp4*p2dp3^2*p3dp4
          + 128/3*p1dp4*p2dp3^2*p2dp4
          + 128/3*p1dp4*p2dp3^3
          - 128/3*p1dp3*p2dp3*p2dp4*p3dp4
          + 128/3*p1dp3*p2dp3*p2dp4^2
          + 128/3*p1dp3*p2dp3^2*p2dp4
          - 128/3*p1dp3*p1dp4*p2dp3*p3dp4
          + 128/3*p1dp3*p1dp4*p2dp3*p2dp4
          + 128/3*p1dp3*p1dp4*p2dp3^2
          - 128/3*p1dp3^2*p2dp4*p3dp4
          + 128/3*p1dp3^2*p2dp4^2
          + 128/3*p1dp3^2*p2dp3*p2dp4
          + 128/3*p1dp2*p1dp4*p2dp3*p3dp4
          - 128/3*p1dp2*p1dp4*p2dp3*p2dp4
          - 128/3*p1dp2*p1dp4*p2dp3^2
          + 128/3*p1dp2*p1dp3*p2dp4*p3dp4
          - 128/3*p1dp2*p1dp3*p2dp4^2
          - 128/3*p1dp2*p1dp3*p2dp3*p2dp4
          + 128/3*a*p1dp4*p2dp3^2
          + 128/3*a*p1dp3*p2dp3*p2dp4
          + 128/3*a*p1dp3*p1dp4*p2dp3
          + 128/3*a*p1dp3^2*p2dp4
          + 128/3*a*p1dp2*p2dp3*p3dp4
          - 128/3*a*p1dp2*p2dp3*p2dp4
          - 128/3*a*p1dp2*p2dp3^2
          - 128/3*a*p1dp2*p1dp4*p2dp3
          + 128/3*a*p1dp2*p1dp3*p3dp4
          - 256/3*a*p1dp2*p1dp3*p2dp4
          - 128/3*a*p1dp2*p1dp3*p2dp3
          - 128/3*a*p1dp2^2*p3dp4
          + 128/3*a*p1dp2^2*p2dp4
          + 128/3*a*p1dp2^2*p2dp3
          - 128/3*a^2*p1dp2*p2dp3
          - 128/3*a^2*p1dp2*p1dp3
          + 128/3*a^2*p1dp2^2
          )

       + prop(p1 + p2)*prop(p3 + p4)*prop( - p2 + p3 + p4)*propM(p1 + p2 - p3)
      *Nc^-2*[Nc^2-1]*I3q*cw^-2*sw^-2*aem*Pi * (
          + 16*p1dp3*p2dp3*p3dp4
          - 16*p1dp3*p2dp3*p2dp4
          - 16*p1dp2*p2dp3*p3dp4
          + 16*p1dp2*p2dp3*p2dp4
          - 4*a*p1dp4*p2dp3
          - 4*a*p1dp3*p2dp4
          - 24*a*p1dp3*p2dp3
          + 12*a*p1dp2*p3dp4
          + 24*a*p1dp2*p2dp3
          - 12*a^2*p1dp2
          )

       + prop(p1 + p2)*prop(p3 + p4)*prop( - p2 + p3 + p4)*propM(p1 + p2 - p3)
      *Nc^-2*[Nc^2-1]*I3q*cw^-2*aem*Pi * (
          - 32/3*p1dp4*p2dp3*p3dp4
          + 32/3*p1dp4*p2dp3^2
          + 32/3*p1dp4^2*p2dp3
          - 32/3*p1dp3*p2dp4*p3dp4
          - 64/3*p1dp3*p2dp3*p3dp4
          + 32*p1dp3*p2dp3*p2dp4
          - 32/3*p1dp3*p1dp4*p2dp4
          + 32/3*p1dp2*p3dp4^2
          + 32/3*p1dp2*p2dp3*p3dp4
          - 64/3*p1dp2*p2dp3*p2dp4
          - 32/3*p1dp2*p1dp4*p3dp4
          - 32/3*p1dp2*p1dp4*p2dp3
          - 32/3*p1dp2*p1dp3*p2dp4
          + 32/3*p1dp2^2*p3dp4
          + 64/3*a*p1dp4*p2dp3
          + 64/3*a*p1dp3*p2dp4
          + 128/3*a*p1dp3*p2dp3
          - 32*a*p1dp2*p3dp4
          - 32*a*p1dp2*p2dp3
          + 32/3*a*p1dp2*p1dp4
          - 32/3*a*p1dp2^2
          + 64/3*a^2*p1dp2
          )

       + prop(p1 + p2)*prop(p3 + p4)*prop( - p2 + p3 + p4)*propM(p1 + p2 - p3)
      *Nc^-2*[Nc^2-1]*Qq*cw^-2*aem*Pi * (
          - 8*p1dp4*p2dp3*p3dp4
          + 8*p1dp4*p2dp3^2
          + 8*p1dp4^2*p2dp3
          - 8*p1dp3*p2dp4*p3dp4
          - 16*p1dp3*p2dp3*p3dp4
          + 24*p1dp3*p2dp3*p2dp4
          - 8*p1dp3*p1dp4*p2dp4
          + 8*p1dp2*p3dp4^2
          + 8*p1dp2*p2dp3*p3dp4
          - 16*p1dp2*p2dp3*p2dp4
          - 8*p1dp2*p1dp4*p3dp4
          - 8*p1dp2*p1dp4*p2dp3
          - 8*p1dp2*p1dp3*p2dp4
          + 8*p1dp2^2*p3dp4
          + 16*a*p1dp4*p2dp3
          + 16*a*p1dp3*p2dp4
          + 32*a*p1dp3*p2dp3
          - 24*a*p1dp2*p3dp4
          - 24*a*p1dp2*p2dp3
          + 8*a*p1dp2*p1dp4
          - 8*a*p1dp2^2
          + 16*a^2*p1dp2
          )

       + prop(p1 + p2)*prop(p3 + p4)*prop( - p2 + p3 + p4)*propM(p1 + p2 - p3)
      *Nc^-2*[Nc^2-1]*Qq*cw^-2*sw^2*aem*Pi * (
          + 64/3*p1dp4*p2dp3*p3dp4
          - 64/3*p1dp4*p2dp3^2
          - 64/3*p1dp4^2*p2dp3
          + 64/3*p1dp3*p2dp4*p3dp4
          + 128/3*p1dp3*p2dp3*p3dp4
          - 64*p1dp3*p2dp3*p2dp4
          + 64/3*p1dp3*p1dp4*p2dp4
          - 64/3*p1dp2*p3dp4^2
          - 64/3*p1dp2*p2dp3*p3dp4
          + 128/3*p1dp2*p2dp3*p2dp4
          + 64/3*p1dp2*p1dp4*p3dp4
          + 64/3*p1dp2*p1dp4*p2dp3
          + 64/3*p1dp2*p1dp3*p2dp4
          - 64/3*p1dp2^2*p3dp4
          - 128/3*a*p1dp4*p2dp3
          - 128/3*a*p1dp3*p2dp4
          - 256/3*a*p1dp3*p2dp3
          + 64*a*p1dp2*p3dp4
          + 64*a*p1dp2*p2dp3
          - 64/3*a*p1dp2*p1dp4
          + 64/3*a*p1dp2^2
          - 128/3*a^2*p1dp2
          )

       + prop(p1 + p2)*prop(p3 + p4)*prop( - p2 + p3 + p4)*propM(p1 + p2 - p4)
      *MZ^-2*Nc^-2*[Nc^2-1]*I3q*cw^-2*sw^-2*aem*Pi * (
          + 16*p1dp4*p2dp3*p2dp4*p3dp4
          - 16*p1dp4*p2dp3*p2dp4^2
          - 16*p1dp4*p2dp3^2*p2dp4
          + 16*p1dp4^2*p2dp3*p3dp4
          - 16*p1dp4^2*p2dp3*p2dp4
          - 16*p1dp4^2*p2dp3^2
          - 16*p1dp2*p1dp4*p2dp3*p3dp4
          + 16*p1dp2*p1dp4*p2dp3*p2dp4
          + 16*p1dp2*p1dp4*p2dp3^2
          - 16*a*p1dp4*p2dp3*p2dp4
          - 16*a*p1dp4^2*p2dp3
          + 8*a*p1dp2*p2dp3*p3dp4
          - 8*a*p1dp2*p2dp3*p2dp4
          - 8*a*p1dp2*p2dp3^2
          - 16*a*p1dp2*p1dp4*p3dp4
          + 16*a*p1dp2*p1dp4*p2dp4
          + 32*a*p1dp2*p1dp4*p2dp3
          - 8*a*p1dp2*p1dp3*p3dp4
          + 8*a*p1dp2*p1dp3*p2dp4
          + 8*a*p1dp2*p1dp3*p2dp3
          + 8*a*p1dp2^2*p3dp4
          - 8*a*p1dp2^2*p2dp4
          - 8*a*p1dp2^2*p2dp3
          - 8*a^2*p1dp2*p2dp3
          + 16*a^2*p1dp2*p1dp4
          + 8*a^2*p1dp2*p1dp3
          - 8*a^2*p1dp2^2
          )

       + prop(p1 + p2)*prop(p3 + p4)*prop( - p2 + p3 + p4)*propM(p1 + p2 - p4)
      *MZ^-2*Nc^-2*[Nc^2-1]*I3q*cw^-2*aem*Pi * (
          - 64/3*p1dp4*p2dp3*p2dp4*p3dp4
          + 64/3*p1dp4*p2dp3*p2dp4^2
          + 64/3*p1dp4*p2dp3^2*p2dp4
          - 64/3*p1dp4^2*p2dp3*p3dp4
          + 64/3*p1dp4^2*p2dp3*p2dp4
          + 64/3*p1dp4^2*p2dp3^2
          - 64/3*p1dp3*p2dp4^2*p3dp4
          + 64/3*p1dp3*p2dp4^3
          + 64/3*p1dp3*p2dp3*p2dp4^2
          - 64/3*p1dp3*p1dp4*p2dp4*p3dp4
          + 64/3*p1dp3*p1dp4*p2dp4^2
          + 64/3*p1dp3*p1dp4*p2dp3*p2dp4
          + 64/3*p1dp2*p1dp4*p2dp3*p3dp4
          - 64/3*p1dp2*p1dp4*p2dp3*p2dp4
          - 64/3*p1dp2*p1dp4*p2dp3^2
          + 64/3*p1dp2*p1dp3*p2dp4*p3dp4
          - 64/3*p1dp2*p1dp3*p2dp4^2
          - 64/3*p1dp2*p1dp3*p2dp3*p2dp4
          + 64/3*a*p1dp4*p2dp3*p2dp4
          + 64/3*a*p1dp4^2*p2dp3
          + 64/3*a*p1dp3*p2dp4^2
          + 64/3*a*p1dp3*p1dp4*p2dp4
          + 64/3*a*p1dp2*p2dp4*p3dp4
          - 64/3*a*p1dp2*p2dp4^2
          - 64/3*a*p1dp2*p2dp3*p2dp4
          + 64/3*a*p1dp2*p1dp4*p3dp4
          - 64/3*a*p1dp2*p1dp4*p2dp4
          - 128/3*a*p1dp2*p1dp4*p2dp3
          - 64/3*a*p1dp2*p1dp3*p2dp4
          - 64/3*a*p1dp2^2*p3dp4
          + 64/3*a*p1dp2^2*p2dp4
          + 64/3*a*p1dp2^2*p2dp3
          - 64/3*a^2*p1dp2*p2dp4
          - 64/3*a^2*p1dp2*p1dp4
          + 64/3*a^2*p1dp2^2
          )

       + prop(p1 + p2)*prop(p3 + p4)*prop( - p2 + p3 + p4)*propM(p1 + p2 - p4)
      *MZ^-2*Nc^-2*[Nc^2-1]*Qq*cw^-2*aem*Pi * (
          - 16*p1dp4*p2dp3*p2dp4*p3dp4
          + 16*p1dp4*p2dp3*p2dp4^2
          + 16*p1dp4*p2dp3^2*p2dp4
          - 16*p1dp4^2*p2dp3*p3dp4
          + 16*p1dp4^2*p2dp3*p2dp4
          + 16*p1dp4^2*p2dp3^2
          - 16*p1dp3*p2dp4^2*p3dp4
          + 16*p1dp3*p2dp4^3
          + 16*p1dp3*p2dp3*p2dp4^2
          - 16*p1dp3*p1dp4*p2dp4*p3dp4
          + 16*p1dp3*p1dp4*p2dp4^2
          + 16*p1dp3*p1dp4*p2dp3*p2dp4
          + 16*p1dp2*p1dp4*p2dp3*p3dp4
          - 16*p1dp2*p1dp4*p2dp3*p2dp4
          - 16*p1dp2*p1dp4*p2dp3^2
          + 16*p1dp2*p1dp3*p2dp4*p3dp4
          - 16*p1dp2*p1dp3*p2dp4^2
          - 16*p1dp2*p1dp3*p2dp3*p2dp4
          + 16*a*p1dp4*p2dp3*p2dp4
          + 16*a*p1dp4^2*p2dp3
          + 16*a*p1dp3*p2dp4^2
          + 16*a*p1dp3*p1dp4*p2dp4
          + 16*a*p1dp2*p2dp4*p3dp4
          - 16*a*p1dp2*p2dp4^2
          - 16*a*p1dp2*p2dp3*p2dp4
          + 16*a*p1dp2*p1dp4*p3dp4
          - 16*a*p1dp2*p1dp4*p2dp4
          - 32*a*p1dp2*p1dp4*p2dp3
          - 16*a*p1dp2*p1dp3*p2dp4
          - 16*a*p1dp2^2*p3dp4
          + 16*a*p1dp2^2*p2dp4
          + 16*a*p1dp2^2*p2dp3
          - 16*a^2*p1dp2*p2dp4
          - 16*a^2*p1dp2*p1dp4
          + 16*a^2*p1dp2^2
          )

       + prop(p1 + p2)*prop(p3 + p4)*prop( - p2 + p3 + p4)*propM(p1 + p2 - p4)
      *MZ^-2*Nc^-2*[Nc^2-1]*Qq*cw^-2*sw^2*aem*Pi * (
          + 128/3*p1dp4*p2dp3*p2dp4*p3dp4
          - 128/3*p1dp4*p2dp3*p2dp4^2
          - 128/3*p1dp4*p2dp3^2*p2dp4
          + 128/3*p1dp4^2*p2dp3*p3dp4
          - 128/3*p1dp4^2*p2dp3*p2dp4
          - 128/3*p1dp4^2*p2dp3^2
          + 128/3*p1dp3*p2dp4^2*p3dp4
          - 128/3*p1dp3*p2dp4^3
          - 128/3*p1dp3*p2dp3*p2dp4^2
          + 128/3*p1dp3*p1dp4*p2dp4*p3dp4
          - 128/3*p1dp3*p1dp4*p2dp4^2
          - 128/3*p1dp3*p1dp4*p2dp3*p2dp4
          - 128/3*p1dp2*p1dp4*p2dp3*p3dp4
          + 128/3*p1dp2*p1dp4*p2dp3*p2dp4
          + 128/3*p1dp2*p1dp4*p2dp3^2
          - 128/3*p1dp2*p1dp3*p2dp4*p3dp4
          + 128/3*p1dp2*p1dp3*p2dp4^2
          + 128/3*p1dp2*p1dp3*p2dp3*p2dp4
          - 128/3*a*p1dp4*p2dp3*p2dp4
          - 128/3*a*p1dp4^2*p2dp3
          - 128/3*a*p1dp3*p2dp4^2
          - 128/3*a*p1dp3*p1dp4*p2dp4
          - 128/3*a*p1dp2*p2dp4*p3dp4
          + 128/3*a*p1dp2*p2dp4^2
          + 128/3*a*p1dp2*p2dp3*p2dp4
          - 128/3*a*p1dp2*p1dp4*p3dp4
          + 128/3*a*p1dp2*p1dp4*p2dp4
          + 256/3*a*p1dp2*p1dp4*p2dp3
          + 128/3*a*p1dp2*p1dp3*p2dp4
          + 128/3*a*p1dp2^2*p3dp4
          - 128/3*a*p1dp2^2*p2dp4
          - 128/3*a*p1dp2^2*p2dp3
          + 128/3*a^2*p1dp2*p2dp4
          + 128/3*a^2*p1dp2*p1dp4
          - 128/3*a^2*p1dp2^2
          )

       + prop(p1 + p2)*prop(p3 + p4)*prop( - p2 + p3 + p4)*propM(p1 + p2 - p4)
      *Nc^-2*[Nc^2-1]*I3q*cw^-2*sw^-2*aem*Pi * (
          - 8*p1dp4*p2dp3*p3dp4
          + 8*p1dp4*p2dp3*p2dp4
          - 8*p1dp3*p2dp4*p3dp4
          + 8*p1dp3*p2dp4^2
          - 8*p1dp3*p1dp4*p2dp3
          + 8*p1dp3^2*p2dp4
          + 8*p1dp2*p3dp4^2
          - 8*p1dp2*p2dp4*p3dp4
          - 8*p1dp2*p1dp4*p2dp3
          - 8*p1dp2*p1dp3*p3dp4
          - 8*p1dp2*p1dp3*p2dp4
          + 8*p1dp2^2*p3dp4
          + 8*a*p1dp4*p2dp4
          + 12*a*p1dp4*p2dp3
          + 12*a*p1dp3*p2dp4
          - 12*a*p1dp2*p3dp4
          + 8*a*p1dp2*p1dp3
          - 8*a*p1dp2^2
          + 4*a^2*p1dp2
          )

       + prop(p1 + p2)*prop(p3 + p4)*prop( - p2 + p3 + p4)*propM(p1 + p2 - p4)
      *Nc^-2*[Nc^2-1]*I3q*cw^-2*aem*Pi * (
          + 64/3*p1dp4*p2dp4*p3dp4
          + 32/3*p1dp4*p2dp3*p3dp4
          - 32*p1dp4*p2dp3*p2dp4
          + 32/3*p1dp3*p2dp4*p3dp4
          - 32/3*p1dp3*p2dp4^2
          + 32/3*p1dp3*p1dp4*p2dp3
          - 32/3*p1dp3^2*p2dp4
          - 32/3*p1dp2*p3dp4^2
          - 32/3*p1dp2*p2dp4*p3dp4
          + 64/3*p1dp2*p2dp3*p2dp4
          + 32/3*p1dp2*p1dp4*p2dp3
          + 32/3*p1dp2*p1dp3*p3dp4
          + 32/3*p1dp2*p1dp3*p2dp4
          - 32/3*p1dp2^2*p3dp4
          - 128/3*a*p1dp4*p2dp4
          - 64/3*a*p1dp4*p2dp3
          - 64/3*a*p1dp3*p2dp4
          + 32*a*p1dp2*p3dp4
          + 32*a*p1dp2*p2dp4
          - 32/3*a*p1dp2*p1dp3
          + 32/3*a*p1dp2^2
          - 64/3*a^2*p1dp2
          )

       + prop(p1 + p2)*prop(p3 + p4)*prop( - p2 + p3 + p4)*propM(p1 + p2 - p4)
      *Nc^-2*[Nc^2-1]*Qq*cw^-2*aem*Pi * (
          + 16*p1dp4*p2dp4*p3dp4
          + 8*p1dp4*p2dp3*p3dp4
          - 24*p1dp4*p2dp3*p2dp4
          + 8*p1dp3*p2dp4*p3dp4
          - 8*p1dp3*p2dp4^2
          + 8*p1dp3*p1dp4*p2dp3
          - 8*p1dp3^2*p2dp4
          - 8*p1dp2*p3dp4^2
          - 8*p1dp2*p2dp4*p3dp4
          + 16*p1dp2*p2dp3*p2dp4
          + 8*p1dp2*p1dp4*p2dp3
          + 8*p1dp2*p1dp3*p3dp4
          + 8*p1dp2*p1dp3*p2dp4
          - 8*p1dp2^2*p3dp4
          - 32*a*p1dp4*p2dp4
          - 16*a*p1dp4*p2dp3
          - 16*a*p1dp3*p2dp4
          + 24*a*p1dp2*p3dp4
          + 24*a*p1dp2*p2dp4
          - 8*a*p1dp2*p1dp3
          + 8*a*p1dp2^2
          - 16*a^2*p1dp2
          )

       + prop(p1 + p2)*prop(p3 + p4)*prop( - p2 + p3 + p4)*propM(p1 + p2 - p4)
      *Nc^-2*[Nc^2-1]*Qq*cw^-2*sw^2*aem*Pi * (
          - 128/3*p1dp4*p2dp4*p3dp4
          - 64/3*p1dp4*p2dp3*p3dp4
          + 64*p1dp4*p2dp3*p2dp4
          - 64/3*p1dp3*p2dp4*p3dp4
          + 64/3*p1dp3*p2dp4^2
          - 64/3*p1dp3*p1dp4*p2dp3
          + 64/3*p1dp3^2*p2dp4
          + 64/3*p1dp2*p3dp4^2
          + 64/3*p1dp2*p2dp4*p3dp4
          - 128/3*p1dp2*p2dp3*p2dp4
          - 64/3*p1dp2*p1dp4*p2dp3
          - 64/3*p1dp2*p1dp3*p3dp4
          - 64/3*p1dp2*p1dp3*p2dp4
          + 64/3*p1dp2^2*p3dp4
          + 256/3*a*p1dp4*p2dp4
          + 128/3*a*p1dp4*p2dp3
          + 128/3*a*p1dp3*p2dp4
          - 64*a*p1dp2*p3dp4
          - 64*a*p1dp2*p2dp4
          + 64/3*a*p1dp2*p1dp3
          - 64/3*a*p1dp2^2
          + 128/3*a^2*p1dp2
          )

       + prop(p3 + p4)^2*prop( - p1 + p3 + p4)^2*MZ^-2*Nc^-2*[Nc^2-1]*I3q^2*
      cw^-2*sw^-2*aem*Pi * (
          + 16*p1dp4*p2dp3*p3dp4^2
          - 32*p1dp4^2*p2dp3*p3dp4
          + 16*p1dp4^3*p2dp3
          + 16*p1dp3*p2dp4*p3dp4^2
          - 32*p1dp3*p1dp4*p2dp4*p3dp4
          - 32*p1dp3*p1dp4*p2dp3*p3dp4
          + 16*p1dp3*p1dp4^2*p2dp4
          + 32*p1dp3*p1dp4^2*p2dp3
          - 32*p1dp3^2*p2dp4*p3dp4
          + 32*p1dp3^2*p1dp4*p2dp4
          + 16*p1dp3^2*p1dp4*p2dp3
          + 16*p1dp3^3*p2dp4
          - 32*a*p1dp4*p2dp3*p3dp4
          + 32*a*p1dp4^2*p2dp3
          - 32*a*p1dp3*p2dp4*p3dp4
          + 32*a*p1dp3*p1dp4*p2dp4
          + 32*a*p1dp3*p1dp4*p2dp3
          + 32*a*p1dp3^2*p2dp4
          - 16*a*p1dp2*p3dp4^2
          + 32*a*p1dp2*p1dp4*p3dp4
          - 16*a*p1dp2*p1dp4^2
          + 32*a*p1dp2*p1dp3*p3dp4
          - 32*a*p1dp2*p1dp3*p1dp4
          - 16*a*p1dp2*p1dp3^2
          + 16*a^2*p1dp4*p2dp3
          + 16*a^2*p1dp3*p2dp4
          + 32*a^2*p1dp2*p3dp4
          - 32*a^2*p1dp2*p1dp4
          - 32*a^2*p1dp2*p1dp3
          - 16*a^3*p1dp2
          )

       + prop(p3 + p4)^2*prop( - p1 + p3 + p4)^2*MZ^-2*Nc^-2*[Nc^2-1]*Qq*I3q*
      cw^-2*aem*Pi * (
          - 32*p1dp4*p2dp3*p3dp4^2
          + 64*p1dp4^2*p2dp3*p3dp4
          - 32*p1dp4^3*p2dp3
          - 32*p1dp3*p2dp4*p3dp4^2
          + 64*p1dp3*p1dp4*p2dp4*p3dp4
          + 64*p1dp3*p1dp4*p2dp3*p3dp4
          - 32*p1dp3*p1dp4^2*p2dp4
          - 64*p1dp3*p1dp4^2*p2dp3
          + 64*p1dp3^2*p2dp4*p3dp4
          - 64*p1dp3^2*p1dp4*p2dp4
          - 32*p1dp3^2*p1dp4*p2dp3
          - 32*p1dp3^3*p2dp4
          + 64*a*p1dp4*p2dp3*p3dp4
          - 64*a*p1dp4^2*p2dp3
          + 64*a*p1dp3*p2dp4*p3dp4
          - 64*a*p1dp3*p1dp4*p2dp4
          - 64*a*p1dp3*p1dp4*p2dp3
          - 64*a*p1dp3^2*p2dp4
          + 32*a*p1dp2*p3dp4^2
          - 64*a*p1dp2*p1dp4*p3dp4
          + 32*a*p1dp2*p1dp4^2
          - 64*a*p1dp2*p1dp3*p3dp4
          + 64*a*p1dp2*p1dp3*p1dp4
          + 32*a*p1dp2*p1dp3^2
          - 32*a^2*p1dp4*p2dp3
          - 32*a^2*p1dp3*p2dp4
          - 64*a^2*p1dp2*p3dp4
          + 64*a^2*p1dp2*p1dp4
          + 64*a^2*p1dp2*p1dp3
          + 32*a^3*p1dp2
          )

       + prop(p3 + p4)^2*prop( - p1 + p3 + p4)^2*MZ^-2*Nc^-2*[Nc^2-1]*Qq^2*
      cw^-2*sw^2*aem*Pi * (
          + 32*p1dp4*p2dp3*p3dp4^2
          - 64*p1dp4^2*p2dp3*p3dp4
          + 32*p1dp4^3*p2dp3
          + 32*p1dp3*p2dp4*p3dp4^2
          - 64*p1dp3*p1dp4*p2dp4*p3dp4
          - 64*p1dp3*p1dp4*p2dp3*p3dp4
          + 32*p1dp3*p1dp4^2*p2dp4
          + 64*p1dp3*p1dp4^2*p2dp3
          - 64*p1dp3^2*p2dp4*p3dp4
          + 64*p1dp3^2*p1dp4*p2dp4
          + 32*p1dp3^2*p1dp4*p2dp3
          + 32*p1dp3^3*p2dp4
          - 64*a*p1dp4*p2dp3*p3dp4
          + 64*a*p1dp4^2*p2dp3
          - 64*a*p1dp3*p2dp4*p3dp4
          + 64*a*p1dp3*p1dp4*p2dp4
          + 64*a*p1dp3*p1dp4*p2dp3
          + 64*a*p1dp3^2*p2dp4
          - 32*a*p1dp2*p3dp4^2
          + 64*a*p1dp2*p1dp4*p3dp4
          - 32*a*p1dp2*p1dp4^2
          + 64*a*p1dp2*p1dp3*p3dp4
          - 64*a*p1dp2*p1dp3*p1dp4
          - 32*a*p1dp2*p1dp3^2
          + 32*a^2*p1dp4*p2dp3
          + 32*a^2*p1dp3*p2dp4
          + 64*a^2*p1dp2*p3dp4
          - 64*a^2*p1dp2*p1dp4
          - 64*a^2*p1dp2*p1dp3
          - 32*a^3*p1dp2
          )

       + prop(p3 + p4)^2*prop( - p1 + p3 + p4)^2*Nc^-2*[Nc^2-1]*I3q^2*cw^-2*
      sw^-2*aem*Pi * (
          - 16*p1dp4*p2dp4*p3dp4
          - 16*p1dp4^2*p2dp3
          - 16*p1dp3*p2dp3*p3dp4
          + 16*p1dp3*p1dp4*p2dp4
          + 16*p1dp3*p1dp4*p2dp3
          - 16*p1dp3^2*p2dp4
          + 16*p1dp2*p1dp4*p3dp4
          + 16*p1dp2*p1dp3*p3dp4
          - 32*p1dp2*p1dp3*p1dp4
          + 32*a*p1dp4*p2dp4
          + 16*a*p1dp4*p2dp3
          + 16*a*p1dp3*p2dp4
          + 32*a*p1dp3*p2dp3
          - 16*a*p1dp2*p3dp4
          - 16*a*p1dp2*p1dp4
          - 16*a*p1dp2*p1dp3
          + 16*a^2*p1dp2
          )

       + prop(p3 + p4)^2*prop( - p1 + p3 + p4)^2*Nc^-2*[Nc^2-1]*Qq*I3q*cw^-2*
      aem*Pi * (
          + 32*p1dp4*p2dp4*p3dp4
          + 32*p1dp4^2*p2dp3
          + 32*p1dp3*p2dp3*p3dp4
          - 32*p1dp3*p1dp4*p2dp4
          - 32*p1dp3*p1dp4*p2dp3
          + 32*p1dp3^2*p2dp4
          - 32*p1dp2*p1dp4*p3dp4
          - 32*p1dp2*p1dp3*p3dp4
          + 64*p1dp2*p1dp3*p1dp4
          - 64*a*p1dp4*p2dp4
          - 32*a*p1dp4*p2dp3
          - 32*a*p1dp3*p2dp4
          - 64*a*p1dp3*p2dp3
          + 32*a*p1dp2*p3dp4
          + 32*a*p1dp2*p1dp4
          + 32*a*p1dp2*p1dp3
          - 32*a^2*p1dp2
          )

       + prop(p3 + p4)^2*prop( - p1 + p3 + p4)^2*Nc^-2*[Nc^2-1]*Qq^2*cw^-2*
      sw^2*aem*Pi * (
          - 32*p1dp4*p2dp4*p3dp4
          - 32*p1dp4^2*p2dp3
          - 32*p1dp3*p2dp3*p3dp4
          + 32*p1dp3*p1dp4*p2dp4
          + 32*p1dp3*p1dp4*p2dp3
          - 32*p1dp3^2*p2dp4
          + 32*p1dp2*p1dp4*p3dp4
          + 32*p1dp2*p1dp3*p3dp4
          - 64*p1dp2*p1dp3*p1dp4
          + 64*a*p1dp4*p2dp4
          + 32*a*p1dp4*p2dp3
          + 32*a*p1dp3*p2dp4
          + 64*a*p1dp3*p2dp3
          - 32*a*p1dp2*p3dp4
          - 32*a*p1dp2*p1dp4
          - 32*a*p1dp2*p1dp3
          + 32*a^2*p1dp2
          )

       + prop(p3 + p4)^2*prop( - p1 + p3 + p4)*prop( - p2 + p3 + p4)*MZ^-2*
      Nc^-2*[Nc^2-1]*I3q^2*cw^-2*sw^-2*aem*Pi * (
          - 32*p1dp4*p2dp3*p3dp4^2
          + 32*p1dp4*p2dp3*p2dp4*p3dp4
          + 32*p1dp4*p2dp3^2*p3dp4
          + 32*p1dp4^2*p2dp3*p3dp4
          - 32*p1dp4^2*p2dp3*p2dp4
          - 32*p1dp4^2*p2dp3^2
          - 32*p1dp3*p2dp4*p3dp4^2
          + 32*p1dp3*p2dp4^2*p3dp4
          + 32*p1dp3*p2dp3*p2dp4*p3dp4
          + 32*p1dp3*p1dp4*p2dp4*p3dp4
          - 32*p1dp3*p1dp4*p2dp4^2
          + 32*p1dp3*p1dp4*p2dp3*p3dp4
          - 64*p1dp3*p1dp4*p2dp3*p2dp4
          - 32*p1dp3*p1dp4*p2dp3^2
          + 32*p1dp3^2*p2dp4*p3dp4
          - 32*p1dp3^2*p2dp4^2
          - 32*p1dp3^2*p2dp3*p2dp4
          + 64*a*p1dp4*p2dp3*p3dp4
          - 32*a*p1dp4*p2dp3*p2dp4
          - 32*a*p1dp4*p2dp3^2
          - 32*a*p1dp4^2*p2dp3
          + 64*a*p1dp3*p2dp4*p3dp4
          - 32*a*p1dp3*p2dp4^2
          - 32*a*p1dp3*p2dp3*p2dp4
          - 32*a*p1dp3*p1dp4*p2dp4
          - 32*a*p1dp3*p1dp4*p2dp3
          - 32*a*p1dp3^2*p2dp4
          + 32*a*p1dp2*p3dp4^2
          - 32*a*p1dp2*p2dp4*p3dp4
          - 32*a*p1dp2*p2dp3*p3dp4
          - 32*a*p1dp2*p1dp4*p3dp4
          + 32*a*p1dp2*p1dp4*p2dp4
          + 32*a*p1dp2*p1dp4*p2dp3
          - 32*a*p1dp2*p1dp3*p3dp4
          + 32*a*p1dp2*p1dp3*p2dp4
          + 32*a*p1dp2*p1dp3*p2dp3
          - 32*a^2*p1dp4*p2dp3
          - 32*a^2*p1dp3*p2dp4
          - 64*a^2*p1dp2*p3dp4
          + 32*a^2*p1dp2*p2dp4
          + 32*a^2*p1dp2*p2dp3
          + 32*a^2*p1dp2*p1dp4
          + 32*a^2*p1dp2*p1dp3
          + 32*a^3*p1dp2
          )

       + prop(p3 + p4)^2*prop( - p1 + p3 + p4)*prop( - p2 + p3 + p4)*MZ^-2*
      Nc^-2*[Nc^2-1]*Qq*I3q*cw^-2*aem*Pi * (
          + 64*p1dp4*p2dp3*p3dp4^2
          - 64*p1dp4*p2dp3*p2dp4*p3dp4
          - 64*p1dp4*p2dp3^2*p3dp4
          - 64*p1dp4^2*p2dp3*p3dp4
          + 64*p1dp4^2*p2dp3*p2dp4
          + 64*p1dp4^2*p2dp3^2
          + 64*p1dp3*p2dp4*p3dp4^2
          - 64*p1dp3*p2dp4^2*p3dp4
          - 64*p1dp3*p2dp3*p2dp4*p3dp4
          - 64*p1dp3*p1dp4*p2dp4*p3dp4
          + 64*p1dp3*p1dp4*p2dp4^2
          - 64*p1dp3*p1dp4*p2dp3*p3dp4
          + 128*p1dp3*p1dp4*p2dp3*p2dp4
          + 64*p1dp3*p1dp4*p2dp3^2
          - 64*p1dp3^2*p2dp4*p3dp4
          + 64*p1dp3^2*p2dp4^2
          + 64*p1dp3^2*p2dp3*p2dp4
          - 128*a*p1dp4*p2dp3*p3dp4
          + 64*a*p1dp4*p2dp3*p2dp4
          + 64*a*p1dp4*p2dp3^2
          + 64*a*p1dp4^2*p2dp3
          - 128*a*p1dp3*p2dp4*p3dp4
          + 64*a*p1dp3*p2dp4^2
          + 64*a*p1dp3*p2dp3*p2dp4
          + 64*a*p1dp3*p1dp4*p2dp4
          + 64*a*p1dp3*p1dp4*p2dp3
          + 64*a*p1dp3^2*p2dp4
          - 64*a*p1dp2*p3dp4^2
          + 64*a*p1dp2*p2dp4*p3dp4
          + 64*a*p1dp2*p2dp3*p3dp4
          + 64*a*p1dp2*p1dp4*p3dp4
          - 64*a*p1dp2*p1dp4*p2dp4
          - 64*a*p1dp2*p1dp4*p2dp3
          + 64*a*p1dp2*p1dp3*p3dp4
          - 64*a*p1dp2*p1dp3*p2dp4
          - 64*a*p1dp2*p1dp3*p2dp3
          + 64*a^2*p1dp4*p2dp3
          + 64*a^2*p1dp3*p2dp4
          + 128*a^2*p1dp2*p3dp4
          - 64*a^2*p1dp2*p2dp4
          - 64*a^2*p1dp2*p2dp3
          - 64*a^2*p1dp2*p1dp4
          - 64*a^2*p1dp2*p1dp3
          - 64*a^3*p1dp2
          )

       + prop(p3 + p4)^2*prop( - p1 + p3 + p4)*prop( - p2 + p3 + p4)*MZ^-2*
      Nc^-2*[Nc^2-1]*Qq^2*cw^-2*sw^2*aem*Pi * (
          - 64*p1dp4*p2dp3*p3dp4^2
          + 64*p1dp4*p2dp3*p2dp4*p3dp4
          + 64*p1dp4*p2dp3^2*p3dp4
          + 64*p1dp4^2*p2dp3*p3dp4
          - 64*p1dp4^2*p2dp3*p2dp4
          - 64*p1dp4^2*p2dp3^2
          - 64*p1dp3*p2dp4*p3dp4^2
          + 64*p1dp3*p2dp4^2*p3dp4
          + 64*p1dp3*p2dp3*p2dp4*p3dp4
          + 64*p1dp3*p1dp4*p2dp4*p3dp4
          - 64*p1dp3*p1dp4*p2dp4^2
          + 64*p1dp3*p1dp4*p2dp3*p3dp4
          - 128*p1dp3*p1dp4*p2dp3*p2dp4
          - 64*p1dp3*p1dp4*p2dp3^2
          + 64*p1dp3^2*p2dp4*p3dp4
          - 64*p1dp3^2*p2dp4^2
          - 64*p1dp3^2*p2dp3*p2dp4
          + 128*a*p1dp4*p2dp3*p3dp4
          - 64*a*p1dp4*p2dp3*p2dp4
          - 64*a*p1dp4*p2dp3^2
          - 64*a*p1dp4^2*p2dp3
          + 128*a*p1dp3*p2dp4*p3dp4
          - 64*a*p1dp3*p2dp4^2
          - 64*a*p1dp3*p2dp3*p2dp4
          - 64*a*p1dp3*p1dp4*p2dp4
          - 64*a*p1dp3*p1dp4*p2dp3
          - 64*a*p1dp3^2*p2dp4
          + 64*a*p1dp2*p3dp4^2
          - 64*a*p1dp2*p2dp4*p3dp4
          - 64*a*p1dp2*p2dp3*p3dp4
          - 64*a*p1dp2*p1dp4*p3dp4
          + 64*a*p1dp2*p1dp4*p2dp4
          + 64*a*p1dp2*p1dp4*p2dp3
          - 64*a*p1dp2*p1dp3*p3dp4
          + 64*a*p1dp2*p1dp3*p2dp4
          + 64*a*p1dp2*p1dp3*p2dp3
          - 64*a^2*p1dp4*p2dp3
          - 64*a^2*p1dp3*p2dp4
          - 128*a^2*p1dp2*p3dp4
          + 64*a^2*p1dp2*p2dp4
          + 64*a^2*p1dp2*p2dp3
          + 64*a^2*p1dp2*p1dp4
          + 64*a^2*p1dp2*p1dp3
          + 64*a^3*p1dp2
          )

       + prop(p3 + p4)^2*prop( - p1 + p3 + p4)*prop( - p2 + p3 + p4)*Nc^-2*
      [Nc^2-1]*I3q^2*cw^-2*sw^-2*aem*Pi * (
          + 16*p1dp4*p2dp3*p2dp4
          - 16*p1dp4*p2dp3^2
          - 16*p1dp4^2*p2dp3
          - 16*p1dp3*p2dp4^2
          + 16*p1dp3*p2dp3*p2dp4
          + 16*p1dp3*p1dp4*p2dp4
          + 16*p1dp3*p1dp4*p2dp3
          - 16*p1dp3^2*p2dp4
          - 32*p1dp2*p3dp4^2
          + 16*p1dp2*p2dp4*p3dp4
          + 16*p1dp2*p2dp3*p3dp4
          + 16*p1dp2*p1dp4*p3dp4
          + 32*p1dp2*p1dp4*p2dp3
          + 16*p1dp2*p1dp3*p3dp4
          + 32*p1dp2*p1dp3*p2dp4
          - 32*p1dp2^2*p3dp4
          + 96*a*p1dp2*p3dp4
          - 16*a*p1dp2*p2dp4
          - 16*a*p1dp2*p2dp3
          - 16*a*p1dp2*p1dp4
          - 16*a*p1dp2*p1dp3
          + 32*a*p1dp2^2
          - 64*a^2*p1dp2
          )

       + prop(p3 + p4)^2*prop( - p1 + p3 + p4)*prop( - p2 + p3 + p4)*Nc^-2*
      [Nc^2-1]*Qq*I3q*cw^-2*aem*Pi * (
          - 32*p1dp4*p2dp3*p2dp4
          + 32*p1dp4*p2dp3^2
          + 32*p1dp4^2*p2dp3
          + 32*p1dp3*p2dp4^2
          - 32*p1dp3*p2dp3*p2dp4
          - 32*p1dp3*p1dp4*p2dp4
          - 32*p1dp3*p1dp4*p2dp3
          + 32*p1dp3^2*p2dp4
          + 64*p1dp2*p3dp4^2
          - 32*p1dp2*p2dp4*p3dp4
          - 32*p1dp2*p2dp3*p3dp4
          - 32*p1dp2*p1dp4*p3dp4
          - 64*p1dp2*p1dp4*p2dp3
          - 32*p1dp2*p1dp3*p3dp4
          - 64*p1dp2*p1dp3*p2dp4
          + 64*p1dp2^2*p3dp4
          - 192*a*p1dp2*p3dp4
          + 32*a*p1dp2*p2dp4
          + 32*a*p1dp2*p2dp3
          + 32*a*p1dp2*p1dp4
          + 32*a*p1dp2*p1dp3
          - 64*a*p1dp2^2
          + 128*a^2*p1dp2
          )

       + prop(p3 + p4)^2*prop( - p1 + p3 + p4)*prop( - p2 + p3 + p4)*Nc^-2*
      [Nc^2-1]*Qq^2*cw^-2*sw^2*aem*Pi * (
          + 32*p1dp4*p2dp3*p2dp4
          - 32*p1dp4*p2dp3^2
          - 32*p1dp4^2*p2dp3
          - 32*p1dp3*p2dp4^2
          + 32*p1dp3*p2dp3*p2dp4
          + 32*p1dp3*p1dp4*p2dp4
          + 32*p1dp3*p1dp4*p2dp3
          - 32*p1dp3^2*p2dp4
          - 64*p1dp2*p3dp4^2
          + 32*p1dp2*p2dp4*p3dp4
          + 32*p1dp2*p2dp3*p3dp4
          + 32*p1dp2*p1dp4*p3dp4
          + 64*p1dp2*p1dp4*p2dp3
          + 32*p1dp2*p1dp3*p3dp4
          + 64*p1dp2*p1dp3*p2dp4
          - 64*p1dp2^2*p3dp4
          + 192*a*p1dp2*p3dp4
          - 32*a*p1dp2*p2dp4
          - 32*a*p1dp2*p2dp3
          - 32*a*p1dp2*p1dp4
          - 32*a*p1dp2*p1dp3
          + 64*a*p1dp2^2
          - 128*a^2*p1dp2
          )

       + prop(p3 + p4)^2*prop( - p2 + p3 + p4)^2*MZ^-2*Nc^-2*[Nc^2-1]*I3q^2*
      cw^-2*sw^-2*aem*Pi * (
          + 16*p1dp4*p2dp3*p3dp4^2
          - 32*p1dp4*p2dp3*p2dp4*p3dp4
          + 16*p1dp4*p2dp3*p2dp4^2
          - 32*p1dp4*p2dp3^2*p3dp4
          + 32*p1dp4*p2dp3^2*p2dp4
          + 16*p1dp4*p2dp3^3
          + 16*p1dp3*p2dp4*p3dp4^2
          - 32*p1dp3*p2dp4^2*p3dp4
          + 16*p1dp3*p2dp4^3
          - 32*p1dp3*p2dp3*p2dp4*p3dp4
          + 32*p1dp3*p2dp3*p2dp4^2
          + 16*p1dp3*p2dp3^2*p2dp4
          - 32*a*p1dp4*p2dp3*p3dp4
          + 32*a*p1dp4*p2dp3*p2dp4
          + 32*a*p1dp4*p2dp3^2
          - 32*a*p1dp3*p2dp4*p3dp4
          + 32*a*p1dp3*p2dp4^2
          + 32*a*p1dp3*p2dp3*p2dp4
          - 16*a*p1dp2*p3dp4^2
          + 32*a*p1dp2*p2dp4*p3dp4
          - 16*a*p1dp2*p2dp4^2
          + 32*a*p1dp2*p2dp3*p3dp4
          - 32*a*p1dp2*p2dp3*p2dp4
          - 16*a*p1dp2*p2dp3^2
          + 16*a^2*p1dp4*p2dp3
          + 16*a^2*p1dp3*p2dp4
          + 32*a^2*p1dp2*p3dp4
          - 32*a^2*p1dp2*p2dp4
          - 32*a^2*p1dp2*p2dp3
          - 16*a^3*p1dp2
          )

       + prop(p3 + p4)^2*prop( - p2 + p3 + p4)^2*MZ^-2*Nc^-2*[Nc^2-1]*Qq*I3q*
      cw^-2*aem*Pi * (
          - 32*p1dp4*p2dp3*p3dp4^2
          + 64*p1dp4*p2dp3*p2dp4*p3dp4
          - 32*p1dp4*p2dp3*p2dp4^2
          + 64*p1dp4*p2dp3^2*p3dp4
          - 64*p1dp4*p2dp3^2*p2dp4
          - 32*p1dp4*p2dp3^3
          - 32*p1dp3*p2dp4*p3dp4^2
          + 64*p1dp3*p2dp4^2*p3dp4
          - 32*p1dp3*p2dp4^3
          + 64*p1dp3*p2dp3*p2dp4*p3dp4
          - 64*p1dp3*p2dp3*p2dp4^2
          - 32*p1dp3*p2dp3^2*p2dp4
          + 64*a*p1dp4*p2dp3*p3dp4
          - 64*a*p1dp4*p2dp3*p2dp4
          - 64*a*p1dp4*p2dp3^2
          + 64*a*p1dp3*p2dp4*p3dp4
          - 64*a*p1dp3*p2dp4^2
          - 64*a*p1dp3*p2dp3*p2dp4
          + 32*a*p1dp2*p3dp4^2
          - 64*a*p1dp2*p2dp4*p3dp4
          + 32*a*p1dp2*p2dp4^2
          - 64*a*p1dp2*p2dp3*p3dp4
          + 64*a*p1dp2*p2dp3*p2dp4
          + 32*a*p1dp2*p2dp3^2
          - 32*a^2*p1dp4*p2dp3
          - 32*a^2*p1dp3*p2dp4
          - 64*a^2*p1dp2*p3dp4
          + 64*a^2*p1dp2*p2dp4
          + 64*a^2*p1dp2*p2dp3
          + 32*a^3*p1dp2
          )

       + prop(p3 + p4)^2*prop( - p2 + p3 + p4)^2*MZ^-2*Nc^-2*[Nc^2-1]*Qq^2*
      cw^-2*sw^2*aem*Pi * (
          + 32*p1dp4*p2dp3*p3dp4^2
          - 64*p1dp4*p2dp3*p2dp4*p3dp4
          + 32*p1dp4*p2dp3*p2dp4^2
          - 64*p1dp4*p2dp3^2*p3dp4
          + 64*p1dp4*p2dp3^2*p2dp4
          + 32*p1dp4*p2dp3^3
          + 32*p1dp3*p2dp4*p3dp4^2
          - 64*p1dp3*p2dp4^2*p3dp4
          + 32*p1dp3*p2dp4^3
          - 64*p1dp3*p2dp3*p2dp4*p3dp4
          + 64*p1dp3*p2dp3*p2dp4^2
          + 32*p1dp3*p2dp3^2*p2dp4
          - 64*a*p1dp4*p2dp3*p3dp4
          + 64*a*p1dp4*p2dp3*p2dp4
          + 64*a*p1dp4*p2dp3^2
          - 64*a*p1dp3*p2dp4*p3dp4
          + 64*a*p1dp3*p2dp4^2
          + 64*a*p1dp3*p2dp3*p2dp4
          - 32*a*p1dp2*p3dp4^2
          + 64*a*p1dp2*p2dp4*p3dp4
          - 32*a*p1dp2*p2dp4^2
          + 64*a*p1dp2*p2dp3*p3dp4
          - 64*a*p1dp2*p2dp3*p2dp4
          - 32*a*p1dp2*p2dp3^2
          + 32*a^2*p1dp4*p2dp3
          + 32*a^2*p1dp3*p2dp4
          + 64*a^2*p1dp2*p3dp4
          - 64*a^2*p1dp2*p2dp4
          - 64*a^2*p1dp2*p2dp3
          - 32*a^3*p1dp2
          )

       + prop(p3 + p4)^2*prop( - p2 + p3 + p4)^2*Nc^-2*[Nc^2-1]*I3q^2*cw^-2*
      sw^-2*aem*Pi * (
          - 16*p1dp4*p2dp4*p3dp4
          + 16*p1dp4*p2dp3*p2dp4
          - 16*p1dp4*p2dp3^2
          - 16*p1dp3*p2dp4^2
          - 16*p1dp3*p2dp3*p3dp4
          + 16*p1dp3*p2dp3*p2dp4
          + 16*p1dp2*p2dp4*p3dp4
          + 16*p1dp2*p2dp3*p3dp4
          - 32*p1dp2*p2dp3*p2dp4
          + 32*a*p1dp4*p2dp4
          + 16*a*p1dp4*p2dp3
          + 16*a*p1dp3*p2dp4
          + 32*a*p1dp3*p2dp3
          - 16*a*p1dp2*p3dp4
          - 16*a*p1dp2*p2dp4
          - 16*a*p1dp2*p2dp3
          + 16*a^2*p1dp2
          )

       + prop(p3 + p4)^2*prop( - p2 + p3 + p4)^2*Nc^-2*[Nc^2-1]*Qq*I3q*cw^-2*
      aem*Pi * (
          + 32*p1dp4*p2dp4*p3dp4
          - 32*p1dp4*p2dp3*p2dp4
          + 32*p1dp4*p2dp3^2
          + 32*p1dp3*p2dp4^2
          + 32*p1dp3*p2dp3*p3dp4
          - 32*p1dp3*p2dp3*p2dp4
          - 32*p1dp2*p2dp4*p3dp4
          - 32*p1dp2*p2dp3*p3dp4
          + 64*p1dp2*p2dp3*p2dp4
          - 64*a*p1dp4*p2dp4
          - 32*a*p1dp4*p2dp3
          - 32*a*p1dp3*p2dp4
          - 64*a*p1dp3*p2dp3
          + 32*a*p1dp2*p3dp4
          + 32*a*p1dp2*p2dp4
          + 32*a*p1dp2*p2dp3
          - 32*a^2*p1dp2
          )

       + prop(p3 + p4)^2*prop( - p2 + p3 + p4)^2*Nc^-2*[Nc^2-1]*Qq^2*cw^-2*
      sw^2*aem*Pi * (
          - 32*p1dp4*p2dp4*p3dp4
          + 32*p1dp4*p2dp3*p2dp4
          - 32*p1dp4*p2dp3^2
          - 32*p1dp3*p2dp4^2
          - 32*p1dp3*p2dp3*p3dp4
          + 32*p1dp3*p2dp3*p2dp4
          + 32*p1dp2*p2dp4*p3dp4
          + 32*p1dp2*p2dp3*p3dp4
          - 64*p1dp2*p2dp3*p2dp4
          + 64*a*p1dp4*p2dp4
          + 32*a*p1dp4*p2dp3
          + 32*a*p1dp3*p2dp4
          + 64*a*p1dp3*p2dp3
          - 32*a*p1dp2*p3dp4
          - 32*a*p1dp2*p2dp4
          - 32*a*p1dp2*p2dp3
          + 32*a^2*p1dp2
          );

  1.39 sec out of 1.42 sec
