
NIL
(%o1)                                done
(%i2) 
read and interpret file: /Users/rds/Desktop/FORM/Numerical/consistency.mac
(%i3) prop(x):=1/x
                                            1
(%o3)                            prop(x) := -
                                            x
(%i4) qqttWtreelevel(p1,p2,p3,p4,mt,mw,N,aem,sw,Pi):=
                     (+prop(eta(p3,p3)+2*eta(p3,p4)+eta(p4,p4))^2)
                      *prop(eta(p1,p1)-2*eta(p1,p3)+(-2)*eta(p1,p4)+eta(p3,p3)
                                      +2*eta(p3,p4)+eta(p4,p4))
                       ^2*[N^2-1]
                      *((-4)*aem*sw^-2*Pi*mt^4*mw^2*[N^-1]^2
                       +12*aem*sw^-2*Pi*mt^6*[N^-1]^2
                       +(-8)*aem*sw^-2*Pi*mt^8*mw^-2*[N^-1]^2
                       +(-4)*eta(p1,p3)*aem*sw^-2*Pi*mt^2*mw^2*[N^-1]^2
                       +(-8)*eta(p1,p3)*aem*sw^-2*Pi*mt^4*[N^-1]^2
                       +24*eta(p1,p3)*aem*sw^-2*Pi*mt^6*mw^-2*[N^-1]^2
                       +(-4)*eta(p1,p3)*eta(p1,p3)*aem*sw^-2*Pi*mt^2*[N^-1]^2
                       +(-24)*eta(p1,p3)*eta(p1,p3)*aem*sw^-2*Pi*mt^4*mw^-2
                             *[N^-1]^2
                       +8*eta(p1,p3)*eta(p1,p3)*eta(p1,p3)*aem*sw^-2*Pi*mt^2
                         *mw^-2*[N^-1]^2
                       +8*eta(p1,p3)*eta(p1,p3)*eta(p1,p3)*eta(p2,p4)*aem
                         *sw^-2*Pi*mw^-2*[N^-1]^2
                       +8*eta(p1,p3)*eta(p1,p3)*eta(p2,p4)*aem*sw^-2*Pi
                         *[N^-1]^2
                       +(-8)*eta(p1,p3)*eta(p1,p3)*eta(p2,p4)*aem*sw^-2*Pi
                            *mt^2*mw^-2*[N^-1]^2
                       +(-8)*eta(p1,p3)*eta(p2,p4)*aem*sw^-2*Pi*mt^4*mw^-2
                            *[N^-1]^2
                       +(-4)*eta(p1,p4)*aem*sw^-2*Pi*mt^2*mw^2*[N^-1]^2
                       +(-8)*eta(p1,p4)*aem*sw^-2*Pi*mt^4*[N^-1]^2
                       +24*eta(p1,p4)*aem*sw^-2*Pi*mt^6*mw^-2*[N^-1]^2
                       +8*eta(p1,p4)*eta(p1,p3)*aem*sw^-2*Pi*mw^2*[N^-1]^2
                       +(-24)*eta(p1,p4)*eta(p1,p3)*aem*sw^-2*Pi*mt^2*[N^-1]^2
                       +(-48)*eta(p1,p4)*eta(p1,p3)*aem*sw^-2*Pi*mt^4*mw^-2
                             *[N^-1]^2
                       +16*eta(p1,p4)*eta(p1,p3)*eta(p1,p3)*aem*sw^-2*Pi
                          *[N^-1]^2
                       +24*eta(p1,p4)*eta(p1,p3)*eta(p1,p3)*aem*sw^-2*Pi*mt^2
                          *mw^-2*[N^-1]^2
                       +16*eta(p1,p4)*eta(p1,p3)*eta(p1,p3)*eta(p2,p4)*aem
                          *sw^-2*Pi*mw^-2*[N^-1]^2
                       +8*eta(p1,p4)*eta(p1,p3)*eta(p2,p4)*aem*sw^-2*Pi
                         *[N^-1]^2
                       +(-4)*eta(p1,p4)*eta(p1,p4)*aem*sw^-2*Pi*mt^2*[N^-1]^2
                       +(-24)*eta(p1,p4)*eta(p1,p4)*aem*sw^-2*Pi*mt^4*mw^-2
                             *[N^-1]^2
                       +16*eta(p1,p4)*eta(p1,p4)*eta(p1,p3)*aem*sw^-2*Pi
                          *[N^-1]^2
                       +24*eta(p1,p4)*eta(p1,p4)*eta(p1,p3)*aem*sw^-2*Pi*mt^2
                          *mw^-2*[N^-1]^2
                       +8*eta(p1,p4)*eta(p1,p4)*eta(p1,p3)*eta(p2,p4)*aem
                         *sw^-2*Pi*mw^-2*[N^-1]^2
                       +8*eta(p1,p4)*eta(p1,p4)*eta(p1,p4)*aem*sw^-2*Pi*mt^2
                         *mw^-2*[N^-1]^2
                       +8*eta(p1,p4)*eta(p1,p4)*eta(p1,p4)*eta(p2,p3)*aem
                         *sw^-2*Pi*mw^-2*[N^-1]^2
                       +8*eta(p1,p4)*eta(p1,p4)*eta(p2,p3)*aem*sw^-2*Pi
                         *[N^-1]^2
                       +(-8)*eta(p1,p4)*eta(p1,p4)*eta(p2,p3)*aem*sw^-2*Pi
                            *mt^2*mw^-2*[N^-1]^2
                       +16*eta(p1,p4)*eta(p1,p4)*eta(p2,p3)*eta(p1,p3)*aem
                          *sw^-2*Pi*mw^-2*[N^-1]^2
                       +(-16)*eta(p1,p4)*eta(p1,p4)*eta(p2,p3)*eta(p3,p4)*aem
                             *sw^-2*Pi*mw^-2*[N^-1]^2
                       +8*eta(p1,p4)*eta(p1,p4)*eta(p2,p4)*aem*sw^-2*Pi*mt^2
                         *mw^-2*[N^-1]^2
                       +(-8)*eta(p1,p4)*eta(p1,p4)*eta(p3,p4)*aem*sw^-2*Pi
                            *[N^-1]^2
                       +(-24)*eta(p1,p4)*eta(p1,p4)*eta(p3,p4)*aem*sw^-2*Pi
                             *mt^2*mw^-2*[N^-1]^2
                       +(-8)*eta(p1,p4)*eta(p2,p3)*aem*sw^-2*Pi*mt^4*mw^-2
                            *[N^-1]^2
                       +8*eta(p1,p4)*eta(p2,p3)*eta(p1,p3)*aem*sw^-2*Pi
                         *[N^-1]^2
                       +8*eta(p1,p4)*eta(p2,p3)*eta(p1,p3)*eta(p1,p3)*aem
                         *sw^-2*Pi*mw^-2*[N^-1]^2
                       +(-8)*eta(p1,p4)*eta(p2,p3)*eta(p3,p4)*aem*sw^-2*Pi
                            *[N^-1]^2
                       +(-16)*eta(p1,p4)*eta(p2,p3)*eta(p3,p4)*eta(p1,p3)*aem
                             *sw^-2*Pi*mw^-2*[N^-1]^2
                       +8*eta(p1,p4)*eta(p2,p3)*eta(p3,p4)*eta(p3,p4)*aem
                         *sw^-2*Pi*mw^-2*[N^-1]^2
                       +8*eta(p1,p4)*eta(p2,p4)*aem*sw^-2*Pi*mt^2*[N^-1]^2
                       +(-16)*eta(p1,p4)*eta(p2,p4)*aem*sw^-2*Pi*mt^4*mw^-2
                             *[N^-1]^2
                       +(-4)*eta(p1,p4)*eta(p3,p4)*aem*sw^-2*Pi*mw^2*[N^-1]^2
                       +48*eta(p1,p4)*eta(p3,p4)*aem*sw^-2*Pi*mt^4*mw^-2
                          *[N^-1]^2
                       +(-32)*eta(p1,p4)*eta(p3,p4)*eta(p1,p3)*aem*sw^-2*Pi
                             *[N^-1]^2
                       +(-48)*eta(p1,p4)*eta(p3,p4)*eta(p1,p3)*aem*sw^-2*Pi
                             *mt^2*mw^-2*[N^-1]^2
                       +(-16)*eta(p1,p4)*eta(p3,p4)*eta(p1,p3)*eta(p2,p4)*aem
                             *sw^-2*Pi*mw^-2*[N^-1]^2
                       +(-16)*eta(p1,p4)*eta(p3,p4)*eta(p2,p4)*aem*sw^-2*Pi
                             *mt^2*mw^-2*[N^-1]^2
                       +8*eta(p1,p4)*eta(p3,p4)*eta(p3,p4)*aem*sw^-2*Pi
                         *[N^-1]^2
                       +24*eta(p1,p4)*eta(p3,p4)*eta(p3,p4)*aem*sw^-2*Pi*mt^2
                          *mw^-2*[N^-1]^2
                       +(-8)*eta(p2,p3)*aem*sw^-2*Pi*mt^4*[N^-1]^2
                       +8*eta(p2,p3)*aem*sw^-2*Pi*mt^6*mw^-2*[N^-1]^2
                       +8*eta(p2,p3)*eta(p1,p3)*aem*sw^-2*Pi*mt^2*[N^-1]^2
                       +(-16)*eta(p2,p3)*eta(p1,p3)*aem*sw^-2*Pi*mt^4*mw^-2
                             *[N^-1]^2
                       +8*eta(p2,p3)*eta(p1,p3)*eta(p1,p3)*aem*sw^-2*Pi*mt^2
                         *mw^-2*[N^-1]^2
                       +(-8)*eta(p2,p3)*eta(p3,p4)*aem*sw^-2*Pi*mt^2*[N^-1]^2
                       +16*eta(p2,p3)*eta(p3,p4)*aem*sw^-2*Pi*mt^4*mw^-2
                          *[N^-1]^2
                       +(-16)*eta(p2,p3)*eta(p3,p4)*eta(p1,p3)*aem*sw^-2*Pi
                             *mt^2*mw^-2*[N^-1]^2
                       +8*eta(p2,p3)*eta(p3,p4)*eta(p3,p4)*aem*sw^-2*Pi*mt^2
                         *mw^-2*[N^-1]^2
                       +(-8)*eta(p2,p4)*aem*sw^-2*Pi*mt^4*[N^-1]^2
                       +8*eta(p2,p4)*aem*sw^-2*Pi*mt^6*mw^-2*[N^-1]^2
                       +(-4)*eta(p3,p4)*aem*sw^-2*Pi*mt^2*mw^2*[N^-1]^2
                       +24*eta(p3,p4)*aem*sw^-2*Pi*mt^4*[N^-1]^2
                       +(-24)*eta(p3,p4)*aem*sw^-2*Pi*mt^6*mw^-2*[N^-1]^2
                       +(-4)*eta(p3,p4)*eta(p1,p3)*aem*sw^-2*Pi*mw^2*[N^-1]^2
                       +48*eta(p3,p4)*eta(p1,p3)*aem*sw^-2*Pi*mt^4*mw^-2
                          *[N^-1]^2
                       +(-8)*eta(p3,p4)*eta(p1,p3)*eta(p1,p3)*aem*sw^-2*Pi
                            *[N^-1]^2
                       +(-24)*eta(p3,p4)*eta(p1,p3)*eta(p1,p3)*aem*sw^-2*Pi
                             *mt^2*mw^-2*[N^-1]^2
                       +(-16)*eta(p3,p4)*eta(p1,p3)*eta(p1,p3)*eta(p2,p4)*aem
                             *sw^-2*Pi*mw^-2*[N^-1]^2
                       +(-8)*eta(p3,p4)*eta(p1,p3)*eta(p2,p4)*aem*sw^-2*Pi
                            *[N^-1]^2
                       +(-8)*eta(p3,p4)*eta(p2,p4)*aem*sw^-2*Pi*mt^2*[N^-1]^2
                       +16*eta(p3,p4)*eta(p2,p4)*aem*sw^-2*Pi*mt^4*mw^-2
                          *[N^-1]^2
                       +12*eta(p3,p4)*eta(p3,p4)*aem*sw^-2*Pi*mt^2*[N^-1]^2
                       +(-24)*eta(p3,p4)*eta(p3,p4)*aem*sw^-2*Pi*mt^4*mw^-2
                             *[N^-1]^2
                       +8*eta(p3,p4)*eta(p3,p4)*eta(p1,p3)*aem*sw^-2*Pi
                         *[N^-1]^2
                       +24*eta(p3,p4)*eta(p3,p4)*eta(p1,p3)*aem*sw^-2*Pi*mt^2
                          *mw^-2*[N^-1]^2
                       +8*eta(p3,p4)*eta(p3,p4)*eta(p1,p3)*eta(p2,p4)*aem
                         *sw^-2*Pi*mw^-2*[N^-1]^2
                       +8*eta(p3,p4)*eta(p3,p4)*eta(p2,p4)*aem*sw^-2*Pi*mt^2
                         *mw^-2*[N^-1]^2
                       +(-8)*eta(p3,p4)*eta(p3,p4)*eta(p3,p4)*aem*sw^-2*Pi
                            *mt^2*mw^-2*[N^-1]^2)
                     +prop(eta(p3,p3)+2*eta(p3,p4)+eta(p4,p4))^2
                      *prop(eta(p1,p1)-2*eta(p1,p3)+(-2)*eta(p1,p4)+eta(p3,p3)
                                      +2*eta(p3,p4)+eta(p4,p4))
                      *prop(eta(p2,p2)-2*eta(p2,p3)+(-2)*eta(p2,p4)+eta(p3,p3)
                                      +2*eta(p3,p4)+eta(p4,p4))*[N^2-1]
                      *((+4)*aem*sw^-2*Pi*mt^2*mw^4*[N^-1]^2
                       -24*aem*sw^-2*Pi*mt^6*[N^-1]^2
                       +16*aem*sw^-2*Pi*mt^8*mw^-2*[N^-1]^2
                       +12*eta(p1,p3)*aem*sw^-2*Pi*mt^2*mw^2*[N^-1]^2
                       +16*eta(p1,p3)*aem*sw^-2*Pi*mt^4*[N^-1]^2
                       +(-32)*eta(p1,p3)*aem*sw^-2*Pi*mt^6*mw^-2*[N^-1]^2
                       +8*eta(p1,p3)*eta(p1,p3)*aem*sw^-2*Pi*mt^2*[N^-1]^2
                       +16*eta(p1,p3)*eta(p1,p3)*aem*sw^-2*Pi*mt^4*mw^-2
                          *[N^-1]^2
                       +(-8)*eta(p1,p3)*eta(p1,p3)*eta(p2,p4)*aem*sw^-2*Pi
                            *[N^-1]^2
                       +(-16)*eta(p1,p3)*eta(p1,p3)*eta(p2,p4)*eta(p2,p4)*aem
                             *sw^-2*Pi*mw^-2*[N^-1]^2
                       +(-8)*eta(p1,p3)*eta(p2,p4)*aem*sw^-2*Pi*mw^2*[N^-1]^2
                       +24*eta(p1,p3)*eta(p2,p4)*aem*sw^-2*Pi*mt^2*[N^-1]^2
                       +32*eta(p1,p3)*eta(p2,p4)*aem*sw^-2*Pi*mt^4*mw^-2
                          *[N^-1]^2
                       +(-8)*eta(p1,p3)*eta(p2,p4)*eta(p2,p4)*aem*sw^-2*Pi
                            *[N^-1]^2
                       +12*eta(p1,p4)*aem*sw^-2*Pi*mt^2*mw^2*[N^-1]^2
                       +16*eta(p1,p4)*aem*sw^-2*Pi*mt^4*[N^-1]^2
                       +(-32)*eta(p1,p4)*aem*sw^-2*Pi*mt^6*mw^-2*[N^-1]^2
                       +16*eta(p1,p4)*eta(p1,p3)*aem*sw^-2*Pi*mt^2*[N^-1]^2
                       +32*eta(p1,p4)*eta(p1,p3)*aem*sw^-2*Pi*mt^4*mw^-2
                          *[N^-1]^2
                       +(-24)*eta(p1,p4)*eta(p1,p3)*eta(p2,p4)*aem*sw^-2*Pi
                             *[N^-1]^2
                       +(-16)*eta(p1,p4)*eta(p1,p3)*eta(p2,p4)*aem*sw^-2*Pi
                             *mt^2*mw^-2*[N^-1]^2
                       +(-16)*eta(p1,p4)*eta(p1,p3)*eta(p2,p4)*eta(p2,p4)*aem
                             *sw^-2*Pi*mw^-2*[N^-1]^2
                       +8*eta(p1,p4)*eta(p1,p4)*aem*sw^-2*Pi*mt^2*[N^-1]^2
                       +16*eta(p1,p4)*eta(p1,p4)*aem*sw^-2*Pi*mt^4*mw^-2
                          *[N^-1]^2
                       +(-8)*eta(p1,p4)*eta(p1,p4)*eta(p2,p3)*aem*sw^-2*Pi
                            *[N^-1]^2
                       +(-16)*eta(p1,p4)*eta(p1,p4)*eta(p2,p3)*eta(p2,p3)*aem
                             *sw^-2*Pi*mw^-2*[N^-1]^2
                       +(-16)*eta(p1,p4)*eta(p1,p4)*eta(p2,p3)*eta(p2,p4)*aem
                             *sw^-2*Pi*mw^-2*[N^-1]^2
                       +16*eta(p1,p4)*eta(p1,p4)*eta(p2,p3)*eta(p3,p4)*aem
                          *sw^-2*Pi*mw^-2*[N^-1]^2
                       +(-16)*eta(p1,p4)*eta(p1,p4)*eta(p2,p4)*aem*sw^-2*Pi
                             *mt^2*mw^-2*[N^-1]^2
                       +8*eta(p1,p4)*eta(p1,p4)*eta(p3,p4)*aem*sw^-2*Pi
                         *[N^-1]^2
                       +16*eta(p1,p4)*eta(p1,p4)*eta(p3,p4)*aem*sw^-2*Pi*mt^2
                          *mw^-2*[N^-1]^2
                       +(-8)*eta(p1,p4)*eta(p2,p3)*aem*sw^-2*Pi*mw^2*[N^-1]^2
                       +24*eta(p1,p4)*eta(p2,p3)*aem*sw^-2*Pi*mt^2*[N^-1]^2
                       +32*eta(p1,p4)*eta(p2,p3)*aem*sw^-2*Pi*mt^4*mw^-2
                          *[N^-1]^2
                       +(-24)*eta(p1,p4)*eta(p2,p3)*eta(p1,p3)*aem*sw^-2*Pi
                             *[N^-1]^2
                       +(-16)*eta(p1,p4)*eta(p2,p3)*eta(p1,p3)*aem*sw^-2*Pi
                             *mt^2*mw^-2*[N^-1]^2
                       +(-32)*eta(p1,p4)*eta(p2,p3)*eta(p1,p3)*eta(p2,p4)*aem
                             *sw^-2*Pi*mw^-2*[N^-1]^2
                       +(-8)*eta(p1,p4)*eta(p2,p3)*eta(p2,p3)*aem*sw^-2*Pi
                            *[N^-1]^2
                       +(-16)*eta(p1,p4)*eta(p2,p3)*eta(p2,p3)*eta(p1,p3)*aem
                             *sw^-2*Pi*mw^-2*[N^-1]^2
                       +16*eta(p1,p4)*eta(p2,p3)*eta(p2,p3)*eta(p3,p4)*aem
                          *sw^-2*Pi*mw^-2*[N^-1]^2
                       +(-24)*eta(p1,p4)*eta(p2,p3)*eta(p2,p4)*aem*sw^-2*Pi
                             *[N^-1]^2
                       +(-16)*eta(p1,p4)*eta(p2,p3)*eta(p2,p4)*aem*sw^-2*Pi
                             *mt^2*mw^-2*[N^-1]^2
                       +32*eta(p1,p4)*eta(p2,p3)*eta(p3,p4)*aem*sw^-2*Pi
                          *[N^-1]^2
                       +16*eta(p1,p4)*eta(p2,p3)*eta(p3,p4)*aem*sw^-2*Pi*mt^2
                          *mw^-2*[N^-1]^2
                       +16*eta(p1,p4)*eta(p2,p3)*eta(p3,p4)*eta(p1,p3)*aem
                          *sw^-2*Pi*mw^-2*[N^-1]^2
                       +16*eta(p1,p4)*eta(p2,p3)*eta(p3,p4)*eta(p2,p4)*aem
                          *sw^-2*Pi*mw^-2*[N^-1]^2
                       +(-16)*eta(p1,p4)*eta(p2,p3)*eta(p3,p4)*eta(p3,p4)*aem
                             *sw^-2*Pi*mw^-2*[N^-1]^2
                       +8*eta(p1,p4)*eta(p2,p4)*aem*sw^-2*Pi*mt^2*[N^-1]^2
                       +48*eta(p1,p4)*eta(p2,p4)*aem*sw^-2*Pi*mt^4*mw^-2
                          *[N^-1]^2
                       +(-16)*eta(p1,p4)*eta(p2,p4)*eta(p2,p4)*aem*sw^-2*Pi
                             *mt^2*mw^-2*[N^-1]^2
                       +12*eta(p1,p4)*eta(p3,p4)*aem*sw^-2*Pi*mw^2*[N^-1]^2
                       +8*eta(p1,p4)*eta(p3,p4)*aem*sw^-2*Pi*mt^2*[N^-1]^2
                       +(-64)*eta(p1,p4)*eta(p3,p4)*aem*sw^-2*Pi*mt^4*mw^-2
                             *[N^-1]^2
                       +16*eta(p1,p4)*eta(p3,p4)*eta(p1,p3)*aem*sw^-2*Pi
                          *[N^-1]^2
                       +32*eta(p1,p4)*eta(p3,p4)*eta(p1,p3)*aem*sw^-2*Pi*mt^2
                          *mw^-2*[N^-1]^2
                       +16*eta(p1,p4)*eta(p3,p4)*eta(p1,p3)*eta(p2,p4)*aem
                          *sw^-2*Pi*mw^-2*[N^-1]^2
                       +16*eta(p1,p4)*eta(p3,p4)*eta(p2,p4)*aem*sw^-2*Pi
                          *[N^-1]^2
                       +48*eta(p1,p4)*eta(p3,p4)*eta(p2,p4)*aem*sw^-2*Pi*mt^2
                          *mw^-2*[N^-1]^2
                       +(-8)*eta(p1,p4)*eta(p3,p4)*eta(p3,p4)*aem*sw^-2*Pi
                            *[N^-1]^2
                       +(-32)*eta(p1,p4)*eta(p3,p4)*eta(p3,p4)*aem*sw^-2*Pi
                             *mt^2*mw^-2*[N^-1]^2
                       +12*eta(p2,p3)*aem*sw^-2*Pi*mt^2*mw^2*[N^-1]^2
                       +16*eta(p2,p3)*aem*sw^-2*Pi*mt^4*[N^-1]^2
                       +(-32)*eta(p2,p3)*aem*sw^-2*Pi*mt^6*mw^-2*[N^-1]^2
                       +8*eta(p2,p3)*eta(p1,p3)*aem*sw^-2*Pi*mt^2*[N^-1]^2
                       +48*eta(p2,p3)*eta(p1,p3)*aem*sw^-2*Pi*mt^4*mw^-2
                          *[N^-1]^2
                       +(-16)*eta(p2,p3)*eta(p1,p3)*eta(p1,p3)*aem*sw^-2*Pi
                             *mt^2*mw^-2*[N^-1]^2
                       +(-16)*eta(p2,p3)*eta(p1,p3)*eta(p1,p3)*eta(p2,p4)*aem
                             *sw^-2*Pi*mw^-2*[N^-1]^2
                       +(-24)*eta(p2,p3)*eta(p1,p3)*eta(p2,p4)*aem*sw^-2*Pi
                             *[N^-1]^2
                       +(-16)*eta(p2,p3)*eta(p1,p3)*eta(p2,p4)*aem*sw^-2*Pi
                             *mt^2*mw^-2*[N^-1]^2
                       +8*eta(p2,p3)*eta(p2,p3)*aem*sw^-2*Pi*mt^2*[N^-1]^2
                       +16*eta(p2,p3)*eta(p2,p3)*aem*sw^-2*Pi*mt^4*mw^-2
                          *[N^-1]^2
                       +(-16)*eta(p2,p3)*eta(p2,p3)*eta(p1,p3)*aem*sw^-2*Pi
                             *mt^2*mw^-2*[N^-1]^2
                       +8*eta(p2,p3)*eta(p2,p3)*eta(p3,p4)*aem*sw^-2*Pi
                         *[N^-1]^2
                       +16*eta(p2,p3)*eta(p2,p3)*eta(p3,p4)*aem*sw^-2*Pi*mt^2
                          *mw^-2*[N^-1]^2
                       +16*eta(p2,p3)*eta(p2,p4)*aem*sw^-2*Pi*mt^2*[N^-1]^2
                       +32*eta(p2,p3)*eta(p2,p4)*aem*sw^-2*Pi*mt^4*mw^-2
                          *[N^-1]^2
                       +12*eta(p2,p3)*eta(p3,p4)*aem*sw^-2*Pi*mw^2*[N^-1]^2
                       +8*eta(p2,p3)*eta(p3,p4)*aem*sw^-2*Pi*mt^2*[N^-1]^2
                       +(-64)*eta(p2,p3)*eta(p3,p4)*aem*sw^-2*Pi*mt^4*mw^-2
                             *[N^-1]^2
                       +16*eta(p2,p3)*eta(p3,p4)*eta(p1,p3)*aem*sw^-2*Pi
                          *[N^-1]^2
                       +48*eta(p2,p3)*eta(p3,p4)*eta(p1,p3)*aem*sw^-2*Pi*mt^2
                          *mw^-2*[N^-1]^2
                       +16*eta(p2,p3)*eta(p3,p4)*eta(p1,p3)*eta(p2,p4)*aem
                          *sw^-2*Pi*mw^-2*[N^-1]^2
                       +16*eta(p2,p3)*eta(p3,p4)*eta(p2,p4)*aem*sw^-2*Pi
                          *[N^-1]^2
                       +32*eta(p2,p3)*eta(p3,p4)*eta(p2,p4)*aem*sw^-2*Pi*mt^2
                          *mw^-2*[N^-1]^2
                       +(-8)*eta(p2,p3)*eta(p3,p4)*eta(p3,p4)*aem*sw^-2*Pi
                            *[N^-1]^2
                       +(-32)*eta(p2,p3)*eta(p3,p4)*eta(p3,p4)*aem*sw^-2*Pi
                             *mt^2*mw^-2*[N^-1]^2
                       +12*eta(p2,p4)*aem*sw^-2*Pi*mt^2*mw^2*[N^-1]^2
                       +16*eta(p2,p4)*aem*sw^-2*Pi*mt^4*[N^-1]^2
                       +(-32)*eta(p2,p4)*aem*sw^-2*Pi*mt^6*mw^-2*[N^-1]^2
                       +8*eta(p2,p4)*eta(p2,p4)*aem*sw^-2*Pi*mt^2*[N^-1]^2
                       +16*eta(p2,p4)*eta(p2,p4)*aem*sw^-2*Pi*mt^4*mw^-2
                          *[N^-1]^2+4*eta(p3,p4)*aem*sw^-2*Pi*mw^4*[N^-1]^2
                       +(-8)*eta(p3,p4)*aem*sw^-2*Pi*mt^2*mw^2*[N^-1]^2
                       +(-48)*eta(p3,p4)*aem*sw^-2*Pi*mt^4*[N^-1]^2
                       +48*eta(p3,p4)*aem*sw^-2*Pi*mt^6*mw^-2*[N^-1]^2
                       +12*eta(p3,p4)*eta(p1,p3)*aem*sw^-2*Pi*mw^2*[N^-1]^2
                       +8*eta(p3,p4)*eta(p1,p3)*aem*sw^-2*Pi*mt^2*[N^-1]^2
                       +(-64)*eta(p3,p4)*eta(p1,p3)*aem*sw^-2*Pi*mt^4*mw^-2
                             *[N^-1]^2
                       +8*eta(p3,p4)*eta(p1,p3)*eta(p1,p3)*aem*sw^-2*Pi
                         *[N^-1]^2
                       +16*eta(p3,p4)*eta(p1,p3)*eta(p1,p3)*aem*sw^-2*Pi*mt^2
                          *mw^-2*[N^-1]^2
                       +16*eta(p3,p4)*eta(p1,p3)*eta(p1,p3)*eta(p2,p4)*aem
                          *sw^-2*Pi*mw^-2*[N^-1]^2
                       +32*eta(p3,p4)*eta(p1,p3)*eta(p2,p4)*aem*sw^-2*Pi
                          *[N^-1]^2
                       +16*eta(p3,p4)*eta(p1,p3)*eta(p2,p4)*aem*sw^-2*Pi*mt^2
                          *mw^-2*[N^-1]^2
                       +16*eta(p3,p4)*eta(p1,p3)*eta(p2,p4)*eta(p2,p4)*aem
                          *sw^-2*Pi*mw^-2*[N^-1]^2
                       +12*eta(p3,p4)*eta(p2,p4)*aem*sw^-2*Pi*mw^2*[N^-1]^2
                       +8*eta(p3,p4)*eta(p2,p4)*aem*sw^-2*Pi*mt^2*[N^-1]^2
                       +(-64)*eta(p3,p4)*eta(p2,p4)*aem*sw^-2*Pi*mt^4*mw^-2
                             *[N^-1]^2
                       +8*eta(p3,p4)*eta(p2,p4)*eta(p2,p4)*aem*sw^-2*Pi
                         *[N^-1]^2
                       +16*eta(p3,p4)*eta(p2,p4)*eta(p2,p4)*aem*sw^-2*Pi*mt^2
                          *mw^-2*[N^-1]^2
                       +(-8)*eta(p3,p4)*eta(p3,p4)*aem*sw^-2*Pi*mw^2*[N^-1]^2
                       +(-24)*eta(p3,p4)*eta(p3,p4)*aem*sw^-2*Pi*mt^2*[N^-1]^2
                       +48*eta(p3,p4)*eta(p3,p4)*aem*sw^-2*Pi*mt^4*mw^-2
                          *[N^-1]^2
                       +(-8)*eta(p3,p4)*eta(p3,p4)*eta(p1,p3)*aem*sw^-2*Pi
                            *[N^-1]^2
                       +(-32)*eta(p3,p4)*eta(p3,p4)*eta(p1,p3)*aem*sw^-2*Pi
                             *mt^2*mw^-2*[N^-1]^2
                       +(-16)*eta(p3,p4)*eta(p3,p4)*eta(p1,p3)*eta(p2,p4)*aem
                             *sw^-2*Pi*mw^-2*[N^-1]^2
                       +(-8)*eta(p3,p4)*eta(p3,p4)*eta(p2,p4)*aem*sw^-2*Pi
                            *[N^-1]^2
                       +(-32)*eta(p3,p4)*eta(p3,p4)*eta(p2,p4)*aem*sw^-2*Pi
                             *mt^2*mw^-2*[N^-1]^2
                       +16*eta(p3,p4)*eta(p3,p4)*eta(p3,p4)*aem*sw^-2*Pi*mt^2
                          *mw^-2*[N^-1]^2)
                     +prop(eta(p3,p3)+2*eta(p3,p4)+eta(p4,p4))^2
                      *prop(eta(p2,p2)-2*eta(p2,p3)+(-2)*eta(p2,p4)+eta(p3,p3)
                                      +2*eta(p3,p4)+eta(p4,p4))
                       ^2*[N^2-1]
                      *((-4)*aem*sw^-2*Pi*mt^4*mw^2*[N^-1]^2
                       +12*aem*sw^-2*Pi*mt^6*[N^-1]^2
                       +(-8)*aem*sw^-2*Pi*mt^8*mw^-2*[N^-1]^2
                       +(-8)*eta(p1,p3)*aem*sw^-2*Pi*mt^4*[N^-1]^2
                       +8*eta(p1,p3)*aem*sw^-2*Pi*mt^6*mw^-2*[N^-1]^2
                       +(-8)*eta(p1,p3)*eta(p2,p4)*aem*sw^-2*Pi*mt^4*mw^-2
                            *[N^-1]^2
                       +8*eta(p1,p3)*eta(p2,p4)*eta(p2,p4)*aem*sw^-2*Pi
                         *[N^-1]^2
                       +(-8)*eta(p1,p3)*eta(p2,p4)*eta(p2,p4)*aem*sw^-2*Pi
                            *mt^2*mw^-2*[N^-1]^2
                       +8*eta(p1,p3)*eta(p2,p4)*eta(p2,p4)*eta(p2,p4)*aem
                         *sw^-2*Pi*mw^-2*[N^-1]^2
                       +(-8)*eta(p1,p4)*aem*sw^-2*Pi*mt^4*[N^-1]^2
                       +8*eta(p1,p4)*aem*sw^-2*Pi*mt^6*mw^-2*[N^-1]^2
                       +(-8)*eta(p1,p4)*eta(p2,p3)*aem*sw^-2*Pi*mt^4*mw^-2
                            *[N^-1]^2
                       +8*eta(p1,p4)*eta(p2,p3)*eta(p2,p3)*aem*sw^-2*Pi
                         *[N^-1]^2
                       +(-8)*eta(p1,p4)*eta(p2,p3)*eta(p2,p3)*aem*sw^-2*Pi
                            *mt^2*mw^-2*[N^-1]^2
                       +8*eta(p1,p4)*eta(p2,p3)*eta(p2,p3)*eta(p2,p3)*aem
                         *sw^-2*Pi*mw^-2*[N^-1]^2
                       +16*eta(p1,p4)*eta(p2,p3)*eta(p2,p3)*eta(p2,p4)*aem
                          *sw^-2*Pi*mw^-2*[N^-1]^2
                       +(-16)*eta(p1,p4)*eta(p2,p3)*eta(p2,p3)*eta(p3,p4)*aem
                             *sw^-2*Pi*mw^-2*[N^-1]^2
                       +8*eta(p1,p4)*eta(p2,p3)*eta(p2,p4)*aem*sw^-2*Pi
                         *[N^-1]^2
                       +8*eta(p1,p4)*eta(p2,p3)*eta(p2,p4)*eta(p2,p4)*aem
                         *sw^-2*Pi*mw^-2*[N^-1]^2
                       +(-8)*eta(p1,p4)*eta(p2,p3)*eta(p3,p4)*aem*sw^-2*Pi
                            *[N^-1]^2
                       +(-16)*eta(p1,p4)*eta(p2,p3)*eta(p3,p4)*eta(p2,p4)*aem
                             *sw^-2*Pi*mw^-2*[N^-1]^2
                       +8*eta(p1,p4)*eta(p2,p3)*eta(p3,p4)*eta(p3,p4)*aem
                         *sw^-2*Pi*mw^-2*[N^-1]^2
                       +8*eta(p1,p4)*eta(p2,p4)*aem*sw^-2*Pi*mt^2*[N^-1]^2
                       +(-16)*eta(p1,p4)*eta(p2,p4)*aem*sw^-2*Pi*mt^4*mw^-2
                             *[N^-1]^2
                       +8*eta(p1,p4)*eta(p2,p4)*eta(p2,p4)*aem*sw^-2*Pi*mt^2
                         *mw^-2*[N^-1]^2
                       +(-8)*eta(p1,p4)*eta(p3,p4)*aem*sw^-2*Pi*mt^2*[N^-1]^2
                       +16*eta(p1,p4)*eta(p3,p4)*aem*sw^-2*Pi*mt^4*mw^-2
                          *[N^-1]^2
                       +(-16)*eta(p1,p4)*eta(p3,p4)*eta(p2,p4)*aem*sw^-2*Pi
                             *mt^2*mw^-2*[N^-1]^2
                       +8*eta(p1,p4)*eta(p3,p4)*eta(p3,p4)*aem*sw^-2*Pi*mt^2
                         *mw^-2*[N^-1]^2
                       +(-4)*eta(p2,p3)*aem*sw^-2*Pi*mt^2*mw^2*[N^-1]^2
                       +(-8)*eta(p2,p3)*aem*sw^-2*Pi*mt^4*[N^-1]^2
                       +24*eta(p2,p3)*aem*sw^-2*Pi*mt^6*mw^-2*[N^-1]^2
                       +8*eta(p2,p3)*eta(p1,p3)*aem*sw^-2*Pi*mt^2*[N^-1]^2
                       +(-16)*eta(p2,p3)*eta(p1,p3)*aem*sw^-2*Pi*mt^4*mw^-2
                             *[N^-1]^2
                       +8*eta(p2,p3)*eta(p1,p3)*eta(p2,p4)*aem*sw^-2*Pi
                         *[N^-1]^2
                       +16*eta(p2,p3)*eta(p1,p3)*eta(p2,p4)*eta(p2,p4)*aem
                          *sw^-2*Pi*mw^-2*[N^-1]^2
                       +(-4)*eta(p2,p3)*eta(p2,p3)*aem*sw^-2*Pi*mt^2*[N^-1]^2
                       +(-24)*eta(p2,p3)*eta(p2,p3)*aem*sw^-2*Pi*mt^4*mw^-2
                             *[N^-1]^2
                       +8*eta(p2,p3)*eta(p2,p3)*eta(p1,p3)*aem*sw^-2*Pi*mt^2
                         *mw^-2*[N^-1]^2
                       +8*eta(p2,p3)*eta(p2,p3)*eta(p1,p3)*eta(p2,p4)*aem
                         *sw^-2*Pi*mw^-2*[N^-1]^2
                       +8*eta(p2,p3)*eta(p2,p3)*eta(p2,p3)*aem*sw^-2*Pi*mt^2
                         *mw^-2*[N^-1]^2
                       +16*eta(p2,p3)*eta(p2,p3)*eta(p2,p4)*aem*sw^-2*Pi
                          *[N^-1]^2
                       +24*eta(p2,p3)*eta(p2,p3)*eta(p2,p4)*aem*sw^-2*Pi*mt^2
                          *mw^-2*[N^-1]^2
                       +(-8)*eta(p2,p3)*eta(p2,p3)*eta(p3,p4)*aem*sw^-2*Pi
                            *[N^-1]^2
                       +(-24)*eta(p2,p3)*eta(p2,p3)*eta(p3,p4)*aem*sw^-2*Pi
                             *mt^2*mw^-2*[N^-1]^2
                       +8*eta(p2,p3)*eta(p2,p4)*aem*sw^-2*Pi*mw^2*[N^-1]^2
                       +(-24)*eta(p2,p3)*eta(p2,p4)*aem*sw^-2*Pi*mt^2*[N^-1]^2
                       +(-48)*eta(p2,p3)*eta(p2,p4)*aem*sw^-2*Pi*mt^4*mw^-2
                             *[N^-1]^2
                       +16*eta(p2,p3)*eta(p2,p4)*eta(p2,p4)*aem*sw^-2*Pi
                          *[N^-1]^2
                       +24*eta(p2,p3)*eta(p2,p4)*eta(p2,p4)*aem*sw^-2*Pi*mt^2
                          *mw^-2*[N^-1]^2
                       +(-4)*eta(p2,p3)*eta(p3,p4)*aem*sw^-2*Pi*mw^2*[N^-1]^2
                       +48*eta(p2,p3)*eta(p3,p4)*aem*sw^-2*Pi*mt^4*mw^-2
                          *[N^-1]^2
                       +(-16)*eta(p2,p3)*eta(p3,p4)*eta(p1,p3)*aem*sw^-2*Pi
                             *mt^2*mw^-2*[N^-1]^2
                       +(-16)*eta(p2,p3)*eta(p3,p4)*eta(p1,p3)*eta(p2,p4)*aem
                             *sw^-2*Pi*mw^-2*[N^-1]^2
                       +(-32)*eta(p2,p3)*eta(p3,p4)*eta(p2,p4)*aem*sw^-2*Pi
                             *[N^-1]^2
                       +(-48)*eta(p2,p3)*eta(p3,p4)*eta(p2,p4)*aem*sw^-2*Pi
                             *mt^2*mw^-2*[N^-1]^2
                       +8*eta(p2,p3)*eta(p3,p4)*eta(p3,p4)*aem*sw^-2*Pi
                         *[N^-1]^2
                       +24*eta(p2,p3)*eta(p3,p4)*eta(p3,p4)*aem*sw^-2*Pi*mt^2
                          *mw^-2*[N^-1]^2
                       +(-4)*eta(p2,p4)*aem*sw^-2*Pi*mt^2*mw^2*[N^-1]^2
                       +(-8)*eta(p2,p4)*aem*sw^-2*Pi*mt^4*[N^-1]^2
                       +24*eta(p2,p4)*aem*sw^-2*Pi*mt^6*mw^-2*[N^-1]^2
                       +(-4)*eta(p2,p4)*eta(p2,p4)*aem*sw^-2*Pi*mt^2*[N^-1]^2
                       +(-24)*eta(p2,p4)*eta(p2,p4)*aem*sw^-2*Pi*mt^4*mw^-2
                             *[N^-1]^2
                       +8*eta(p2,p4)*eta(p2,p4)*eta(p2,p4)*aem*sw^-2*Pi*mt^2
                         *mw^-2*[N^-1]^2
                       +(-4)*eta(p3,p4)*aem*sw^-2*Pi*mt^2*mw^2*[N^-1]^2
                       +24*eta(p3,p4)*aem*sw^-2*Pi*mt^4*[N^-1]^2
                       +(-24)*eta(p3,p4)*aem*sw^-2*Pi*mt^6*mw^-2*[N^-1]^2
                       +(-8)*eta(p3,p4)*eta(p1,p3)*aem*sw^-2*Pi*mt^2*[N^-1]^2
                       +16*eta(p3,p4)*eta(p1,p3)*aem*sw^-2*Pi*mt^4*mw^-2
                          *[N^-1]^2
                       +(-8)*eta(p3,p4)*eta(p1,p3)*eta(p2,p4)*aem*sw^-2*Pi
                            *[N^-1]^2
                       +(-16)*eta(p3,p4)*eta(p1,p3)*eta(p2,p4)*eta(p2,p4)*aem
                             *sw^-2*Pi*mw^-2*[N^-1]^2
                       +(-4)*eta(p3,p4)*eta(p2,p4)*aem*sw^-2*Pi*mw^2*[N^-1]^2
                       +48*eta(p3,p4)*eta(p2,p4)*aem*sw^-2*Pi*mt^4*mw^-2
                          *[N^-1]^2
                       +(-8)*eta(p3,p4)*eta(p2,p4)*eta(p2,p4)*aem*sw^-2*Pi
                            *[N^-1]^2
                       +(-24)*eta(p3,p4)*eta(p2,p4)*eta(p2,p4)*aem*sw^-2*Pi
                             *mt^2*mw^-2*[N^-1]^2
                       +12*eta(p3,p4)*eta(p3,p4)*aem*sw^-2*Pi*mt^2*[N^-1]^2
                       +(-24)*eta(p3,p4)*eta(p3,p4)*aem*sw^-2*Pi*mt^4*mw^-2
                             *[N^-1]^2
                       +8*eta(p3,p4)*eta(p3,p4)*eta(p1,p3)*aem*sw^-2*Pi*mt^2
                         *mw^-2*[N^-1]^2
                       +8*eta(p3,p4)*eta(p3,p4)*eta(p1,p3)*eta(p2,p4)*aem
                         *sw^-2*Pi*mw^-2*[N^-1]^2
                       +8*eta(p3,p4)*eta(p3,p4)*eta(p2,p4)*aem*sw^-2*Pi
                         *[N^-1]^2
                       +24*eta(p3,p4)*eta(p3,p4)*eta(p2,p4)*aem*sw^-2*Pi*mt^2
                          *mw^-2*[N^-1]^2
                       +(-8)*eta(p3,p4)*eta(p3,p4)*eta(p3,p4)*aem*sw^-2*Pi
                            *mt^2*mw^-2*[N^-1]^2)
(%i5) M(p1,p2,p3,p4,mt,mw,N):=
        (+prop(2*mt^2+2*eta(p4,p3))^2)*prop(
                                       2*mt^2-2*eta(p3,p2)+(-2)*eta(p4,p2)
                                             +2*eta(p4,p3))
                                       ^2*mw^-2
                                      *((+8)*eta(p1,p2)*[N^2-1]*mt^6
                                       -16*eta(p1,p2)*eta(p3,p2)*[N^2-1]*mt^4
                                       +8*eta(p1,p2)*eta(p3,p2)*eta(p3,p2)
                                         *[N^2-1]*mt^2
                                       +16*eta(p1,p2)*eta(p3,p2)*eta(p4,p2)
                                          *[N^2-1]*mt^2
                                       +(-16)*eta(p1,p2)*eta(p3,p2)*eta(p4,p3)
                                             *[N^2-1]*mt^2
                                       +(-16)*eta(p1,p2)*eta(p4,p2)*[N^2-1]
                                             *mt^4
                                       +8*eta(p1,p2)*eta(p4,p2)*eta(p4,p2)
                                         *[N^2-1]*mt^2
                                       +(-16)*eta(p1,p2)*eta(p4,p2)*eta(p4,p3)
                                             *[N^2-1]*mt^2
                                       +16*eta(p1,p2)*eta(p4,p3)*[N^2-1]*mt^4
                                       +8*eta(p1,p2)*eta(p4,p3)*eta(p4,p3)
                                         *[N^2-1]*mt^2
                                       +8*eta(p3,p2)*eta(p3,p2)*eta(p3,p2)
                                         *eta(p4,p1)*[N^2-1]
                                       +8*eta(p3,p2)*eta(p3,p2)*eta(p4,p2)
                                         *eta(p3,p1)*[N^2-1]
                                       +16*eta(p3,p2)*eta(p3,p2)*eta(p4,p2)
                                          *eta(p4,p1)*[N^2-1]
                                       +(-16)*eta(p3,p2)*eta(p3,p2)*eta(p4,p1)
                                             *[N^2-1]*mt^2
                                       +(-16)*eta(p3,p2)*eta(p3,p2)*eta(p4,p1)
                                             *eta(p4,p3)*[N^2-1]
                                       +(-16)*eta(p3,p2)*eta(p4,p2)*eta(p3,p1)
                                             *[N^2-1]*mt^2
                                       +(-16)*eta(p3,p2)*eta(p4,p2)*eta(p3,p1)
                                             *eta(p4,p3)*[N^2-1]
                                       +16*eta(p3,p2)*eta(p4,p2)*eta(p4,p2)
                                          *eta(p3,p1)*[N^2-1]
                                       +8*eta(p3,p2)*eta(p4,p2)*eta(p4,p2)
                                         *eta(p4,p1)*[N^2-1]
                                       +(-16)*eta(p3,p2)*eta(p4,p2)*eta(p4,p1)
                                             *[N^2-1]*mt^2
                                       +(-16)*eta(p3,p2)*eta(p4,p2)*eta(p4,p1)
                                             *eta(p4,p3)*[N^2-1]
                                       +8*eta(p3,p2)*eta(p4,p1)*[N^2-1]*mt^4
                                       +16*eta(p3,p2)*eta(p4,p1)*eta(p4,p3)
                                          *[N^2-1]*mt^2
                                       +8*eta(p3,p2)*eta(p4,p1)*eta(p4,p3)
                                         *eta(p4,p3)*[N^2-1]
                                       +8*eta(p4,p2)*eta(p3,p1)*[N^2-1]*mt^4
                                       +16*eta(p4,p2)*eta(p3,p1)*eta(p4,p3)
                                          *[N^2-1]*mt^2
                                       +8*eta(p4,p2)*eta(p3,p1)*eta(p4,p3)
                                         *eta(p4,p3)*[N^2-1]
                                       +(-16)*eta(p4,p2)*eta(p4,p2)*eta(p3,p1)
                                             *[N^2-1]*mt^2
                                       +(-16)*eta(p4,p2)*eta(p4,p2)*eta(p3,p1)
                                             *eta(p4,p3)*[N^2-1]
                                       +8*eta(p4,p2)*eta(p4,p2)*eta(p4,p2)
                                         *eta(p3,p1)*[N^2-1])
        +prop(2*mt^2+2*eta(p4,p3))^2*prop(
                                     2*mt^2-2*eta(p3,p2)+(-2)*eta(p4,p2)
                                           +2*eta(p4,p3))
                                     ^2
                                    *((-8)*eta(p1,p2)*[N^2-1]*mt^4
                                     -8*eta(p1,p2)*eta(p3,p2)*[N^2-1]*mt^2
                                     +16*eta(p1,p2)*eta(p3,p2)*eta(p4,p2)
                                        *[N^2-1]
                                     +(-8)*eta(p1,p2)*eta(p3,p2)*eta(p4,p3)
                                          *[N^2-1]
                                     +(-8)*eta(p1,p2)*eta(p4,p2)*[N^2-1]*mt^2
                                     +(-8)*eta(p1,p2)*eta(p4,p2)*eta(p4,p3)
                                          *[N^2-1]
                                     +(-8)*eta(p1,p2)*eta(p4,p3)*[N^2-1]*mt^2
                                     +8*eta(p3,p2)*eta(p3,p2)*eta(p4,p1)
                                       *[N^2-1]
                                     +16*eta(p3,p2)*eta(p3,p1)*[N^2-1]*mt^2
                                     +8*eta(p3,p2)*eta(p3,p1)*eta(p4,p3)
                                       *[N^2-1]
                                     +(-8)*eta(p3,p2)*eta(p4,p2)*eta(p3,p1)
                                          *[N^2-1]
                                     +(-8)*eta(p3,p2)*eta(p4,p2)*eta(p4,p1)
                                          *[N^2-1]
                                     +8*eta(p3,p2)*eta(p4,p1)*[N^2-1]*mt^2
                                     +8*eta(p4,p2)*eta(p3,p1)*[N^2-1]*mt^2
                                     +8*eta(p4,p2)*eta(p4,p2)*eta(p3,p1)
                                       *[N^2-1]
                                     +16*eta(p4,p2)*eta(p4,p1)*[N^2-1]*mt^2
                                     +8*eta(p4,p2)*eta(p4,p1)*eta(p4,p3)
                                       *[N^2-1])
        +prop(2*mt^2+2*eta(p4,p3))^2*prop(
                                     2*mt^2-2*eta(p3,p2)+(-2)*eta(p4,p2)
                                           +2*eta(p4,p3))
                                    *prop(
                                     2*mt^2-2*eta(p3,p1)+(-2)*eta(p4,p1)
                                           +2*eta(p4,p3))*mw^-2
                                    *((-16)*eta(p1,p2)*[N^2-1]*mt^6
                                     +16*eta(p1,p2)*eta(p3,p2)*[N^2-1]*mt^4
                                     +(-16)*eta(p1,p2)*eta(p3,p2)*eta(p3,p1)
                                           *[N^2-1]*mt^2
                                     +(-16)*eta(p1,p2)*eta(p3,p2)*eta(p4,p1)
                                           *[N^2-1]*mt^2
                                     +16*eta(p1,p2)*eta(p3,p2)*eta(p4,p3)
                                        *[N^2-1]*mt^2
                                     +16*eta(p1,p2)*eta(p3,p1)*[N^2-1]*mt^4
                                     +16*eta(p1,p2)*eta(p3,p1)*eta(p4,p3)
                                        *[N^2-1]*mt^2
                                     +16*eta(p1,p2)*eta(p4,p2)*[N^2-1]*mt^4
                                     +(-16)*eta(p1,p2)*eta(p4,p2)*eta(p3,p1)
                                           *[N^2-1]*mt^2
                                     +(-16)*eta(p1,p2)*eta(p4,p2)*eta(p4,p1)
                                           *[N^2-1]*mt^2
                                     +16*eta(p1,p2)*eta(p4,p2)*eta(p4,p3)
                                        *[N^2-1]*mt^2
                                     +16*eta(p1,p2)*eta(p4,p1)*[N^2-1]*mt^4
                                     +16*eta(p1,p2)*eta(p4,p1)*eta(p4,p3)
                                        *[N^2-1]*mt^2
                                     +(-32)*eta(p1,p2)*eta(p4,p3)*[N^2-1]*mt^4
                                     +(-16)*eta(p1,p2)*eta(p4,p3)*eta(p4,p3)
                                           *[N^2-1]*mt^2
                                     +(-16)*eta(p3,p2)*eta(p3,p2)*eta(p3,p1)
                                           *eta(p4,p1)*[N^2-1]
                                     +16*eta(p3,p2)*eta(p3,p2)*eta(p4,p1)
                                        *[N^2-1]*mt^2
                                     +(-16)*eta(p3,p2)*eta(p3,p2)*eta(p4,p1)
                                           *eta(p4,p1)*[N^2-1]
                                     +16*eta(p3,p2)*eta(p3,p2)*eta(p4,p1)
                                        *eta(p4,p3)*[N^2-1]
                                     +16*eta(p3,p2)*eta(p3,p1)*eta(p4,p1)
                                        *[N^2-1]*mt^2
                                     +16*eta(p3,p2)*eta(p3,p1)*eta(p4,p1)
                                        *eta(p4,p3)*[N^2-1]
                                     +16*eta(p3,p2)*eta(p4,p2)*eta(p3,p1)
                                        *[N^2-1]*mt^2
                                     +(-16)*eta(p3,p2)*eta(p4,p2)*eta(p3,p1)
                                           *eta(p3,p1)*[N^2-1]
                                     +(-32)*eta(p3,p2)*eta(p4,p2)*eta(p3,p1)
                                           *eta(p4,p1)*[N^2-1]
                                     +16*eta(p3,p2)*eta(p4,p2)*eta(p3,p1)
                                        *eta(p4,p3)*[N^2-1]
                                     +16*eta(p3,p2)*eta(p4,p2)*eta(p4,p1)
                                        *[N^2-1]*mt^2
                                     +(-16)*eta(p3,p2)*eta(p4,p2)*eta(p4,p1)
                                           *eta(p4,p1)*[N^2-1]
                                     +16*eta(p3,p2)*eta(p4,p2)*eta(p4,p1)
                                        *eta(p4,p3)*[N^2-1]
                                     +(-16)*eta(p3,p2)*eta(p4,p1)*[N^2-1]*mt^4
                                     +16*eta(p3,p2)*eta(p4,p1)*eta(p4,p1)
                                        *[N^2-1]*mt^2
                                     +16*eta(p3,p2)*eta(p4,p1)*eta(p4,p1)
                                        *eta(p4,p3)*[N^2-1]
                                     +(-32)*eta(p3,p2)*eta(p4,p1)*eta(p4,p3)
                                           *[N^2-1]*mt^2
                                     +(-16)*eta(p3,p2)*eta(p4,p1)*eta(p4,p3)
                                           *eta(p4,p3)*[N^2-1]
                                     +(-16)*eta(p4,p2)*eta(p3,p1)*[N^2-1]*mt^4
                                     +16*eta(p4,p2)*eta(p3,p1)*eta(p3,p1)
                                        *[N^2-1]*mt^2
                                     +16*eta(p4,p2)*eta(p3,p1)*eta(p3,p1)
                                        *eta(p4,p3)*[N^2-1]
                                     +16*eta(p4,p2)*eta(p3,p1)*eta(p4,p1)
                                        *[N^2-1]*mt^2
                                     +16*eta(p4,p2)*eta(p3,p1)*eta(p4,p1)
                                        *eta(p4,p3)*[N^2-1]
                                     +(-32)*eta(p4,p2)*eta(p3,p1)*eta(p4,p3)
                                           *[N^2-1]*mt^2
                                     +(-16)*eta(p4,p2)*eta(p3,p1)*eta(p4,p3)
                                           *eta(p4,p3)*[N^2-1]
                                     +16*eta(p4,p2)*eta(p4,p2)*eta(p3,p1)
                                        *[N^2-1]*mt^2
                                     +(-16)*eta(p4,p2)*eta(p4,p2)*eta(p3,p1)
                                           *eta(p3,p1)*[N^2-1]
                                     +(-16)*eta(p4,p2)*eta(p4,p2)*eta(p3,p1)
                                           *eta(p4,p1)*[N^2-1]
                                     +16*eta(p4,p2)*eta(p4,p2)*eta(p3,p1)
                                        *eta(p4,p3)*[N^2-1])
        +prop(2*mt^2+2*eta(p4,p3))^2*prop(
                                     2*mt^2-2*eta(p3,p2)+(-2)*eta(p4,p2)
                                           +2*eta(p4,p3))
                                    *prop(
                                     2*mt^2-2*eta(p3,p1)+(-2)*eta(p4,p1)
                                           +2*eta(p4,p3))
                                    *((+32)*eta(p1,p2)*[N^2-1]*mt^4
                                     +16*eta(p1,p2)*eta(p1,p2)*[N^2-1]*mt^2
                                     +16*eta(p1,p2)*eta(p1,p2)*eta(p4,p3)
                                        *[N^2-1]
                                     +(-8)*eta(p1,p2)*eta(p3,p2)*[N^2-1]*mt^2
                                     +(-16)*eta(p1,p2)*eta(p3,p2)*eta(p4,p1)
                                           *[N^2-1]
                                     +(-8)*eta(p1,p2)*eta(p3,p2)*eta(p4,p3)
                                          *[N^2-1]
                                     +(-8)*eta(p1,p2)*eta(p3,p1)*[N^2-1]*mt^2
                                     +(-8)*eta(p1,p2)*eta(p3,p1)*eta(p4,p3)
                                          *[N^2-1]
                                     +(-8)*eta(p1,p2)*eta(p4,p2)*[N^2-1]*mt^2
                                     +(-16)*eta(p1,p2)*eta(p4,p2)*eta(p3,p1)
                                           *[N^2-1]
                                     +(-8)*eta(p1,p2)*eta(p4,p2)*eta(p4,p3)
                                          *[N^2-1]
                                     +(-8)*eta(p1,p2)*eta(p4,p1)*[N^2-1]*mt^2
                                     +(-8)*eta(p1,p2)*eta(p4,p1)*eta(p4,p3)
                                          *[N^2-1]
                                     +48*eta(p1,p2)*eta(p4,p3)*[N^2-1]*mt^2
                                     +16*eta(p1,p2)*eta(p4,p3)*eta(p4,p3)
                                        *[N^2-1]
                                     +8*eta(p3,p2)*eta(p3,p2)*eta(p4,p1)
                                       *[N^2-1]
                                     +(-8)*eta(p3,p2)*eta(p3,p1)*eta(p4,p1)
                                          *[N^2-1]
                                     +(-8)*eta(p3,p2)*eta(p4,p2)*eta(p3,p1)
                                          *[N^2-1]
                                     +(-8)*eta(p3,p2)*eta(p4,p2)*eta(p4,p1)
                                          *[N^2-1]
                                     +8*eta(p3,p2)*eta(p4,p1)*eta(p4,p1)
                                       *[N^2-1]
                                     +8*eta(p4,p2)*eta(p3,p1)*eta(p3,p1)
                                       *[N^2-1]
                                     +(-8)*eta(p4,p2)*eta(p3,p1)*eta(p4,p1)
                                          *[N^2-1]
                                     +8*eta(p4,p2)*eta(p4,p2)*eta(p3,p1)
                                       *[N^2-1])
        +prop(2*mt^2+2*eta(p4,p3))^2*prop(
                                     2*mt^2-2*eta(p3,p1)+(-2)*eta(p4,p1)
                                           +2*eta(p4,p3))
                                     ^2*mw^-2
                                    *((+8)*eta(p1,p2)*[N^2-1]*mt^6
                                     -16*eta(p1,p2)*eta(p3,p1)*[N^2-1]*mt^4
                                     +8*eta(p1,p2)*eta(p3,p1)*eta(p3,p1)
                                       *[N^2-1]*mt^2
                                     +16*eta(p1,p2)*eta(p3,p1)*eta(p4,p1)
                                        *[N^2-1]*mt^2
                                     +(-16)*eta(p1,p2)*eta(p3,p1)*eta(p4,p3)
                                           *[N^2-1]*mt^2
                                     +(-16)*eta(p1,p2)*eta(p4,p1)*[N^2-1]*mt^4
                                     +8*eta(p1,p2)*eta(p4,p1)*eta(p4,p1)
                                       *[N^2-1]*mt^2
                                     +(-16)*eta(p1,p2)*eta(p4,p1)*eta(p4,p3)
                                           *[N^2-1]*mt^2
                                     +16*eta(p1,p2)*eta(p4,p3)*[N^2-1]*mt^4
                                     +8*eta(p1,p2)*eta(p4,p3)*eta(p4,p3)
                                       *[N^2-1]*mt^2
                                     +8*eta(p3,p2)*eta(p3,p1)*eta(p3,p1)
                                       *eta(p4,p1)*[N^2-1]
                                     +(-16)*eta(p3,p2)*eta(p3,p1)*eta(p4,p1)
                                           *[N^2-1]*mt^2
                                     +16*eta(p3,p2)*eta(p3,p1)*eta(p4,p1)
                                        *eta(p4,p1)*[N^2-1]
                                     +(-16)*eta(p3,p2)*eta(p3,p1)*eta(p4,p1)
                                           *eta(p4,p3)*[N^2-1]
                                     +8*eta(p3,p2)*eta(p4,p1)*[N^2-1]*mt^4
                                     +(-16)*eta(p3,p2)*eta(p4,p1)*eta(p4,p1)
                                           *[N^2-1]*mt^2
                                     +8*eta(p3,p2)*eta(p4,p1)*eta(p4,p1)
                                       *eta(p4,p1)*[N^2-1]
                                     +(-16)*eta(p3,p2)*eta(p4,p1)*eta(p4,p1)
                                           *eta(p4,p3)*[N^2-1]
                                     +16*eta(p3,p2)*eta(p4,p1)*eta(p4,p3)
                                        *[N^2-1]*mt^2
                                     +8*eta(p3,p2)*eta(p4,p1)*eta(p4,p3)
                                       *eta(p4,p3)*[N^2-1]
                                     +8*eta(p4,p2)*eta(p3,p1)*[N^2-1]*mt^4
                                     +(-16)*eta(p4,p2)*eta(p3,p1)*eta(p3,p1)
                                           *[N^2-1]*mt^2
                                     +8*eta(p4,p2)*eta(p3,p1)*eta(p3,p1)
                                       *eta(p3,p1)*[N^2-1]
                                     +16*eta(p4,p2)*eta(p3,p1)*eta(p3,p1)
                                        *eta(p4,p1)*[N^2-1]
                                     +(-16)*eta(p4,p2)*eta(p3,p1)*eta(p3,p1)
                                           *eta(p4,p3)*[N^2-1]
                                     +(-16)*eta(p4,p2)*eta(p3,p1)*eta(p4,p1)
                                           *[N^2-1]*mt^2
                                     +8*eta(p4,p2)*eta(p3,p1)*eta(p4,p1)
                                       *eta(p4,p1)*[N^2-1]
                                     +(-16)*eta(p4,p2)*eta(p3,p1)*eta(p4,p1)
                                           *eta(p4,p3)*[N^2-1]
                                     +16*eta(p4,p2)*eta(p3,p1)*eta(p4,p3)
                                        *[N^2-1]*mt^2
                                     +8*eta(p4,p2)*eta(p3,p1)*eta(p4,p3)
                                       *eta(p4,p3)*[N^2-1])
        +prop(2*mt^2+2*eta(p4,p3))^2*prop(
                                     2*mt^2-2*eta(p3,p1)+(-2)*eta(p4,p1)
                                           +2*eta(p4,p3))
                                     ^2
                                    *((-8)*eta(p1,p2)*[N^2-1]*mt^4
                                     -8*eta(p1,p2)*eta(p3,p1)*[N^2-1]*mt^2
                                     +16*eta(p1,p2)*eta(p3,p1)*eta(p4,p1)
                                        *[N^2-1]
                                     +(-8)*eta(p1,p2)*eta(p3,p1)*eta(p4,p3)
                                          *[N^2-1]
                                     +(-8)*eta(p1,p2)*eta(p4,p1)*[N^2-1]*mt^2
                                     +(-8)*eta(p1,p2)*eta(p4,p1)*eta(p4,p3)
                                          *[N^2-1]
                                     +(-8)*eta(p1,p2)*eta(p4,p3)*[N^2-1]*mt^2
                                     +16*eta(p3,p2)*eta(p3,p1)*[N^2-1]*mt^2
                                     +(-8)*eta(p3,p2)*eta(p3,p1)*eta(p4,p1)
                                          *[N^2-1]
                                     +8*eta(p3,p2)*eta(p3,p1)*eta(p4,p3)
                                       *[N^2-1]
                                     +8*eta(p3,p2)*eta(p4,p1)*[N^2-1]*mt^2
                                     +8*eta(p3,p2)*eta(p4,p1)*eta(p4,p1)
                                       *[N^2-1]
                                     +8*eta(p4,p2)*eta(p3,p1)*[N^2-1]*mt^2
                                     +8*eta(p4,p2)*eta(p3,p1)*eta(p3,p1)
                                       *[N^2-1]
                                     +(-8)*eta(p4,p2)*eta(p3,p1)*eta(p4,p1)
                                          *[N^2-1]
                                     +16*eta(p4,p2)*eta(p4,p1)*[N^2-1]*mt^2
                                     +8*eta(p4,p2)*eta(p4,p1)*eta(p4,p3)
                                       *[N^2-1])
(%i6) load("p5.mac")
(%o6)                               p5.mac
(%i7) print(" The standard value biven by Professor Ferroglia is 0.2282444653585411*10^(-2) ")
 The standard value biven by Professor Ferroglia is 0.2282444653585411*10^(-2) 
                                                                               
(%i8) ev(qqttWtreelevel(p1,p2,p3,p4,mt,mw,N,aem,sw,%pi),N = 3,numer)
(%o8)                       [1.665580335050759e-5]
(%i9) print(" Let us compare with the standard value, note that Professor Ferroglia uses aem=1: ")
 Let us compare with the standard value, note that Professor Ferroglia uses ae\
m=1:  
(%i10) ((1/aem)*ev(qqttWtreelevel(p1,p2,p3,p4,mt,mw,N,aem,sw,%pi),N = 3,
                   numer))
 /(0.2282444653585411*10^-2)
(%o10)                        [1.000000000000008]
(%i11) ev(M(p1,p2,p3,p4,mt,mw,N),numer)
                                               2
(%o11)                  [1.81645467737945e-4 (N  - 1)]
(%i12) print(" Let us compare with the standard value with my result, the follwoing is \"renormalized\" my result")
 Let us compare with the standard value with my result, the follwoing is "reno\
rmalized" my result 
(%i13) ev((M(p1,p2,p3,p4,mt,mw,N)*%pi)/(N^2*sw^2),N = 3,numer)
(%o13)                      [0.002282444653585423]
(%i14) ev((M(p1,p2,p3,p4,mt,mw,N)*%pi)/(N^2*sw^2),N = 3,numer)
 /(0.2282444653585411*10^-2)
(%o14)                        [1.000000000000005]
(%o14)         /Users/rds/Desktop/FORM/Numerical/consistency.mac
(%i15) 