FORM 4.1 (May 11 2015) 64-bits                   Run: Sun Sep 25 15:52:59 2016
    * oneLoop.frm
    * one loop qed examples, 2*n photon
    *
    AutoDeclare Vectors k,q,e;
    AutoDeclare Indices m;
    *
    Local twoP 
            = (-1) * g_(1,q) * g_(1,e2) * g_(1,q2) * g_(1,e1);
    
    Trace4, 1;
    Print;
    .sort

Time =       0.00 sec    Generated terms =          3
            twoP         Terms in output =          3
                         Bytes used      =        132

   twoP =
       - 4*q.e2*q2.e1 + 4*q.q2*e2.e1 - 4*q.e1*e2.q2;

    *
    id q2 = q + k2;
    * momentum conservation
    id k2 = -k1;
    * transverse
    id e1.k1 = 0;
    *
    Print twoP;
    .sort

Time =       0.00 sec    Generated terms =          5
            twoP         Terms in output =          4
                         Bytes used      =        172

   twoP =
      4*q.q*e2.e1 - 8*q.e2*q.e1 + 4*q.e1*e2.k1 - 4*q.k1*e2.e1;

    *
    Local fourP 
            = (-1) * g_(2,q)  * g_(2,e4) * g_(2,q4) * g_(2,e3)*
                     g_(2,q12)* g_(2,e2) * g_(2,q1) * g_(2,e1);
    *
    id q4 = q + k4;
    id q12= q - k1 - k2;
    id q1 = q - k1;
    *
    id k4 = -k1-k2-k3;
    *
    id e1.k1 = 0;
    id e2.k2 = 0;
    id e3.k3 = 0;
    *
    Trace4, 2;
    Print fourP;
    .sort

Time =       0.00 sec    Generated terms =          4
            twoP         Terms in output =          4
                         Bytes used      =        172

Time =       0.00 sec    Generated terms =        770
           fourP         Terms in output =        415
                         Bytes used      =      16420

   fourP =
      8*q.q*q.e2*q.e1*e4.e3 + 8*q.q*q.e2*q.e3*e1.e4 - 4*q.q*q.e2*e1.k1*e4.e3
       - 8*q.q*q.e2*e1.e4*k2.e3 - 12*q.q*q.e2*e1.e4*k1.e3 - 4*q.q*q.e2*e1.e4*
      e3.k3 + 4*q.q*q.e2*e1.e3*k1.e4 - 4*q.q*q.e2*e1.e3*e4.k3 + 4*q.q*q.e2*
      e1.k3*e4.e3 + 8*q.q*q.e1*q.e4*e2.e3 - 4*q.q*q.e1*e2.k1*e4.e3 - 8*q.q*
      q.e1*e2.e4*k2.e3 - 4*q.q*q.e1*e2.e4*k1.e3 - 4*q.q*q.e1*e2.e4*e3.k3 - 4*
      q.q*q.e1*e2.e3*k1.e4 - 4*q.q*q.e1*e2.e3*e4.k3 + 4*q.q*q.e1*e2.k3*e4.e3
       + 8*q.q*q.k2*e2.e1*e4.e3 - 8*q.q*q.k2*e2.e4*e1.e3 + 8*q.q*q.k2*e2.e3*
      e1.e4 + 12*q.q*q.k1*e2.e1*e4.e3 - 12*q.q*q.k1*e2.e4*e1.e3 + 12*q.q*q.k1*
      e2.e3*e1.e4 + 8*q.q*q.e4*q.e3*e2.e1 - 8*q.q*q.e4*e2.e1*k2.e3 - 4*q.q*
      q.e4*e2.e1*k1.e3 - 4*q.q*q.e4*e2.e1*e3.k3 - 4*q.q*q.e4*e2.k1*e1.e3 - 4*
      q.q*q.e4*e2.e3*e1.k1 - 4*q.q*q.e4*e2.e3*e1.k3 + 4*q.q*q.e4*e2.k3*e1.e3
       - 8*q.q*q.e3*e2.e1*k2.e4 - 4*q.q*q.e3*e2.e1*k1.e4 - 4*q.q*q.e3*e2.e1*
      e4.k3 - 8*q.q*q.e3*e2.k2*e1.e4 - 12*q.q*q.e3*e2.k1*e1.e4 + 8*q.q*q.e3*
      e2.e4*e1.k2 + 4*q.q*q.e3*e2.e4*e1.k1 + 4*q.q*q.e3*e2.e4*e1.k3 - 4*q.q*
      q.e3*e2.k3*e1.e4 + 4*q.q*q.k3*e2.e1*e4.e3 - 4*q.q*q.k3*e2.e4*e1.e3 + 4*
      q.q*q.k3*e2.e3*e1.e4 - 4*q.q*e2.e1*k2.k2*e4.e3 - 8*q.q*e2.e1*k2.k1*e4.e3
       + 8*q.q*e2.e1*k2.e4*k2.e3 + 8*q.q*e2.e1*k2.e4*k1.e3 + 4*q.q*e2.e1*k2.e4
      *e3.k3 + 4*q.q*e2.e1*k2.e3*e4.k3 - 4*q.q*e2.e1*k2.k3*e4.e3 - 4*q.q*e2.e1
      *k1.k1*e4.e3 + 8*q.q*e2.k2*e1.e4*k2.e3 + 8*q.q*e2.k2*e1.e4*k1.e3 + 4*q.q
      *e2.k2*e1.e4*e3.k3 + 4*q.q*e2.k2*e1.e3*e4.k3 - 4*q.q*e2.k2*e1.k3*e4.e3
       + 16*q.q*e2.k1*e1.e4*k2.e3 + 16*q.q*e2.k1*e1.e4*k1.e3 + 8*q.q*e2.k1*
      e1.e4*e3.k3 + 8*q.q*e2.k1*e1.e3*e4.k3 - 8*q.q*e2.k1*e1.k3*e4.e3 - 8*q.q*
      e2.e4*e1.k2*k2.e3 - 8*q.q*e2.e4*e1.k2*k1.e3 - 4*q.q*e2.e4*e1.k2*e3.k3 + 
      4*q.q*e2.e4*e1.e3*k2.k2 + 8*q.q*e2.e4*e1.e3*k2.k1 + 4*q.q*e2.e4*e1.e3*
      k2.k3 + 4*q.q*e2.e4*e1.e3*k1.k1 - 4*q.q*e2.e4*e1.k3*k2.e3 - 4*q.q*e2.e3*
      e1.k2*e4.k3 - 4*q.q*e2.e3*e1.e4*k2.k2 - 8*q.q*e2.e3*e1.e4*k2.k1 - 4*q.q*
      e2.e3*e1.e4*k2.k3 - 4*q.q*e2.e3*e1.e4*k1.k1 + 4*q.q*e2.e3*e1.k3*k2.e4 + 
      4*q.q*e2.k3*e1.k2*e4.e3 + 4*q.q*e2.k3*e1.e4*k2.e3 - 4*q.q*e2.k3*e1.e3*
      k2.e4 - 4*q.q^2*e2.e1*e4.e3 + 4*q.q^2*e2.e4*e1.e3 - 4*q.q^2*e2.e3*e1.e4
       - 16*q.e2*q.e1*q.k2*e4.e3 - 16*q.e2*q.e1*q.k1*e4.e3 - 32*q.e2*q.e1*q.e4
      *q.e3 + 32*q.e2*q.e1*q.e4*k2.e3 + 32*q.e2*q.e1*q.e4*k1.e3 + 16*q.e2*q.e1
      *q.e4*e3.k3 + 16*q.e2*q.e1*q.e3*k2.e4 + 16*q.e2*q.e1*q.e3*k1.e4 + 16*
      q.e2*q.e1*q.e3*e4.k3 - 16*q.e2*q.e1*q.k3*e4.e3 + 8*q.e2*q.e1*k2.k2*e4.e3
       + 16*q.e2*q.e1*k2.k1*e4.e3 - 16*q.e2*q.e1*k2.e4*k2.e3 - 16*q.e2*q.e1*
      k2.e4*k1.e3 - 8*q.e2*q.e1*k2.e4*e3.k3 - 16*q.e2*q.e1*k2.e3*k1.e4 - 8*
      q.e2*q.e1*k2.e3*e4.k3 + 8*q.e2*q.e1*k2.k3*e4.e3 + 8*q.e2*q.e1*k1.k1*
      e4.e3 - 16*q.e2*q.e1*k1.e4*k1.e3 - 8*q.e2*q.e1*k1.e4*e3.k3 - 8*q.e2*q.e1
      *k1.e3*e4.k3 + 8*q.e2*q.e1*k1.k3*e4.e3 + 8*q.e2*q.k2*e1.k1*e4.e3 + 8*
      q.e2*q.k2*e1.e4*k1.e3 - 8*q.e2*q.k2*e1.e3*k1.e4 + 8*q.e2*q.k1*e1.k1*
      e4.e3 + 8*q.e2*q.k1*e1.e4*k1.e3 - 8*q.e2*q.k1*e1.e3*k1.e4 + 16*q.e2*q.e4
      *q.e3*e1.k1 - 16*q.e2*q.e4*e1.k1*k2.e3 - 16*q.e2*q.e4*e1.k1*k1.e3 - 8*
      q.e2*q.e4*e1.k1*e3.k3 + 8*q.e2*q.e4*e1.e3*k1.k3 - 8*q.e2*q.e4*e1.k3*
      k1.e3 + 8*q.e2*q.e3*e1.k2*k1.e4 - 8*q.e2*q.e3*e1.k1*k2.e4 - 8*q.e2*q.e3*
      e1.k1*e4.k3 - 8*q.e2*q.e3*e1.e4*k2.k1 - 8*q.e2*q.e3*e1.e4*k1.k1 - 8*q.e2
      *q.e3*e1.e4*k1.k3 + 8*q.e2*q.e3*e1.k3*k1.e4 + 8*q.e2*q.k3*e1.k1*e4.e3 + 
      8*q.e2*q.k3*e1.e4*k1.e3 - 8*q.e2*q.k3*e1.e3*k1.e4 - 8*q.e2*e1.k2*k2.e3*
      k1.e4 - 8*q.e2*e1.k2*k1.e4*k1.e3 - 4*q.e2*e1.k2*k1.e4*e3.k3 - 4*q.e2*
      e1.k2*k1.e3*e4.k3 + 4*q.e2*e1.k2*k1.k3*e4.e3 - 4*q.e2*e1.k1*k2.k2*e4.e3
       - 8*q.e2*e1.k1*k2.k1*e4.e3 + 8*q.e2*e1.k1*k2.e4*k2.e3 + 8*q.e2*e1.k1*
      k2.e4*k1.e3 + 4*q.e2*e1.k1*k2.e4*e3.k3 + 4*q.e2*e1.k1*k2.e3*e4.k3 - 4*
      q.e2*e1.k1*k2.k3*e4.e3 - 4*q.e2*e1.k1*k1.k1*e4.e3 - 4*q.e2*e1.e4*k2.k2*
      k1.e3 + 8*q.e2*e1.e4*k2.k1*k2.e3 + 4*q.e2*e1.e4*k2.k1*e3.k3 + 8*q.e2*
      e1.e4*k2.e3*k1.k1 + 4*q.e2*e1.e4*k2.e3*k1.k3 - 4*q.e2*e1.e4*k2.k3*k1.e3
       + 4*q.e2*e1.e4*k1.k1*k1.e3 + 4*q.e2*e1.e4*k1.k1*e3.k3 + 4*q.e2*e1.e3*
      k2.k2*k1.e4 + 8*q.e2*e1.e3*k2.k1*k1.e4 + 4*q.e2*e1.e3*k2.k1*e4.k3 - 4*
      q.e2*e1.e3*k2.e4*k1.k3 + 4*q.e2*e1.e3*k2.k3*k1.e4 + 4*q.e2*e1.e3*k1.k1*
      k1.e4 + 4*q.e2*e1.e3*k1.k1*e4.k3 - 4*q.e2*e1.k3*k2.k1*e4.e3 + 4*q.e2*
      e1.k3*k2.e4*k1.e3 - 4*q.e2*e1.k3*k2.e3*k1.e4 - 4*q.e2*e1.k3*k1.k1*e4.e3
       - 16*q.e1*q.k2*q.e4*e2.e3 + 8*q.e1*q.k2*e2.k1*e4.e3 + 16*q.e1*q.k2*
      e2.e4*k2.e3 + 8*q.e1*q.k2*e2.e4*k1.e3 + 8*q.e1*q.k2*e2.e4*e3.k3 + 8*q.e1
      *q.k2*e2.e3*k1.e4 + 8*q.e1*q.k2*e2.e3*e4.k3 - 8*q.e1*q.k2*e2.k3*e4.e3 - 
      16*q.e1*q.k1*q.e4*e2.e3 + 8*q.e1*q.k1*e2.k1*e4.e3 + 16*q.e1*q.k1*e2.e4*
      k2.e3 + 8*q.e1*q.k1*e2.e4*k1.e3 + 8*q.e1*q.k1*e2.e4*e3.k3 + 8*q.e1*q.k1*
      e2.e3*k1.e4 + 8*q.e1*q.k1*e2.e3*e4.k3 - 8*q.e1*q.k1*e2.k3*e4.e3 + 16*
      q.e1*q.e4*q.e3*e2.k2 + 32*q.e1*q.e4*q.e3*e2.k1 - 16*q.e1*q.e4*e2.k2*
      k2.e3 - 16*q.e1*q.e4*e2.k2*k1.e3 - 8*q.e1*q.e4*e2.k2*e3.k3 - 32*q.e1*
      q.e4*e2.k1*k2.e3 - 32*q.e1*q.e4*e2.k1*k1.e3 - 16*q.e1*q.e4*e2.k1*e3.k3
       + 8*q.e1*q.e4*e2.e3*k2.k2 + 16*q.e1*q.e4*e2.e3*k2.k1 + 8*q.e1*q.e4*
      e2.e3*k2.k3 + 8*q.e1*q.e4*e2.e3*k1.k1 - 8*q.e1*q.e4*e2.k3*k2.e3 - 8*q.e1
      *q.e3*e2.k2*k1.e4 - 8*q.e1*q.e3*e2.k2*e4.k3 - 8*q.e1*q.e3*e2.k1*k2.e4 - 
      16*q.e1*q.e3*e2.k1*k1.e4 - 16*q.e1*q.e3*e2.k1*e4.k3 - 8*q.e1*q.e3*e2.e4*
      k2.k2 - 8*q.e1*q.e3*e2.e4*k2.k1 - 8*q.e1*q.e3*e2.e4*k2.k3 + 8*q.e1*q.e3*
      e2.k3*k2.e4 + 8*q.e1*q.k3*e2.k2*e4.e3 + 16*q.e1*q.k3*e2.k1*e4.e3 + 8*
      q.e1*q.k3*e2.e4*k2.e3 - 8*q.e1*q.k3*e2.e3*k2.e4 + 8*q.e1*e2.k2*k2.e3*
      k1.e4 + 8*q.e1*e2.k2*k1.e4*k1.e3 + 4*q.e1*e2.k2*k1.e4*e3.k3 + 4*q.e1*
      e2.k2*k1.e3*e4.k3 - 4*q.e1*e2.k2*k1.k3*e4.e3 - 4*q.e1*e2.k1*k2.k2*e4.e3
       - 8*q.e1*e2.k1*k2.k1*e4.e3 + 8*q.e1*e2.k1*k2.e4*k2.e3 + 8*q.e1*e2.k1*
      k2.e4*k1.e3 + 4*q.e1*e2.k1*k2.e4*e3.k3 + 16*q.e1*e2.k1*k2.e3*k1.e4 + 4*
      q.e1*e2.k1*k2.e3*e4.k3 - 4*q.e1*e2.k1*k2.k3*e4.e3 - 4*q.e1*e2.k1*k1.k1*
      e4.e3 + 16*q.e1*e2.k1*k1.e4*k1.e3 + 8*q.e1*e2.k1*k1.e4*e3.k3 + 8*q.e1*
      e2.k1*k1.e3*e4.k3 - 8*q.e1*e2.k1*k1.k3*e4.e3 + 4*q.e1*e2.e4*k2.k2*k1.e3
       - 8*q.e1*e2.e4*k2.k1*k2.e3 - 4*q.e1*e2.e4*k2.k1*e3.k3 - 8*q.e1*e2.e4*
      k2.e3*k1.k1 - 4*q.e1*e2.e4*k2.e3*k1.k3 + 4*q.e1*e2.e4*k2.k3*k1.e3 - 4*
      q.e1*e2.e4*k1.k1*k1.e3 - 4*q.e1*e2.e4*k1.k1*e3.k3 - 4*q.e1*e2.e3*k2.k2*
      k1.e4 - 8*q.e1*e2.e3*k2.k1*k1.e4 - 4*q.e1*e2.e3*k2.k1*e4.k3 + 4*q.e1*
      e2.e3*k2.e4*k1.k3 - 4*q.e1*e2.e3*k2.k3*k1.e4 - 4*q.e1*e2.e3*k1.k1*k1.e4
       - 4*q.e1*e2.e3*k1.k1*e4.k3 + 4*q.e1*e2.k3*k2.k1*e4.e3 - 4*q.e1*e2.k3*
      k2.e4*k1.e3 + 4*q.e1*e2.k3*k2.e3*k1.e4 + 4*q.e1*e2.k3*k1.k1*e4.e3 - 8*
      q.k2*q.k1*e2.e1*e4.e3 + 8*q.k2*q.k1*e2.e4*e1.e3 - 8*q.k2*q.k1*e2.e3*
      e1.e4 - 8*q.k2*q.e4*e2.e1*k1.e3 + 8*q.k2*q.e4*e2.k1*e1.e3 + 8*q.k2*q.e4*
      e2.e3*e1.k1 + 8*q.k2*e2.e1*k2.e3*k1.e4 + 8*q.k2*e2.e1*k1.e4*k1.e3 + 4*
      q.k2*e2.e1*k1.e4*e3.k3 + 4*q.k2*e2.e1*k1.e3*e4.k3 - 4*q.k2*e2.e1*k1.k3*
      e4.e3 - 8*q.k2*e2.k1*e1.e4*k2.e3 - 8*q.k2*e2.k1*e1.e4*k1.e3 - 4*q.k2*
      e2.k1*e1.e4*e3.k3 - 4*q.k2*e2.k1*e1.e3*e4.k3 + 4*q.k2*e2.k1*e1.k3*e4.e3
       - 8*q.k2*e2.e4*e1.k1*k2.e3 - 8*q.k2*e2.e4*e1.k1*k1.e3 - 4*q.k2*e2.e4*
      e1.k1*e3.k3 + 4*q.k2*e2.e4*e1.e3*k1.k3 - 4*q.k2*e2.e4*e1.k3*k1.e3 - 4*
      q.k2*e2.e3*e1.k1*e4.k3 - 4*q.k2*e2.e3*e1.e4*k1.k3 + 4*q.k2*e2.e3*e1.k3*
      k1.e4 + 4*q.k2*e2.k3*e1.k1*e4.e3 + 4*q.k2*e2.k3*e1.e4*k1.e3 - 4*q.k2*
      e2.k3*e1.e3*k1.e4 - 16*q.k1*q.e4*q.e3*e2.e1 + 16*q.k1*q.e4*e2.e1*k2.e3
       + 8*q.k1*q.e4*e2.e1*k1.e3 + 8*q.k1*q.e4*e2.e1*e3.k3 + 8*q.k1*q.e4*e2.k1
      *e1.e3 + 8*q.k1*q.e4*e2.e3*e1.k1 + 8*q.k1*q.e4*e2.e3*e1.k3 - 8*q.k1*q.e4
      *e2.k3*e1.e3 + 8*q.k1*q.e3*e2.e1*k2.e4 + 8*q.k1*q.e3*e2.e1*k1.e4 + 8*
      q.k1*q.e3*e2.e1*e4.k3 + 8*q.k1*q.e3*e2.k2*e1.e4 + 8*q.k1*q.e3*e2.k1*
      e1.e4 - 8*q.k1*q.e3*e2.e4*e1.k2 - 8*q.k1*q.e3*e2.e4*e1.k1 - 8*q.k1*q.e3*
      e2.e4*e1.k3 + 8*q.k1*q.e3*e2.k3*e1.e4 - 8*q.k1*q.k3*e2.e1*e4.e3 + 8*q.k1
      *q.k3*e2.e4*e1.e3 - 8*q.k1*q.k3*e2.e3*e1.e4 + 4*q.k1*e2.e1*k2.k2*e4.e3
       + 8*q.k1*e2.e1*k2.k1*e4.e3 - 8*q.k1*e2.e1*k2.e4*k2.e3 - 8*q.k1*e2.e1*
      k2.e4*k1.e3 - 4*q.k1*e2.e1*k2.e4*e3.k3 - 4*q.k1*e2.e1*k2.e3*e4.k3 + 4*
      q.k1*e2.e1*k2.k3*e4.e3 + 4*q.k1*e2.e1*k1.k1*e4.e3 - 8*q.k1*e2.k2*e1.e4*
      k2.e3 - 8*q.k1*e2.k2*e1.e4*k1.e3 - 4*q.k1*e2.k2*e1.e4*e3.k3 - 4*q.k1*
      e2.k2*e1.e3*e4.k3 + 4*q.k1*e2.k2*e1.k3*e4.e3 - 16*q.k1*e2.k1*e1.e4*k2.e3
       - 16*q.k1*e2.k1*e1.e4*k1.e3 - 8*q.k1*e2.k1*e1.e4*e3.k3 - 8*q.k1*e2.k1*
      e1.e3*e4.k3 + 8*q.k1*e2.k1*e1.k3*e4.e3 + 8*q.k1*e2.e4*e1.k2*k2.e3 + 8*
      q.k1*e2.e4*e1.k2*k1.e3 + 4*q.k1*e2.e4*e1.k2*e3.k3 - 4*q.k1*e2.e4*e1.e3*
      k2.k2 - 8*q.k1*e2.e4*e1.e3*k2.k1 - 4*q.k1*e2.e4*e1.e3*k2.k3 - 4*q.k1*
      e2.e4*e1.e3*k1.k1 + 4*q.k1*e2.e4*e1.k3*k2.e3 + 4*q.k1*e2.e3*e1.k2*e4.k3
       + 4*q.k1*e2.e3*e1.e4*k2.k2 + 8*q.k1*e2.e3*e1.e4*k2.k1 + 4*q.k1*e2.e3*
      e1.e4*k2.k3 + 4*q.k1*e2.e3*e1.e4*k1.k1 - 4*q.k1*e2.e3*e1.k3*k2.e4 - 4*
      q.k1*e2.k3*e1.k2*e4.e3 - 4*q.k1*e2.k3*e1.e4*k2.e3 + 4*q.k1*e2.k3*e1.e3*
      k2.e4 - 8*q.k1^2*e2.e1*e4.e3 + 8*q.k1^2*e2.e4*e1.e3 - 8*q.k1^2*e2.e3*
      e1.e4 + 8*q.e4*q.e3*e2.e1*k2.k1 + 8*q.e4*q.e3*e2.e1*k1.k1 - 8*q.e4*q.e3*
      e2.k2*e1.k1 - 8*q.e4*q.e3*e2.k1*e1.k2 - 16*q.e4*q.e3*e2.k1*e1.k1 + 4*
      q.e4*e2.e1*k2.k2*k1.e3 - 8*q.e4*e2.e1*k2.k1*k2.e3 - 4*q.e4*e2.e1*k2.k1*
      e3.k3 - 8*q.e4*e2.e1*k2.e3*k1.k1 - 4*q.e4*e2.e1*k2.e3*k1.k3 + 4*q.e4*
      e2.e1*k2.k3*k1.e3 - 4*q.e4*e2.e1*k1.k1*k1.e3 - 4*q.e4*e2.e1*k1.k1*e3.k3
       + 8*q.e4*e2.k2*e1.k1*k2.e3 + 8*q.e4*e2.k2*e1.k1*k1.e3 + 4*q.e4*e2.k2*
      e1.k1*e3.k3 - 4*q.e4*e2.k2*e1.e3*k1.k3 + 4*q.e4*e2.k2*e1.k3*k1.e3 + 8*
      q.e4*e2.k1*e1.k2*k2.e3 + 8*q.e4*e2.k1*e1.k2*k1.e3 + 4*q.e4*e2.k1*e1.k2*
      e3.k3 + 16*q.e4*e2.k1*e1.k1*k2.e3 + 16*q.e4*e2.k1*e1.k1*k1.e3 + 8*q.e4*
      e2.k1*e1.k1*e3.k3 - 4*q.e4*e2.k1*e1.e3*k2.k2 - 8*q.e4*e2.k1*e1.e3*k2.k1
       - 4*q.e4*e2.k1*e1.e3*k2.k3 - 4*q.e4*e2.k1*e1.e3*k1.k1 - 8*q.e4*e2.k1*
      e1.e3*k1.k3 + 4*q.e4*e2.k1*e1.k3*k2.e3 + 8*q.e4*e2.k1*e1.k3*k1.e3 + 4*
      q.e4*e2.e3*e1.k2*k1.k3 - 4*q.e4*e2.e3*e1.k1*k2.k2 - 8*q.e4*e2.e3*e1.k1*
      k2.k1 - 4*q.e4*e2.e3*e1.k1*k2.k3 - 4*q.e4*e2.e3*e1.k1*k1.k1 - 4*q.e4*
      e2.e3*e1.k3*k2.k1 - 4*q.e4*e2.e3*e1.k3*k1.k1 - 4*q.e4*e2.k3*e1.k2*k1.e3
       + 4*q.e4*e2.k3*e1.k1*k2.e3 + 4*q.e4*e2.k3*e1.e3*k2.k1 + 4*q.e4*e2.k3*
      e1.e3*k1.k1 - 4*q.e3*e2.e1*k2.k2*k1.e4 - 8*q.e3*e2.e1*k2.k1*k1.e4 - 4*
      q.e3*e2.e1*k2.k1*e4.k3 + 4*q.e3*e2.e1*k2.e4*k1.k3 - 4*q.e3*e2.e1*k2.k3*
      k1.e4 - 4*q.e3*e2.e1*k1.k1*k1.e4 - 4*q.e3*e2.e1*k1.k1*e4.k3 + 4*q.e3*
      e2.k2*e1.k1*e4.k3 + 4*q.e3*e2.k2*e1.e4*k1.k3 - 4*q.e3*e2.k2*e1.k3*k1.e4
       + 4*q.e3*e2.k1*e1.k2*e4.k3 + 8*q.e3*e2.k1*e1.k1*e4.k3 + 4*q.e3*e2.k1*
      e1.e4*k2.k2 + 8*q.e3*e2.k1*e1.e4*k2.k1 + 4*q.e3*e2.k1*e1.e4*k2.k3 + 4*
      q.e3*e2.k1*e1.e4*k1.k1 + 8*q.e3*e2.k1*e1.e4*k1.k3 - 4*q.e3*e2.k1*e1.k3*
      k2.e4 - 8*q.e3*e2.k1*e1.k3*k1.e4 - 4*q.e3*e2.e4*e1.k2*k1.k3 + 4*q.e3*
      e2.e4*e1.k1*k2.k2 + 8*q.e3*e2.e4*e1.k1*k2.k1 + 4*q.e3*e2.e4*e1.k1*k2.k3
       + 4*q.e3*e2.e4*e1.k1*k1.k1 + 4*q.e3*e2.e4*e1.k3*k2.k1 + 4*q.e3*e2.e4*
      e1.k3*k1.k1 + 4*q.e3*e2.k3*e1.k2*k1.e4 - 4*q.e3*e2.k3*e1.k1*k2.e4 - 4*
      q.e3*e2.k3*e1.e4*k2.k1 - 4*q.e3*e2.k3*e1.e4*k1.k1 + 4*q.k3*e2.e1*k2.k1*
      e4.e3 - 4*q.k3*e2.e1*k2.e4*k1.e3 + 4*q.k3*e2.e1*k2.e3*k1.e4 + 4*q.k3*
      e2.e1*k1.k1*e4.e3 - 4*q.k3*e2.k2*e1.k1*e4.e3 - 4*q.k3*e2.k2*e1.e4*k1.e3
       + 4*q.k3*e2.k2*e1.e3*k1.e4 - 4*q.k3*e2.k1*e1.k2*e4.e3 - 8*q.k3*e2.k1*
      e1.k1*e4.e3 - 4*q.k3*e2.k1*e1.e4*k2.e3 - 8*q.k3*e2.k1*e1.e4*k1.e3 + 4*
      q.k3*e2.k1*e1.e3*k2.e4 + 8*q.k3*e2.k1*e1.e3*k1.e4 + 4*q.k3*e2.e4*e1.k2*
      k1.e3 - 4*q.k3*e2.e4*e1.k1*k2.e3 - 4*q.k3*e2.e4*e1.e3*k2.k1 - 4*q.k3*
      e2.e4*e1.e3*k1.k1 - 4*q.k3*e2.e3*e1.k2*k1.e4 + 4*q.k3*e2.e3*e1.k1*k2.e4
       + 4*q.k3*e2.e3*e1.e4*k2.k1 + 4*q.k3*e2.e3*e1.e4*k1.k1;

    *
    Local sixP 
            = (-1) * g_(1,q)  * g_(1,e6) * g_(1,q6) * g_(1,e5)*
                     g_(1,q56)* g_(1,e4) * g_(1,q123)*g_(1,e3)*
                     g_(1,q12) * g_(1,e2) * g_(1,q1) * g_(1,e1);
    *
    id q6 = q + k6;
    id q56= q + k5 + k6;
    id q123 = q - k1 - k2 - k3;
    id q12 = q - k1 - k2;
    id q1 = q -k1;
    id k6 = -k1-k2-k3-k4-k5;
    id e1.k1=0;
    id e2.k2=0;
    id e3.k3=0;
    id e4.k4=0;
    id e5.k5=0;
    *
    Print;
    .end

Time =       0.00 sec    Generated terms =          4
            twoP         Terms in output =          4
                         Bytes used      =        172

Time =       0.00 sec    Generated terms =        305
           fourP         Terms in output =        305
                         Bytes used      =      12436

Time =       0.00 sec    Generated terms =       1008
            sixP         Terms in output =        720
                         Bytes used      =      24312

   twoP =
      4*q.q*e2.e1 - 8*q.e2*q.e1 + 4*q.e1*e2.k1 - 4*q.k1*e2.e1;

   fourP =
      8*q.q*q.e2*q.e1*e4.e3 + 8*q.q*q.e2*q.e3*e1.e4 - 8*q.q*q.e2*e1.e4*k2.e3
       - 12*q.q*q.e2*e1.e4*k1.e3 + 4*q.q*q.e2*e1.e3*k1.e4 - 4*q.q*q.e2*e1.e3*
      e4.k3 + 4*q.q*q.e2*e1.k3*e4.e3 + 8*q.q*q.e1*q.e4*e2.e3 - 4*q.q*q.e1*
      e2.k1*e4.e3 - 8*q.q*q.e1*e2.e4*k2.e3 - 4*q.q*q.e1*e2.e4*k1.e3 - 4*q.q*
      q.e1*e2.e3*k1.e4 - 4*q.q*q.e1*e2.e3*e4.k3 + 4*q.q*q.e1*e2.k3*e4.e3 + 8*
      q.q*q.k2*e2.e1*e4.e3 - 8*q.q*q.k2*e2.e4*e1.e3 + 8*q.q*q.k2*e2.e3*e1.e4
       + 12*q.q*q.k1*e2.e1*e4.e3 - 12*q.q*q.k1*e2.e4*e1.e3 + 12*q.q*q.k1*e2.e3
      *e1.e4 + 8*q.q*q.e4*q.e3*e2.e1 - 8*q.q*q.e4*e2.e1*k2.e3 - 4*q.q*q.e4*
      e2.e1*k1.e3 - 4*q.q*q.e4*e2.k1*e1.e3 - 4*q.q*q.e4*e2.e3*e1.k3 + 4*q.q*
      q.e4*e2.k3*e1.e3 - 8*q.q*q.e3*e2.e1*k2.e4 - 4*q.q*q.e3*e2.e1*k1.e4 - 4*
      q.q*q.e3*e2.e1*e4.k3 - 12*q.q*q.e3*e2.k1*e1.e4 + 8*q.q*q.e3*e2.e4*e1.k2
       + 4*q.q*q.e3*e2.e4*e1.k3 - 4*q.q*q.e3*e2.k3*e1.e4 + 4*q.q*q.k3*e2.e1*
      e4.e3 - 4*q.q*q.k3*e2.e4*e1.e3 + 4*q.q*q.k3*e2.e3*e1.e4 - 4*q.q*e2.e1*
      k2.k2*e4.e3 - 8*q.q*e2.e1*k2.k1*e4.e3 + 8*q.q*e2.e1*k2.e4*k2.e3 + 8*q.q*
      e2.e1*k2.e4*k1.e3 + 4*q.q*e2.e1*k2.e3*e4.k3 - 4*q.q*e2.e1*k2.k3*e4.e3 - 
      4*q.q*e2.e1*k1.k1*e4.e3 + 16*q.q*e2.k1*e1.e4*k2.e3 + 16*q.q*e2.k1*e1.e4*
      k1.e3 + 8*q.q*e2.k1*e1.e3*e4.k3 - 8*q.q*e2.k1*e1.k3*e4.e3 - 8*q.q*e2.e4*
      e1.k2*k2.e3 - 8*q.q*e2.e4*e1.k2*k1.e3 + 4*q.q*e2.e4*e1.e3*k2.k2 + 8*q.q*
      e2.e4*e1.e3*k2.k1 + 4*q.q*e2.e4*e1.e3*k2.k3 + 4*q.q*e2.e4*e1.e3*k1.k1 - 
      4*q.q*e2.e4*e1.k3*k2.e3 - 4*q.q*e2.e3*e1.k2*e4.k3 - 4*q.q*e2.e3*e1.e4*
      k2.k2 - 8*q.q*e2.e3*e1.e4*k2.k1 - 4*q.q*e2.e3*e1.e4*k2.k3 - 4*q.q*e2.e3*
      e1.e4*k1.k1 + 4*q.q*e2.e3*e1.k3*k2.e4 + 4*q.q*e2.k3*e1.k2*e4.e3 + 4*q.q*
      e2.k3*e1.e4*k2.e3 - 4*q.q*e2.k3*e1.e3*k2.e4 - 4*q.q^2*e2.e1*e4.e3 + 4*
      q.q^2*e2.e4*e1.e3 - 4*q.q^2*e2.e3*e1.e4 - 16*q.e2*q.e1*q.k2*e4.e3 - 16*
      q.e2*q.e1*q.k1*e4.e3 - 32*q.e2*q.e1*q.e4*q.e3 + 32*q.e2*q.e1*q.e4*k2.e3
       + 32*q.e2*q.e1*q.e4*k1.e3 + 16*q.e2*q.e1*q.e3*k2.e4 + 16*q.e2*q.e1*q.e3
      *k1.e4 + 16*q.e2*q.e1*q.e3*e4.k3 - 16*q.e2*q.e1*q.k3*e4.e3 + 8*q.e2*q.e1
      *k2.k2*e4.e3 + 16*q.e2*q.e1*k2.k1*e4.e3 - 16*q.e2*q.e1*k2.e4*k2.e3 - 16*
      q.e2*q.e1*k2.e4*k1.e3 - 16*q.e2*q.e1*k2.e3*k1.e4 - 8*q.e2*q.e1*k2.e3*
      e4.k3 + 8*q.e2*q.e1*k2.k3*e4.e3 + 8*q.e2*q.e1*k1.k1*e4.e3 - 16*q.e2*q.e1
      *k1.e4*k1.e3 - 8*q.e2*q.e1*k1.e3*e4.k3 + 8*q.e2*q.e1*k1.k3*e4.e3 + 8*
      q.e2*q.k2*e1.e4*k1.e3 - 8*q.e2*q.k2*e1.e3*k1.e4 + 8*q.e2*q.k1*e1.e4*
      k1.e3 - 8*q.e2*q.k1*e1.e3*k1.e4 + 8*q.e2*q.e4*e1.e3*k1.k3 - 8*q.e2*q.e4*
      e1.k3*k1.e3 + 8*q.e2*q.e3*e1.k2*k1.e4 - 8*q.e2*q.e3*e1.e4*k2.k1 - 8*q.e2
      *q.e3*e1.e4*k1.k1 - 8*q.e2*q.e3*e1.e4*k1.k3 + 8*q.e2*q.e3*e1.k3*k1.e4 + 
      8*q.e2*q.k3*e1.e4*k1.e3 - 8*q.e2*q.k3*e1.e3*k1.e4 - 8*q.e2*e1.k2*k2.e3*
      k1.e4 - 8*q.e2*e1.k2*k1.e4*k1.e3 - 4*q.e2*e1.k2*k1.e3*e4.k3 + 4*q.e2*
      e1.k2*k1.k3*e4.e3 - 4*q.e2*e1.e4*k2.k2*k1.e3 + 8*q.e2*e1.e4*k2.k1*k2.e3
       + 8*q.e2*e1.e4*k2.e3*k1.k1 + 4*q.e2*e1.e4*k2.e3*k1.k3 - 4*q.e2*e1.e4*
      k2.k3*k1.e3 + 4*q.e2*e1.e4*k1.k1*k1.e3 + 4*q.e2*e1.e3*k2.k2*k1.e4 + 8*
      q.e2*e1.e3*k2.k1*k1.e4 + 4*q.e2*e1.e3*k2.k1*e4.k3 - 4*q.e2*e1.e3*k2.e4*
      k1.k3 + 4*q.e2*e1.e3*k2.k3*k1.e4 + 4*q.e2*e1.e3*k1.k1*k1.e4 + 4*q.e2*
      e1.e3*k1.k1*e4.k3 - 4*q.e2*e1.k3*k2.k1*e4.e3 + 4*q.e2*e1.k3*k2.e4*k1.e3
       - 4*q.e2*e1.k3*k2.e3*k1.e4 - 4*q.e2*e1.k3*k1.k1*e4.e3 - 16*q.e1*q.k2*
      q.e4*e2.e3 + 8*q.e1*q.k2*e2.k1*e4.e3 + 16*q.e1*q.k2*e2.e4*k2.e3 + 8*q.e1
      *q.k2*e2.e4*k1.e3 + 8*q.e1*q.k2*e2.e3*k1.e4 + 8*q.e1*q.k2*e2.e3*e4.k3 - 
      8*q.e1*q.k2*e2.k3*e4.e3 - 16*q.e1*q.k1*q.e4*e2.e3 + 8*q.e1*q.k1*e2.k1*
      e4.e3 + 16*q.e1*q.k1*e2.e4*k2.e3 + 8*q.e1*q.k1*e2.e4*k1.e3 + 8*q.e1*q.k1
      *e2.e3*k1.e4 + 8*q.e1*q.k1*e2.e3*e4.k3 - 8*q.e1*q.k1*e2.k3*e4.e3 + 32*
      q.e1*q.e4*q.e3*e2.k1 - 32*q.e1*q.e4*e2.k1*k2.e3 - 32*q.e1*q.e4*e2.k1*
      k1.e3 + 8*q.e1*q.e4*e2.e3*k2.k2 + 16*q.e1*q.e4*e2.e3*k2.k1 + 8*q.e1*q.e4
      *e2.e3*k2.k3 + 8*q.e1*q.e4*e2.e3*k1.k1 - 8*q.e1*q.e4*e2.k3*k2.e3 - 8*
      q.e1*q.e3*e2.k1*k2.e4 - 16*q.e1*q.e3*e2.k1*k1.e4 - 16*q.e1*q.e3*e2.k1*
      e4.k3 - 8*q.e1*q.e3*e2.e4*k2.k2 - 8*q.e1*q.e3*e2.e4*k2.k1 - 8*q.e1*q.e3*
      e2.e4*k2.k3 + 8*q.e1*q.e3*e2.k3*k2.e4 + 16*q.e1*q.k3*e2.k1*e4.e3 + 8*
      q.e1*q.k3*e2.e4*k2.e3 - 8*q.e1*q.k3*e2.e3*k2.e4 - 4*q.e1*e2.k1*k2.k2*
      e4.e3 - 8*q.e1*e2.k1*k2.k1*e4.e3 + 8*q.e1*e2.k1*k2.e4*k2.e3 + 8*q.e1*
      e2.k1*k2.e4*k1.e3 + 16*q.e1*e2.k1*k2.e3*k1.e4 + 4*q.e1*e2.k1*k2.e3*e4.k3
       - 4*q.e1*e2.k1*k2.k3*e4.e3 - 4*q.e1*e2.k1*k1.k1*e4.e3 + 16*q.e1*e2.k1*
      k1.e4*k1.e3 + 8*q.e1*e2.k1*k1.e3*e4.k3 - 8*q.e1*e2.k1*k1.k3*e4.e3 + 4*
      q.e1*e2.e4*k2.k2*k1.e3 - 8*q.e1*e2.e4*k2.k1*k2.e3 - 8*q.e1*e2.e4*k2.e3*
      k1.k1 - 4*q.e1*e2.e4*k2.e3*k1.k3 + 4*q.e1*e2.e4*k2.k3*k1.e3 - 4*q.e1*
      e2.e4*k1.k1*k1.e3 - 4*q.e1*e2.e3*k2.k2*k1.e4 - 8*q.e1*e2.e3*k2.k1*k1.e4
       - 4*q.e1*e2.e3*k2.k1*e4.k3 + 4*q.e1*e2.e3*k2.e4*k1.k3 - 4*q.e1*e2.e3*
      k2.k3*k1.e4 - 4*q.e1*e2.e3*k1.k1*k1.e4 - 4*q.e1*e2.e3*k1.k1*e4.k3 + 4*
      q.e1*e2.k3*k2.k1*e4.e3 - 4*q.e1*e2.k3*k2.e4*k1.e3 + 4*q.e1*e2.k3*k2.e3*
      k1.e4 + 4*q.e1*e2.k3*k1.k1*e4.e3 - 8*q.k2*q.k1*e2.e1*e4.e3 + 8*q.k2*q.k1
      *e2.e4*e1.e3 - 8*q.k2*q.k1*e2.e3*e1.e4 - 8*q.k2*q.e4*e2.e1*k1.e3 + 8*
      q.k2*q.e4*e2.k1*e1.e3 + 8*q.k2*e2.e1*k2.e3*k1.e4 + 8*q.k2*e2.e1*k1.e4*
      k1.e3 + 4*q.k2*e2.e1*k1.e3*e4.k3 - 4*q.k2*e2.e1*k1.k3*e4.e3 - 8*q.k2*
      e2.k1*e1.e4*k2.e3 - 8*q.k2*e2.k1*e1.e4*k1.e3 - 4*q.k2*e2.k1*e1.e3*e4.k3
       + 4*q.k2*e2.k1*e1.k3*e4.e3 + 4*q.k2*e2.e4*e1.e3*k1.k3 - 4*q.k2*e2.e4*
      e1.k3*k1.e3 - 4*q.k2*e2.e3*e1.e4*k1.k3 + 4*q.k2*e2.e3*e1.k3*k1.e4 + 4*
      q.k2*e2.k3*e1.e4*k1.e3 - 4*q.k2*e2.k3*e1.e3*k1.e4 - 16*q.k1*q.e4*q.e3*
      e2.e1 + 16*q.k1*q.e4*e2.e1*k2.e3 + 8*q.k1*q.e4*e2.e1*k1.e3 + 8*q.k1*q.e4
      *e2.k1*e1.e3 + 8*q.k1*q.e4*e2.e3*e1.k3 - 8*q.k1*q.e4*e2.k3*e1.e3 + 8*
      q.k1*q.e3*e2.e1*k2.e4 + 8*q.k1*q.e3*e2.e1*k1.e4 + 8*q.k1*q.e3*e2.e1*
      e4.k3 + 8*q.k1*q.e3*e2.k1*e1.e4 - 8*q.k1*q.e3*e2.e4*e1.k2 - 8*q.k1*q.e3*
      e2.e4*e1.k3 + 8*q.k1*q.e3*e2.k3*e1.e4 - 8*q.k1*q.k3*e2.e1*e4.e3 + 8*q.k1
      *q.k3*e2.e4*e1.e3 - 8*q.k1*q.k3*e2.e3*e1.e4 + 4*q.k1*e2.e1*k2.k2*e4.e3
       + 8*q.k1*e2.e1*k2.k1*e4.e3 - 8*q.k1*e2.e1*k2.e4*k2.e3 - 8*q.k1*e2.e1*
      k2.e4*k1.e3 - 4*q.k1*e2.e1*k2.e3*e4.k3 + 4*q.k1*e2.e1*k2.k3*e4.e3 + 4*
      q.k1*e2.e1*k1.k1*e4.e3 - 16*q.k1*e2.k1*e1.e4*k2.e3 - 16*q.k1*e2.k1*e1.e4
      *k1.e3 - 8*q.k1*e2.k1*e1.e3*e4.k3 + 8*q.k1*e2.k1*e1.k3*e4.e3 + 8*q.k1*
      e2.e4*e1.k2*k2.e3 + 8*q.k1*e2.e4*e1.k2*k1.e3 - 4*q.k1*e2.e4*e1.e3*k2.k2
       - 8*q.k1*e2.e4*e1.e3*k2.k1 - 4*q.k1*e2.e4*e1.e3*k2.k3 - 4*q.k1*e2.e4*
      e1.e3*k1.k1 + 4*q.k1*e2.e4*e1.k3*k2.e3 + 4*q.k1*e2.e3*e1.k2*e4.k3 + 4*
      q.k1*e2.e3*e1.e4*k2.k2 + 8*q.k1*e2.e3*e1.e4*k2.k1 + 4*q.k1*e2.e3*e1.e4*
      k2.k3 + 4*q.k1*e2.e3*e1.e4*k1.k1 - 4*q.k1*e2.e3*e1.k3*k2.e4 - 4*q.k1*
      e2.k3*e1.k2*e4.e3 - 4*q.k1*e2.k3*e1.e4*k2.e3 + 4*q.k1*e2.k3*e1.e3*k2.e4
       - 8*q.k1^2*e2.e1*e4.e3 + 8*q.k1^2*e2.e4*e1.e3 - 8*q.k1^2*e2.e3*e1.e4 + 
      8*q.e4*q.e3*e2.e1*k2.k1 + 8*q.e4*q.e3*e2.e1*k1.k1 - 8*q.e4*q.e3*e2.k1*
      e1.k2 + 4*q.e4*e2.e1*k2.k2*k1.e3 - 8*q.e4*e2.e1*k2.k1*k2.e3 - 8*q.e4*
      e2.e1*k2.e3*k1.k1 - 4*q.e4*e2.e1*k2.e3*k1.k3 + 4*q.e4*e2.e1*k2.k3*k1.e3
       - 4*q.e4*e2.e1*k1.k1*k1.e3 + 8*q.e4*e2.k1*e1.k2*k2.e3 + 8*q.e4*e2.k1*
      e1.k2*k1.e3 - 4*q.e4*e2.k1*e1.e3*k2.k2 - 8*q.e4*e2.k1*e1.e3*k2.k1 - 4*
      q.e4*e2.k1*e1.e3*k2.k3 - 4*q.e4*e2.k1*e1.e3*k1.k1 - 8*q.e4*e2.k1*e1.e3*
      k1.k3 + 4*q.e4*e2.k1*e1.k3*k2.e3 + 8*q.e4*e2.k1*e1.k3*k1.e3 + 4*q.e4*
      e2.e3*e1.k2*k1.k3 - 4*q.e4*e2.e3*e1.k3*k2.k1 - 4*q.e4*e2.e3*e1.k3*k1.k1
       - 4*q.e4*e2.k3*e1.k2*k1.e3 + 4*q.e4*e2.k3*e1.e3*k2.k1 + 4*q.e4*e2.k3*
      e1.e3*k1.k1 - 4*q.e3*e2.e1*k2.k2*k1.e4 - 8*q.e3*e2.e1*k2.k1*k1.e4 - 4*
      q.e3*e2.e1*k2.k1*e4.k3 + 4*q.e3*e2.e1*k2.e4*k1.k3 - 4*q.e3*e2.e1*k2.k3*
      k1.e4 - 4*q.e3*e2.e1*k1.k1*k1.e4 - 4*q.e3*e2.e1*k1.k1*e4.k3 + 4*q.e3*
      e2.k1*e1.k2*e4.k3 + 4*q.e3*e2.k1*e1.e4*k2.k2 + 8*q.e3*e2.k1*e1.e4*k2.k1
       + 4*q.e3*e2.k1*e1.e4*k2.k3 + 4*q.e3*e2.k1*e1.e4*k1.k1 + 8*q.e3*e2.k1*
      e1.e4*k1.k3 - 4*q.e3*e2.k1*e1.k3*k2.e4 - 8*q.e3*e2.k1*e1.k3*k1.e4 - 4*
      q.e3*e2.e4*e1.k2*k1.k3 + 4*q.e3*e2.e4*e1.k3*k2.k1 + 4*q.e3*e2.e4*e1.k3*
      k1.k1 + 4*q.e3*e2.k3*e1.k2*k1.e4 - 4*q.e3*e2.k3*e1.e4*k2.k1 - 4*q.e3*
      e2.k3*e1.e4*k1.k1 + 4*q.k3*e2.e1*k2.k1*e4.e3 - 4*q.k3*e2.e1*k2.e4*k1.e3
       + 4*q.k3*e2.e1*k2.e3*k1.e4 + 4*q.k3*e2.e1*k1.k1*e4.e3 - 4*q.k3*e2.k1*
      e1.k2*e4.e3 - 4*q.k3*e2.k1*e1.e4*k2.e3 - 8*q.k3*e2.k1*e1.e4*k1.e3 + 4*
      q.k3*e2.k1*e1.e3*k2.e4 + 8*q.k3*e2.k1*e1.e3*k1.e4 + 4*q.k3*e2.e4*e1.k2*
      k1.e3 - 4*q.k3*e2.e4*e1.e3*k2.k1 - 4*q.k3*e2.e4*e1.e3*k1.k1 - 4*q.k3*
      e2.e3*e1.k2*k1.e4 + 4*q.k3*e2.e3*e1.e4*k2.k1 + 4*q.k3*e2.e3*e1.e4*k1.k1;

   sixP =
       - g_(1,q,e6,q,e5,q,e4,q,e3,q,e2,q,e1) + g_(1,q,e6,q,e5,q,e4,q,e3,q,e2,
      k1,e1) + g_(1,q,e6,q,e5,q,e4,q,e3,k2,e2,q,e1) - g_(1,q,e6,q,e5,q,e4,q,e3
      ,k2,e2,k1,e1) + g_(1,q,e6,q,e5,q,e4,q,e3,k1,e2,q,e1) - g_(1,q,e6,q,e5,q,
      e4,q,e3,k1,e2,k1,e1) + g_(1,q,e6,q,e5,q,e4,k2,e3,q,e2,q,e1) - g_(1,q,e6,
      q,e5,q,e4,k2,e3,q,e2,k1,e1) - g_(1,q,e6,q,e5,q,e4,k2,e3,k2,e2,q,e1) + 
      g_(1,q,e6,q,e5,q,e4,k2,e3,k2,e2,k1,e1) - g_(1,q,e6,q,e5,q,e4,k2,e3,k1,e2
      ,q,e1) + g_(1,q,e6,q,e5,q,e4,k2,e3,k1,e2,k1,e1) + g_(1,q,e6,q,e5,q,e4,k1
      ,e3,q,e2,q,e1) - g_(1,q,e6,q,e5,q,e4,k1,e3,q,e2,k1,e1) - g_(1,q,e6,q,e5,
      q,e4,k1,e3,k2,e2,q,e1) + g_(1,q,e6,q,e5,q,e4,k1,e3,k2,e2,k1,e1) - g_(1,q
      ,e6,q,e5,q,e4,k1,e3,k1,e2,q,e1) + g_(1,q,e6,q,e5,q,e4,k1,e3,k1,e2,k1,e1)
       + g_(1,q,e6,q,e5,q,e4,k3,e3,q,e2,q,e1) - g_(1,q,e6,q,e5,q,e4,k3,e3,q,e2
      ,k1,e1) - g_(1,q,e6,q,e5,q,e4,k3,e3,k2,e2,q,e1) + g_(1,q,e6,q,e5,q,e4,k3
      ,e3,k2,e2,k1,e1) - g_(1,q,e6,q,e5,q,e4,k3,e3,k1,e2,q,e1) + g_(1,q,e6,q,
      e5,q,e4,k3,e3,k1,e2,k1,e1) + g_(1,q,e6,q,e5,k2,e4,q,e3,q,e2,q,e1) - g_(1
      ,q,e6,q,e5,k2,e4,q,e3,q,e2,k1,e1) - g_(1,q,e6,q,e5,k2,e4,q,e3,k2,e2,q,e1
      ) + g_(1,q,e6,q,e5,k2,e4,q,e3,k2,e2,k1,e1) - g_(1,q,e6,q,e5,k2,e4,q,e3,
      k1,e2,q,e1) + g_(1,q,e6,q,e5,k2,e4,q,e3,k1,e2,k1,e1) - g_(1,q,e6,q,e5,k2
      ,e4,k2,e3,q,e2,q,e1) + g_(1,q,e6,q,e5,k2,e4,k2,e3,q,e2,k1,e1) + g_(1,q,
      e6,q,e5,k2,e4,k2,e3,k2,e2,q,e1) - g_(1,q,e6,q,e5,k2,e4,k2,e3,k2,e2,k1,e1
      ) + g_(1,q,e6,q,e5,k2,e4,k2,e3,k1,e2,q,e1) - g_(1,q,e6,q,e5,k2,e4,k2,e3,
      k1,e2,k1,e1) - g_(1,q,e6,q,e5,k2,e4,k1,e3,q,e2,q,e1) + g_(1,q,e6,q,e5,k2
      ,e4,k1,e3,q,e2,k1,e1) + g_(1,q,e6,q,e5,k2,e4,k1,e3,k2,e2,q,e1) - g_(1,q,
      e6,q,e5,k2,e4,k1,e3,k2,e2,k1,e1) + g_(1,q,e6,q,e5,k2,e4,k1,e3,k1,e2,q,e1
      ) - g_(1,q,e6,q,e5,k2,e4,k1,e3,k1,e2,k1,e1) - g_(1,q,e6,q,e5,k2,e4,k3,e3
      ,q,e2,q,e1) + g_(1,q,e6,q,e5,k2,e4,k3,e3,q,e2,k1,e1) + g_(1,q,e6,q,e5,k2
      ,e4,k3,e3,k2,e2,q,e1) - g_(1,q,e6,q,e5,k2,e4,k3,e3,k2,e2,k1,e1) + g_(1,q
      ,e6,q,e5,k2,e4,k3,e3,k1,e2,q,e1) - g_(1,q,e6,q,e5,k2,e4,k3,e3,k1,e2,k1,
      e1) + g_(1,q,e6,q,e5,k1,e4,q,e3,q,e2,q,e1) - g_(1,q,e6,q,e5,k1,e4,q,e3,q
      ,e2,k1,e1) - g_(1,q,e6,q,e5,k1,e4,q,e3,k2,e2,q,e1) + g_(1,q,e6,q,e5,k1,
      e4,q,e3,k2,e2,k1,e1) - g_(1,q,e6,q,e5,k1,e4,q,e3,k1,e2,q,e1) + g_(1,q,e6
      ,q,e5,k1,e4,q,e3,k1,e2,k1,e1) - g_(1,q,e6,q,e5,k1,e4,k2,e3,q,e2,q,e1) + 
      g_(1,q,e6,q,e5,k1,e4,k2,e3,q,e2,k1,e1) + g_(1,q,e6,q,e5,k1,e4,k2,e3,k2,
      e2,q,e1) - g_(1,q,e6,q,e5,k1,e4,k2,e3,k2,e2,k1,e1) + g_(1,q,e6,q,e5,k1,
      e4,k2,e3,k1,e2,q,e1) - g_(1,q,e6,q,e5,k1,e4,k2,e3,k1,e2,k1,e1) - g_(1,q,
      e6,q,e5,k1,e4,k1,e3,q,e2,q,e1) + g_(1,q,e6,q,e5,k1,e4,k1,e3,q,e2,k1,e1)
       + g_(1,q,e6,q,e5,k1,e4,k1,e3,k2,e2,q,e1) - g_(1,q,e6,q,e5,k1,e4,k1,e3,
      k2,e2,k1,e1) + g_(1,q,e6,q,e5,k1,e4,k1,e3,k1,e2,q,e1) - g_(1,q,e6,q,e5,
      k1,e4,k1,e3,k1,e2,k1,e1) - g_(1,q,e6,q,e5,k1,e4,k3,e3,q,e2,q,e1) + g_(1,
      q,e6,q,e5,k1,e4,k3,e3,q,e2,k1,e1) + g_(1,q,e6,q,e5,k1,e4,k3,e3,k2,e2,q,
      e1) - g_(1,q,e6,q,e5,k1,e4,k3,e3,k2,e2,k1,e1) + g_(1,q,e6,q,e5,k1,e4,k3,
      e3,k1,e2,q,e1) - g_(1,q,e6,q,e5,k1,e4,k3,e3,k1,e2,k1,e1) + g_(1,q,e6,q,
      e5,k4,e4,q,e3,q,e2,q,e1) - g_(1,q,e6,q,e5,k4,e4,q,e3,q,e2,k1,e1) - g_(1,
      q,e6,q,e5,k4,e4,q,e3,k2,e2,q,e1) + g_(1,q,e6,q,e5,k4,e4,q,e3,k2,e2,k1,e1
      ) - g_(1,q,e6,q,e5,k4,e4,q,e3,k1,e2,q,e1) + g_(1,q,e6,q,e5,k4,e4,q,e3,k1
      ,e2,k1,e1) - g_(1,q,e6,q,e5,k4,e4,k2,e3,q,e2,q,e1) + g_(1,q,e6,q,e5,k4,
      e4,k2,e3,q,e2,k1,e1) + g_(1,q,e6,q,e5,k4,e4,k2,e3,k2,e2,q,e1) - g_(1,q,
      e6,q,e5,k4,e4,k2,e3,k2,e2,k1,e1) + g_(1,q,e6,q,e5,k4,e4,k2,e3,k1,e2,q,e1
      ) - g_(1,q,e6,q,e5,k4,e4,k2,e3,k1,e2,k1,e1) - g_(1,q,e6,q,e5,k4,e4,k1,e3
      ,q,e2,q,e1) + g_(1,q,e6,q,e5,k4,e4,k1,e3,q,e2,k1,e1) + g_(1,q,e6,q,e5,k4
      ,e4,k1,e3,k2,e2,q,e1) - g_(1,q,e6,q,e5,k4,e4,k1,e3,k2,e2,k1,e1) + g_(1,q
      ,e6,q,e5,k4,e4,k1,e3,k1,e2,q,e1) - g_(1,q,e6,q,e5,k4,e4,k1,e3,k1,e2,k1,
      e1) - g_(1,q,e6,q,e5,k4,e4,k3,e3,q,e2,q,e1) + g_(1,q,e6,q,e5,k4,e4,k3,e3
      ,q,e2,k1,e1) + g_(1,q,e6,q,e5,k4,e4,k3,e3,k2,e2,q,e1) - g_(1,q,e6,q,e5,
      k4,e4,k3,e3,k2,e2,k1,e1) + g_(1,q,e6,q,e5,k4,e4,k3,e3,k1,e2,q,e1) - g_(1
      ,q,e6,q,e5,k4,e4,k3,e3,k1,e2,k1,e1) + g_(1,q,e6,q,e5,k3,e4,q,e3,q,e2,q,
      e1) - g_(1,q,e6,q,e5,k3,e4,q,e3,q,e2,k1,e1) - g_(1,q,e6,q,e5,k3,e4,q,e3,
      k2,e2,q,e1) + g_(1,q,e6,q,e5,k3,e4,q,e3,k2,e2,k1,e1) - g_(1,q,e6,q,e5,k3
      ,e4,q,e3,k1,e2,q,e1) + g_(1,q,e6,q,e5,k3,e4,q,e3,k1,e2,k1,e1) - g_(1,q,
      e6,q,e5,k3,e4,k2,e3,q,e2,q,e1) + g_(1,q,e6,q,e5,k3,e4,k2,e3,q,e2,k1,e1)
       + g_(1,q,e6,q,e5,k3,e4,k2,e3,k2,e2,q,e1) - g_(1,q,e6,q,e5,k3,e4,k2,e3,
      k2,e2,k1,e1) + g_(1,q,e6,q,e5,k3,e4,k2,e3,k1,e2,q,e1) - g_(1,q,e6,q,e5,
      k3,e4,k2,e3,k1,e2,k1,e1) - g_(1,q,e6,q,e5,k3,e4,k1,e3,q,e2,q,e1) + g_(1,
      q,e6,q,e5,k3,e4,k1,e3,q,e2,k1,e1) + g_(1,q,e6,q,e5,k3,e4,k1,e3,k2,e2,q,
      e1) - g_(1,q,e6,q,e5,k3,e4,k1,e3,k2,e2,k1,e1) + g_(1,q,e6,q,e5,k3,e4,k1,
      e3,k1,e2,q,e1) - g_(1,q,e6,q,e5,k3,e4,k1,e3,k1,e2,k1,e1) - g_(1,q,e6,q,
      e5,k3,e4,k3,e3,q,e2,q,e1) + g_(1,q,e6,q,e5,k3,e4,k3,e3,q,e2,k1,e1) + g_(
      1,q,e6,q,e5,k3,e4,k3,e3,k2,e2,q,e1) - g_(1,q,e6,q,e5,k3,e4,k3,e3,k2,e2,
      k1,e1) + g_(1,q,e6,q,e5,k3,e4,k3,e3,k1,e2,q,e1) - g_(1,q,e6,q,e5,k3,e4,
      k3,e3,k1,e2,k1,e1) + g_(1,q,e6,k2,e5,q,e4,q,e3,q,e2,q,e1) - g_(1,q,e6,k2
      ,e5,q,e4,q,e3,q,e2,k1,e1) - g_(1,q,e6,k2,e5,q,e4,q,e3,k2,e2,q,e1) + g_(1
      ,q,e6,k2,e5,q,e4,q,e3,k2,e2,k1,e1) - g_(1,q,e6,k2,e5,q,e4,q,e3,k1,e2,q,
      e1) + g_(1,q,e6,k2,e5,q,e4,q,e3,k1,e2,k1,e1) - g_(1,q,e6,k2,e5,q,e4,k2,
      e3,q,e2,q,e1) + g_(1,q,e6,k2,e5,q,e4,k2,e3,q,e2,k1,e1) + g_(1,q,e6,k2,e5
      ,q,e4,k2,e3,k2,e2,q,e1) - g_(1,q,e6,k2,e5,q,e4,k2,e3,k2,e2,k1,e1) + g_(1
      ,q,e6,k2,e5,q,e4,k2,e3,k1,e2,q,e1) - g_(1,q,e6,k2,e5,q,e4,k2,e3,k1,e2,k1
      ,e1) - g_(1,q,e6,k2,e5,q,e4,k1,e3,q,e2,q,e1) + g_(1,q,e6,k2,e5,q,e4,k1,
      e3,q,e2,k1,e1) + g_(1,q,e6,k2,e5,q,e4,k1,e3,k2,e2,q,e1) - g_(1,q,e6,k2,
      e5,q,e4,k1,e3,k2,e2,k1,e1) + g_(1,q,e6,k2,e5,q,e4,k1,e3,k1,e2,q,e1) - 
      g_(1,q,e6,k2,e5,q,e4,k1,e3,k1,e2,k1,e1) - g_(1,q,e6,k2,e5,q,e4,k3,e3,q,
      e2,q,e1) + g_(1,q,e6,k2,e5,q,e4,k3,e3,q,e2,k1,e1) + g_(1,q,e6,k2,e5,q,e4
      ,k3,e3,k2,e2,q,e1) - g_(1,q,e6,k2,e5,q,e4,k3,e3,k2,e2,k1,e1) + g_(1,q,e6
      ,k2,e5,q,e4,k3,e3,k1,e2,q,e1) - g_(1,q,e6,k2,e5,q,e4,k3,e3,k1,e2,k1,e1)
       - g_(1,q,e6,k2,e5,k2,e4,q,e3,q,e2,q,e1) + g_(1,q,e6,k2,e5,k2,e4,q,e3,q,
      e2,k1,e1) + g_(1,q,e6,k2,e5,k2,e4,q,e3,k2,e2,q,e1) - g_(1,q,e6,k2,e5,k2,
      e4,q,e3,k2,e2,k1,e1) + g_(1,q,e6,k2,e5,k2,e4,q,e3,k1,e2,q,e1) - g_(1,q,
      e6,k2,e5,k2,e4,q,e3,k1,e2,k1,e1) + g_(1,q,e6,k2,e5,k2,e4,k2,e3,q,e2,q,e1
      ) - g_(1,q,e6,k2,e5,k2,e4,k2,e3,q,e2,k1,e1) - g_(1,q,e6,k2,e5,k2,e4,k2,
      e3,k2,e2,q,e1) + g_(1,q,e6,k2,e5,k2,e4,k2,e3,k2,e2,k1,e1) - g_(1,q,e6,k2
      ,e5,k2,e4,k2,e3,k1,e2,q,e1) + g_(1,q,e6,k2,e5,k2,e4,k2,e3,k1,e2,k1,e1)
       + g_(1,q,e6,k2,e5,k2,e4,k1,e3,q,e2,q,e1) - g_(1,q,e6,k2,e5,k2,e4,k1,e3,
      q,e2,k1,e1) - g_(1,q,e6,k2,e5,k2,e4,k1,e3,k2,e2,q,e1) + g_(1,q,e6,k2,e5,
      k2,e4,k1,e3,k2,e2,k1,e1) - g_(1,q,e6,k2,e5,k2,e4,k1,e3,k1,e2,q,e1) + g_(
      1,q,e6,k2,e5,k2,e4,k1,e3,k1,e2,k1,e1) + g_(1,q,e6,k2,e5,k2,e4,k3,e3,q,e2
      ,q,e1) - g_(1,q,e6,k2,e5,k2,e4,k3,e3,q,e2,k1,e1) - g_(1,q,e6,k2,e5,k2,e4
      ,k3,e3,k2,e2,q,e1) + g_(1,q,e6,k2,e5,k2,e4,k3,e3,k2,e2,k1,e1) - g_(1,q,
      e6,k2,e5,k2,e4,k3,e3,k1,e2,q,e1) + g_(1,q,e6,k2,e5,k2,e4,k3,e3,k1,e2,k1,
      e1) - g_(1,q,e6,k2,e5,k1,e4,q,e3,q,e2,q,e1) + g_(1,q,e6,k2,e5,k1,e4,q,e3
      ,q,e2,k1,e1) + g_(1,q,e6,k2,e5,k1,e4,q,e3,k2,e2,q,e1) - g_(1,q,e6,k2,e5,
      k1,e4,q,e3,k2,e2,k1,e1) + g_(1,q,e6,k2,e5,k1,e4,q,e3,k1,e2,q,e1) - g_(1,
      q,e6,k2,e5,k1,e4,q,e3,k1,e2,k1,e1) + g_(1,q,e6,k2,e5,k1,e4,k2,e3,q,e2,q,
      e1) - g_(1,q,e6,k2,e5,k1,e4,k2,e3,q,e2,k1,e1) - g_(1,q,e6,k2,e5,k1,e4,k2
      ,e3,k2,e2,q,e1) + g_(1,q,e6,k2,e5,k1,e4,k2,e3,k2,e2,k1,e1) - g_(1,q,e6,
      k2,e5,k1,e4,k2,e3,k1,e2,q,e1) + g_(1,q,e6,k2,e5,k1,e4,k2,e3,k1,e2,k1,e1)
       + g_(1,q,e6,k2,e5,k1,e4,k1,e3,q,e2,q,e1) - g_(1,q,e6,k2,e5,k1,e4,k1,e3,
      q,e2,k1,e1) - g_(1,q,e6,k2,e5,k1,e4,k1,e3,k2,e2,q,e1) + g_(1,q,e6,k2,e5,
      k1,e4,k1,e3,k2,e2,k1,e1) - g_(1,q,e6,k2,e5,k1,e4,k1,e3,k1,e2,q,e1) + g_(
      1,q,e6,k2,e5,k1,e4,k1,e3,k1,e2,k1,e1) + g_(1,q,e6,k2,e5,k1,e4,k3,e3,q,e2
      ,q,e1) - g_(1,q,e6,k2,e5,k1,e4,k3,e3,q,e2,k1,e1) - g_(1,q,e6,k2,e5,k1,e4
      ,k3,e3,k2,e2,q,e1) + g_(1,q,e6,k2,e5,k1,e4,k3,e3,k2,e2,k1,e1) - g_(1,q,
      e6,k2,e5,k1,e4,k3,e3,k1,e2,q,e1) + g_(1,q,e6,k2,e5,k1,e4,k3,e3,k1,e2,k1,
      e1) - g_(1,q,e6,k2,e5,k4,e4,q,e3,q,e2,q,e1) + g_(1,q,e6,k2,e5,k4,e4,q,e3
      ,q,e2,k1,e1) + g_(1,q,e6,k2,e5,k4,e4,q,e3,k2,e2,q,e1) - g_(1,q,e6,k2,e5,
      k4,e4,q,e3,k2,e2,k1,e1) + g_(1,q,e6,k2,e5,k4,e4,q,e3,k1,e2,q,e1) - g_(1,
      q,e6,k2,e5,k4,e4,q,e3,k1,e2,k1,e1) + g_(1,q,e6,k2,e5,k4,e4,k2,e3,q,e2,q,
      e1) - g_(1,q,e6,k2,e5,k4,e4,k2,e3,q,e2,k1,e1) - g_(1,q,e6,k2,e5,k4,e4,k2
      ,e3,k2,e2,q,e1) + g_(1,q,e6,k2,e5,k4,e4,k2,e3,k2,e2,k1,e1) - g_(1,q,e6,
      k2,e5,k4,e4,k2,e3,k1,e2,q,e1) + g_(1,q,e6,k2,e5,k4,e4,k2,e3,k1,e2,k1,e1)
       + g_(1,q,e6,k2,e5,k4,e4,k1,e3,q,e2,q,e1) - g_(1,q,e6,k2,e5,k4,e4,k1,e3,
      q,e2,k1,e1) - g_(1,q,e6,k2,e5,k4,e4,k1,e3,k2,e2,q,e1) + g_(1,q,e6,k2,e5,
      k4,e4,k1,e3,k2,e2,k1,e1) - g_(1,q,e6,k2,e5,k4,e4,k1,e3,k1,e2,q,e1) + g_(
      1,q,e6,k2,e5,k4,e4,k1,e3,k1,e2,k1,e1) + g_(1,q,e6,k2,e5,k4,e4,k3,e3,q,e2
      ,q,e1) - g_(1,q,e6,k2,e5,k4,e4,k3,e3,q,e2,k1,e1) - g_(1,q,e6,k2,e5,k4,e4
      ,k3,e3,k2,e2,q,e1) + g_(1,q,e6,k2,e5,k4,e4,k3,e3,k2,e2,k1,e1) - g_(1,q,
      e6,k2,e5,k4,e4,k3,e3,k1,e2,q,e1) + g_(1,q,e6,k2,e5,k4,e4,k3,e3,k1,e2,k1,
      e1) - g_(1,q,e6,k2,e5,k3,e4,q,e3,q,e2,q,e1) + g_(1,q,e6,k2,e5,k3,e4,q,e3
      ,q,e2,k1,e1) + g_(1,q,e6,k2,e5,k3,e4,q,e3,k2,e2,q,e1) - g_(1,q,e6,k2,e5,
      k3,e4,q,e3,k2,e2,k1,e1) + g_(1,q,e6,k2,e5,k3,e4,q,e3,k1,e2,q,e1) - g_(1,
      q,e6,k2,e5,k3,e4,q,e3,k1,e2,k1,e1) + g_(1,q,e6,k2,e5,k3,e4,k2,e3,q,e2,q,
      e1) - g_(1,q,e6,k2,e5,k3,e4,k2,e3,q,e2,k1,e1) - g_(1,q,e6,k2,e5,k3,e4,k2
      ,e3,k2,e2,q,e1) + g_(1,q,e6,k2,e5,k3,e4,k2,e3,k2,e2,k1,e1) - g_(1,q,e6,
      k2,e5,k3,e4,k2,e3,k1,e2,q,e1) + g_(1,q,e6,k2,e5,k3,e4,k2,e3,k1,e2,k1,e1)
       + g_(1,q,e6,k2,e5,k3,e4,k1,e3,q,e2,q,e1) - g_(1,q,e6,k2,e5,k3,e4,k1,e3,
      q,e2,k1,e1) - g_(1,q,e6,k2,e5,k3,e4,k1,e3,k2,e2,q,e1) + g_(1,q,e6,k2,e5,
      k3,e4,k1,e3,k2,e2,k1,e1) - g_(1,q,e6,k2,e5,k3,e4,k1,e3,k1,e2,q,e1) + g_(
      1,q,e6,k2,e5,k3,e4,k1,e3,k1,e2,k1,e1) + g_(1,q,e6,k2,e5,k3,e4,k3,e3,q,e2
      ,q,e1) - g_(1,q,e6,k2,e5,k3,e4,k3,e3,q,e2,k1,e1) - g_(1,q,e6,k2,e5,k3,e4
      ,k3,e3,k2,e2,q,e1) + g_(1,q,e6,k2,e5,k3,e4,k3,e3,k2,e2,k1,e1) - g_(1,q,
      e6,k2,e5,k3,e4,k3,e3,k1,e2,q,e1) + g_(1,q,e6,k2,e5,k3,e4,k3,e3,k1,e2,k1,
      e1) + g_(1,q,e6,k1,e5,q,e4,q,e3,q,e2,q,e1) - g_(1,q,e6,k1,e5,q,e4,q,e3,q
      ,e2,k1,e1) - g_(1,q,e6,k1,e5,q,e4,q,e3,k2,e2,q,e1) + g_(1,q,e6,k1,e5,q,
      e4,q,e3,k2,e2,k1,e1) - g_(1,q,e6,k1,e5,q,e4,q,e3,k1,e2,q,e1) + g_(1,q,e6
      ,k1,e5,q,e4,q,e3,k1,e2,k1,e1) - g_(1,q,e6,k1,e5,q,e4,k2,e3,q,e2,q,e1) + 
      g_(1,q,e6,k1,e5,q,e4,k2,e3,q,e2,k1,e1) + g_(1,q,e6,k1,e5,q,e4,k2,e3,k2,
      e2,q,e1) - g_(1,q,e6,k1,e5,q,e4,k2,e3,k2,e2,k1,e1) + g_(1,q,e6,k1,e5,q,
      e4,k2,e3,k1,e2,q,e1) - g_(1,q,e6,k1,e5,q,e4,k2,e3,k1,e2,k1,e1) - g_(1,q,
      e6,k1,e5,q,e4,k1,e3,q,e2,q,e1) + g_(1,q,e6,k1,e5,q,e4,k1,e3,q,e2,k1,e1)
       + g_(1,q,e6,k1,e5,q,e4,k1,e3,k2,e2,q,e1) - g_(1,q,e6,k1,e5,q,e4,k1,e3,
      k2,e2,k1,e1) + g_(1,q,e6,k1,e5,q,e4,k1,e3,k1,e2,q,e1) - g_(1,q,e6,k1,e5,
      q,e4,k1,e3,k1,e2,k1,e1) - g_(1,q,e6,k1,e5,q,e4,k3,e3,q,e2,q,e1) + g_(1,q
      ,e6,k1,e5,q,e4,k3,e3,q,e2,k1,e1) + g_(1,q,e6,k1,e5,q,e4,k3,e3,k2,e2,q,e1
      ) - g_(1,q,e6,k1,e5,q,e4,k3,e3,k2,e2,k1,e1) + g_(1,q,e6,k1,e5,q,e4,k3,e3
      ,k1,e2,q,e1) - g_(1,q,e6,k1,e5,q,e4,k3,e3,k1,e2,k1,e1) - g_(1,q,e6,k1,e5
      ,k2,e4,q,e3,q,e2,q,e1) + g_(1,q,e6,k1,e5,k2,e4,q,e3,q,e2,k1,e1) + g_(1,q
      ,e6,k1,e5,k2,e4,q,e3,k2,e2,q,e1) - g_(1,q,e6,k1,e5,k2,e4,q,e3,k2,e2,k1,
      e1) + g_(1,q,e6,k1,e5,k2,e4,q,e3,k1,e2,q,e1) - g_(1,q,e6,k1,e5,k2,e4,q,
      e3,k1,e2,k1,e1) + g_(1,q,e6,k1,e5,k2,e4,k2,e3,q,e2,q,e1) - g_(1,q,e6,k1,
      e5,k2,e4,k2,e3,q,e2,k1,e1) - g_(1,q,e6,k1,e5,k2,e4,k2,e3,k2,e2,q,e1) + 
      g_(1,q,e6,k1,e5,k2,e4,k2,e3,k2,e2,k1,e1) - g_(1,q,e6,k1,e5,k2,e4,k2,e3,
      k1,e2,q,e1) + g_(1,q,e6,k1,e5,k2,e4,k2,e3,k1,e2,k1,e1) + g_(1,q,e6,k1,e5
      ,k2,e4,k1,e3,q,e2,q,e1) - g_(1,q,e6,k1,e5,k2,e4,k1,e3,q,e2,k1,e1) - g_(1
      ,q,e6,k1,e5,k2,e4,k1,e3,k2,e2,q,e1) + g_(1,q,e6,k1,e5,k2,e4,k1,e3,k2,e2,
      k1,e1) - g_(1,q,e6,k1,e5,k2,e4,k1,e3,k1,e2,q,e1) + g_(1,q,e6,k1,e5,k2,e4
      ,k1,e3,k1,e2,k1,e1) + g_(1,q,e6,k1,e5,k2,e4,k3,e3,q,e2,q,e1) - g_(1,q,e6
      ,k1,e5,k2,e4,k3,e3,q,e2,k1,e1) - g_(1,q,e6,k1,e5,k2,e4,k3,e3,k2,e2,q,e1)
       + g_(1,q,e6,k1,e5,k2,e4,k3,e3,k2,e2,k1,e1) - g_(1,q,e6,k1,e5,k2,e4,k3,
      e3,k1,e2,q,e1) + g_(1,q,e6,k1,e5,k2,e4,k3,e3,k1,e2,k1,e1) - g_(1,q,e6,k1
      ,e5,k1,e4,q,e3,q,e2,q,e1) + g_(1,q,e6,k1,e5,k1,e4,q,e3,q,e2,k1,e1) + g_(
      1,q,e6,k1,e5,k1,e4,q,e3,k2,e2,q,e1) - g_(1,q,e6,k1,e5,k1,e4,q,e3,k2,e2,
      k1,e1) + g_(1,q,e6,k1,e5,k1,e4,q,e3,k1,e2,q,e1) - g_(1,q,e6,k1,e5,k1,e4,
      q,e3,k1,e2,k1,e1) + g_(1,q,e6,k1,e5,k1,e4,k2,e3,q,e2,q,e1) - g_(1,q,e6,
      k1,e5,k1,e4,k2,e3,q,e2,k1,e1) - g_(1,q,e6,k1,e5,k1,e4,k2,e3,k2,e2,q,e1)
       + g_(1,q,e6,k1,e5,k1,e4,k2,e3,k2,e2,k1,e1) - g_(1,q,e6,k1,e5,k1,e4,k2,
      e3,k1,e2,q,e1) + g_(1,q,e6,k1,e5,k1,e4,k2,e3,k1,e2,k1,e1) + g_(1,q,e6,k1
      ,e5,k1,e4,k1,e3,q,e2,q,e1) - g_(1,q,e6,k1,e5,k1,e4,k1,e3,q,e2,k1,e1) - 
      g_(1,q,e6,k1,e5,k1,e4,k1,e3,k2,e2,q,e1) + g_(1,q,e6,k1,e5,k1,e4,k1,e3,k2
      ,e2,k1,e1) - g_(1,q,e6,k1,e5,k1,e4,k1,e3,k1,e2,q,e1) + g_(1,q,e6,k1,e5,
      k1,e4,k1,e3,k1,e2,k1,e1) + g_(1,q,e6,k1,e5,k1,e4,k3,e3,q,e2,q,e1) - g_(1
      ,q,e6,k1,e5,k1,e4,k3,e3,q,e2,k1,e1) - g_(1,q,e6,k1,e5,k1,e4,k3,e3,k2,e2,
      q,e1) + g_(1,q,e6,k1,e5,k1,e4,k3,e3,k2,e2,k1,e1) - g_(1,q,e6,k1,e5,k1,e4
      ,k3,e3,k1,e2,q,e1) + g_(1,q,e6,k1,e5,k1,e4,k3,e3,k1,e2,k1,e1) - g_(1,q,
      e6,k1,e5,k4,e4,q,e3,q,e2,q,e1) + g_(1,q,e6,k1,e5,k4,e4,q,e3,q,e2,k1,e1)
       + g_(1,q,e6,k1,e5,k4,e4,q,e3,k2,e2,q,e1) - g_(1,q,e6,k1,e5,k4,e4,q,e3,
      k2,e2,k1,e1) + g_(1,q,e6,k1,e5,k4,e4,q,e3,k1,e2,q,e1) - g_(1,q,e6,k1,e5,
      k4,e4,q,e3,k1,e2,k1,e1) + g_(1,q,e6,k1,e5,k4,e4,k2,e3,q,e2,q,e1) - g_(1,
      q,e6,k1,e5,k4,e4,k2,e3,q,e2,k1,e1) - g_(1,q,e6,k1,e5,k4,e4,k2,e3,k2,e2,q
      ,e1) + g_(1,q,e6,k1,e5,k4,e4,k2,e3,k2,e2,k1,e1) - g_(1,q,e6,k1,e5,k4,e4,
      k2,e3,k1,e2,q,e1) + g_(1,q,e6,k1,e5,k4,e4,k2,e3,k1,e2,k1,e1) + g_(1,q,e6
      ,k1,e5,k4,e4,k1,e3,q,e2,q,e1) - g_(1,q,e6,k1,e5,k4,e4,k1,e3,q,e2,k1,e1)
       - g_(1,q,e6,k1,e5,k4,e4,k1,e3,k2,e2,q,e1) + g_(1,q,e6,k1,e5,k4,e4,k1,e3
      ,k2,e2,k1,e1) - g_(1,q,e6,k1,e5,k4,e4,k1,e3,k1,e2,q,e1) + g_(1,q,e6,k1,
      e5,k4,e4,k1,e3,k1,e2,k1,e1) + g_(1,q,e6,k1,e5,k4,e4,k3,e3,q,e2,q,e1) - 
      g_(1,q,e6,k1,e5,k4,e4,k3,e3,q,e2,k1,e1) - g_(1,q,e6,k1,e5,k4,e4,k3,e3,k2
      ,e2,q,e1) + g_(1,q,e6,k1,e5,k4,e4,k3,e3,k2,e2,k1,e1) - g_(1,q,e6,k1,e5,
      k4,e4,k3,e3,k1,e2,q,e1) + g_(1,q,e6,k1,e5,k4,e4,k3,e3,k1,e2,k1,e1) - g_(
      1,q,e6,k1,e5,k3,e4,q,e3,q,e2,q,e1) + g_(1,q,e6,k1,e5,k3,e4,q,e3,q,e2,k1,
      e1) + g_(1,q,e6,k1,e5,k3,e4,q,e3,k2,e2,q,e1) - g_(1,q,e6,k1,e5,k3,e4,q,
      e3,k2,e2,k1,e1) + g_(1,q,e6,k1,e5,k3,e4,q,e3,k1,e2,q,e1) - g_(1,q,e6,k1,
      e5,k3,e4,q,e3,k1,e2,k1,e1) + g_(1,q,e6,k1,e5,k3,e4,k2,e3,q,e2,q,e1) - 
      g_(1,q,e6,k1,e5,k3,e4,k2,e3,q,e2,k1,e1) - g_(1,q,e6,k1,e5,k3,e4,k2,e3,k2
      ,e2,q,e1) + g_(1,q,e6,k1,e5,k3,e4,k2,e3,k2,e2,k1,e1) - g_(1,q,e6,k1,e5,
      k3,e4,k2,e3,k1,e2,q,e1) + g_(1,q,e6,k1,e5,k3,e4,k2,e3,k1,e2,k1,e1) + g_(
      1,q,e6,k1,e5,k3,e4,k1,e3,q,e2,q,e1) - g_(1,q,e6,k1,e5,k3,e4,k1,e3,q,e2,
      k1,e1) - g_(1,q,e6,k1,e5,k3,e4,k1,e3,k2,e2,q,e1) + g_(1,q,e6,k1,e5,k3,e4
      ,k1,e3,k2,e2,k1,e1) - g_(1,q,e6,k1,e5,k3,e4,k1,e3,k1,e2,q,e1) + g_(1,q,
      e6,k1,e5,k3,e4,k1,e3,k1,e2,k1,e1) + g_(1,q,e6,k1,e5,k3,e4,k3,e3,q,e2,q,
      e1) - g_(1,q,e6,k1,e5,k3,e4,k3,e3,q,e2,k1,e1) - g_(1,q,e6,k1,e5,k3,e4,k3
      ,e3,k2,e2,q,e1) + g_(1,q,e6,k1,e5,k3,e4,k3,e3,k2,e2,k1,e1) - g_(1,q,e6,
      k1,e5,k3,e4,k3,e3,k1,e2,q,e1) + g_(1,q,e6,k1,e5,k3,e4,k3,e3,k1,e2,k1,e1)
       + g_(1,q,e6,k4,e5,q,e4,q,e3,q,e2,q,e1) - g_(1,q,e6,k4,e5,q,e4,q,e3,q,e2
      ,k1,e1) - g_(1,q,e6,k4,e5,q,e4,q,e3,k2,e2,q,e1) + g_(1,q,e6,k4,e5,q,e4,q
      ,e3,k2,e2,k1,e1) - g_(1,q,e6,k4,e5,q,e4,q,e3,k1,e2,q,e1) + g_(1,q,e6,k4,
      e5,q,e4,q,e3,k1,e2,k1,e1) - g_(1,q,e6,k4,e5,q,e4,k2,e3,q,e2,q,e1) + g_(1
      ,q,e6,k4,e5,q,e4,k2,e3,q,e2,k1,e1) + g_(1,q,e6,k4,e5,q,e4,k2,e3,k2,e2,q,
      e1) - g_(1,q,e6,k4,e5,q,e4,k2,e3,k2,e2,k1,e1) + g_(1,q,e6,k4,e5,q,e4,k2,
      e3,k1,e2,q,e1) - g_(1,q,e6,k4,e5,q,e4,k2,e3,k1,e2,k1,e1) - g_(1,q,e6,k4,
      e5,q,e4,k1,e3,q,e2,q,e1) + g_(1,q,e6,k4,e5,q,e4,k1,e3,q,e2,k1,e1) + g_(1
      ,q,e6,k4,e5,q,e4,k1,e3,k2,e2,q,e1) - g_(1,q,e6,k4,e5,q,e4,k1,e3,k2,e2,k1
      ,e1) + g_(1,q,e6,k4,e5,q,e4,k1,e3,k1,e2,q,e1) - g_(1,q,e6,k4,e5,q,e4,k1,
      e3,k1,e2,k1,e1) - g_(1,q,e6,k4,e5,q,e4,k3,e3,q,e2,q,e1) + g_(1,q,e6,k4,
      e5,q,e4,k3,e3,q,e2,k1,e1) + g_(1,q,e6,k4,e5,q,e4,k3,e3,k2,e2,q,e1) - g_(
      1,q,e6,k4,e5,q,e4,k3,e3,k2,e2,k1,e1) + g_(1,q,e6,k4,e5,q,e4,k3,e3,k1,e2,
      q,e1) - g_(1,q,e6,k4,e5,q,e4,k3,e3,k1,e2,k1,e1) - g_(1,q,e6,k4,e5,k2,e4,
      q,e3,q,e2,q,e1) + g_(1,q,e6,k4,e5,k2,e4,q,e3,q,e2,k1,e1) + g_(1,q,e6,k4,
      e5,k2,e4,q,e3,k2,e2,q,e1) - g_(1,q,e6,k4,e5,k2,e4,q,e3,k2,e2,k1,e1) + 
      g_(1,q,e6,k4,e5,k2,e4,q,e3,k1,e2,q,e1) - g_(1,q,e6,k4,e5,k2,e4,q,e3,k1,
      e2,k1,e1) + g_(1,q,e6,k4,e5,k2,e4,k2,e3,q,e2,q,e1) - g_(1,q,e6,k4,e5,k2,
      e4,k2,e3,q,e2,k1,e1) - g_(1,q,e6,k4,e5,k2,e4,k2,e3,k2,e2,q,e1) + g_(1,q,
      e6,k4,e5,k2,e4,k2,e3,k2,e2,k1,e1) - g_(1,q,e6,k4,e5,k2,e4,k2,e3,k1,e2,q,
      e1) + g_(1,q,e6,k4,e5,k2,e4,k2,e3,k1,e2,k1,e1) + g_(1,q,e6,k4,e5,k2,e4,
      k1,e3,q,e2,q,e1) - g_(1,q,e6,k4,e5,k2,e4,k1,e3,q,e2,k1,e1) - g_(1,q,e6,
      k4,e5,k2,e4,k1,e3,k2,e2,q,e1) + g_(1,q,e6,k4,e5,k2,e4,k1,e3,k2,e2,k1,e1)
       - g_(1,q,e6,k4,e5,k2,e4,k1,e3,k1,e2,q,e1) + g_(1,q,e6,k4,e5,k2,e4,k1,e3
      ,k1,e2,k1,e1) + g_(1,q,e6,k4,e5,k2,e4,k3,e3,q,e2,q,e1) - g_(1,q,e6,k4,e5
      ,k2,e4,k3,e3,q,e2,k1,e1) - g_(1,q,e6,k4,e5,k2,e4,k3,e3,k2,e2,q,e1) + g_(
      1,q,e6,k4,e5,k2,e4,k3,e3,k2,e2,k1,e1) - g_(1,q,e6,k4,e5,k2,e4,k3,e3,k1,
      e2,q,e1) + g_(1,q,e6,k4,e5,k2,e4,k3,e3,k1,e2,k1,e1) - g_(1,q,e6,k4,e5,k1
      ,e4,q,e3,q,e2,q,e1) + g_(1,q,e6,k4,e5,k1,e4,q,e3,q,e2,k1,e1) + g_(1,q,e6
      ,k4,e5,k1,e4,q,e3,k2,e2,q,e1) - g_(1,q,e6,k4,e5,k1,e4,q,e3,k2,e2,k1,e1)
       + g_(1,q,e6,k4,e5,k1,e4,q,e3,k1,e2,q,e1) - g_(1,q,e6,k4,e5,k1,e4,q,e3,
      k1,e2,k1,e1) + g_(1,q,e6,k4,e5,k1,e4,k2,e3,q,e2,q,e1) - g_(1,q,e6,k4,e5,
      k1,e4,k2,e3,q,e2,k1,e1) - g_(1,q,e6,k4,e5,k1,e4,k2,e3,k2,e2,q,e1) + g_(1
      ,q,e6,k4,e5,k1,e4,k2,e3,k2,e2,k1,e1) - g_(1,q,e6,k4,e5,k1,e4,k2,e3,k1,e2
      ,q,e1) + g_(1,q,e6,k4,e5,k1,e4,k2,e3,k1,e2,k1,e1) + g_(1,q,e6,k4,e5,k1,
      e4,k1,e3,q,e2,q,e1) - g_(1,q,e6,k4,e5,k1,e4,k1,e3,q,e2,k1,e1) - g_(1,q,
      e6,k4,e5,k1,e4,k1,e3,k2,e2,q,e1) + g_(1,q,e6,k4,e5,k1,e4,k1,e3,k2,e2,k1,
      e1) - g_(1,q,e6,k4,e5,k1,e4,k1,e3,k1,e2,q,e1) + g_(1,q,e6,k4,e5,k1,e4,k1
      ,e3,k1,e2,k1,e1) + g_(1,q,e6,k4,e5,k1,e4,k3,e3,q,e2,q,e1) - g_(1,q,e6,k4
      ,e5,k1,e4,k3,e3,q,e2,k1,e1) - g_(1,q,e6,k4,e5,k1,e4,k3,e3,k2,e2,q,e1) + 
      g_(1,q,e6,k4,e5,k1,e4,k3,e3,k2,e2,k1,e1) - g_(1,q,e6,k4,e5,k1,e4,k3,e3,
      k1,e2,q,e1) + g_(1,q,e6,k4,e5,k1,e4,k3,e3,k1,e2,k1,e1) - g_(1,q,e6,k4,e5
      ,k4,e4,q,e3,q,e2,q,e1) + g_(1,q,e6,k4,e5,k4,e4,q,e3,q,e2,k1,e1) + g_(1,q
      ,e6,k4,e5,k4,e4,q,e3,k2,e2,q,e1) - g_(1,q,e6,k4,e5,k4,e4,q,e3,k2,e2,k1,
      e1) + g_(1,q,e6,k4,e5,k4,e4,q,e3,k1,e2,q,e1) - g_(1,q,e6,k4,e5,k4,e4,q,
      e3,k1,e2,k1,e1) + g_(1,q,e6,k4,e5,k4,e4,k2,e3,q,e2,q,e1) - g_(1,q,e6,k4,
      e5,k4,e4,k2,e3,q,e2,k1,e1) - g_(1,q,e6,k4,e5,k4,e4,k2,e3,k2,e2,q,e1) + 
      g_(1,q,e6,k4,e5,k4,e4,k2,e3,k2,e2,k1,e1) - g_(1,q,e6,k4,e5,k4,e4,k2,e3,
      k1,e2,q,e1) + g_(1,q,e6,k4,e5,k4,e4,k2,e3,k1,e2,k1,e1) + g_(1,q,e6,k4,e5
      ,k4,e4,k1,e3,q,e2,q,e1) - g_(1,q,e6,k4,e5,k4,e4,k1,e3,q,e2,k1,e1) - g_(1
      ,q,e6,k4,e5,k4,e4,k1,e3,k2,e2,q,e1) + g_(1,q,e6,k4,e5,k4,e4,k1,e3,k2,e2,
      k1,e1) - g_(1,q,e6,k4,e5,k4,e4,k1,e3,k1,e2,q,e1) + g_(1,q,e6,k4,e5,k4,e4
      ,k1,e3,k1,e2,k1,e1) + g_(1,q,e6,k4,e5,k4,e4,k3,e3,q,e2,q,e1) - g_(1,q,e6
      ,k4,e5,k4,e4,k3,e3,q,e2,k1,e1) - g_(1,q,e6,k4,e5,k4,e4,k3,e3,k2,e2,q,e1)
       + g_(1,q,e6,k4,e5,k4,e4,k3,e3,k2,e2,k1,e1) - g_(1,q,e6,k4,e5,k4,e4,k3,
      e3,k1,e2,q,e1) + g_(1,q,e6,k4,e5,k4,e4,k3,e3,k1,e2,k1,e1) - g_(1,q,e6,k4
      ,e5,k3,e4,q,e3,q,e2,q,e1) + g_(1,q,e6,k4,e5,k3,e4,q,e3,q,e2,k1,e1) + g_(
      1,q,e6,k4,e5,k3,e4,q,e3,k2,e2,q,e1) - g_(1,q,e6,k4,e5,k3,e4,q,e3,k2,e2,
      k1,e1) + g_(1,q,e6,k4,e5,k3,e4,q,e3,k1,e2,q,e1) - g_(1,q,e6,k4,e5,k3,e4,
      q,e3,k1,e2,k1,e1) + g_(1,q,e6,k4,e5,k3,e4,k2,e3,q,e2,q,e1) - g_(1,q,e6,
      k4,e5,k3,e4,k2,e3,q,e2,k1,e1) - g_(1,q,e6,k4,e5,k3,e4,k2,e3,k2,e2,q,e1)
       + g_(1,q,e6,k4,e5,k3,e4,k2,e3,k2,e2,k1,e1) - g_(1,q,e6,k4,e5,k3,e4,k2,
      e3,k1,e2,q,e1) + g_(1,q,e6,k4,e5,k3,e4,k2,e3,k1,e2,k1,e1) + g_(1,q,e6,k4
      ,e5,k3,e4,k1,e3,q,e2,q,e1) - g_(1,q,e6,k4,e5,k3,e4,k1,e3,q,e2,k1,e1) - 
      g_(1,q,e6,k4,e5,k3,e4,k1,e3,k2,e2,q,e1) + g_(1,q,e6,k4,e5,k3,e4,k1,e3,k2
      ,e2,k1,e1) - g_(1,q,e6,k4,e5,k3,e4,k1,e3,k1,e2,q,e1) + g_(1,q,e6,k4,e5,
      k3,e4,k1,e3,k1,e2,k1,e1) + g_(1,q,e6,k4,e5,k3,e4,k3,e3,q,e2,q,e1) - g_(1
      ,q,e6,k4,e5,k3,e4,k3,e3,q,e2,k1,e1) - g_(1,q,e6,k4,e5,k3,e4,k3,e3,k2,e2,
      q,e1) + g_(1,q,e6,k4,e5,k3,e4,k3,e3,k2,e2,k1,e1) - g_(1,q,e6,k4,e5,k3,e4
      ,k3,e3,k1,e2,q,e1) + g_(1,q,e6,k4,e5,k3,e4,k3,e3,k1,e2,k1,e1) + g_(1,q,
      e6,k3,e5,q,e4,q,e3,q,e2,q,e1) - g_(1,q,e6,k3,e5,q,e4,q,e3,q,e2,k1,e1) - 
      g_(1,q,e6,k3,e5,q,e4,q,e3,k2,e2,q,e1) + g_(1,q,e6,k3,e5,q,e4,q,e3,k2,e2,
      k1,e1) - g_(1,q,e6,k3,e5,q,e4,q,e3,k1,e2,q,e1) + g_(1,q,e6,k3,e5,q,e4,q,
      e3,k1,e2,k1,e1) - g_(1,q,e6,k3,e5,q,e4,k2,e3,q,e2,q,e1) + g_(1,q,e6,k3,
      e5,q,e4,k2,e3,q,e2,k1,e1) + g_(1,q,e6,k3,e5,q,e4,k2,e3,k2,e2,q,e1) - g_(
      1,q,e6,k3,e5,q,e4,k2,e3,k2,e2,k1,e1) + g_(1,q,e6,k3,e5,q,e4,k2,e3,k1,e2,
      q,e1) - g_(1,q,e6,k3,e5,q,e4,k2,e3,k1,e2,k1,e1) - g_(1,q,e6,k3,e5,q,e4,
      k1,e3,q,e2,q,e1) + g_(1,q,e6,k3,e5,q,e4,k1,e3,q,e2,k1,e1) + g_(1,q,e6,k3
      ,e5,q,e4,k1,e3,k2,e2,q,e1) - g_(1,q,e6,k3,e5,q,e4,k1,e3,k2,e2,k1,e1) + 
      g_(1,q,e6,k3,e5,q,e4,k1,e3,k1,e2,q,e1) - g_(1,q,e6,k3,e5,q,e4,k1,e3,k1,
      e2,k1,e1) - g_(1,q,e6,k3,e5,q,e4,k3,e3,q,e2,q,e1) + g_(1,q,e6,k3,e5,q,e4
      ,k3,e3,q,e2,k1,e1) + g_(1,q,e6,k3,e5,q,e4,k3,e3,k2,e2,q,e1) - g_(1,q,e6,
      k3,e5,q,e4,k3,e3,k2,e2,k1,e1) + g_(1,q,e6,k3,e5,q,e4,k3,e3,k1,e2,q,e1)
       - g_(1,q,e6,k3,e5,q,e4,k3,e3,k1,e2,k1,e1) - g_(1,q,e6,k3,e5,k2,e4,q,e3,
      q,e2,q,e1) + g_(1,q,e6,k3,e5,k2,e4,q,e3,q,e2,k1,e1) + g_(1,q,e6,k3,e5,k2
      ,e4,q,e3,k2,e2,q,e1) - g_(1,q,e6,k3,e5,k2,e4,q,e3,k2,e2,k1,e1) + g_(1,q,
      e6,k3,e5,k2,e4,q,e3,k1,e2,q,e1) - g_(1,q,e6,k3,e5,k2,e4,q,e3,k1,e2,k1,e1
      ) + g_(1,q,e6,k3,e5,k2,e4,k2,e3,q,e2,q,e1) - g_(1,q,e6,k3,e5,k2,e4,k2,e3
      ,q,e2,k1,e1) - g_(1,q,e6,k3,e5,k2,e4,k2,e3,k2,e2,q,e1) + g_(1,q,e6,k3,e5
      ,k2,e4,k2,e3,k2,e2,k1,e1) - g_(1,q,e6,k3,e5,k2,e4,k2,e3,k1,e2,q,e1) + 
      g_(1,q,e6,k3,e5,k2,e4,k2,e3,k1,e2,k1,e1) + g_(1,q,e6,k3,e5,k2,e4,k1,e3,q
      ,e2,q,e1) - g_(1,q,e6,k3,e5,k2,e4,k1,e3,q,e2,k1,e1) - g_(1,q,e6,k3,e5,k2
      ,e4,k1,e3,k2,e2,q,e1) + g_(1,q,e6,k3,e5,k2,e4,k1,e3,k2,e2,k1,e1) - g_(1,
      q,e6,k3,e5,k2,e4,k1,e3,k1,e2,q,e1) + g_(1,q,e6,k3,e5,k2,e4,k1,e3,k1,e2,
      k1,e1) + g_(1,q,e6,k3,e5,k2,e4,k3,e3,q,e2,q,e1) - g_(1,q,e6,k3,e5,k2,e4,
      k3,e3,q,e2,k1,e1) - g_(1,q,e6,k3,e5,k2,e4,k3,e3,k2,e2,q,e1) + g_(1,q,e6,
      k3,e5,k2,e4,k3,e3,k2,e2,k1,e1) - g_(1,q,e6,k3,e5,k2,e4,k3,e3,k1,e2,q,e1)
       + g_(1,q,e6,k3,e5,k2,e4,k3,e3,k1,e2,k1,e1) - g_(1,q,e6,k3,e5,k1,e4,q,e3
      ,q,e2,q,e1) + g_(1,q,e6,k3,e5,k1,e4,q,e3,q,e2,k1,e1) + g_(1,q,e6,k3,e5,
      k1,e4,q,e3,k2,e2,q,e1) - g_(1,q,e6,k3,e5,k1,e4,q,e3,k2,e2,k1,e1) + g_(1,
      q,e6,k3,e5,k1,e4,q,e3,k1,e2,q,e1) - g_(1,q,e6,k3,e5,k1,e4,q,e3,k1,e2,k1,
      e1) + g_(1,q,e6,k3,e5,k1,e4,k2,e3,q,e2,q,e1) - g_(1,q,e6,k3,e5,k1,e4,k2,
      e3,q,e2,k1,e1) - g_(1,q,e6,k3,e5,k1,e4,k2,e3,k2,e2,q,e1) + g_(1,q,e6,k3,
      e5,k1,e4,k2,e3,k2,e2,k1,e1) - g_(1,q,e6,k3,e5,k1,e4,k2,e3,k1,e2,q,e1) + 
      g_(1,q,e6,k3,e5,k1,e4,k2,e3,k1,e2,k1,e1) + g_(1,q,e6,k3,e5,k1,e4,k1,e3,q
      ,e2,q,e1) - g_(1,q,e6,k3,e5,k1,e4,k1,e3,q,e2,k1,e1) - g_(1,q,e6,k3,e5,k1
      ,e4,k1,e3,k2,e2,q,e1) + g_(1,q,e6,k3,e5,k1,e4,k1,e3,k2,e2,k1,e1) - g_(1,
      q,e6,k3,e5,k1,e4,k1,e3,k1,e2,q,e1) + g_(1,q,e6,k3,e5,k1,e4,k1,e3,k1,e2,
      k1,e1) + g_(1,q,e6,k3,e5,k1,e4,k3,e3,q,e2,q,e1) - g_(1,q,e6,k3,e5,k1,e4,
      k3,e3,q,e2,k1,e1) - g_(1,q,e6,k3,e5,k1,e4,k3,e3,k2,e2,q,e1) + g_(1,q,e6,
      k3,e5,k1,e4,k3,e3,k2,e2,k1,e1) - g_(1,q,e6,k3,e5,k1,e4,k3,e3,k1,e2,q,e1)
       + g_(1,q,e6,k3,e5,k1,e4,k3,e3,k1,e2,k1,e1) - g_(1,q,e6,k3,e5,k4,e4,q,e3
      ,q,e2,q,e1) + g_(1,q,e6,k3,e5,k4,e4,q,e3,q,e2,k1,e1) + g_(1,q,e6,k3,e5,
      k4,e4,q,e3,k2,e2,q,e1) - g_(1,q,e6,k3,e5,k4,e4,q,e3,k2,e2,k1,e1) + g_(1,
      q,e6,k3,e5,k4,e4,q,e3,k1,e2,q,e1) - g_(1,q,e6,k3,e5,k4,e4,q,e3,k1,e2,k1,
      e1) + g_(1,q,e6,k3,e5,k4,e4,k2,e3,q,e2,q,e1) - g_(1,q,e6,k3,e5,k4,e4,k2,
      e3,q,e2,k1,e1) - g_(1,q,e6,k3,e5,k4,e4,k2,e3,k2,e2,q,e1) + g_(1,q,e6,k3,
      e5,k4,e4,k2,e3,k2,e2,k1,e1) - g_(1,q,e6,k3,e5,k4,e4,k2,e3,k1,e2,q,e1) + 
      g_(1,q,e6,k3,e5,k4,e4,k2,e3,k1,e2,k1,e1) + g_(1,q,e6,k3,e5,k4,e4,k1,e3,q
      ,e2,q,e1) - g_(1,q,e6,k3,e5,k4,e4,k1,e3,q,e2,k1,e1) - g_(1,q,e6,k3,e5,k4
      ,e4,k1,e3,k2,e2,q,e1) + g_(1,q,e6,k3,e5,k4,e4,k1,e3,k2,e2,k1,e1) - g_(1,
      q,e6,k3,e5,k4,e4,k1,e3,k1,e2,q,e1) + g_(1,q,e6,k3,e5,k4,e4,k1,e3,k1,e2,
      k1,e1) + g_(1,q,e6,k3,e5,k4,e4,k3,e3,q,e2,q,e1) - g_(1,q,e6,k3,e5,k4,e4,
      k3,e3,q,e2,k1,e1) - g_(1,q,e6,k3,e5,k4,e4,k3,e3,k2,e2,q,e1) + g_(1,q,e6,
      k3,e5,k4,e4,k3,e3,k2,e2,k1,e1) - g_(1,q,e6,k3,e5,k4,e4,k3,e3,k1,e2,q,e1)
       + g_(1,q,e6,k3,e5,k4,e4,k3,e3,k1,e2,k1,e1) - g_(1,q,e6,k3,e5,k3,e4,q,e3
      ,q,e2,q,e1) + g_(1,q,e6,k3,e5,k3,e4,q,e3,q,e2,k1,e1) + g_(1,q,e6,k3,e5,
      k3,e4,q,e3,k2,e2,q,e1) - g_(1,q,e6,k3,e5,k3,e4,q,e3,k2,e2,k1,e1) + g_(1,
      q,e6,k3,e5,k3,e4,q,e3,k1,e2,q,e1) - g_(1,q,e6,k3,e5,k3,e4,q,e3,k1,e2,k1,
      e1) + g_(1,q,e6,k3,e5,k3,e4,k2,e3,q,e2,q,e1) - g_(1,q,e6,k3,e5,k3,e4,k2,
      e3,q,e2,k1,e1) - g_(1,q,e6,k3,e5,k3,e4,k2,e3,k2,e2,q,e1) + g_(1,q,e6,k3,
      e5,k3,e4,k2,e3,k2,e2,k1,e1) - g_(1,q,e6,k3,e5,k3,e4,k2,e3,k1,e2,q,e1) + 
      g_(1,q,e6,k3,e5,k3,e4,k2,e3,k1,e2,k1,e1) + g_(1,q,e6,k3,e5,k3,e4,k1,e3,q
      ,e2,q,e1) - g_(1,q,e6,k3,e5,k3,e4,k1,e3,q,e2,k1,e1) - g_(1,q,e6,k3,e5,k3
      ,e4,k1,e3,k2,e2,q,e1) + g_(1,q,e6,k3,e5,k3,e4,k1,e3,k2,e2,k1,e1) - g_(1,
      q,e6,k3,e5,k3,e4,k1,e3,k1,e2,q,e1) + g_(1,q,e6,k3,e5,k3,e4,k1,e3,k1,e2,
      k1,e1) + g_(1,q,e6,k3,e5,k3,e4,k3,e3,q,e2,q,e1) - g_(1,q,e6,k3,e5,k3,e4,
      k3,e3,q,e2,k1,e1) - g_(1,q,e6,k3,e5,k3,e4,k3,e3,k2,e2,q,e1) + g_(1,q,e6,
      k3,e5,k3,e4,k3,e3,k2,e2,k1,e1) - g_(1,q,e6,k3,e5,k3,e4,k3,e3,k1,e2,q,e1)
       + g_(1,q,e6,k3,e5,k3,e4,k3,e3,k1,e2,k1,e1) + g_(1,q,e6,k5,e5,q,e4,q,e3,
      q,e2,q,e1) - g_(1,q,e6,k5,e5,q,e4,q,e3,q,e2,k1,e1) - g_(1,q,e6,k5,e5,q,
      e4,q,e3,k2,e2,q,e1) + g_(1,q,e6,k5,e5,q,e4,q,e3,k2,e2,k1,e1) - g_(1,q,e6
      ,k5,e5,q,e4,q,e3,k1,e2,q,e1) + g_(1,q,e6,k5,e5,q,e4,q,e3,k1,e2,k1,e1) - 
      g_(1,q,e6,k5,e5,q,e4,k2,e3,q,e2,q,e1) + g_(1,q,e6,k5,e5,q,e4,k2,e3,q,e2,
      k1,e1) + g_(1,q,e6,k5,e5,q,e4,k2,e3,k2,e2,q,e1) - g_(1,q,e6,k5,e5,q,e4,
      k2,e3,k2,e2,k1,e1) + g_(1,q,e6,k5,e5,q,e4,k2,e3,k1,e2,q,e1) - g_(1,q,e6,
      k5,e5,q,e4,k2,e3,k1,e2,k1,e1) - g_(1,q,e6,k5,e5,q,e4,k1,e3,q,e2,q,e1) + 
      g_(1,q,e6,k5,e5,q,e4,k1,e3,q,e2,k1,e1) + g_(1,q,e6,k5,e5,q,e4,k1,e3,k2,
      e2,q,e1) - g_(1,q,e6,k5,e5,q,e4,k1,e3,k2,e2,k1,e1) + g_(1,q,e6,k5,e5,q,
      e4,k1,e3,k1,e2,q,e1) - g_(1,q,e6,k5,e5,q,e4,k1,e3,k1,e2,k1,e1) - g_(1,q,
      e6,k5,e5,q,e4,k3,e3,q,e2,q,e1) + g_(1,q,e6,k5,e5,q,e4,k3,e3,q,e2,k1,e1)
       + g_(1,q,e6,k5,e5,q,e4,k3,e3,k2,e2,q,e1) - g_(1,q,e6,k5,e5,q,e4,k3,e3,
      k2,e2,k1,e1) + g_(1,q,e6,k5,e5,q,e4,k3,e3,k1,e2,q,e1) - g_(1,q,e6,k5,e5,
      q,e4,k3,e3,k1,e2,k1,e1) - g_(1,q,e6,k5,e5,k2,e4,q,e3,q,e2,q,e1) + g_(1,q
      ,e6,k5,e5,k2,e4,q,e3,q,e2,k1,e1) + g_(1,q,e6,k5,e5,k2,e4,q,e3,k2,e2,q,e1
      ) - g_(1,q,e6,k5,e5,k2,e4,q,e3,k2,e2,k1,e1) + g_(1,q,e6,k5,e5,k2,e4,q,e3
      ,k1,e2,q,e1) - g_(1,q,e6,k5,e5,k2,e4,q,e3,k1,e2,k1,e1) + g_(1,q,e6,k5,e5
      ,k2,e4,k2,e3,q,e2,q,e1) - g_(1,q,e6,k5,e5,k2,e4,k2,e3,q,e2,k1,e1) - g_(1
      ,q,e6,k5,e5,k2,e4,k2,e3,k2,e2,q,e1) + g_(1,q,e6,k5,e5,k2,e4,k2,e3,k2,e2,
      k1,e1) - g_(1,q,e6,k5,e5,k2,e4,k2,e3,k1,e2,q,e1) + g_(1,q,e6,k5,e5,k2,e4
      ,k2,e3,k1,e2,k1,e1) + g_(1,q,e6,k5,e5,k2,e4,k1,e3,q,e2,q,e1) - g_(1,q,e6
      ,k5,e5,k2,e4,k1,e3,q,e2,k1,e1) - g_(1,q,e6,k5,e5,k2,e4,k1,e3,k2,e2,q,e1)
       + g_(1,q,e6,k5,e5,k2,e4,k1,e3,k2,e2,k1,e1) - g_(1,q,e6,k5,e5,k2,e4,k1,
      e3,k1,e2,q,e1) + g_(1,q,e6,k5,e5,k2,e4,k1,e3,k1,e2,k1,e1) + g_(1,q,e6,k5
      ,e5,k2,e4,k3,e3,q,e2,q,e1) - g_(1,q,e6,k5,e5,k2,e4,k3,e3,q,e2,k1,e1) - 
      g_(1,q,e6,k5,e5,k2,e4,k3,e3,k2,e2,q,e1) + g_(1,q,e6,k5,e5,k2,e4,k3,e3,k2
      ,e2,k1,e1) - g_(1,q,e6,k5,e5,k2,e4,k3,e3,k1,e2,q,e1) + g_(1,q,e6,k5,e5,
      k2,e4,k3,e3,k1,e2,k1,e1) - g_(1,q,e6,k5,e5,k1,e4,q,e3,q,e2,q,e1) + g_(1,
      q,e6,k5,e5,k1,e4,q,e3,q,e2,k1,e1) + g_(1,q,e6,k5,e5,k1,e4,q,e3,k2,e2,q,
      e1) - g_(1,q,e6,k5,e5,k1,e4,q,e3,k2,e2,k1,e1) + g_(1,q,e6,k5,e5,k1,e4,q,
      e3,k1,e2,q,e1) - g_(1,q,e6,k5,e5,k1,e4,q,e3,k1,e2,k1,e1) + g_(1,q,e6,k5,
      e5,k1,e4,k2,e3,q,e2,q,e1) - g_(1,q,e6,k5,e5,k1,e4,k2,e3,q,e2,k1,e1) - 
      g_(1,q,e6,k5,e5,k1,e4,k2,e3,k2,e2,q,e1) + g_(1,q,e6,k5,e5,k1,e4,k2,e3,k2
      ,e2,k1,e1) - g_(1,q,e6,k5,e5,k1,e4,k2,e3,k1,e2,q,e1) + g_(1,q,e6,k5,e5,
      k1,e4,k2,e3,k1,e2,k1,e1) + g_(1,q,e6,k5,e5,k1,e4,k1,e3,q,e2,q,e1) - g_(1
      ,q,e6,k5,e5,k1,e4,k1,e3,q,e2,k1,e1) - g_(1,q,e6,k5,e5,k1,e4,k1,e3,k2,e2,
      q,e1) + g_(1,q,e6,k5,e5,k1,e4,k1,e3,k2,e2,k1,e1) - g_(1,q,e6,k5,e5,k1,e4
      ,k1,e3,k1,e2,q,e1) + g_(1,q,e6,k5,e5,k1,e4,k1,e3,k1,e2,k1,e1) + g_(1,q,
      e6,k5,e5,k1,e4,k3,e3,q,e2,q,e1) - g_(1,q,e6,k5,e5,k1,e4,k3,e3,q,e2,k1,e1
      ) - g_(1,q,e6,k5,e5,k1,e4,k3,e3,k2,e2,q,e1) + g_(1,q,e6,k5,e5,k1,e4,k3,
      e3,k2,e2,k1,e1) - g_(1,q,e6,k5,e5,k1,e4,k3,e3,k1,e2,q,e1) + g_(1,q,e6,k5
      ,e5,k1,e4,k3,e3,k1,e2,k1,e1) - g_(1,q,e6,k5,e5,k4,e4,q,e3,q,e2,q,e1) + 
      g_(1,q,e6,k5,e5,k4,e4,q,e3,q,e2,k1,e1) + g_(1,q,e6,k5,e5,k4,e4,q,e3,k2,
      e2,q,e1) - g_(1,q,e6,k5,e5,k4,e4,q,e3,k2,e2,k1,e1) + g_(1,q,e6,k5,e5,k4,
      e4,q,e3,k1,e2,q,e1) - g_(1,q,e6,k5,e5,k4,e4,q,e3,k1,e2,k1,e1) + g_(1,q,
      e6,k5,e5,k4,e4,k2,e3,q,e2,q,e1) - g_(1,q,e6,k5,e5,k4,e4,k2,e3,q,e2,k1,e1
      ) - g_(1,q,e6,k5,e5,k4,e4,k2,e3,k2,e2,q,e1) + g_(1,q,e6,k5,e5,k4,e4,k2,
      e3,k2,e2,k1,e1) - g_(1,q,e6,k5,e5,k4,e4,k2,e3,k1,e2,q,e1) + g_(1,q,e6,k5
      ,e5,k4,e4,k2,e3,k1,e2,k1,e1) + g_(1,q,e6,k5,e5,k4,e4,k1,e3,q,e2,q,e1) - 
      g_(1,q,e6,k5,e5,k4,e4,k1,e3,q,e2,k1,e1) - g_(1,q,e6,k5,e5,k4,e4,k1,e3,k2
      ,e2,q,e1) + g_(1,q,e6,k5,e5,k4,e4,k1,e3,k2,e2,k1,e1) - g_(1,q,e6,k5,e5,
      k4,e4,k1,e3,k1,e2,q,e1) + g_(1,q,e6,k5,e5,k4,e4,k1,e3,k1,e2,k1,e1) + g_(
      1,q,e6,k5,e5,k4,e4,k3,e3,q,e2,q,e1) - g_(1,q,e6,k5,e5,k4,e4,k3,e3,q,e2,
      k1,e1) - g_(1,q,e6,k5,e5,k4,e4,k3,e3,k2,e2,q,e1) + g_(1,q,e6,k5,e5,k4,e4
      ,k3,e3,k2,e2,k1,e1) - g_(1,q,e6,k5,e5,k4,e4,k3,e3,k1,e2,q,e1) + g_(1,q,
      e6,k5,e5,k4,e4,k3,e3,k1,e2,k1,e1) - g_(1,q,e6,k5,e5,k3,e4,q,e3,q,e2,q,e1
      ) + g_(1,q,e6,k5,e5,k3,e4,q,e3,q,e2,k1,e1) + g_(1,q,e6,k5,e5,k3,e4,q,e3,
      k2,e2,q,e1) - g_(1,q,e6,k5,e5,k3,e4,q,e3,k2,e2,k1,e1) + g_(1,q,e6,k5,e5,
      k3,e4,q,e3,k1,e2,q,e1) - g_(1,q,e6,k5,e5,k3,e4,q,e3,k1,e2,k1,e1) + g_(1,
      q,e6,k5,e5,k3,e4,k2,e3,q,e2,q,e1) - g_(1,q,e6,k5,e5,k3,e4,k2,e3,q,e2,k1,
      e1) - g_(1,q,e6,k5,e5,k3,e4,k2,e3,k2,e2,q,e1) + g_(1,q,e6,k5,e5,k3,e4,k2
      ,e3,k2,e2,k1,e1) - g_(1,q,e6,k5,e5,k3,e4,k2,e3,k1,e2,q,e1) + g_(1,q,e6,
      k5,e5,k3,e4,k2,e3,k1,e2,k1,e1) + g_(1,q,e6,k5,e5,k3,e4,k1,e3,q,e2,q,e1)
       - g_(1,q,e6,k5,e5,k3,e4,k1,e3,q,e2,k1,e1) - g_(1,q,e6,k5,e5,k3,e4,k1,e3
      ,k2,e2,q,e1) + g_(1,q,e6,k5,e5,k3,e4,k1,e3,k2,e2,k1,e1) - g_(1,q,e6,k5,
      e5,k3,e4,k1,e3,k1,e2,q,e1) + g_(1,q,e6,k5,e5,k3,e4,k1,e3,k1,e2,k1,e1) + 
      g_(1,q,e6,k5,e5,k3,e4,k3,e3,q,e2,q,e1) - g_(1,q,e6,k5,e5,k3,e4,k3,e3,q,
      e2,k1,e1) - g_(1,q,e6,k5,e5,k3,e4,k3,e3,k2,e2,q,e1) + g_(1,q,e6,k5,e5,k3
      ,e4,k3,e3,k2,e2,k1,e1) - g_(1,q,e6,k5,e5,k3,e4,k3,e3,k1,e2,q,e1) + g_(1,
      q,e6,k5,e5,k3,e4,k3,e3,k1,e2,k1,e1);

  0.01 sec out of 0.03 sec
